{"C:\\www\\forms.js\\packages\\daterange\\src\\daterangeField.ts": {"path":"C:\\www\\forms.js\\packages\\daterange\\src\\daterangeField.ts","statementMap":{"0":{"start":{"line":2,"column":19},"end":{"line":2,"column":54}},"1":{"start":{"line":58,"column":4},"end":{"line":58,"column":33}},"2":{"start":{"line":40,"column":9},"end":{"line":53,"column":4}},"3":{"start":{"line":45,"column":6},"end":{"line":45,"column":62}},"4":{"start":{"line":45,"column":30},"end":{"line":45,"column":62}},"5":{"start":{"line":46,"column":6},"end":{"line":46,"column":18}},"6":{"start":{"line":55,"column":10},"end":{"line":55,"column":48}},"7":{"start":{"line":59,"column":4},"end":{"line":59,"column":36}},"8":{"start":{"line":60,"column":4},"end":{"line":60,"column":17}},"9":{"start":{"line":61,"column":4},"end":{"line":61,"column":22}},"10":{"start":{"line":65,"column":4},"end":{"line":65,"column":16}},"11":{"start":{"line":66,"column":4},"end":{"line":66,"column":18}},"12":{"start":{"line":67,"column":4},"end":{"line":67,"column":25}},"13":{"start":{"line":68,"column":4},"end":{"line":68,"column":22}},"14":{"start":{"line":72,"column":4},"end":{"line":72,"column":27}},"15":{"start":{"line":76,"column":4},"end":{"line":76,"column":102}},"16":{"start":{"line":76,"column":27},"end":{"line":76,"column":102}},"17":{"start":{"line":80,"column":4},"end":{"line":83,"column":9}},"18":{"start":{"line":81,"column":6},"end":{"line":83,"column":9}},"19":{"start":{"line":82,"column":8},"end":{"line":82,"column":27}},"20":{"start":{"line":88,"column":4},"end":{"line":88,"column":56}},"21":{"start":{"line":89,"column":4},"end":{"line":89,"column":55}},"22":{"start":{"line":90,"column":4},"end":{"line":90,"column":78}},"23":{"start":{"line":91,"column":4},"end":{"line":91,"column":51}},"24":{"start":{"line":92,"column":4},"end":{"line":92,"column":58}},"25":{"start":{"line":93,"column":4},"end":{"line":93,"column":106}},"26":{"start":{"line":93,"column":34},"end":{"line":93,"column":106}},"27":{"start":{"line":97,"column":4},"end":{"line":97,"column":40}}},"fnMap":{"0":{"name":"(anonymous_7)","decl":{"start":{"line":57,"column":2},"end":{"line":57,"column":14}},"loc":{"start":{"line":57,"column":72},"end":{"line":62,"column":3}}},"1":{"name":"(anonymous_8)","decl":{"start":{"line":44,"column":16},"end":{"line":44,"column":17}},"loc":{"start":{"line":44,"column":42},"end":{"line":47,"column":5}}},"2":{"name":"(anonymous_9)","decl":{"start":{"line":64,"column":8},"end":{"line":64,"column":18}},"loc":{"start":{"line":64,"column":18},"end":{"line":69,"column":null}}},"3":{"name":"(anonymous_11)","decl":{"start":{"line":71,"column":2},"end":{"line":71,"column":14}},"loc":{"start":{"line":71,"column":14},"end":{"line":73,"column":3}}},"4":{"name":"(anonymous_12)","decl":{"start":{"line":75,"column":2},"end":{"line":75,"column":15}},"loc":{"start":{"line":75,"column":15},"end":{"line":77,"column":3}}},"5":{"name":"(anonymous_13)","decl":{"start":{"line":79,"column":2},"end":{"line":79,"column":12}},"loc":{"start":{"line":79,"column":12},"end":{"line":84,"column":3}}},"6":{"name":"(anonymous_14)","decl":{"start":{"line":81,"column":51},"end":{"line":81,"column":52}},"loc":{"start":{"line":81,"column":66},"end":{"line":83,"column":7}}},"7":{"name":"(anonymous_15)","decl":{"start":{"line":86,"column":2},"end":{"line":86,"column":20}},"loc":{"start":{"line":86,"column":20},"end":{"line":94,"column":3}}},"8":{"name":"(anonymous_16)","decl":{"start":{"line":96,"column":2},"end":{"line":96,"column":10}},"loc":{"start":{"line":96,"column":10},"end":{"line":98,"column":3}}}},"branchMap":{"0":{"loc":{"start":{"line":45,"column":6},"end":{"line":45,"column":62}},"type":"if","locations":[{"start":{"line":45,"column":6},"end":{"line":45,"column":62}}]},"1":{"loc":{"start":{"line":45,"column":10},"end":{"line":45,"column":28}},"type":"binary-expr","locations":[{"start":{"line":45,"column":10},"end":{"line":45,"column":18}},{"start":{"line":45,"column":22},"end":{"line":45,"column":28}}]},"2":{"loc":{"start":{"line":76,"column":4},"end":{"line":76,"column":102}},"type":"if","locations":[{"start":{"line":76,"column":4},"end":{"line":76,"column":102}}]},"3":{"loc":{"start":{"line":76,"column":74},"end":{"line":76,"column":100}},"type":"binary-expr","locations":[{"start":{"line":76,"column":74},"end":{"line":76,"column":94}},{"start":{"line":76,"column":98},"end":{"line":76,"column":100}}]},"4":{"loc":{"start":{"line":80,"column":4},"end":{"line":83,"column":9}},"type":"if","locations":[{"start":{"line":80,"column":4},"end":{"line":83,"column":9}}]},"5":{"loc":{"start":{"line":90,"column":43},"end":{"line":90,"column":76}},"type":"binary-expr","locations":[{"start":{"line":90,"column":43},"end":{"line":90,"column":60}},{"start":{"line":90,"column":64},"end":{"line":90,"column":76}}]},"6":{"loc":{"start":{"line":93,"column":4},"end":{"line":93,"column":106}},"type":"if","locations":[{"start":{"line":93,"column":4},"end":{"line":93,"column":106}}]}},"s":{"0":1,"1":4,"2":4,"3":2,"4":1,"5":1,"6":4,"7":4,"8":4,"9":4,"10":4,"11":4,"12":4,"13":4,"14":1,"15":4,"16":4,"17":4,"18":4,"19":1,"20":4,"21":4,"22":4,"23":4,"24":4,"25":4,"26":4,"27":1},"f":{"0":4,"1":2,"2":4,"3":1,"4":4,"5":4,"6":1,"7":4,"8":1},"b":{"0":[1],"1":[2,1],"2":[4],"3":[4,0],"4":[4],"5":[4,0],"6":[4]}}
,"C:\\www\\forms.js\\packages\\daterange\\src\\plugin-settings.ts": {"path":"C:\\www\\forms.js\\packages\\daterange\\src\\plugin-settings.ts","statementMap":{"0":{"start":{"line":4,"column":46},"end":{"line":9,"column":2}}},"fnMap":{},"branchMap":{},"s":{"0":1},"f":{},"b":{}}
,"C:\\www\\forms.js\\packages\\daterange\\src\\tests\\testOptions.ts": {"path":"C:\\www\\forms.js\\packages\\daterange\\src\\tests\\testOptions.ts","statementMap":{"0":{"start":{"line":4,"column":0},"end":{"line":4,"column":26}},"1":{"start":{"line":6,"column":23},"end":{"line":6,"column":33}},"2":{"start":{"line":7,"column":24},"end":{"line":7,"column":40}},"3":{"start":{"line":8,"column":29},"end":{"line":8,"column":55}},"4":{"start":{"line":10,"column":44},"end":{"line":13,"column":2}},"5":{"start":{"line":16,"column":17},"end":{"line":16,"column":46}},"6":{"start":{"line":17,"column":2},"end":{"line":17,"column":31}},"7":{"start":{"line":18,"column":2},"end":{"line":18,"column":29}},"8":{"start":{"line":19,"column":2},"end":{"line":19,"column":22}},"9":{"start":{"line":20,"column":15},"end":{"line":23,"column":null}},"10":{"start":{"line":25,"column":15},"end":{"line":25,"column":40}},"11":{"start":{"line":26,"column":2},"end":{"line":26,"column":14}},"12":{"start":{"line":29,"column":45},"end":{"line":37,"column":2}}},"fnMap":{"0":{"name":"createForm","decl":{"start":{"line":15,"column":16},"end":{"line":15,"column":26}},"loc":{"start":{"line":15,"column":52},"end":{"line":27,"column":1}}}},"branchMap":{},"s":{"0":1,"1":1,"2":1,"3":1,"4":1,"5":4,"6":4,"7":4,"8":4,"9":4,"10":4,"11":4,"12":1},"f":{"0":4},"b":{}}
}
