TN:
SF:src\daterangeField.ts
FN:41,(anonymous_7)
FN:28,(anonymous_8)
FN:48,(anonymous_9)
FN:55,(anonymous_11)
FN:59,(anonymous_12)
FN:63,(anonymous_13)
FN:65,(anonymous_14)
FN:70,(anonymous_15)
FN:80,(anonymous_16)
FNF:9
FNH:9
FNDA:4,(anonymous_7)
FNDA:2,(anonymous_8)
FNDA:4,(anonymous_9)
FNDA:1,(anonymous_11)
FNDA:4,(anonymous_12)
FNDA:4,(anonymous_13)
FNDA:1,(anonymous_14)
FNDA:4,(anonymous_15)
FNDA:1,(anonymous_16)
DA:3,1
DA:24,4
DA:29,2
DA:30,1
DA:39,4
DA:42,4
DA:43,4
DA:44,4
DA:45,4
DA:49,4
DA:50,4
DA:51,4
DA:52,4
DA:56,1
DA:60,4
DA:64,4
DA:65,4
DA:66,1
DA:72,4
DA:73,4
DA:74,4
DA:75,4
DA:76,4
DA:77,4
DA:81,1
LF:25
LH:25
BRDA:29,0,0,1
BRDA:29,1,0,2
BRDA:29,1,1,1
BRDA:60,2,0,4
BRDA:60,3,0,4
BRDA:60,3,1,0
BRDA:64,4,0,4
BRDA:74,5,0,4
BRDA:74,5,1,0
BRDA:77,6,0,4
BRF:10
BRH:8
end_of_record
TN:
SF:src\plugin-settings.ts
FNF:0
FNH:0
DA:4,1
LF:1
LH:1
BRF:0
BRH:0
end_of_record
TN:
SF:src\tests\testOptions.ts
FN:15,createForm
FNF:1
FNH:1
FNDA:4,createForm
DA:4,1
DA:6,1
DA:7,1
DA:8,1
DA:10,1
DA:16,4
DA:17,4
DA:18,4
DA:19,4
DA:20,4
DA:25,4
DA:26,4
DA:29,1
LF:13
LH:13
BRF:0
BRH:0
end_of_record
