TN:
SF:src\daterangeField.ts
FN:57,(anonymous_7)
FN:44,(anonymous_8)
FN:64,(anonymous_9)
FN:71,(anonymous_11)
FN:75,(anonymous_12)
FN:79,(anonymous_13)
FN:81,(anonymous_14)
FN:86,(anonymous_15)
FN:96,(anonymous_16)
FNF:9
FNH:9
FNDA:4,(anonymous_7)
FNDA:2,(anonymous_8)
FNDA:4,(anonymous_9)
FNDA:1,(anonymous_11)
FNDA:4,(anonymous_12)
FNDA:4,(anonymous_13)
FNDA:1,(anonymous_14)
FNDA:4,(anonymous_15)
FNDA:1,(anonymous_16)
DA:2,1
DA:40,4
DA:45,2
DA:46,1
DA:55,4
DA:58,4
DA:59,4
DA:60,4
DA:61,4
DA:65,4
DA:66,4
DA:67,4
DA:68,4
DA:72,1
DA:76,4
DA:80,4
DA:81,4
DA:82,1
DA:88,4
DA:89,4
DA:90,4
DA:91,4
DA:92,4
DA:93,4
DA:97,1
LF:25
LH:25
BRDA:45,0,0,1
BRDA:45,1,0,2
BRDA:45,1,1,1
BRDA:76,2,0,4
BRDA:76,3,0,4
BRDA:76,3,1,0
BRDA:80,4,0,4
BRDA:90,5,0,4
BRDA:90,5,1,0
BRDA:93,6,0,4
BRF:10
BRH:8
end_of_record
TN:
SF:src\plugin-settings.ts
FNF:0
FNH:0
DA:4,1
LF:1
LH:1
BRF:0
BRH:0
end_of_record
TN:
SF:src\tests\testOptions.ts
FN:15,createForm
FNF:1
FNH:1
FNDA:4,createForm
DA:4,1
DA:6,1
DA:7,1
DA:8,1
DA:10,1
DA:16,4
DA:17,4
DA:18,4
DA:19,4
DA:20,4
DA:25,4
DA:26,4
DA:29,1
LF:13
LH:13
BRF:0
BRH:0
end_of_record
