<?xml version="1.0" encoding="UTF-8"?>
<coverage generated="1716124658474" clover="3.2.0">
  <project timestamp="1716124658474" name="All files">
    <metrics statements="1642" coveredstatements="1608" conditionals="728" coveredconditionals="682" methods="393" coveredmethods="366" elements="2763" coveredelements="2656" complexity="0" loc="1642" ncloc="1642" packages="3" files="28" classes="28"/>
    <package name="src">
      <metrics statements="849" coveredstatements="840" conditionals="345" coveredconditionals="329" methods="215" coveredmethods="191"/>
      <file name="button.ts" path="C:\www\forms.js\packages\core\src\button.ts">
        <metrics statements="58" coveredstatements="55" conditionals="21" coveredconditionals="19" methods="21" coveredmethods="21"/>
        <line num="2" count="25" type="stmt"/>
        <line num="11" count="25" type="stmt"/>
        <line num="22" count="25" type="stmt"/>
        <line num="23" count="14" type="stmt"/>
        <line num="30" count="14" type="stmt"/>
        <line num="31" count="14" type="stmt"/>
        <line num="36" count="14" type="stmt"/>
        <line num="37" count="14" type="stmt"/>
        <line num="39" count="14" type="stmt"/>
        <line num="48" count="14" type="stmt"/>
        <line num="49" count="14" type="stmt"/>
        <line num="50" count="14" type="stmt"/>
        <line num="51" count="14" type="stmt"/>
        <line num="52" count="14" type="stmt"/>
        <line num="53" count="14" type="stmt"/>
        <line num="54" count="14" type="stmt"/>
        <line num="62" count="14" type="stmt"/>
        <line num="67" count="15" type="stmt"/>
        <line num="68" count="15" type="stmt"/>
        <line num="73" count="15" type="cond" truecount="1" falsecount="0"/>
        <line num="74" count="9" type="stmt"/>
        <line num="80" count="1" type="stmt"/>
        <line num="85" count="1" type="stmt"/>
        <line num="90" count="1" type="stmt"/>
        <line num="95" count="1" type="stmt"/>
        <line num="100" count="4" type="stmt"/>
        <line num="105" count="14" type="stmt"/>
        <line num="106" count="14" type="stmt"/>
        <line num="107" count="14" type="stmt"/>
        <line num="112" count="14" type="stmt"/>
        <line num="113" count="14" type="stmt"/>
        <line num="114" count="14" type="stmt"/>
        <line num="115" count="14" type="stmt"/>
        <line num="116" count="14" type="cond" truecount="1" falsecount="1"/>
        <line num="117" count="14" type="stmt"/>
        <line num="118" count="0" type="cond" truecount="0" falsecount="1"/>
        <line num="119" count="0" type="stmt"/>
        <line num="120" count="0" type="stmt"/>
        <line num="122" count="14" type="stmt"/>
        <line num="127" count="14" type="stmt"/>
        <line num="128" count="14" type="stmt"/>
        <line num="129" count="14" type="cond" truecount="3" falsecount="0"/>
        <line num="134" count="11" type="cond" truecount="1" falsecount="0"/>
        <line num="135" count="11" type="stmt"/>
        <line num="140" count="2" type="cond" truecount="1" falsecount="0"/>
        <line num="141" count="2" type="stmt"/>
        <line num="146" count="1" type="cond" truecount="1" falsecount="0"/>
        <line num="151" count="24" type="cond" truecount="3" falsecount="0"/>
        <line num="152" count="24" type="cond" truecount="3" falsecount="0"/>
        <line num="160" count="1" type="cond" truecount="1" falsecount="0"/>
        <line num="165" count="16" type="stmt"/>
        <line num="170" count="24" type="stmt"/>
        <line num="171" count="24" type="stmt"/>
        <line num="176" count="24" type="cond" truecount="1" falsecount="0"/>
        <line num="177" count="15" type="cond" truecount="2" falsecount="0"/>
        <line num="178" count="6" type="stmt"/>
        <line num="179" count="9" type="cond" truecount="1" falsecount="0"/>
        <line num="180" count="4" type="stmt"/>
      </file>
      <file name="constants.ts" path="C:\www\forms.js\packages\core\src\constants.ts">
        <metrics statements="133" coveredstatements="133" conditionals="5" coveredconditionals="5" methods="1" coveredmethods="1"/>
        <line num="2" count="26" type="stmt"/>
        <line num="4" count="26" type="stmt"/>
        <line num="6" count="26" type="stmt"/>
        <line num="7" count="26" type="stmt"/>
        <line num="10" count="26" type="stmt"/>
        <line num="11" count="26" type="stmt"/>
        <line num="12" count="26" type="stmt"/>
        <line num="14" count="26" type="stmt"/>
        <line num="15" count="26" type="stmt"/>
        <line num="16" count="26" type="stmt"/>
        <line num="17" count="26" type="stmt"/>
        <line num="18" count="26" type="stmt"/>
        <line num="19" count="26" type="stmt"/>
        <line num="20" count="26" type="stmt"/>
        <line num="21" count="26" type="stmt"/>
        <line num="22" count="26" type="stmt"/>
        <line num="23" count="26" type="stmt"/>
        <line num="24" count="26" type="stmt"/>
        <line num="25" count="26" type="stmt"/>
        <line num="26" count="26" type="stmt"/>
        <line num="27" count="26" type="stmt"/>
        <line num="28" count="26" type="stmt"/>
        <line num="29" count="26" type="stmt"/>
        <line num="30" count="26" type="stmt"/>
        <line num="31" count="26" type="stmt"/>
        <line num="32" count="26" type="stmt"/>
        <line num="33" count="26" type="stmt"/>
        <line num="34" count="26" type="stmt"/>
        <line num="35" count="26" type="stmt"/>
        <line num="36" count="26" type="stmt"/>
        <line num="37" count="26" type="stmt"/>
        <line num="38" count="26" type="stmt"/>
        <line num="40" count="26" type="stmt"/>
        <line num="41" count="26" type="stmt"/>
        <line num="42" count="26" type="stmt"/>
        <line num="43" count="26" type="stmt"/>
        <line num="44" count="26" type="stmt"/>
        <line num="45" count="26" type="stmt"/>
        <line num="47" count="26" type="stmt"/>
        <line num="48" count="26" type="stmt"/>
        <line num="49" count="26" type="stmt"/>
        <line num="50" count="26" type="stmt"/>
        <line num="51" count="26" type="stmt"/>
        <line num="52" count="26" type="stmt"/>
        <line num="53" count="26" type="stmt"/>
        <line num="54" count="26" type="stmt"/>
        <line num="55" count="26" type="stmt"/>
        <line num="56" count="26" type="stmt"/>
        <line num="57" count="26" type="stmt"/>
        <line num="58" count="26" type="stmt"/>
        <line num="59" count="26" type="stmt"/>
        <line num="61" count="26" type="stmt"/>
        <line num="62" count="26" type="stmt"/>
        <line num="63" count="26" type="stmt"/>
        <line num="64" count="26" type="stmt"/>
        <line num="65" count="26" type="stmt"/>
        <line num="66" count="26" type="stmt"/>
        <line num="67" count="26" type="stmt"/>
        <line num="68" count="26" type="stmt"/>
        <line num="69" count="26" type="stmt"/>
        <line num="71" count="26" type="stmt"/>
        <line num="72" count="26" type="stmt"/>
        <line num="73" count="26" type="stmt"/>
        <line num="74" count="26" type="stmt"/>
        <line num="75" count="26" type="stmt"/>
        <line num="76" count="26" type="stmt"/>
        <line num="77" count="26" type="stmt"/>
        <line num="78" count="26" type="stmt"/>
        <line num="79" count="26" type="stmt"/>
        <line num="80" count="26" type="stmt"/>
        <line num="81" count="26" type="stmt"/>
        <line num="82" count="26" type="stmt"/>
        <line num="83" count="26" type="stmt"/>
        <line num="84" count="26" type="stmt"/>
        <line num="85" count="26" type="stmt"/>
        <line num="86" count="26" type="stmt"/>
        <line num="87" count="26" type="stmt"/>
        <line num="88" count="26" type="stmt"/>
        <line num="89" count="26" type="stmt"/>
        <line num="90" count="26" type="stmt"/>
        <line num="91" count="26" type="stmt"/>
        <line num="92" count="26" type="stmt"/>
        <line num="93" count="26" type="stmt"/>
        <line num="94" count="26" type="stmt"/>
        <line num="95" count="26" type="stmt"/>
        <line num="96" count="26" type="stmt"/>
        <line num="98" count="26" type="stmt"/>
        <line num="99" count="26" type="stmt"/>
        <line num="100" count="26" type="stmt"/>
        <line num="101" count="26" type="stmt"/>
        <line num="102" count="26" type="stmt"/>
        <line num="103" count="26" type="stmt"/>
        <line num="104" count="26" type="stmt"/>
        <line num="105" count="26" type="stmt"/>
        <line num="106" count="26" type="stmt"/>
        <line num="107" count="26" type="stmt"/>
        <line num="108" count="26" type="stmt"/>
        <line num="109" count="26" type="stmt"/>
        <line num="110" count="26" type="stmt"/>
        <line num="111" count="26" type="stmt"/>
        <line num="112" count="26" type="stmt"/>
        <line num="113" count="26" type="stmt"/>
        <line num="114" count="26" type="stmt"/>
        <line num="115" count="26" type="stmt"/>
        <line num="116" count="26" type="stmt"/>
        <line num="117" count="26" type="stmt"/>
        <line num="118" count="26" type="stmt"/>
        <line num="119" count="26" type="stmt"/>
        <line num="124" count="26" type="stmt"/>
        <line num="129" count="26" type="stmt"/>
        <line num="134" count="26" type="stmt"/>
        <line num="139" count="26" type="stmt"/>
        <line num="144" count="26" type="stmt"/>
        <line num="153" count="26" type="stmt"/>
        <line num="160" count="26" type="stmt"/>
        <line num="162" count="26" type="stmt"/>
        <line num="163" count="26" type="stmt"/>
        <line num="164" count="26" type="stmt"/>
        <line num="165" count="26" type="stmt"/>
        <line num="166" count="26" type="stmt"/>
        <line num="168" count="26" type="stmt"/>
        <line num="170" count="26" type="stmt"/>
        <line num="179" count="26" type="stmt"/>
        <line num="182" count="26" type="stmt"/>
        <line num="188" count="497" type="cond" truecount="3" falsecount="0"/>
        <line num="190" count="26" type="stmt"/>
        <line num="191" count="26" type="stmt"/>
        <line num="193" count="27" type="stmt"/>
        <line num="194" count="27" type="stmt"/>
        <line num="196" count="444" type="stmt"/>
        <line num="197" count="444" type="stmt"/>
        <line num="200" count="497" type="cond" truecount="1" falsecount="0"/>
        <line num="202" count="497" type="stmt"/>
      </file>
      <file name="field.ts" path="C:\www\forms.js\packages\core\src\field.ts">
        <metrics statements="177" coveredstatements="174" conditionals="99" coveredconditionals="95" methods="40" coveredmethods="40"/>
        <line num="2" count="25" type="stmt"/>
        <line num="14" count="25" type="stmt"/>
        <line num="41" count="25" type="stmt"/>
        <line num="42" count="121" type="stmt"/>
        <line num="47" count="6" type="cond" truecount="3" falsecount="0"/>
        <line num="48" count="5" type="stmt"/>
        <line num="54" count="121" type="stmt"/>
        <line num="55" count="121" type="stmt"/>
        <line num="56" count="121" type="stmt"/>
        <line num="57" count="121" type="stmt"/>
        <line num="58" count="121" type="stmt"/>
        <line num="63" count="121" type="stmt"/>
        <line num="64" count="121" type="stmt"/>
        <line num="65" count="121" type="stmt"/>
        <line num="66" count="121" type="stmt"/>
        <line num="67" count="121" type="stmt"/>
        <line num="69" count="121" type="stmt"/>
        <line num="70" count="121" type="stmt"/>
        <line num="72" count="121" type="stmt"/>
        <line num="73" count="121" type="stmt"/>
        <line num="74" count="121" type="stmt"/>
        <line num="75" count="121" type="stmt"/>
        <line num="84" count="121" type="stmt"/>
        <line num="85" count="121" type="stmt"/>
        <line num="86" count="121" type="stmt"/>
        <line num="87" count="121" type="stmt"/>
        <line num="88" count="121" type="stmt"/>
        <line num="89" count="121" type="stmt"/>
        <line num="98" count="231" type="stmt"/>
        <line num="105" count="76" type="stmt"/>
        <line num="106" count="76" type="stmt"/>
        <line num="107" count="76" type="stmt"/>
        <line num="108" count="76" type="stmt"/>
        <line num="113" count="76" type="cond" truecount="1" falsecount="0"/>
        <line num="114" count="4" type="stmt"/>
        <line num="116" count="76" type="cond" truecount="1" falsecount="0"/>
        <line num="117" count="2" type="stmt"/>
        <line num="119" count="76" type="cond" truecount="1" falsecount="0"/>
        <line num="120" count="2" type="stmt"/>
        <line num="122" count="76" type="cond" truecount="1" falsecount="0"/>
        <line num="123" count="3" type="stmt"/>
        <line num="132" count="170" type="stmt"/>
        <line num="133" count="170" type="stmt"/>
        <line num="134" count="170" type="stmt"/>
        <line num="135" count="170" type="cond" truecount="1" falsecount="0"/>
        <line num="142" count="133" type="cond" truecount="1" falsecount="0"/>
        <line num="147" count="117" type="stmt"/>
        <line num="156" count="1" type="stmt"/>
        <line num="164" count="121" type="stmt"/>
        <line num="172" count="19" type="stmt"/>
        <line num="180" count="60" type="stmt"/>
        <line num="188" count="20" type="stmt"/>
        <line num="196" count="57" type="stmt"/>
        <line num="204" count="25" type="stmt"/>
        <line num="212" count="6" type="stmt"/>
        <line num="220" count="4" type="stmt"/>
        <line num="228" count="22" type="stmt"/>
        <line num="234" count="115" type="stmt"/>
        <line num="235" count="115" type="stmt"/>
        <line num="236" count="115" type="stmt"/>
        <line num="242" count="71" type="stmt"/>
        <line num="243" count="71" type="stmt"/>
        <line num="244" count="71" type="cond" truecount="2" falsecount="0"/>
        <line num="245" count="71" type="stmt"/>
        <line num="246" count="71" type="cond" truecount="1" falsecount="0"/>
        <line num="247" count="71" type="stmt"/>
        <line num="253" count="110" type="stmt"/>
        <line num="255" count="110" type="stmt"/>
        <line num="256" count="110" type="cond" truecount="1" falsecount="0"/>
        <line num="257" count="104" type="cond" truecount="1" falsecount="1"/>
        <line num="258" count="104" type="stmt"/>
        <line num="259" count="0" type="cond" truecount="0" falsecount="1"/>
        <line num="260" count="0" type="stmt"/>
        <line num="261" count="0" type="stmt"/>
        <line num="264" count="110" type="stmt"/>
        <line num="265" count="110" type="stmt"/>
        <line num="266" count="110" type="stmt"/>
        <line num="267" count="110" type="cond" truecount="1" falsecount="0"/>
        <line num="273" count="120" type="stmt"/>
        <line num="274" count="120" type="stmt"/>
        <line num="275" count="120" type="stmt"/>
        <line num="276" count="120" type="stmt"/>
        <line num="281" count="95" type="stmt"/>
        <line num="282" count="95" type="stmt"/>
        <line num="283" count="95" type="stmt"/>
        <line num="284" count="95" type="stmt"/>
        <line num="286" count="95" type="cond" truecount="3" falsecount="0"/>
        <line num="287" count="95" type="cond" truecount="3" falsecount="0"/>
        <line num="288" count="95" type="cond" truecount="3" falsecount="0"/>
        <line num="293" count="119" type="cond" truecount="1" falsecount="0"/>
        <line num="294" count="119" type="stmt"/>
        <line num="299" count="3" type="cond" truecount="1" falsecount="0"/>
        <line num="300" count="3" type="stmt"/>
        <line num="305" count="1" type="cond" truecount="1" falsecount="0"/>
        <line num="310" count="65" type="cond" truecount="2" falsecount="0"/>
        <line num="311" count="30" type="stmt"/>
        <line num="312" count="30" type="cond" truecount="3" falsecount="0"/>
        <line num="313" count="27" type="stmt"/>
        <line num="314" count="27" type="stmt"/>
        <line num="316" count="30" type="stmt"/>
        <line num="317" count="30" type="cond" truecount="1" falsecount="1"/>
        <line num="319" count="35" type="cond" truecount="1" falsecount="0"/>
        <line num="320" count="35" type="stmt"/>
        <line num="322" count="35" type="stmt"/>
        <line num="323" count="35" type="stmt"/>
        <line num="324" count="35" type="stmt"/>
        <line num="326" count="65" type="stmt"/>
        <line num="331" count="212" type="cond" truecount="3" falsecount="0"/>
        <line num="332" count="119" type="stmt"/>
        <line num="333" count="119" type="stmt"/>
        <line num="335" count="212" type="cond" truecount="3" falsecount="0"/>
        <line num="336" count="3" type="stmt"/>
        <line num="337" count="3" type="stmt"/>
        <line num="343" count="191" type="cond" truecount="2" falsecount="0"/>
        <line num="344" count="6" type="stmt"/>
        <line num="345" count="6" type="stmt"/>
        <line num="347" count="185" type="stmt"/>
        <line num="348" count="185" type="stmt"/>
        <line num="354" count="207" type="cond" truecount="2" falsecount="0"/>
        <line num="355" count="50" type="stmt"/>
        <line num="357" count="157" type="stmt"/>
        <line num="363" count="72" type="cond" truecount="1" falsecount="0"/>
        <line num="364" count="72" type="stmt"/>
        <line num="369" count="42" type="cond" truecount="4" falsecount="0"/>
        <line num="370" count="4" type="stmt"/>
        <line num="376" count="123" type="cond" truecount="3" falsecount="0"/>
        <line num="377" count="4" type="stmt"/>
        <line num="379" count="4" type="cond" truecount="1" falsecount="0"/>
        <line num="380" count="1" type="cond" truecount="1" falsecount="1"/>
        <line num="381" count="1" type="stmt"/>
        <line num="384" count="122" type="cond" truecount="2" falsecount="0"/>
        <line num="389" count="5" type="stmt"/>
        <line num="390" count="5" type="cond" truecount="2" falsecount="0"/>
        <line num="391" count="1" type="stmt"/>
        <line num="392" count="5" type="stmt"/>
        <line num="397" count="207" type="stmt"/>
        <line num="398" count="207" type="stmt"/>
        <line num="399" count="207" type="stmt"/>
        <line num="400" count="207" type="stmt"/>
        <line num="401" count="207" type="stmt"/>
        <line num="402" count="207" type="stmt"/>
        <line num="407" count="207" type="cond" truecount="1" falsecount="0"/>
        <line num="408" count="13" type="cond" truecount="2" falsecount="0"/>
        <line num="409" count="6" type="stmt"/>
        <line num="415" count="7" type="cond" truecount="1" falsecount="0"/>
        <line num="416" count="6" type="stmt"/>
        <line num="423" count="207" type="cond" truecount="1" falsecount="0"/>
        <line num="424" count="12" type="cond" truecount="4" falsecount="0"/>
        <line num="425" count="3" type="stmt"/>
        <line num="432" count="9" type="cond" truecount="2" falsecount="0"/>
        <line num="433" count="6" type="stmt"/>
        <line num="434" count="3" type="cond" truecount="1" falsecount="0"/>
        <line num="435" count="2" type="stmt"/>
        <line num="443" count="207" type="cond" truecount="1" falsecount="0"/>
        <line num="444" count="54" type="cond" truecount="4" falsecount="0"/>
        <line num="445" count="3" type="stmt"/>
        <line num="451" count="51" type="cond" truecount="2" falsecount="0"/>
        <line num="452" count="4" type="stmt"/>
        <line num="453" count="47" type="cond" truecount="1" falsecount="0"/>
        <line num="454" count="46" type="stmt"/>
        <line num="462" count="66" type="cond" truecount="1" falsecount="0"/>
        <line num="463" count="65" type="cond" truecount="2" falsecount="0"/>
        <line num="464" count="64" type="cond" truecount="4" falsecount="0"/>
        <line num="465" count="3" type="stmt"/>
        <line num="472" count="3" type="stmt"/>
        <line num="473" count="61" type="cond" truecount="2" falsecount="0"/>
        <line num="474" count="60" type="stmt"/>
        <line num="475" count="60" type="stmt"/>
        <line num="476" count="1" type="stmt"/>
        <line num="477" count="64" type="stmt"/>
        <line num="478" count="1" type="stmt"/>
        <line num="479" count="65" type="stmt"/>
        <line num="483" count="63" type="stmt"/>
        <line num="484" count="63" type="cond" truecount="2" falsecount="0"/>
        <line num="492" count="8" type="stmt"/>
        <line num="493" count="8" type="stmt"/>
        <line num="494" count="8" type="cond" truecount="1" falsecount="0"/>
      </file>
      <file name="form.ts" path="C:\www\forms.js\packages\core\src\form.ts">
        <metrics statements="213" coveredstatements="212" conditionals="146" coveredconditionals="139" methods="52" coveredmethods="52"/>
        <line num="1" count="24" type="stmt"/>
        <line num="20" count="24" type="stmt"/>
        <line num="34" count="24" type="stmt"/>
        <line num="35" count="151" type="stmt"/>
        <line num="45" count="151" type="stmt"/>
        <line num="46" count="151" type="stmt"/>
        <line num="47" count="151" type="stmt"/>
        <line num="48" count="151" type="stmt"/>
        <line num="49" count="151" type="stmt"/>
        <line num="50" count="151" type="stmt"/>
        <line num="51" count="151" type="stmt"/>
        <line num="52" count="151" type="stmt"/>
        <line num="53" count="151" type="stmt"/>
        <line num="54" count="151" type="stmt"/>
        <line num="55" count="151" type="stmt"/>
        <line num="56" count="151" type="stmt"/>
        <line num="57" count="151" type="stmt"/>
        <line num="64" count="151" type="stmt"/>
        <line num="65" count="151" type="stmt"/>
        <line num="66" count="150" type="stmt"/>
        <line num="67" count="150" type="stmt"/>
        <line num="68" count="150" type="stmt"/>
        <line num="77" count="151" type="cond" truecount="2" falsecount="0"/>
        <line num="78" count="2" type="stmt"/>
        <line num="80" count="149" type="stmt"/>
        <line num="82" count="151" type="stmt"/>
        <line num="83" count="151" type="cond" truecount="1" falsecount="0"/>
        <line num="91" count="151" type="stmt"/>
        <line num="92" count="151" type="stmt"/>
        <line num="93" count="151" type="stmt"/>
        <line num="94" count="151" type="stmt"/>
        <line num="95" count="151" type="cond" truecount="1" falsecount="0"/>
        <line num="96" count="5" type="stmt"/>
        <line num="104" count="150" type="cond" truecount="1" falsecount="0"/>
        <line num="105" count="149" type="cond" truecount="3" falsecount="0"/>
        <line num="110" count="150" type="cond" truecount="1" falsecount="0"/>
        <line num="111" count="48" type="cond" truecount="1" falsecount="0"/>
        <line num="112" count="48" type="stmt"/>
        <line num="113" count="48" type="cond" truecount="1" falsecount="0"/>
        <line num="114" count="16" type="stmt"/>
        <line num="130" count="166" type="stmt"/>
        <line num="131" count="166" type="stmt"/>
        <line num="140" count="10" type="stmt"/>
        <line num="149" count="165" type="stmt"/>
        <line num="150" count="165" type="stmt"/>
        <line num="151" count="165" type="stmt"/>
        <line num="155" count="8" type="stmt"/>
        <line num="156" count="8" type="cond" truecount="1" falsecount="0"/>
        <line num="157" count="4" type="stmt"/>
        <line num="160" count="8" type="stmt"/>
        <line num="166" count="8" type="cond" truecount="1" falsecount="0"/>
        <line num="167" count="4" type="stmt"/>
        <line num="168" count="4" type="stmt"/>
        <line num="187" count="166" type="stmt"/>
        <line num="191" count="166" type="stmt"/>
        <line num="192" count="166" type="cond" truecount="1" falsecount="0"/>
        <line num="193" count="165" type="stmt"/>
        <line num="194" count="165" type="stmt"/>
        <line num="196" count="165" type="cond" truecount="4" falsecount="0"/>
        <line num="197" count="4" type="stmt"/>
        <line num="199" count="165" type="cond" truecount="3" falsecount="0"/>
        <line num="200" count="4" type="stmt"/>
        <line num="203" count="165" type="stmt"/>
        <line num="205" count="165" type="cond" truecount="3" falsecount="0"/>
        <line num="207" count="13" type="cond" truecount="4" falsecount="0"/>
        <line num="208" count="2" type="stmt"/>
        <line num="209" count="11" type="stmt"/>
        <line num="210" count="13" type="stmt"/>
        <line num="212" count="18" type="cond" truecount="4" falsecount="0"/>
        <line num="213" count="2" type="stmt"/>
        <line num="214" count="16" type="stmt"/>
        <line num="216" count="18" type="cond" truecount="3" falsecount="0"/>
        <line num="217" count="13" type="stmt"/>
        <line num="218" count="13" type="cond" truecount="1" falsecount="0"/>
        <line num="219" count="13" type="stmt"/>
        <line num="228" count="18" type="stmt"/>
        <line num="230" count="134" type="cond" truecount="4" falsecount="0"/>
        <line num="231" count="4" type="stmt"/>
        <line num="233" count="130" type="stmt"/>
        <line num="235" count="134" type="stmt"/>
        <line num="246" count="8" type="stmt"/>
        <line num="248" count="8" type="cond" truecount="5" falsecount="0"/>
        <line num="249" count="5" type="cond" truecount="3" falsecount="0"/>
        <line num="251" count="1" type="stmt"/>
        <line num="252" count="1" type="stmt"/>
        <line num="254" count="1" type="stmt"/>
        <line num="255" count="1" type="stmt"/>
        <line num="257" count="3" type="stmt"/>
        <line num="258" count="3" type="stmt"/>
        <line num="266" count="317" type="stmt"/>
        <line num="267" count="24" type="stmt"/>
        <line num="269" count="317" type="stmt"/>
        <line num="270" count="90" type="stmt"/>
        <line num="272" count="317" type="stmt"/>
        <line num="273" count="6" type="stmt"/>
        <line num="283" count="119" type="stmt"/>
        <line num="291" count="17" type="stmt"/>
        <line num="302" count="312" type="cond" truecount="2" falsecount="0"/>
        <line num="303" count="20" type="stmt"/>
        <line num="305" count="292" type="stmt"/>
        <line num="307" count="312" type="stmt"/>
        <line num="311" count="6" type="cond" truecount="2" falsecount="0"/>
        <line num="312" count="2" type="stmt"/>
        <line num="314" count="4" type="stmt"/>
        <line num="319" count="2" type="stmt"/>
        <line num="320" count="2" type="stmt"/>
        <line num="323" count="2" type="cond" truecount="2" falsecount="1"/>
        <line num="325" count="2" type="cond" truecount="2" falsecount="0"/>
        <line num="326" count="1" type="stmt"/>
        <line num="327" count="1" type="cond" truecount="2" falsecount="1"/>
        <line num="328" count="1" type="stmt"/>
        <line num="329" count="1" type="stmt"/>
        <line num="330" count="1" type="stmt"/>
        <line num="331" count="1" type="cond" truecount="1" falsecount="0"/>
        <line num="335" count="1" type="stmt"/>
        <line num="338" count="1" type="stmt"/>
        <line num="339" count="1" type="cond" truecount="0" falsecount="1"/>
        <line num="340" count="1" type="stmt"/>
        <line num="341" count="1" type="stmt"/>
        <line num="342" count="1" type="cond" truecount="3" falsecount="0"/>
        <line num="343" count="1" type="stmt"/>
        <line num="349" count="20" type="stmt"/>
        <line num="350" count="20" type="stmt"/>
        <line num="353" count="20" type="cond" truecount="2" falsecount="1"/>
        <line num="355" count="20" type="cond" truecount="2" falsecount="0"/>
        <line num="356" count="8" type="stmt"/>
        <line num="357" count="8" type="cond" truecount="2" falsecount="1"/>
        <line num="358" count="8" type="stmt"/>
        <line num="359" count="8" type="stmt"/>
        <line num="360" count="8" type="stmt"/>
        <line num="361" count="8" type="stmt"/>
        <line num="363" count="12" type="stmt"/>
        <line num="364" count="12" type="cond" truecount="1" falsecount="0"/>
        <line num="365" count="10" type="stmt"/>
        <line num="366" count="10" type="stmt"/>
        <line num="367" count="10" type="stmt"/>
        <line num="372" count="292" type="stmt"/>
        <line num="376" count="18" type="cond" truecount="4" falsecount="0"/>
        <line num="377" count="3" type="stmt"/>
        <line num="378" count="3" type="stmt"/>
        <line num="379" count="15" type="cond" truecount="3" falsecount="0"/>
        <line num="380" count="8" type="cond" truecount="1" falsecount="0"/>
        <line num="381" count="8" type="cond" truecount="1" falsecount="0"/>
        <line num="386" count="1" type="cond" truecount="3" falsecount="0"/>
        <line num="387" count="1" type="stmt"/>
        <line num="396" count="156" type="stmt"/>
        <line num="404" count="148" type="stmt"/>
        <line num="412" count="1" type="stmt"/>
        <line num="421" count="10" type="stmt"/>
        <line num="429" count="1" type="stmt"/>
        <line num="438" count="22" type="stmt"/>
        <line num="446" count="190" type="stmt"/>
        <line num="454" count="118" type="stmt"/>
        <line num="463" count="75" type="cond" truecount="4" falsecount="0"/>
        <line num="464" count="7" type="stmt"/>
        <line num="465" count="7" type="stmt"/>
        <line num="467" count="68" type="cond" truecount="3" falsecount="0"/>
        <line num="468" count="31" type="stmt"/>
        <line num="470" count="75" type="stmt"/>
        <line num="478" count="3" type="cond" truecount="1" falsecount="0"/>
        <line num="479" count="3" type="stmt"/>
        <line num="480" count="1" type="stmt"/>
        <line num="481" count="1" type="cond" truecount="3" falsecount="0"/>
        <line num="483" count="3" type="stmt"/>
        <line num="484" count="4" type="stmt"/>
        <line num="485" count="4" type="cond" truecount="3" falsecount="0"/>
        <line num="487" count="3" type="stmt"/>
        <line num="488" count="1" type="stmt"/>
        <line num="489" count="1" type="cond" truecount="3" falsecount="0"/>
        <line num="491" count="3" type="stmt"/>
        <line num="498" count="5" type="stmt"/>
        <line num="499" count="5" type="stmt"/>
        <line num="500" count="5" type="cond" truecount="3" falsecount="0"/>
        <line num="502" count="5" type="stmt"/>
        <line num="509" count="2" type="cond" truecount="3" falsecount="0"/>
        <line num="510" count="1" type="stmt"/>
        <line num="511" count="1" type="stmt"/>
        <line num="512" count="1" type="cond" truecount="3" falsecount="0"/>
        <line num="514" count="1" type="stmt"/>
        <line num="515" count="2" type="stmt"/>
        <line num="516" count="2" type="cond" truecount="3" falsecount="0"/>
        <line num="524" count="2" type="cond" truecount="3" falsecount="0"/>
        <line num="525" count="1" type="stmt"/>
        <line num="526" count="1" type="stmt"/>
        <line num="527" count="1" type="cond" truecount="3" falsecount="0"/>
        <line num="529" count="1" type="stmt"/>
        <line num="530" count="2" type="stmt"/>
        <line num="531" count="2" type="cond" truecount="3" falsecount="0"/>
        <line num="539" count="150" type="stmt"/>
        <line num="540" count="150" type="stmt"/>
        <line num="541" count="150" type="stmt"/>
        <line num="542" count="150" type="cond" truecount="1" falsecount="0"/>
        <line num="543" count="150" type="cond" truecount="1" falsecount="0"/>
        <line num="544" count="150" type="stmt"/>
        <line num="545" count="150" type="stmt"/>
        <line num="546" count="150" type="cond" truecount="3" falsecount="0"/>
        <line num="550" count="16" type="stmt"/>
        <line num="551" count="16" type="stmt"/>
        <line num="552" count="16" type="stmt"/>
        <line num="553" count="16" type="stmt"/>
        <line num="554" count="16" type="stmt"/>
        <line num="555" count="16" type="stmt"/>
        <line num="556" count="16" type="stmt"/>
        <line num="557" count="16" type="cond" truecount="1" falsecount="0"/>
        <line num="566" count="4" type="cond" truecount="3" falsecount="0"/>
        <line num="567" count="4" type="stmt"/>
        <line num="569" count="4" type="cond" truecount="0" falsecount="1"/>
        <line num="570" count="0" type="stmt"/>
        <line num="572" count="4" type="stmt"/>
        <line num="573" count="4" type="cond" truecount="1" falsecount="0"/>
        <line num="574" count="1" type="stmt"/>
        <line num="576" count="4" type="cond" truecount="1" falsecount="0"/>
        <line num="583" count="1" type="cond" truecount="1" falsecount="0"/>
      </file>
      <file name="group.ts" path="C:\www\forms.js\packages\core\src\group.ts">
        <metrics statements="59" coveredstatements="59" conditionals="22" coveredconditionals="22" methods="20" coveredmethods="20"/>
        <line num="2" count="25" type="stmt"/>
        <line num="11" count="25" type="stmt"/>
        <line num="23" count="25" type="stmt"/>
        <line num="24" count="17" type="stmt"/>
        <line num="31" count="17" type="stmt"/>
        <line num="32" count="17" type="stmt"/>
        <line num="33" count="17" type="stmt"/>
        <line num="38" count="17" type="stmt"/>
        <line num="39" count="17" type="stmt"/>
        <line num="41" count="17" type="stmt"/>
        <line num="50" count="17" type="stmt"/>
        <line num="51" count="17" type="stmt"/>
        <line num="52" count="17" type="stmt"/>
        <line num="53" count="17" type="stmt"/>
        <line num="54" count="17" type="stmt"/>
        <line num="55" count="17" type="stmt"/>
        <line num="56" count="17" type="stmt"/>
        <line num="64" count="17" type="stmt"/>
        <line num="69" count="18" type="stmt"/>
        <line num="70" count="18" type="stmt"/>
        <line num="75" count="18" type="cond" truecount="1" falsecount="0"/>
        <line num="76" count="7" type="stmt"/>
        <line num="82" count="16" type="stmt"/>
        <line num="87" count="1" type="stmt"/>
        <line num="92" count="14" type="stmt"/>
        <line num="97" count="1" type="stmt"/>
        <line num="102" count="5" type="stmt"/>
        <line num="107" count="17" type="stmt"/>
        <line num="108" count="17" type="stmt"/>
        <line num="109" count="17" type="stmt"/>
        <line num="114" count="17" type="stmt"/>
        <line num="115" count="17" type="stmt"/>
        <line num="116" count="17" type="stmt"/>
        <line num="121" count="17" type="stmt"/>
        <line num="122" count="17" type="cond" truecount="1" falsecount="0"/>
        <line num="123" count="17" type="stmt"/>
        <line num="124" count="17" type="stmt"/>
        <line num="129" count="17" type="stmt"/>
        <line num="130" count="17" type="stmt"/>
        <line num="131" count="17" type="stmt"/>
        <line num="132" count="17" type="cond" truecount="4" falsecount="0"/>
        <line num="133" count="8" type="stmt"/>
        <line num="134" count="17" type="cond" truecount="3" falsecount="0"/>
        <line num="135" count="17" type="stmt"/>
        <line num="140" count="14" type="cond" truecount="1" falsecount="0"/>
        <line num="141" count="14" type="stmt"/>
        <line num="146" count="2" type="cond" truecount="1" falsecount="0"/>
        <line num="147" count="2" type="stmt"/>
        <line num="152" count="1" type="cond" truecount="1" falsecount="0"/>
        <line num="157" count="42" type="cond" truecount="3" falsecount="0"/>
        <line num="158" count="42" type="cond" truecount="3" falsecount="0"/>
        <line num="163" count="19" type="stmt"/>
        <line num="168" count="42" type="stmt"/>
        <line num="169" count="42" type="stmt"/>
        <line num="174" count="42" type="cond" truecount="1" falsecount="0"/>
        <line num="175" count="13" type="cond" truecount="2" falsecount="0"/>
        <line num="176" count="6" type="stmt"/>
        <line num="177" count="7" type="cond" truecount="1" falsecount="0"/>
        <line num="178" count="4" type="stmt"/>
      </file>
      <file name="index.ts" path="C:\www\forms.js\packages\core\src\index.ts">
        <metrics statements="70" coveredstatements="70" conditionals="6" coveredconditionals="5" methods="40" coveredmethods="17"/>
        <line num="1" count="24" type="stmt"/>
        <line num="2" count="24" type="stmt"/>
        <line num="3" count="24" type="stmt"/>
        <line num="4" count="24" type="stmt"/>
        <line num="29" count="24" type="stmt"/>
        <line num="48" count="24" type="stmt"/>
        <line num="51" count="24" type="stmt"/>
        <line num="52" count="24" type="stmt"/>
        <line num="53" count="24" type="stmt"/>
        <line num="54" count="24" type="stmt"/>
        <line num="55" count="24" type="stmt"/>
        <line num="56" count="24" type="stmt"/>
        <line num="57" count="24" type="stmt"/>
        <line num="58" count="24" type="stmt"/>
        <line num="59" count="24" type="stmt"/>
        <line num="60" count="24" type="stmt"/>
        <line num="61" count="24" type="stmt"/>
        <line num="62" count="24" type="stmt"/>
        <line num="63" count="24" type="stmt"/>
        <line num="64" count="24" type="stmt"/>
        <line num="65" count="24" type="stmt"/>
        <line num="66" count="24" type="stmt"/>
        <line num="67" count="24" type="stmt"/>
        <line num="68" count="24" type="stmt"/>
        <line num="69" count="24" type="stmt"/>
        <line num="70" count="24" type="stmt"/>
        <line num="71" count="24" type="stmt"/>
        <line num="73" count="24" type="stmt"/>
        <line num="74" count="3" type="cond" truecount="2" falsecount="0"/>
        <line num="75" count="1" type="stmt"/>
        <line num="76" count="2" type="cond" truecount="1" falsecount="1"/>
        <line num="79" count="2" type="cond" truecount="2" falsecount="0"/>
        <line num="83" count="176" type="stmt"/>
        <line num="84" count="25" type="stmt"/>
        <line num="86" count="24" type="stmt"/>
        <line num="87" count="25" type="stmt"/>
        <line num="88" count="25" type="stmt"/>
        <line num="89" count="25" type="stmt"/>
        <line num="90" count="25" type="stmt"/>
        <line num="91" count="25" type="stmt"/>
        <line num="92" count="25" type="stmt"/>
        <line num="94" count="25" type="stmt"/>
        <line num="95" count="24" type="stmt"/>
        <line num="96" count="25" type="stmt"/>
        <line num="97" count="25" type="stmt"/>
        <line num="98" count="25" type="stmt"/>
        <line num="99" count="30" type="stmt"/>
        <line num="100" count="24" type="stmt"/>
        <line num="101" count="24" type="stmt"/>
        <line num="102" count="24" type="stmt"/>
        <line num="103" count="24" type="stmt"/>
        <line num="104" count="24" type="stmt"/>
        <line num="105" count="24" type="stmt"/>
        <line num="106" count="24" type="stmt"/>
        <line num="107" count="24" type="stmt"/>
        <line num="108" count="24" type="stmt"/>
        <line num="109" count="24" type="stmt"/>
        <line num="110" count="24" type="stmt"/>
        <line num="111" count="24" type="stmt"/>
        <line num="112" count="24" type="stmt"/>
        <line num="113" count="24" type="stmt"/>
        <line num="114" count="24" type="stmt"/>
        <line num="115" count="24" type="stmt"/>
        <line num="116" count="24" type="stmt"/>
        <line num="117" count="24" type="stmt"/>
        <line num="118" count="24" type="stmt"/>
        <line num="119" count="24" type="stmt"/>
        <line num="120" count="24" type="stmt"/>
        <line num="121" count="24" type="stmt"/>
        <line num="124" count="25" type="stmt"/>
      </file>
      <file name="utils.ts" path="C:\www\forms.js\packages\core\src\utils.ts">
        <metrics statements="139" coveredstatements="137" conditionals="46" coveredconditionals="44" methods="41" coveredmethods="40"/>
        <line num="1" count="25" type="stmt"/>
        <line num="25" count="25" type="stmt"/>
        <line num="26" count="25" type="stmt"/>
        <line num="28" count="25" type="stmt"/>
        <line num="37" count="25" type="stmt"/>
        <line num="38" count="88" type="stmt"/>
        <line num="39" count="88" type="stmt"/>
        <line num="40" count="5" type="cond" truecount="1" falsecount="0"/>
        <line num="41" count="5" type="stmt"/>
        <line num="42" count="3" type="stmt"/>
        <line num="52" count="25" type="stmt"/>
        <line num="53" count="556" type="stmt"/>
        <line num="60" count="25" type="stmt"/>
        <line num="61" count="2" type="stmt"/>
        <line num="72" count="25" type="stmt"/>
        <line num="73" count="3" type="cond" truecount="2" falsecount="0"/>
        <line num="76" count="3" type="stmt"/>
        <line num="77" count="5" type="cond" truecount="1" falsecount="0"/>
        <line num="78" count="5" type="cond" truecount="2" falsecount="0"/>
        <line num="79" count="1" type="stmt"/>
        <line num="81" count="4" type="stmt"/>
        <line num="84" count="5" type="cond" truecount="2" falsecount="0"/>
        <line num="85" count="1" type="stmt"/>
        <line num="86" count="4" type="cond" truecount="4" falsecount="0"/>
        <line num="87" count="1" type="stmt"/>
        <line num="89" count="3" type="stmt"/>
        <line num="94" count="3" type="stmt"/>
        <line num="102" count="25" type="stmt"/>
        <line num="103" count="170" type="stmt"/>
        <line num="111" count="25" type="stmt"/>
        <line num="112" count="35" type="stmt"/>
        <line num="120" count="25" type="stmt"/>
        <line num="121" count="16" type="stmt"/>
        <line num="129" count="25" type="stmt"/>
        <line num="130" count="169" type="cond" truecount="1" falsecount="0"/>
        <line num="131" count="34" type="cond" truecount="1" falsecount="0"/>
        <line num="132" count="15" type="cond" truecount="1" falsecount="0"/>
        <line num="133" count="1" type="stmt"/>
        <line num="147" count="25" type="stmt"/>
        <line num="148" count="2" type="stmt"/>
        <line num="149" count="2" type="stmt"/>
        <line num="150" count="4" type="cond" truecount="2" falsecount="0"/>
        <line num="151" count="1" type="cond" truecount="1" falsecount="0"/>
        <line num="153" count="2" type="stmt"/>
        <line num="161" count="25" type="stmt"/>
        <line num="162" count="1" type="stmt"/>
        <line num="163" count="1" type="stmt"/>
        <line num="164" count="1" type="stmt"/>
        <line num="173" count="25" type="stmt"/>
        <line num="174" count="5" type="stmt"/>
        <line num="183" count="25" type="stmt"/>
        <line num="184" count="153" type="stmt"/>
        <line num="187" count="25" type="cond" truecount="2" falsecount="0"/>
        <line num="189" count="25" type="stmt"/>
        <line num="190" count="1" type="stmt"/>
        <line num="191" count="1" type="stmt"/>
        <line num="192" count="1" type="stmt"/>
        <line num="195" count="25" type="stmt"/>
        <line num="197" count="25" type="stmt"/>
        <line num="199" count="25" type="stmt"/>
        <line num="201" count="25" type="stmt"/>
        <line num="202" count="1" type="cond" truecount="1" falsecount="1"/>
        <line num="204" count="25" type="stmt"/>
        <line num="205" count="5" type="stmt"/>
        <line num="207" count="5" type="cond" truecount="1" falsecount="0"/>
        <line num="209" count="4" type="cond" truecount="1" falsecount="0"/>
        <line num="211" count="2" type="stmt"/>
        <line num="213" count="2" type="cond" truecount="1" falsecount="0"/>
        <line num="214" count="1" type="stmt"/>
        <line num="215" count="1" type="stmt"/>
        <line num="216" count="1" type="stmt"/>
        <line num="218" count="1" type="cond" truecount="1" falsecount="0"/>
        <line num="219" count="1" type="stmt"/>
        <line num="220" count="1" type="stmt"/>
        <line num="224" count="1" type="stmt"/>
        <line num="227" count="25" type="stmt"/>
        <line num="228" count="5" type="stmt"/>
        <line num="231" count="25" type="stmt"/>
        <line num="232" count="19" type="cond" truecount="1" falsecount="0"/>
        <line num="233" count="18" type="cond" truecount="1" falsecount="0"/>
        <line num="234" count="17" type="stmt"/>
        <line num="237" count="25" type="stmt"/>
        <line num="238" count="18" type="cond" truecount="2" falsecount="0"/>
        <line num="239" count="17" type="stmt"/>
        <line num="241" count="1" type="stmt"/>
        <line num="245" count="25" type="stmt"/>
        <line num="246" count="36" type="stmt"/>
        <line num="249" count="25" type="stmt"/>
        <line num="250" count="6" type="stmt"/>
        <line num="257" count="25" type="stmt"/>
        <line num="258" count="3" type="stmt"/>
        <line num="260" count="5" type="stmt"/>
        <line num="262" count="4" type="stmt"/>
        <line num="263" count="4" type="stmt"/>
        <line num="268" count="4" type="stmt"/>
        <line num="271" count="4" type="stmt"/>
        <line num="272" count="4" type="cond" truecount="1" falsecount="0"/>
        <line num="273" count="3" type="stmt"/>
        <line num="275" count="3" type="stmt"/>
        <line num="276" count="3" type="cond" truecount="2" falsecount="0"/>
        <line num="278" count="1" type="stmt"/>
        <line num="281" count="2" type="stmt"/>
        <line num="282" count="2" type="stmt"/>
        <line num="284" count="2" type="stmt"/>
        <line num="288" count="3" type="stmt"/>
        <line num="292" count="3" type="stmt"/>
        <line num="296" count="25" type="stmt"/>
        <line num="303" count="4" type="stmt"/>
        <line num="304" count="4" type="stmt"/>
        <line num="305" count="5" type="stmt"/>
        <line num="307" count="5" type="stmt"/>
        <line num="312" count="5" type="stmt"/>
        <line num="313" count="5" type="stmt"/>
        <line num="316" count="4" type="cond" truecount="1" falsecount="0"/>
        <line num="317" count="3" type="stmt"/>
        <line num="318" count="3" type="stmt"/>
        <line num="320" count="1" type="stmt"/>
        <line num="324" count="1" type="stmt"/>
        <line num="327" count="25" type="stmt"/>
        <line num="328" count="5" type="cond" truecount="2" falsecount="0"/>
        <line num="331" count="25" type="stmt"/>
        <line num="332" count="25" type="cond" truecount="6" falsecount="0"/>
        <line num="334" count="8" type="stmt"/>
        <line num="336" count="4" type="stmt"/>
        <line num="338" count="4" type="stmt"/>
        <line num="340" count="3" type="stmt"/>
        <line num="342" count="3" type="stmt"/>
        <line num="344" count="3" type="stmt"/>
        <line num="348" count="25" type="stmt"/>
        <line num="349" count="6" type="stmt"/>
        <line num="350" count="6" type="stmt"/>
        <line num="352" count="4" type="stmt"/>
        <line num="354" count="2" type="stmt"/>
        <line num="357" count="25" type="stmt"/>
        <line num="358" count="0" type="stmt"/>
        <line num="361" count="25" type="stmt"/>
        <line num="362" count="283" type="cond" truecount="0" falsecount="1"/>
        <line num="363" count="0" type="stmt"/>
        <line num="365" count="283" type="stmt"/>
      </file>
    </package>
    <package name="src.fields">
      <metrics statements="712" coveredstatements="687" conditionals="383" coveredconditionals="353" methods="176" coveredmethods="173"/>
      <file name="checkboxField.ts" path="C:\www\forms.js\packages\core\src\fields\checkboxField.ts">
        <metrics statements="57" coveredstatements="54" conditionals="39" coveredconditionals="37" methods="12" coveredmethods="12"/>
        <line num="1" count="25" type="stmt"/>
        <line num="23" count="25" type="stmt"/>
        <line num="27" count="25" type="stmt"/>
        <line num="29" count="25" type="stmt"/>
        <line num="30" count="5" type="stmt"/>
        <line num="35" count="3" type="cond" truecount="3" falsecount="0"/>
        <line num="36" count="2" type="stmt"/>
        <line num="42" count="5" type="stmt"/>
        <line num="45" count="5" type="stmt"/>
        <line num="46" count="5" type="stmt"/>
        <line num="47" count="5" type="stmt"/>
        <line num="48" count="5" type="stmt"/>
        <line num="55" count="8" type="cond" truecount="3" falsecount="0"/>
        <line num="56" count="8" type="cond" truecount="4" falsecount="0"/>
        <line num="57" count="1" type="stmt"/>
        <line num="58" count="7" type="cond" truecount="3" falsecount="0"/>
        <line num="59" count="1" type="stmt"/>
        <line num="65" count="5" type="stmt"/>
        <line num="66" count="5" type="stmt"/>
        <line num="67" count="5" type="cond" truecount="1" falsecount="0"/>
        <line num="68" count="5" type="stmt"/>
        <line num="73" count="5" type="stmt"/>
        <line num="75" count="5" type="cond" truecount="3" falsecount="0"/>
        <line num="76" count="5" type="cond" truecount="3" falsecount="0"/>
        <line num="78" count="5" type="stmt"/>
        <line num="79" count="5" type="cond" truecount="1" falsecount="0"/>
        <line num="80" count="5" type="cond" truecount="1" falsecount="1"/>
        <line num="81" count="5" type="stmt"/>
        <line num="82" count="0" type="cond" truecount="0" falsecount="1"/>
        <line num="83" count="0" type="stmt"/>
        <line num="84" count="0" type="stmt"/>
        <line num="87" count="5" type="stmt"/>
        <line num="88" count="5" type="cond" truecount="2" falsecount="0"/>
        <line num="89" count="5" type="stmt"/>
        <line num="90" count="5" type="cond" truecount="1" falsecount="0"/>
        <line num="95" count="5" type="stmt"/>
        <line num="96" count="5" type="stmt"/>
        <line num="97" count="5" type="cond" truecount="2" falsecount="0"/>
        <line num="98" count="5" type="stmt"/>
        <line num="99" count="5" type="cond" truecount="1" falsecount="0"/>
        <line num="100" count="5" type="stmt"/>
        <line num="104" count="1" type="stmt"/>
        <line num="105" count="1" type="stmt"/>
        <line num="109" count="5" type="stmt"/>
        <line num="110" count="5" type="cond" truecount="1" falsecount="0"/>
        <line num="111" count="5" type="stmt"/>
        <line num="112" count="5" type="stmt"/>
        <line num="113" count="5" type="stmt"/>
        <line num="115" count="5" type="cond" truecount="3" falsecount="0"/>
        <line num="116" count="5" type="cond" truecount="3" falsecount="0"/>
        <line num="120" count="5" type="cond" truecount="1" falsecount="0"/>
        <line num="121" count="5" type="stmt"/>
        <line num="122" count="1" type="stmt"/>
        <line num="127" count="2" type="stmt"/>
        <line num="128" count="2" type="cond" truecount="1" falsecount="0"/>
        <line num="129" count="2" type="stmt"/>
        <line num="133" count="21" type="stmt"/>
      </file>
      <file name="colorField.ts" path="C:\www\forms.js\packages\core\src\fields\colorField.ts">
        <metrics statements="14" coveredstatements="14" conditionals="4" coveredconditionals="4" methods="5" coveredmethods="5"/>
        <line num="1" count="25" type="stmt"/>
        <line num="7" count="25" type="stmt"/>
        <line num="11" count="25" type="stmt"/>
        <line num="12" count="3" type="stmt"/>
        <line num="17" count="2" type="cond" truecount="3" falsecount="0"/>
        <line num="18" count="1" type="stmt"/>
        <line num="25" count="3" type="stmt"/>
        <line num="26" count="3" type="stmt"/>
        <line num="27" count="3" type="stmt"/>
        <line num="28" count="3" type="stmt"/>
        <line num="32" count="3" type="cond" truecount="1" falsecount="0"/>
        <line num="33" count="3" type="stmt"/>
        <line num="34" count="1" type="stmt"/>
        <line num="39" count="1" type="stmt"/>
      </file>
      <file name="dateField.ts" path="C:\www\forms.js\packages\core\src\fields\dateField.ts">
        <metrics statements="30" coveredstatements="30" conditionals="14" coveredconditionals="12" methods="9" coveredmethods="9"/>
        <line num="1" count="25" type="stmt"/>
        <line num="2" count="25" type="stmt"/>
        <line num="3" count="25" type="stmt"/>
        <line num="7" count="25" type="stmt"/>
        <line num="19" count="25" type="stmt"/>
        <line num="20" count="4" type="stmt"/>
        <line num="25" count="2" type="cond" truecount="3" falsecount="0"/>
        <line num="26" count="1" type="stmt"/>
        <line num="35" count="4" type="stmt"/>
        <line num="38" count="4" type="stmt"/>
        <line num="39" count="4" type="stmt"/>
        <line num="40" count="4" type="stmt"/>
        <line num="41" count="4" type="stmt"/>
        <line num="45" count="4" type="stmt"/>
        <line num="46" count="4" type="stmt"/>
        <line num="47" count="4" type="stmt"/>
        <line num="48" count="4" type="stmt"/>
        <line num="52" count="2" type="stmt"/>
        <line num="56" count="4" type="cond" truecount="3" falsecount="0"/>
        <line num="57" count="1" type="cond" truecount="1" falsecount="1"/>
        <line num="61" count="4" type="cond" truecount="1" falsecount="0"/>
        <line num="62" count="4" type="stmt"/>
        <line num="63" count="1" type="stmt"/>
        <line num="69" count="4" type="stmt"/>
        <line num="70" count="4" type="stmt"/>
        <line num="71" count="4" type="cond" truecount="1" falsecount="1"/>
        <line num="72" count="4" type="cond" truecount="2" falsecount="0"/>
        <line num="73" count="4" type="stmt"/>
        <line num="74" count="4" type="cond" truecount="1" falsecount="0"/>
        <line num="78" count="1" type="stmt"/>
      </file>
      <file name="datetimeField.ts" path="C:\www\forms.js\packages\core\src\fields\datetimeField.ts">
        <metrics statements="30" coveredstatements="30" conditionals="14" coveredconditionals="12" methods="9" coveredmethods="9"/>
        <line num="1" count="25" type="stmt"/>
        <line num="2" count="25" type="stmt"/>
        <line num="3" count="25" type="stmt"/>
        <line num="7" count="25" type="stmt"/>
        <line num="19" count="25" type="stmt"/>
        <line num="20" count="4" type="stmt"/>
        <line num="25" count="2" type="cond" truecount="3" falsecount="0"/>
        <line num="26" count="1" type="stmt"/>
        <line num="36" count="4" type="stmt"/>
        <line num="39" count="4" type="stmt"/>
        <line num="40" count="4" type="stmt"/>
        <line num="41" count="4" type="stmt"/>
        <line num="42" count="4" type="stmt"/>
        <line num="46" count="4" type="stmt"/>
        <line num="47" count="4" type="stmt"/>
        <line num="48" count="4" type="stmt"/>
        <line num="49" count="4" type="stmt"/>
        <line num="53" count="2" type="stmt"/>
        <line num="57" count="4" type="cond" truecount="3" falsecount="0"/>
        <line num="58" count="1" type="cond" truecount="1" falsecount="1"/>
        <line num="62" count="4" type="cond" truecount="1" falsecount="0"/>
        <line num="63" count="4" type="stmt"/>
        <line num="64" count="1" type="stmt"/>
        <line num="70" count="4" type="stmt"/>
        <line num="71" count="4" type="stmt"/>
        <line num="72" count="4" type="cond" truecount="1" falsecount="1"/>
        <line num="73" count="4" type="cond" truecount="2" falsecount="0"/>
        <line num="74" count="4" type="stmt"/>
        <line num="75" count="4" type="cond" truecount="1" falsecount="0"/>
        <line num="79" count="1" type="stmt"/>
      </file>
      <file name="emailField.ts" path="C:\www\forms.js\packages\core\src\fields\emailField.ts">
        <metrics statements="13" coveredstatements="13" conditionals="7" coveredconditionals="7" methods="3" coveredmethods="3"/>
        <line num="1" count="25" type="stmt"/>
        <line num="7" count="25" type="stmt"/>
        <line num="11" count="25" type="stmt"/>
        <line num="12" count="4" type="stmt"/>
        <line num="17" count="3" type="cond" truecount="3" falsecount="0"/>
        <line num="18" count="2" type="cond" truecount="4" falsecount="0"/>
        <line num="19" count="1" type="stmt"/>
        <line num="25" count="4" type="stmt"/>
        <line num="28" count="4" type="stmt"/>
        <line num="29" count="4" type="stmt"/>
        <line num="30" count="4" type="stmt"/>
        <line num="31" count="4" type="stmt"/>
        <line num="35" count="1" type="stmt"/>
      </file>
      <file name="fileField.ts" path="C:\www\forms.js\packages\core\src\fields\fileField.ts">
        <metrics statements="52" coveredstatements="40" conditionals="23" coveredconditionals="18" methods="16" coveredmethods="13"/>
        <line num="1" count="25" type="stmt"/>
        <line num="2" count="25" type="stmt"/>
        <line num="5" count="25" type="stmt"/>
        <line num="7" count="25" type="stmt"/>
        <line num="21" count="25" type="stmt"/>
        <line num="22" count="5" type="stmt"/>
        <line num="27" count="4" type="cond" truecount="3" falsecount="0"/>
        <line num="28" count="3" type="stmt"/>
        <line num="41" count="5" type="stmt"/>
        <line num="44" count="5" type="stmt"/>
        <line num="45" count="5" type="stmt"/>
        <line num="46" count="5" type="stmt"/>
        <line num="47" count="5" type="stmt"/>
        <line num="51" count="5" type="stmt"/>
        <line num="52" count="5" type="stmt"/>
        <line num="53" count="5" type="stmt"/>
        <line num="54" count="5" type="stmt"/>
        <line num="61" count="10" type="stmt"/>
        <line num="82" count="5" type="stmt"/>
        <line num="83" count="5" type="stmt"/>
        <line num="84" count="5" type="cond" truecount="1" falsecount="1"/>
        <line num="85" count="5" type="stmt"/>
        <line num="86" count="5" type="cond" truecount="1" falsecount="0"/>
        <line num="87" count="5" type="stmt"/>
        <line num="88" count="5" type="cond" truecount="3" falsecount="0"/>
        <line num="89" count="5" type="cond" truecount="1" falsecount="0"/>
        <line num="93" count="1" type="stmt"/>
        <line num="97" count="5" type="cond" truecount="3" falsecount="0"/>
        <line num="98" count="1" type="cond" truecount="1" falsecount="1"/>
        <line num="103" count="5" type="cond" truecount="2" falsecount="0"/>
        <line num="104" count="1" type="cond" truecount="1" falsecount="0"/>
        <line num="105" count="0" type="stmt"/>
        <line num="106" count="0" type="cond" truecount="0" falsecount="1"/>
        <line num="107" count="0" type="stmt"/>
        <line num="108" count="0" type="stmt"/>
        <line num="110" count="0" type="stmt"/>
        <line num="111" count="0" type="cond" truecount="0" falsecount="1"/>
        <line num="112" count="0" type="stmt"/>
        <line num="113" count="0" type="stmt"/>
        <line num="115" count="0" type="stmt"/>
        <line num="116" count="0" type="cond" truecount="0" falsecount="1"/>
        <line num="117" count="0" type="stmt"/>
        <line num="118" count="0" type="stmt"/>
        <line num="121" count="4" type="stmt"/>
        <line num="126" count="1" type="stmt"/>
        <line num="130" count="1" type="cond" truecount="1" falsecount="0"/>
        <line num="131" count="1" type="stmt"/>
        <line num="136" count="2" type="stmt"/>
        <line num="137" count="2" type="stmt"/>
        <line num="138" count="2" type="stmt"/>
        <line num="139" count="2" type="cond" truecount="1" falsecount="0"/>
        <line num="143" count="2" type="stmt"/>
      </file>
      <file name="hiddenField.ts" path="C:\www\forms.js\packages\core\src\fields\hiddenField.ts">
        <metrics statements="56" coveredstatements="56" conditionals="27" coveredconditionals="24" methods="19" coveredmethods="19"/>
        <line num="2" count="25" type="stmt"/>
        <line num="5" count="25" type="stmt"/>
        <line num="16" count="25" type="stmt"/>
        <line num="17" count="4" type="stmt"/>
        <line num="23" count="4" type="stmt"/>
        <line num="24" count="4" type="stmt"/>
        <line num="25" count="4" type="stmt"/>
        <line num="26" count="4" type="stmt"/>
        <line num="32" count="4" type="stmt"/>
        <line num="37" count="4" type="stmt"/>
        <line num="38" count="4" type="stmt"/>
        <line num="39" count="4" type="stmt"/>
        <line num="40" count="4" type="stmt"/>
        <line num="41" count="4" type="stmt"/>
        <line num="42" count="4" type="stmt"/>
        <line num="43" count="4" type="stmt"/>
        <line num="44" count="4" type="stmt"/>
        <line num="48" count="4" type="stmt"/>
        <line num="52" count="4" type="stmt"/>
        <line num="53" count="4" type="stmt"/>
        <line num="57" count="11" type="stmt"/>
        <line num="58" count="11" type="stmt"/>
        <line num="59" count="11" type="stmt"/>
        <line num="60" count="11" type="cond" truecount="1" falsecount="0"/>
        <line num="68" count="6" type="stmt"/>
        <line num="75" count="11" type="cond" truecount="4" falsecount="0"/>
        <line num="76" count="10" type="stmt"/>
        <line num="81" count="4" type="cond" truecount="1" falsecount="0"/>
        <line num="86" count="4" type="stmt"/>
        <line num="87" count="4" type="stmt"/>
        <line num="88" count="4" type="stmt"/>
        <line num="93" count="4" type="stmt"/>
        <line num="94" count="4" type="stmt"/>
        <line num="95" count="4" type="cond" truecount="1" falsecount="1"/>
        <line num="96" count="4" type="stmt"/>
        <line num="100" count="9" type="stmt"/>
        <line num="108" count="1" type="stmt"/>
        <line num="112" count="9" type="stmt"/>
        <line num="119" count="1" type="stmt"/>
        <line num="123" count="4" type="stmt"/>
        <line num="124" count="4" type="stmt"/>
        <line num="125" count="4" type="cond" truecount="3" falsecount="0"/>
        <line num="126" count="4" type="stmt"/>
        <line num="131" count="1" type="cond" truecount="1" falsecount="0"/>
        <line num="136" count="5" type="cond" truecount="4" falsecount="0"/>
        <line num="137" count="3" type="stmt"/>
        <line num="143" count="5" type="cond" truecount="3" falsecount="0"/>
        <line num="144" count="2" type="stmt"/>
        <line num="145" count="2" type="cond" truecount="1" falsecount="0"/>
        <line num="146" count="1" type="cond" truecount="1" falsecount="1"/>
        <line num="147" count="1" type="stmt"/>
        <line num="150" count="4" type="cond" truecount="1" falsecount="1"/>
        <line num="154" count="2" type="stmt"/>
        <line num="155" count="2" type="cond" truecount="2" falsecount="0"/>
        <line num="156" count="2" type="stmt"/>
        <line num="160" count="13" type="stmt"/>
      </file>
      <file name="index.ts" path="C:\www\forms.js\packages\core\src\fields\index.ts">
        <metrics statements="19" coveredstatements="19" conditionals="0" coveredconditionals="0" methods="0" coveredmethods="0"/>
        <line num="1" count="25" type="stmt"/>
        <line num="2" count="25" type="stmt"/>
        <line num="3" count="25" type="stmt"/>
        <line num="4" count="25" type="stmt"/>
        <line num="5" count="25" type="stmt"/>
        <line num="6" count="25" type="stmt"/>
        <line num="7" count="25" type="stmt"/>
        <line num="8" count="25" type="stmt"/>
        <line num="9" count="25" type="stmt"/>
        <line num="10" count="25" type="stmt"/>
        <line num="11" count="25" type="stmt"/>
        <line num="12" count="25" type="stmt"/>
        <line num="13" count="25" type="stmt"/>
        <line num="14" count="25" type="stmt"/>
        <line num="15" count="25" type="stmt"/>
        <line num="16" count="25" type="stmt"/>
        <line num="17" count="25" type="stmt"/>
        <line num="18" count="25" type="stmt"/>
        <line num="19" count="25" type="stmt"/>
      </file>
      <file name="numberField.ts" path="C:\www\forms.js\packages\core\src\fields\numberField.ts">
        <metrics statements="22" coveredstatements="22" conditionals="14" coveredconditionals="14" methods="5" coveredmethods="5"/>
        <line num="1" count="25" type="stmt"/>
        <line num="11" count="25" type="stmt"/>
        <line num="15" count="25" type="stmt"/>
        <line num="16" count="4" type="stmt"/>
        <line num="21" count="6" type="cond" truecount="4" falsecount="0"/>
        <line num="22" count="4" type="cond" truecount="3" falsecount="0"/>
        <line num="23" count="3" type="cond" truecount="3" falsecount="0"/>
        <line num="24" count="2" type="stmt"/>
        <line num="31" count="4" type="stmt"/>
        <line num="32" count="4" type="stmt"/>
        <line num="33" count="4" type="stmt"/>
        <line num="34" count="4" type="stmt"/>
        <line num="35" count="4" type="stmt"/>
        <line num="42" count="4" type="stmt"/>
        <line num="43" count="4" type="stmt"/>
        <line num="44" count="4" type="stmt"/>
        <line num="45" count="4" type="stmt"/>
        <line num="49" count="8" type="cond" truecount="1" falsecount="0"/>
        <line num="50" count="8" type="cond" truecount="1" falsecount="0"/>
        <line num="51" count="8" type="cond" truecount="1" falsecount="0"/>
        <line num="52" count="8" type="cond" truecount="1" falsecount="0"/>
        <line num="57" count="1" type="stmt"/>
      </file>
      <file name="passwordField.ts" path="C:\www\forms.js\packages\core\src\fields\passwordField.ts">
        <metrics statements="11" coveredstatements="11" conditionals="3" coveredconditionals="3" methods="3" coveredmethods="3"/>
        <line num="1" count="25" type="stmt"/>
        <line num="2" count="25" type="stmt"/>
        <line num="6" count="25" type="stmt"/>
        <line num="7" count="2" type="stmt"/>
        <line num="12" count="2" type="cond" truecount="3" falsecount="0"/>
        <line num="13" count="1" type="stmt"/>
        <line num="20" count="2" type="stmt"/>
        <line num="21" count="2" type="stmt"/>
        <line num="22" count="2" type="stmt"/>
        <line num="23" count="2" type="stmt"/>
        <line num="27" count="1" type="stmt"/>
      </file>
      <file name="radioField.ts" path="C:\www\forms.js\packages\core\src\fields\radioField.ts">
        <metrics statements="85" coveredstatements="79" conditionals="45" coveredconditionals="40" methods="15" coveredmethods="15"/>
        <line num="1" count="25" type="stmt"/>
        <line num="23" count="25" type="stmt"/>
        <line num="27" count="25" type="stmt"/>
        <line num="29" count="25" type="stmt"/>
        <line num="30" count="5" type="stmt"/>
        <line num="36" count="3" type="cond" truecount="3" falsecount="0"/>
        <line num="37" count="2" type="stmt"/>
        <line num="43" count="5" type="stmt"/>
        <line num="44" count="5" type="stmt"/>
        <line num="47" count="5" type="stmt"/>
        <line num="48" count="5" type="stmt"/>
        <line num="49" count="5" type="stmt"/>
        <line num="50" count="5" type="stmt"/>
        <line num="54" count="5" type="stmt"/>
        <line num="55" count="5" type="stmt"/>
        <line num="56" count="5" type="stmt"/>
        <line num="63" count="7" type="stmt"/>
        <line num="64" count="14" type="cond" truecount="4" falsecount="0"/>
        <line num="65" count="13" type="cond" truecount="3" falsecount="0"/>
        <line num="66" count="2" type="stmt"/>
        <line num="77" count="10" type="stmt"/>
        <line num="79" count="10" type="cond" truecount="3" falsecount="0"/>
        <line num="81" count="10" type="stmt"/>
        <line num="82" count="10" type="cond" truecount="1" falsecount="0"/>
        <line num="83" count="10" type="cond" truecount="1" falsecount="1"/>
        <line num="84" count="10" type="stmt"/>
        <line num="85" count="0" type="cond" truecount="0" falsecount="1"/>
        <line num="86" count="0" type="stmt"/>
        <line num="87" count="0" type="stmt"/>
        <line num="90" count="10" type="stmt"/>
        <line num="91" count="10" type="stmt"/>
        <line num="92" count="10" type="stmt"/>
        <line num="93" count="10" type="stmt"/>
        <line num="94" count="10" type="stmt"/>
        <line num="95" count="10" type="cond" truecount="3" falsecount="0"/>
        <line num="100" count="10" type="stmt"/>
        <line num="101" count="10" type="stmt"/>
        <line num="102" count="10" type="stmt"/>
        <line num="103" count="10" type="stmt"/>
        <line num="104" count="10" type="cond" truecount="3" falsecount="0"/>
        <line num="105" count="10" type="stmt"/>
        <line num="106" count="10" type="stmt"/>
        <line num="107" count="10" type="stmt"/>
        <line num="108" count="10" type="stmt"/>
        <line num="109" count="10" type="stmt"/>
        <line num="113" count="5" type="stmt"/>
        <line num="114" count="5" type="stmt"/>
        <line num="115" count="5" type="cond" truecount="1" falsecount="0"/>
        <line num="116" count="5" type="cond" truecount="1" falsecount="1"/>
        <line num="117" count="5" type="stmt"/>
        <line num="118" count="0" type="cond" truecount="0" falsecount="1"/>
        <line num="119" count="0" type="stmt"/>
        <line num="120" count="0" type="stmt"/>
        <line num="123" count="5" type="cond" truecount="3" falsecount="0"/>
        <line num="124" count="5" type="stmt"/>
        <line num="125" count="5" type="stmt"/>
        <line num="127" count="5" type="stmt"/>
        <line num="128" count="5" type="stmt"/>
        <line num="130" count="5" type="stmt"/>
        <line num="131" count="10" type="stmt"/>
        <line num="132" count="10" type="stmt"/>
        <line num="135" count="5" type="cond" truecount="3" falsecount="0"/>
        <line num="137" count="5" type="stmt"/>
        <line num="140" count="5" type="cond" truecount="3" falsecount="0"/>
        <line num="144" count="5" type="cond" truecount="2" falsecount="0"/>
        <line num="145" count="2" type="stmt"/>
        <line num="146" count="4" type="stmt"/>
        <line num="147" count="4" type="stmt"/>
        <line num="148" count="4" type="cond" truecount="1" falsecount="1"/>
        <line num="150" count="2" type="stmt"/>
        <line num="151" count="2" type="cond" truecount="3" falsecount="0"/>
        <line num="152" count="2" type="stmt"/>
        <line num="153" count="2" type="stmt"/>
        <line num="156" count="3" type="cond" truecount="1" falsecount="0"/>
        <line num="157" count="3" type="stmt"/>
        <line num="159" count="3" type="stmt"/>
        <line num="160" count="6" type="stmt"/>
        <line num="161" count="6" type="stmt"/>
        <line num="162" count="6" type="stmt"/>
        <line num="165" count="5" type="stmt"/>
        <line num="166" count="5" type="stmt"/>
        <line num="170" count="10" type="cond" truecount="1" falsecount="0"/>
        <line num="171" count="10" type="stmt"/>
        <line num="172" count="1" type="stmt"/>
        <line num="177" count="28" type="stmt"/>
      </file>
      <file name="rangeField.ts" path="C:\www\forms.js\packages\core\src\fields\rangeField.ts">
        <metrics statements="61" coveredstatements="61" conditionals="42" coveredconditionals="41" methods="12" coveredmethods="12"/>
        <line num="1" count="25" type="stmt"/>
        <line num="24" count="25" type="stmt"/>
        <line num="27" count="25" type="stmt"/>
        <line num="29" count="25" type="stmt"/>
        <line num="30" count="6" type="stmt"/>
        <line num="35" count="7" type="cond" truecount="4" falsecount="0"/>
        <line num="36" count="5" type="cond" truecount="3" falsecount="0"/>
        <line num="37" count="4" type="cond" truecount="3" falsecount="0"/>
        <line num="38" count="3" type="stmt"/>
        <line num="44" count="6" type="stmt"/>
        <line num="45" count="6" type="stmt"/>
        <line num="46" count="6" type="stmt"/>
        <line num="49" count="6" type="stmt"/>
        <line num="50" count="6" type="stmt"/>
        <line num="51" count="6" type="stmt"/>
        <line num="52" count="6" type="stmt"/>
        <line num="57" count="6" type="stmt"/>
        <line num="58" count="6" type="stmt"/>
        <line num="59" count="6" type="cond" truecount="1" falsecount="1"/>
        <line num="60" count="6" type="stmt"/>
        <line num="61" count="6" type="cond" truecount="1" falsecount="0"/>
        <line num="62" count="6" type="cond" truecount="1" falsecount="0"/>
        <line num="63" count="6" type="cond" truecount="1" falsecount="0"/>
        <line num="64" count="6" type="stmt"/>
        <line num="68" count="6" type="stmt"/>
        <line num="69" count="6" type="stmt"/>
        <line num="70" count="6" type="stmt"/>
        <line num="71" count="6" type="stmt"/>
        <line num="72" count="6" type="stmt"/>
        <line num="73" count="6" type="stmt"/>
        <line num="74" count="6" type="stmt"/>
        <line num="75" count="6" type="stmt"/>
        <line num="76" count="6" type="stmt"/>
        <line num="80" count="6" type="stmt"/>
        <line num="81" count="6" type="stmt"/>
        <line num="82" count="6" type="stmt"/>
        <line num="83" count="6" type="stmt"/>
        <line num="84" count="6" type="stmt"/>
        <line num="87" count="6" type="cond" truecount="3" falsecount="0"/>
        <line num="88" count="6" type="cond" truecount="3" falsecount="0"/>
        <line num="89" count="6" type="cond" truecount="3" falsecount="0"/>
        <line num="90" count="6" type="cond" truecount="3" falsecount="0"/>
        <line num="94" count="9" type="cond" truecount="3" falsecount="0"/>
        <line num="95" count="9" type="cond" truecount="3" falsecount="0"/>
        <line num="96" count="9" type="cond" truecount="3" falsecount="0"/>
        <line num="97" count="9" type="stmt"/>
        <line num="101" count="1" type="cond" truecount="3" falsecount="0"/>
        <line num="102" count="1" type="stmt"/>
        <line num="109" count="6" type="stmt"/>
        <line num="110" count="6" type="stmt"/>
        <line num="111" count="6" type="stmt"/>
        <line num="112" count="6" type="stmt"/>
        <line num="116" count="2" type="stmt"/>
        <line num="117" count="2" type="cond" truecount="2" falsecount="0"/>
        <line num="118" count="2" type="stmt"/>
        <line num="119" count="2" type="stmt"/>
        <line num="123" count="6" type="cond" truecount="1" falsecount="0"/>
        <line num="124" count="6" type="stmt"/>
        <line num="125" count="1" type="stmt"/>
        <line num="126" count="1" type="stmt"/>
        <line num="132" count="16" type="stmt"/>
      </file>
      <file name="selectField.ts" path="C:\www\forms.js\packages\core\src\fields\selectField.ts">
        <metrics statements="76" coveredstatements="76" conditionals="69" coveredconditionals="67" methods="15" coveredmethods="15"/>
        <line num="1" count="25" type="stmt"/>
        <line num="2" count="25" type="stmt"/>
        <line num="3" count="25" type="stmt"/>
        <line num="7" count="25" type="stmt"/>
        <line num="8" count="25" type="stmt"/>
        <line num="25" count="25" type="stmt"/>
        <line num="26" count="9" type="stmt"/>
        <line num="31" count="5" type="cond" truecount="3" falsecount="0"/>
        <line num="32" count="4" type="stmt"/>
        <line num="41" count="9" type="stmt"/>
        <line num="44" count="9" type="stmt"/>
        <line num="45" count="9" type="stmt"/>
        <line num="46" count="9" type="stmt"/>
        <line num="47" count="9" type="stmt"/>
        <line num="51" count="9" type="stmt"/>
        <line num="52" count="9" type="stmt"/>
        <line num="53" count="9" type="stmt"/>
        <line num="54" count="9" type="stmt"/>
        <line num="61" count="15" type="cond" truecount="5" falsecount="0"/>
        <line num="62" count="11" type="stmt"/>
        <line num="64" count="11" type="stmt"/>
        <line num="66" count="33" type="cond" truecount="4" falsecount="0"/>
        <line num="67" count="33" type="cond" truecount="3" falsecount="0"/>
        <line num="68" count="33" type="cond" truecount="3" falsecount="0"/>
        <line num="70" count="4" type="cond" truecount="3" falsecount="0"/>
        <line num="71" count="4" type="stmt"/>
        <line num="72" count="4" type="cond" truecount="1" falsecount="0"/>
        <line num="73" count="3" type="cond" truecount="3" falsecount="0"/>
        <line num="79" count="9" type="cond" truecount="1" falsecount="0"/>
        <line num="83" count="2" type="stmt"/>
        <line num="87" count="9" type="cond" truecount="3" falsecount="0"/>
        <line num="88" count="3" type="cond" truecount="1" falsecount="1"/>
        <line num="92" count="16" type="cond" truecount="2" falsecount="0"/>
        <line num="93" count="1" type="stmt"/>
        <line num="94" count="1" type="cond" truecount="1" falsecount="0"/>
        <line num="96" count="15" type="stmt"/>
        <line num="97" count="15" type="cond" truecount="1" falsecount="0"/>
        <line num="103" count="9" type="stmt"/>
        <line num="104" count="9" type="stmt"/>
        <line num="105" count="9" type="cond" truecount="1" falsecount="1"/>
        <line num="106" count="9" type="stmt"/>
        <line num="107" count="9" type="cond" truecount="1" falsecount="0"/>
        <line num="108" count="9" type="cond" truecount="1" falsecount="0"/>
        <line num="109" count="9" type="stmt"/>
        <line num="110" count="9" type="stmt"/>
        <line num="111" count="27" type="stmt"/>
        <line num="112" count="27" type="stmt"/>
        <line num="113" count="27" type="cond" truecount="2" falsecount="0"/>
        <line num="117" count="5" type="stmt"/>
        <line num="119" count="2" type="stmt"/>
        <line num="120" count="25" type="cond" truecount="3" falsecount="0"/>
        <line num="121" count="4" type="stmt"/>
        <line num="124" count="27" type="cond" truecount="1" falsecount="0"/>
        <line num="125" count="27" type="stmt"/>
        <line num="126" count="27" type="stmt"/>
        <line num="131" count="9" type="stmt"/>
        <line num="132" count="9" type="stmt"/>
        <line num="133" count="9" type="stmt"/>
        <line num="134" count="9" type="stmt"/>
        <line num="136" count="9" type="cond" truecount="3" falsecount="0"/>
        <line num="137" count="9" type="cond" truecount="3" falsecount="0"/>
        <line num="138" count="9" type="cond" truecount="3" falsecount="0"/>
        <line num="146" count="3" type="cond" truecount="4" falsecount="0"/>
        <line num="147" count="1" type="stmt"/>
        <line num="148" count="2" type="cond" truecount="3" falsecount="0"/>
        <line num="149" count="2" type="cond" truecount="2" falsecount="0"/>
        <line num="150" count="1" type="stmt"/>
        <line num="151" count="1" type="stmt"/>
        <line num="153" count="1" type="stmt"/>
        <line num="154" count="3" type="cond" truecount="1" falsecount="0"/>
        <line num="155" count="1" type="stmt"/>
        <line num="159" count="1" type="stmt"/>
        <line num="161" count="1" type="stmt"/>
        <line num="164" count="3" type="stmt"/>
        <line num="165" count="3" type="cond" truecount="1" falsecount="0"/>
        <line num="169" count="26" type="stmt"/>
      </file>
      <file name="staticField.ts" path="C:\www\forms.js\packages\core\src\fields\staticField.ts">
        <metrics statements="73" coveredstatements="69" conditionals="33" coveredconditionals="30" methods="23" coveredmethods="23"/>
        <line num="2" count="25" type="stmt"/>
        <line num="13" count="25" type="stmt"/>
        <line num="22" count="25" type="stmt"/>
        <line num="23" count="7" type="stmt"/>
        <line num="29" count="7" type="stmt"/>
        <line num="30" count="7" type="stmt"/>
        <line num="35" count="7" type="stmt"/>
        <line num="36" count="7" type="stmt"/>
        <line num="38" count="7" type="stmt"/>
        <line num="40" count="7" type="stmt"/>
        <line num="49" count="7" type="stmt"/>
        <line num="50" count="7" type="stmt"/>
        <line num="51" count="7" type="stmt"/>
        <line num="52" count="7" type="stmt"/>
        <line num="53" count="7" type="stmt"/>
        <line num="54" count="7" type="stmt"/>
        <line num="55" count="7" type="stmt"/>
        <line num="56" count="7" type="stmt"/>
        <line num="65" count="7" type="stmt"/>
        <line num="72" count="8" type="stmt"/>
        <line num="73" count="8" type="stmt"/>
        <line num="74" count="8" type="stmt"/>
        <line num="79" count="8" type="cond" truecount="1" falsecount="0"/>
        <line num="80" count="3" type="stmt"/>
        <line num="89" count="6" type="stmt"/>
        <line num="97" count="1" type="stmt"/>
        <line num="105" count="1" type="stmt"/>
        <line num="113" count="1" type="stmt"/>
        <line num="121" count="4" type="stmt"/>
        <line num="129" count="1" type="stmt"/>
        <line num="137" count="14" type="cond" truecount="1" falsecount="0"/>
        <line num="138" count="14" type="cond" truecount="1" falsecount="1"/>
        <line num="139" count="14" type="stmt"/>
        <line num="140" count="14" type="stmt"/>
        <line num="141" count="0" type="cond" truecount="0" falsecount="1"/>
        <line num="142" count="0" type="stmt"/>
        <line num="143" count="0" type="stmt"/>
        <line num="144" count="0" type="stmt"/>
        <line num="146" count="14" type="cond" truecount="1" falsecount="0"/>
        <line num="153" count="7" type="stmt"/>
        <line num="154" count="7" type="stmt"/>
        <line num="155" count="7" type="stmt"/>
        <line num="161" count="7" type="stmt"/>
        <line num="162" count="7" type="stmt"/>
        <line num="163" count="7" type="stmt"/>
        <line num="168" count="7" type="stmt"/>
        <line num="169" count="7" type="stmt"/>
        <line num="171" count="7" type="cond" truecount="3" falsecount="0"/>
        <line num="176" count="5" type="cond" truecount="1" falsecount="0"/>
        <line num="177" count="5" type="stmt"/>
        <line num="182" count="1" type="cond" truecount="1" falsecount="0"/>
        <line num="183" count="1" type="stmt"/>
        <line num="188" count="1" type="cond" truecount="1" falsecount="0"/>
        <line num="193" count="12" type="cond" truecount="3" falsecount="0"/>
        <line num="194" count="12" type="cond" truecount="3" falsecount="0"/>
        <line num="199" count="5" type="cond" truecount="4" falsecount="0"/>
        <line num="200" count="3" type="stmt"/>
        <line num="206" count="9" type="cond" truecount="3" falsecount="0"/>
        <line num="207" count="2" type="stmt"/>
        <line num="208" count="2" type="cond" truecount="1" falsecount="0"/>
        <line num="209" count="1" type="cond" truecount="1" falsecount="1"/>
        <line num="210" count="1" type="stmt"/>
        <line num="213" count="8" type="stmt"/>
        <line num="218" count="1" type="stmt"/>
        <line num="219" count="1" type="stmt"/>
        <line num="220" count="1" type="stmt"/>
        <line num="225" count="12" type="stmt"/>
        <line num="226" count="12" type="stmt"/>
        <line num="231" count="12" type="cond" truecount="1" falsecount="0"/>
        <line num="232" count="7" type="cond" truecount="2" falsecount="0"/>
        <line num="233" count="5" type="stmt"/>
        <line num="234" count="2" type="cond" truecount="1" falsecount="0"/>
        <line num="235" count="2" type="stmt"/>
      </file>
      <file name="telField.ts" path="C:\www\forms.js\packages\core\src\fields\telField.ts">
        <metrics statements="13" coveredstatements="13" conditionals="7" coveredconditionals="7" methods="3" coveredmethods="3"/>
        <line num="1" count="25" type="stmt"/>
        <line num="7" count="25" type="stmt"/>
        <line num="11" count="25" type="stmt"/>
        <line num="12" count="4" type="stmt"/>
        <line num="17" count="3" type="cond" truecount="3" falsecount="0"/>
        <line num="18" count="2" type="cond" truecount="4" falsecount="0"/>
        <line num="19" count="1" type="stmt"/>
        <line num="25" count="4" type="stmt"/>
        <line num="28" count="4" type="stmt"/>
        <line num="29" count="4" type="stmt"/>
        <line num="30" count="4" type="stmt"/>
        <line num="31" count="4" type="stmt"/>
        <line num="35" count="1" type="stmt"/>
      </file>
      <file name="textField.ts" path="C:\www\forms.js\packages\core\src\fields\textField.ts">
        <metrics statements="7" coveredstatements="7" conditionals="0" coveredconditionals="0" methods="2" coveredmethods="2"/>
        <line num="1" count="25" type="stmt"/>
        <line num="5" count="25" type="stmt"/>
        <line num="7" count="50" type="stmt"/>
        <line num="8" count="50" type="stmt"/>
        <line num="9" count="50" type="stmt"/>
        <line num="10" count="50" type="stmt"/>
        <line num="14" count="8" type="stmt"/>
      </file>
      <file name="textareaField.ts" path="C:\www\forms.js\packages\core\src\fields\textareaField.ts">
        <metrics statements="19" coveredstatements="19" conditionals="7" coveredconditionals="6" methods="4" coveredmethods="4"/>
        <line num="1" count="25" type="stmt"/>
        <line num="12" count="25" type="stmt"/>
        <line num="16" count="25" type="stmt"/>
        <line num="17" count="3" type="stmt"/>
        <line num="22" count="2" type="cond" truecount="3" falsecount="0"/>
        <line num="23" count="1" type="stmt"/>
        <line num="28" count="3" type="stmt"/>
        <line num="32" count="3" type="stmt"/>
        <line num="33" count="3" type="stmt"/>
        <line num="34" count="3" type="cond" truecount="1" falsecount="1"/>
        <line num="35" count="3" type="cond" truecount="1" falsecount="0"/>
        <line num="36" count="3" type="stmt"/>
        <line num="37" count="3" type="stmt"/>
        <line num="38" count="3" type="cond" truecount="1" falsecount="0"/>
        <line num="42" count="3" type="stmt"/>
        <line num="43" count="3" type="stmt"/>
        <line num="44" count="3" type="stmt"/>
        <line num="45" count="3" type="stmt"/>
        <line num="49" count="1" type="stmt"/>
      </file>
      <file name="timeField.ts" path="C:\www\forms.js\packages\core\src\fields\timeField.ts">
        <metrics statements="30" coveredstatements="30" conditionals="14" coveredconditionals="12" methods="9" coveredmethods="9"/>
        <line num="1" count="25" type="stmt"/>
        <line num="2" count="25" type="stmt"/>
        <line num="3" count="25" type="stmt"/>
        <line num="7" count="25" type="stmt"/>
        <line num="19" count="25" type="stmt"/>
        <line num="20" count="4" type="stmt"/>
        <line num="25" count="2" type="cond" truecount="3" falsecount="0"/>
        <line num="26" count="1" type="stmt"/>
        <line num="37" count="4" type="stmt"/>
        <line num="40" count="4" type="stmt"/>
        <line num="41" count="4" type="stmt"/>
        <line num="42" count="4" type="stmt"/>
        <line num="43" count="4" type="stmt"/>
        <line num="47" count="4" type="stmt"/>
        <line num="48" count="4" type="stmt"/>
        <line num="49" count="4" type="stmt"/>
        <line num="50" count="4" type="stmt"/>
        <line num="54" count="2" type="stmt"/>
        <line num="58" count="4" type="cond" truecount="3" falsecount="0"/>
        <line num="59" count="1" type="cond" truecount="1" falsecount="1"/>
        <line num="63" count="4" type="cond" truecount="1" falsecount="0"/>
        <line num="64" count="4" type="stmt"/>
        <line num="65" count="1" type="stmt"/>
        <line num="71" count="4" type="stmt"/>
        <line num="72" count="4" type="stmt"/>
        <line num="73" count="4" type="cond" truecount="1" falsecount="1"/>
        <line num="74" count="4" type="cond" truecount="2" falsecount="0"/>
        <line num="75" count="4" type="stmt"/>
        <line num="76" count="4" type="cond" truecount="1" falsecount="0"/>
        <line num="80" count="1" type="stmt"/>
      </file>
      <file name="urlField.ts" path="C:\www\forms.js\packages\core\src\fields\urlField.ts">
        <metrics statements="13" coveredstatements="13" conditionals="7" coveredconditionals="7" methods="3" coveredmethods="3"/>
        <line num="1" count="25" type="stmt"/>
        <line num="7" count="25" type="stmt"/>
        <line num="11" count="25" type="stmt"/>
        <line num="12" count="4" type="stmt"/>
        <line num="17" count="3" type="cond" truecount="3" falsecount="0"/>
        <line num="18" count="2" type="cond" truecount="4" falsecount="0"/>
        <line num="19" count="1" type="stmt"/>
        <line num="26" count="4" type="stmt"/>
        <line num="29" count="4" type="stmt"/>
        <line num="30" count="4" type="stmt"/>
        <line num="31" count="4" type="stmt"/>
        <line num="32" count="4" type="stmt"/>
        <line num="36" count="1" type="stmt"/>
      </file>
      <file name="weekField.ts" path="C:\www\forms.js\packages\core\src\fields\weekField.ts">
        <metrics statements="31" coveredstatements="31" conditionals="14" coveredconditionals="12" methods="9" coveredmethods="9"/>
        <line num="1" count="25" type="stmt"/>
        <line num="2" count="25" type="stmt"/>
        <line num="3" count="25" type="stmt"/>
        <line num="6" count="25" type="stmt"/>
        <line num="8" count="25" type="stmt"/>
        <line num="20" count="25" type="stmt"/>
        <line num="21" count="4" type="stmt"/>
        <line num="26" count="2" type="cond" truecount="3" falsecount="0"/>
        <line num="27" count="1" type="stmt"/>
        <line num="39" count="4" type="stmt"/>
        <line num="42" count="4" type="stmt"/>
        <line num="43" count="4" type="stmt"/>
        <line num="44" count="4" type="stmt"/>
        <line num="45" count="4" type="stmt"/>
        <line num="49" count="4" type="stmt"/>
        <line num="50" count="4" type="stmt"/>
        <line num="51" count="4" type="stmt"/>
        <line num="52" count="4" type="stmt"/>
        <line num="56" count="2" type="stmt"/>
        <line num="60" count="4" type="cond" truecount="3" falsecount="0"/>
        <line num="61" count="1" type="cond" truecount="1" falsecount="1"/>
        <line num="65" count="4" type="cond" truecount="1" falsecount="0"/>
        <line num="66" count="4" type="stmt"/>
        <line num="67" count="1" type="stmt"/>
        <line num="73" count="4" type="stmt"/>
        <line num="74" count="4" type="stmt"/>
        <line num="75" count="4" type="cond" truecount="1" falsecount="1"/>
        <line num="76" count="4" type="cond" truecount="2" falsecount="0"/>
        <line num="77" count="4" type="stmt"/>
        <line num="78" count="4" type="cond" truecount="1" falsecount="0"/>
        <line num="82" count="1" type="stmt"/>
      </file>
    </package>
    <package name="src.tests">
      <metrics statements="81" coveredstatements="81" conditionals="0" coveredconditionals="0" methods="2" coveredmethods="2"/>
      <file name="test.options.ts" path="C:\www\forms.js\packages\core\src\tests\test.options.ts">
        <metrics statements="81" coveredstatements="81" conditionals="0" coveredconditionals="0" methods="2" coveredmethods="2"/>
        <line num="1" count="22" type="stmt"/>
        <line num="24" count="22" type="stmt"/>
        <line num="26" count="22" type="stmt"/>
        <line num="27" count="22" type="stmt"/>
        <line num="28" count="22" type="stmt"/>
        <line num="29" count="22" type="stmt"/>
        <line num="30" count="22" type="stmt"/>
        <line num="31" count="22" type="stmt"/>
        <line num="32" count="22" type="stmt"/>
        <line num="33" count="22" type="stmt"/>
        <line num="34" count="22" type="stmt"/>
        <line num="35" count="22" type="stmt"/>
        <line num="36" count="22" type="stmt"/>
        <line num="37" count="22" type="stmt"/>
        <line num="38" count="22" type="stmt"/>
        <line num="39" count="22" type="stmt"/>
        <line num="40" count="22" type="stmt"/>
        <line num="41" count="22" type="stmt"/>
        <line num="42" count="22" type="stmt"/>
        <line num="43" count="22" type="stmt"/>
        <line num="44" count="22" type="stmt"/>
        <line num="45" count="22" type="stmt"/>
        <line num="46" count="22" type="stmt"/>
        <line num="47" count="22" type="stmt"/>
        <line num="49" count="22" type="stmt"/>
        <line num="50" count="22" type="stmt"/>
        <line num="51" count="22" type="stmt"/>
        <line num="52" count="22" type="stmt"/>
        <line num="53" count="22" type="stmt"/>
        <line num="54" count="22" type="stmt"/>
        <line num="55" count="22" type="stmt"/>
        <line num="56" count="22" type="stmt"/>
        <line num="57" count="22" type="stmt"/>
        <line num="58" count="22" type="stmt"/>
        <line num="59" count="22" type="stmt"/>
        <line num="60" count="22" type="stmt"/>
        <line num="61" count="22" type="stmt"/>
        <line num="62" count="22" type="stmt"/>
        <line num="63" count="22" type="stmt"/>
        <line num="64" count="22" type="stmt"/>
        <line num="65" count="22" type="stmt"/>
        <line num="66" count="22" type="stmt"/>
        <line num="67" count="22" type="stmt"/>
        <line num="68" count="22" type="stmt"/>
        <line num="69" count="22" type="stmt"/>
        <line num="70" count="22" type="stmt"/>
        <line num="72" count="22" type="stmt"/>
        <line num="88" count="22" type="stmt"/>
        <line num="89" count="22" type="stmt"/>
        <line num="90" count="22" type="stmt"/>
        <line num="92" count="22" type="stmt"/>
        <line num="94" count="22" type="stmt"/>
        <line num="99" count="22" type="stmt"/>
        <line num="108" count="22" type="stmt"/>
        <line num="117" count="22" type="stmt"/>
        <line num="126" count="22" type="stmt"/>
        <line num="137" count="22" type="stmt"/>
        <line num="148" count="22" type="stmt"/>
        <line num="158" count="22" type="stmt"/>
        <line num="169" count="22" type="stmt"/>
        <line num="177" count="22" type="stmt"/>
        <line num="188" count="22" type="stmt"/>
        <line num="198" count="22" type="stmt"/>
        <line num="208" count="22" type="stmt"/>
        <line num="218" count="22" type="stmt"/>
        <line num="228" count="22" type="stmt"/>
        <line num="250" count="22" type="stmt"/>
        <line num="263" count="22" type="stmt"/>
        <line num="275" count="22" type="stmt"/>
        <line num="283" count="22" type="stmt"/>
        <line num="294" count="22" type="stmt"/>
        <line num="305" count="22" type="stmt"/>
        <line num="310" count="22" type="stmt"/>
        <line num="316" count="22" type="stmt"/>
        <line num="317" count="149" type="stmt"/>
        <line num="318" count="149" type="stmt"/>
        <line num="319" count="149" type="stmt"/>
        <line num="320" count="149" type="stmt"/>
        <line num="321" count="149" type="stmt"/>
        <line num="326" count="149" type="stmt"/>
        <line num="327" count="148" type="stmt"/>
      </file>
    </package>
  </project>
</coverage>
