{"C:\\www\\sideprojects\\forms.js\\packages\\core\\src\\button.ts": {"path":"C:\\www\\sideprojects\\forms.js\\packages\\core\\src\\button.ts","statementMap":{"0":{"start":{"line":2,"column":0},"end":{"line":2,"column":null}},"1":{"start":{"line":11,"column":0},"end":{"line":11,"column":null}},"2":{"start":{"line":23,"column":34},"end":{"line":29,"column":4}},"3":{"start":{"line":30,"column":48},"end":{"line":30,"column":52}},"4":{"start":{"line":31,"column":45},"end":{"line":31,"column":49}},"5":{"start":{"line":36,"column":32},"end":{"line":36,"column":37}},"6":{"start":{"line":37,"column":32},"end":{"line":37,"column":36}},"7":{"start":{"line":39,"column":56},"end":{"line":39,"column":60}},"8":{"start":{"line":48,"column":4},"end":{"line":48,"column":36}},"9":{"start":{"line":49,"column":4},"end":{"line":49,"column":26}},"10":{"start":{"line":50,"column":4},"end":{"line":50,"column":22}},"11":{"start":{"line":51,"column":4},"end":{"line":51,"column":31}},"12":{"start":{"line":52,"column":4},"end":{"line":52,"column":30}},"13":{"start":{"line":53,"column":4},"end":{"line":53,"column":17}},"14":{"start":{"line":54,"column":4},"end":{"line":54,"column":22}},"15":{"start":{"line":62,"column":4},"end":{"line":62,"column":102}},"16":{"start":{"line":67,"column":4},"end":{"line":67,"column":33}},"17":{"start":{"line":68,"column":4},"end":{"line":68,"column":23}},"18":{"start":{"line":73,"column":4},"end":{"line":75,"column":5}},"19":{"start":{"line":74,"column":6},"end":{"line":74,"column":77}},"20":{"start":{"line":80,"column":4},"end":{"line":80,"column":20}},"21":{"start":{"line":85,"column":4},"end":{"line":85,"column":33}},"22":{"start":{"line":90,"column":4},"end":{"line":90,"column":22}},"23":{"start":{"line":95,"column":4},"end":{"line":95,"column":35}},"24":{"start":{"line":100,"column":4},"end":{"line":100,"column":27}},"25":{"start":{"line":105,"column":4},"end":{"line":105,"column":64}},"26":{"start":{"line":106,"column":4},"end":{"line":106,"column":69}},"27":{"start":{"line":107,"column":4},"end":{"line":107,"column":86}},"28":{"start":{"line":112,"column":4},"end":{"line":112,"column":64}},"29":{"start":{"line":113,"column":4},"end":{"line":113,"column":59}},"30":{"start":{"line":114,"column":4},"end":{"line":114,"column":60}},"31":{"start":{"line":115,"column":4},"end":{"line":115,"column":77}},"32":{"start":{"line":116,"column":4},"end":{"line":121,"column":5}},"33":{"start":{"line":117,"column":6},"end":{"line":117,"column":59}},"34":{"start":{"line":118,"column":11},"end":{"line":121,"column":5}},"35":{"start":{"line":119,"column":6},"end":{"line":119,"column":40}},"36":{"start":{"line":120,"column":6},"end":{"line":120,"column":57}},"37":{"start":{"line":122,"column":4},"end":{"line":122,"column":107}},"38":{"start":{"line":122,"column":86},"end":{"line":122,"column":105}},"39":{"start":{"line":127,"column":4},"end":{"line":127,"column":34}},"40":{"start":{"line":128,"column":4},"end":{"line":128,"column":31}},"41":{"start":{"line":129,"column":4},"end":{"line":129,"column":109}},"42":{"start":{"line":129,"column":53},"end":{"line":129,"column":109}},"43":{"start":{"line":134,"column":4},"end":{"line":134,"column":75}},"44":{"start":{"line":134,"column":28},"end":{"line":134,"column":75}},"45":{"start":{"line":135,"column":4},"end":{"line":135,"column":27}},"46":{"start":{"line":140,"column":4},"end":{"line":140,"column":63}},"47":{"start":{"line":140,"column":28},"end":{"line":140,"column":63}},"48":{"start":{"line":141,"column":4},"end":{"line":141,"column":28}},"49":{"start":{"line":146,"column":4},"end":{"line":146,"column":44}},"50":{"start":{"line":146,"column":22},"end":{"line":146,"column":44}},"51":{"start":{"line":151,"column":4},"end":{"line":151,"column":58}},"52":{"start":{"line":151,"column":45},"end":{"line":151,"column":58}},"53":{"start":{"line":152,"column":4},"end":{"line":152,"column":60}},"54":{"start":{"line":152,"column":45},"end":{"line":152,"column":60}},"55":{"start":{"line":160,"column":4},"end":{"line":160,"column":76}},"56":{"start":{"line":160,"column":28},"end":{"line":160,"column":76}},"57":{"start":{"line":165,"column":4},"end":{"line":165,"column":18}},"58":{"start":{"line":170,"column":4},"end":{"line":170,"column":45}},"59":{"start":{"line":171,"column":4},"end":{"line":171,"column":28}},"60":{"start":{"line":176,"column":4},"end":{"line":182,"column":5}},"61":{"start":{"line":177,"column":6},"end":{"line":181,"column":7}},"62":{"start":{"line":178,"column":8},"end":{"line":178,"column":108}},"63":{"start":{"line":179,"column":13},"end":{"line":181,"column":7}},"64":{"start":{"line":180,"column":8},"end":{"line":180,"column":72}},"65":{"start":{"line":22,"column":0},"end":{"line":22,"column":13}}},"fnMap":{"0":{"name":"(anonymous_0)","decl":{"start":{"line":47,"column":2},"end":{"line":47,"column":14}},"loc":{"start":{"line":47,"column":69},"end":{"line":55,"column":3}}},"1":{"name":"(anonymous_1)","decl":{"start":{"line":61,"column":2},"end":{"line":61,"column":19}},"loc":{"start":{"line":61,"column":42},"end":{"line":63,"column":3}}},"2":{"name":"(anonymous_2)","decl":{"start":{"line":66,"column":2},"end":{"line":66,"column":7}},"loc":{"start":{"line":66,"column":18},"end":{"line":69,"column":3}}},"3":{"name":"(anonymous_3)","decl":{"start":{"line":72,"column":10},"end":{"line":72,"column":31}},"loc":{"start":{"line":72,"column":31},"end":{"line":76,"column":3}}},"4":{"name":"(anonymous_4)","decl":{"start":{"line":79,"column":2},"end":{"line":79,"column":7}},"loc":{"start":{"line":79,"column":7},"end":{"line":81,"column":3}}},"5":{"name":"(anonymous_5)","decl":{"start":{"line":84,"column":2},"end":{"line":84,"column":14}},"loc":{"start":{"line":84,"column":14},"end":{"line":86,"column":3}}},"6":{"name":"(anonymous_6)","decl":{"start":{"line":89,"column":2},"end":{"line":89,"column":9}},"loc":{"start":{"line":89,"column":9},"end":{"line":91,"column":3}}},"7":{"name":"(anonymous_7)","decl":{"start":{"line":94,"column":2},"end":{"line":94,"column":15}},"loc":{"start":{"line":94,"column":15},"end":{"line":96,"column":3}}},"8":{"name":"(anonymous_8)","decl":{"start":{"line":99,"column":2},"end":{"line":99,"column":15}},"loc":{"start":{"line":99,"column":15},"end":{"line":101,"column":3}}},"9":{"name":"(anonymous_9)","decl":{"start":{"line":104,"column":2},"end":{"line":104,"column":24}},"loc":{"start":{"line":104,"column":24},"end":{"line":108,"column":3}}},"10":{"name":"(anonymous_10)","decl":{"start":{"line":111,"column":2},"end":{"line":111,"column":21}},"loc":{"start":{"line":111,"column":21},"end":{"line":123,"column":3}}},"11":{"name":"(anonymous_11)","decl":{"start":{"line":122,"column":57},"end":{"line":122,"column":58}},"loc":{"start":{"line":122,"column":86},"end":{"line":122,"column":105}}},"12":{"name":"(anonymous_12)","decl":{"start":{"line":126,"column":2},"end":{"line":126,"column":7}},"loc":{"start":{"line":126,"column":7},"end":{"line":130,"column":3}}},"13":{"name":"(anonymous_13)","decl":{"start":{"line":133,"column":10},"end":{"line":133,"column":15}},"loc":{"start":{"line":133,"column":15},"end":{"line":136,"column":3}}},"14":{"name":"(anonymous_14)","decl":{"start":{"line":139,"column":10},"end":{"line":139,"column":17}},"loc":{"start":{"line":139,"column":17},"end":{"line":142,"column":3}}},"15":{"name":"(anonymous_15)","decl":{"start":{"line":145,"column":2},"end":{"line":145,"column":9}},"loc":{"start":{"line":145,"column":9},"end":{"line":147,"column":3}}},"16":{"name":"(anonymous_16)","decl":{"start":{"line":150,"column":2},"end":{"line":150,"column":18}},"loc":{"start":{"line":150,"column":18},"end":{"line":153,"column":3}}},"17":{"name":"(anonymous_17)","decl":{"start":{"line":159,"column":2},"end":{"line":159,"column":9}},"loc":{"start":{"line":159,"column":27},"end":{"line":161,"column":3}}},"18":{"name":"(anonymous_18)","decl":{"start":{"line":164,"column":2},"end":{"line":164,"column":7}},"loc":{"start":{"line":164,"column":13},"end":{"line":166,"column":3}}},"19":{"name":"(anonymous_19)","decl":{"start":{"line":169,"column":2},"end":{"line":169,"column":7}},"loc":{"start":{"line":169,"column":14},"end":{"line":172,"column":3}}},"20":{"name":"(anonymous_20)","decl":{"start":{"line":175,"column":10},"end":{"line":175,"column":43}},"loc":{"start":{"line":175,"column":43},"end":{"line":183,"column":3}}}},"branchMap":{"0":{"loc":{"start":{"line":73,"column":4},"end":{"line":75,"column":5}},"type":"if","locations":[{"start":{"line":73,"column":4},"end":{"line":75,"column":5}}]},"1":{"loc":{"start":{"line":116,"column":4},"end":{"line":121,"column":5}},"type":"if","locations":[{"start":{"line":116,"column":4},"end":{"line":121,"column":5}},{"start":{"line":118,"column":11},"end":{"line":121,"column":5}}]},"2":{"loc":{"start":{"line":118,"column":11},"end":{"line":121,"column":5}},"type":"if","locations":[{"start":{"line":118,"column":11},"end":{"line":121,"column":5}}]},"3":{"loc":{"start":{"line":129,"column":4},"end":{"line":129,"column":109}},"type":"if","locations":[{"start":{"line":129,"column":4},"end":{"line":129,"column":109}}]},"4":{"loc":{"start":{"line":129,"column":8},"end":{"line":129,"column":51}},"type":"binary-expr","locations":[{"start":{"line":129,"column":8},"end":{"line":129,"column":29}},{"start":{"line":129,"column":33},"end":{"line":129,"column":51}}]},"5":{"loc":{"start":{"line":134,"column":4},"end":{"line":134,"column":75}},"type":"if","locations":[{"start":{"line":134,"column":4},"end":{"line":134,"column":75}}]},"6":{"loc":{"start":{"line":140,"column":4},"end":{"line":140,"column":63}},"type":"if","locations":[{"start":{"line":140,"column":4},"end":{"line":140,"column":63}}]},"7":{"loc":{"start":{"line":146,"column":4},"end":{"line":146,"column":44}},"type":"if","locations":[{"start":{"line":146,"column":4},"end":{"line":146,"column":44}}]},"8":{"loc":{"start":{"line":151,"column":4},"end":{"line":151,"column":58}},"type":"if","locations":[{"start":{"line":151,"column":4},"end":{"line":151,"column":58}}]},"9":{"loc":{"start":{"line":151,"column":8},"end":{"line":151,"column":43}},"type":"binary-expr","locations":[{"start":{"line":151,"column":8},"end":{"line":151,"column":23}},{"start":{"line":151,"column":27},"end":{"line":151,"column":43}}]},"10":{"loc":{"start":{"line":152,"column":4},"end":{"line":152,"column":60}},"type":"if","locations":[{"start":{"line":152,"column":4},"end":{"line":152,"column":60}}]},"11":{"loc":{"start":{"line":152,"column":8},"end":{"line":152,"column":43}},"type":"binary-expr","locations":[{"start":{"line":152,"column":8},"end":{"line":152,"column":24}},{"start":{"line":152,"column":28},"end":{"line":152,"column":43}}]},"12":{"loc":{"start":{"line":160,"column":4},"end":{"line":160,"column":76}},"type":"if","locations":[{"start":{"line":160,"column":4},"end":{"line":160,"column":76}}]},"13":{"loc":{"start":{"line":176,"column":4},"end":{"line":182,"column":5}},"type":"if","locations":[{"start":{"line":176,"column":4},"end":{"line":182,"column":5}}]},"14":{"loc":{"start":{"line":177,"column":6},"end":{"line":181,"column":7}},"type":"if","locations":[{"start":{"line":177,"column":6},"end":{"line":181,"column":7}},{"start":{"line":179,"column":13},"end":{"line":181,"column":7}}]},"15":{"loc":{"start":{"line":179,"column":13},"end":{"line":181,"column":7}},"type":"if","locations":[{"start":{"line":179,"column":13},"end":{"line":181,"column":7}}]}},"s":{"0":25,"1":25,"2":14,"3":14,"4":14,"5":14,"6":14,"7":14,"8":14,"9":14,"10":14,"11":14,"12":14,"13":14,"14":14,"15":14,"16":15,"17":15,"18":15,"19":9,"20":1,"21":1,"22":1,"23":1,"24":4,"25":14,"26":14,"27":14,"28":14,"29":14,"30":14,"31":14,"32":14,"33":14,"34":0,"35":0,"36":0,"37":14,"38":1,"39":14,"40":14,"41":14,"42":14,"43":11,"44":11,"45":11,"46":2,"47":2,"48":2,"49":1,"50":1,"51":24,"52":11,"53":24,"54":2,"55":1,"56":1,"57":16,"58":24,"59":24,"60":24,"61":15,"62":6,"63":9,"64":4,"65":25},"f":{"0":14,"1":14,"2":15,"3":15,"4":1,"5":1,"6":1,"7":1,"8":4,"9":14,"10":14,"11":1,"12":14,"13":11,"14":2,"15":1,"16":24,"17":1,"18":16,"19":24,"20":24},"b":{"0":[9],"1":[14,0],"2":[0],"3":[14],"4":[14,14],"5":[11],"6":[2],"7":[1],"8":[11],"9":[24,17],"10":[2],"11":[24,7],"12":[1],"13":[15],"14":[6,9],"15":[4]}}
,"C:\\www\\sideprojects\\forms.js\\packages\\core\\src\\constants.ts": {"path":"C:\\www\\sideprojects\\forms.js\\packages\\core\\src\\constants.ts","statementMap":{"0":{"start":{"line":2,"column":0},"end":{"line":2,"column":45}},"1":{"start":{"line":4,"column":13},"end":{"line":4,"column":83}},"2":{"start":{"line":6,"column":13},"end":{"line":6,"column":37}},"3":{"start":{"line":7,"column":13},"end":{"line":8,"column":351}},"4":{"start":{"line":10,"column":13},"end":{"line":10,"column":42}},"5":{"start":{"line":11,"column":13},"end":{"line":11,"column":48}},"6":{"start":{"line":12,"column":13},"end":{"line":12,"column":56}},"7":{"start":{"line":14,"column":13},"end":{"line":14,"column":49}},"8":{"start":{"line":15,"column":13},"end":{"line":15,"column":70}},"9":{"start":{"line":16,"column":13},"end":{"line":16,"column":68}},"10":{"start":{"line":17,"column":13},"end":{"line":17,"column":48}},"11":{"start":{"line":18,"column":13},"end":{"line":18,"column":60}},"12":{"start":{"line":19,"column":13},"end":{"line":19,"column":54}},"13":{"start":{"line":20,"column":13},"end":{"line":20,"column":48}},"14":{"start":{"line":21,"column":13},"end":{"line":21,"column":68}},"15":{"start":{"line":22,"column":13},"end":{"line":22,"column":48}},"16":{"start":{"line":23,"column":13},"end":{"line":23,"column":54}},"17":{"start":{"line":24,"column":13},"end":{"line":24,"column":64}},"18":{"start":{"line":25,"column":13},"end":{"line":25,"column":53}},"19":{"start":{"line":26,"column":13},"end":{"line":26,"column":61}},"20":{"start":{"line":27,"column":13},"end":{"line":27,"column":61}},"21":{"start":{"line":28,"column":13},"end":{"line":28,"column":60}},"22":{"start":{"line":29,"column":13},"end":{"line":29,"column":48}},"23":{"start":{"line":30,"column":13},"end":{"line":30,"column":59}},"24":{"start":{"line":31,"column":13},"end":{"line":31,"column":54}},"25":{"start":{"line":32,"column":13},"end":{"line":32,"column":54}},"26":{"start":{"line":33,"column":13},"end":{"line":33,"column":54}},"27":{"start":{"line":34,"column":13},"end":{"line":34,"column":62}},"28":{"start":{"line":35,"column":13},"end":{"line":35,"column":62}},"29":{"start":{"line":36,"column":13},"end":{"line":36,"column":66}},"30":{"start":{"line":37,"column":13},"end":{"line":37,"column":56}},"31":{"start":{"line":38,"column":13},"end":{"line":38,"column":56}},"32":{"start":{"line":39,"column":13},"end":{"line":39,"column":67}},"33":{"start":{"line":40,"column":13},"end":{"line":40,"column":49}},"34":{"start":{"line":41,"column":13},"end":{"line":41,"column":51}},"35":{"start":{"line":43,"column":13},"end":{"line":43,"column":76}},"36":{"start":{"line":44,"column":13},"end":{"line":44,"column":76}},"37":{"start":{"line":45,"column":13},"end":{"line":45,"column":79}},"38":{"start":{"line":46,"column":13},"end":{"line":46,"column":72}},"39":{"start":{"line":47,"column":13},"end":{"line":47,"column":81}},"40":{"start":{"line":48,"column":13},"end":{"line":48,"column":77}},"41":{"start":{"line":50,"column":13},"end":{"line":50,"column":33}},"42":{"start":{"line":51,"column":13},"end":{"line":51,"column":35}},"43":{"start":{"line":52,"column":13},"end":{"line":52,"column":37}},"44":{"start":{"line":53,"column":13},"end":{"line":53,"column":35}},"45":{"start":{"line":54,"column":13},"end":{"line":54,"column":32}},"46":{"start":{"line":55,"column":13},"end":{"line":55,"column":39}},"47":{"start":{"line":56,"column":13},"end":{"line":56,"column":37}},"48":{"start":{"line":57,"column":13},"end":{"line":57,"column":37}},"49":{"start":{"line":58,"column":13},"end":{"line":58,"column":31}},"50":{"start":{"line":59,"column":13},"end":{"line":59,"column":39}},"51":{"start":{"line":60,"column":13},"end":{"line":60,"column":39}},"52":{"start":{"line":61,"column":13},"end":{"line":61,"column":39}},"53":{"start":{"line":62,"column":13},"end":{"line":62,"column":47}},"54":{"start":{"line":63,"column":13},"end":{"line":63,"column":43}},"55":{"start":{"line":65,"column":13},"end":{"line":65,"column":49}},"56":{"start":{"line":66,"column":13},"end":{"line":66,"column":41}},"57":{"start":{"line":67,"column":13},"end":{"line":67,"column":51}},"58":{"start":{"line":68,"column":13},"end":{"line":68,"column":61}},"59":{"start":{"line":69,"column":13},"end":{"line":69,"column":51}},"60":{"start":{"line":70,"column":13},"end":{"line":70,"column":46}},"61":{"start":{"line":71,"column":13},"end":{"line":71,"column":37}},"62":{"start":{"line":72,"column":13},"end":{"line":72,"column":37}},"63":{"start":{"line":73,"column":13},"end":{"line":73,"column":41}},"64":{"start":{"line":75,"column":13},"end":{"line":75,"column":33}},"65":{"start":{"line":76,"column":13},"end":{"line":76,"column":41}},"66":{"start":{"line":77,"column":13},"end":{"line":77,"column":41}},"67":{"start":{"line":78,"column":13},"end":{"line":78,"column":41}},"68":{"start":{"line":79,"column":13},"end":{"line":79,"column":39}},"69":{"start":{"line":80,"column":13},"end":{"line":80,"column":37}},"70":{"start":{"line":81,"column":13},"end":{"line":81,"column":37}},"71":{"start":{"line":82,"column":13},"end":{"line":82,"column":39}},"72":{"start":{"line":83,"column":13},"end":{"line":83,"column":39}},"73":{"start":{"line":84,"column":13},"end":{"line":84,"column":37}},"74":{"start":{"line":85,"column":13},"end":{"line":85,"column":51}},"75":{"start":{"line":86,"column":13},"end":{"line":86,"column":35}},"76":{"start":{"line":87,"column":13},"end":{"line":87,"column":53}},"77":{"start":{"line":88,"column":13},"end":{"line":88,"column":61}},"78":{"start":{"line":89,"column":13},"end":{"line":89,"column":45}},"79":{"start":{"line":90,"column":13},"end":{"line":90,"column":45}},"80":{"start":{"line":91,"column":13},"end":{"line":91,"column":43}},"81":{"start":{"line":92,"column":13},"end":{"line":92,"column":41}},"82":{"start":{"line":93,"column":13},"end":{"line":93,"column":45}},"83":{"start":{"line":94,"column":13},"end":{"line":94,"column":41}},"84":{"start":{"line":95,"column":13},"end":{"line":95,"column":35}},"85":{"start":{"line":96,"column":13},"end":{"line":96,"column":35}},"86":{"start":{"line":97,"column":13},"end":{"line":97,"column":37}},"87":{"start":{"line":98,"column":13},"end":{"line":98,"column":39}},"88":{"start":{"line":99,"column":13},"end":{"line":99,"column":39}},"89":{"start":{"line":100,"column":13},"end":{"line":100,"column":45}},"90":{"start":{"line":101,"column":13},"end":{"line":101,"column":37}},"91":{"start":{"line":103,"column":13},"end":{"line":103,"column":40}},"92":{"start":{"line":104,"column":13},"end":{"line":104,"column":43}},"93":{"start":{"line":105,"column":13},"end":{"line":105,"column":46}},"94":{"start":{"line":106,"column":13},"end":{"line":106,"column":40}},"95":{"start":{"line":107,"column":13},"end":{"line":107,"column":38}},"96":{"start":{"line":108,"column":13},"end":{"line":108,"column":46}},"97":{"start":{"line":109,"column":13},"end":{"line":109,"column":40}},"98":{"start":{"line":110,"column":13},"end":{"line":110,"column":38}},"99":{"start":{"line":111,"column":13},"end":{"line":111,"column":42}},"100":{"start":{"line":112,"column":13},"end":{"line":112,"column":42}},"101":{"start":{"line":113,"column":13},"end":{"line":113,"column":46}},"102":{"start":{"line":114,"column":13},"end":{"line":114,"column":40}},"103":{"start":{"line":115,"column":13},"end":{"line":115,"column":40}},"104":{"start":{"line":116,"column":13},"end":{"line":116,"column":42}},"105":{"start":{"line":117,"column":13},"end":{"line":117,"column":42}},"106":{"start":{"line":118,"column":13},"end":{"line":118,"column":36}},"107":{"start":{"line":119,"column":13},"end":{"line":119,"column":46}},"108":{"start":{"line":120,"column":13},"end":{"line":120,"column":38}},"109":{"start":{"line":121,"column":13},"end":{"line":121,"column":38}},"110":{"start":{"line":122,"column":13},"end":{"line":122,"column":36}},"111":{"start":{"line":123,"column":13},"end":{"line":123,"column":38}},"112":{"start":{"line":124,"column":13},"end":{"line":124,"column":48}},"113":{"start":{"line":129,"column":13},"end":{"line":129,"column":35}},"114":{"start":{"line":134,"column":13},"end":{"line":134,"column":35}},"115":{"start":{"line":139,"column":13},"end":{"line":139,"column":36}},"116":{"start":{"line":144,"column":13},"end":{"line":144,"column":41}},"117":{"start":{"line":149,"column":13},"end":{"line":153,"column":2}},"118":{"start":{"line":158,"column":13},"end":{"line":160,"column":7}},"119":{"start":{"line":165,"column":13},"end":{"line":165,"column":111}},"120":{"start":{"line":167,"column":13},"end":{"line":167,"column":66}},"121":{"start":{"line":168,"column":13},"end":{"line":168,"column":70}},"122":{"start":{"line":169,"column":13},"end":{"line":169,"column":72}},"123":{"start":{"line":170,"column":13},"end":{"line":170,"column":103}},"124":{"start":{"line":171,"column":13},"end":{"line":171,"column":105}},"125":{"start":{"line":173,"column":13},"end":{"line":173,"column":38}},"126":{"start":{"line":175,"column":13},"end":{"line":179,"column":2}},"127":{"start":{"line":184,"column":13},"end":{"line":184,"column":41}},"128":{"start":{"line":187,"column":35},"end":{"line":208,"column":1}},"129":{"start":{"line":193,"column":2},"end":{"line":203,"column":3}},"130":{"start":{"line":195,"column":6},"end":{"line":195,"column":25}},"131":{"start":{"line":196,"column":6},"end":{"line":196,"column":12}},"132":{"start":{"line":198,"column":6},"end":{"line":198,"column":24}},"133":{"start":{"line":199,"column":6},"end":{"line":199,"column":12}},"134":{"start":{"line":201,"column":6},"end":{"line":201,"column":24}},"135":{"start":{"line":202,"column":6},"end":{"line":202,"column":12}},"136":{"start":{"line":205,"column":2},"end":{"line":205,"column":37}},"137":{"start":{"line":205,"column":16},"end":{"line":205,"column":37}},"138":{"start":{"line":207,"column":2},"end":{"line":207,"column":42}},"139":{"start":{"line":187,"column":13},"end":{"line":187,"column":35}}},"fnMap":{"0":{"name":"(anonymous_0)","decl":{"start":{"line":187,"column":35},"end":{"line":187,"column":null}},"loc":{"start":{"line":192,"column":4},"end":{"line":208,"column":1}}}},"branchMap":{"0":{"loc":{"start":{"line":191,"column":2},"end":{"line":191,"column":27}},"type":"default-arg","locations":[{"start":{"line":191,"column":22},"end":{"line":191,"column":27}}]},"1":{"loc":{"start":{"line":193,"column":2},"end":{"line":203,"column":3}},"type":"switch","locations":[{"start":{"line":194,"column":4},"end":{"line":196,"column":12}},{"start":{"line":197,"column":4},"end":{"line":199,"column":12}},{"start":{"line":200,"column":4},"end":{"line":202,"column":12}}]},"2":{"loc":{"start":{"line":205,"column":2},"end":{"line":205,"column":37}},"type":"if","locations":[{"start":{"line":205,"column":2},"end":{"line":205,"column":37}}]}},"s":{"0":26,"1":26,"2":26,"3":26,"4":26,"5":26,"6":26,"7":26,"8":26,"9":26,"10":26,"11":26,"12":26,"13":26,"14":26,"15":26,"16":26,"17":26,"18":26,"19":26,"20":26,"21":26,"22":26,"23":26,"24":26,"25":26,"26":26,"27":26,"28":26,"29":26,"30":26,"31":26,"32":26,"33":26,"34":26,"35":26,"36":26,"37":26,"38":26,"39":26,"40":26,"41":26,"42":26,"43":26,"44":26,"45":26,"46":26,"47":26,"48":26,"49":26,"50":26,"51":26,"52":26,"53":26,"54":26,"55":26,"56":26,"57":26,"58":26,"59":26,"60":26,"61":26,"62":26,"63":26,"64":26,"65":26,"66":26,"67":26,"68":26,"69":26,"70":26,"71":26,"72":26,"73":26,"74":26,"75":26,"76":26,"77":26,"78":26,"79":26,"80":26,"81":26,"82":26,"83":26,"84":26,"85":26,"86":26,"87":26,"88":26,"89":26,"90":26,"91":26,"92":26,"93":26,"94":26,"95":26,"96":26,"97":26,"98":26,"99":26,"100":26,"101":26,"102":26,"103":26,"104":26,"105":26,"106":26,"107":26,"108":26,"109":26,"110":26,"111":26,"112":26,"113":26,"114":26,"115":26,"116":26,"117":26,"118":26,"119":26,"120":26,"121":26,"122":26,"123":26,"124":26,"125":26,"126":26,"127":26,"128":26,"129":497,"130":26,"131":26,"132":27,"133":27,"134":444,"135":444,"136":497,"137":1,"138":497,"139":26},"f":{"0":497},"b":{"0":[496],"1":[26,27,444],"2":[1]}}
,"C:\\www\\sideprojects\\forms.js\\packages\\core\\src\\field.ts": {"path":"C:\\www\\sideprojects\\forms.js\\packages\\core\\src\\field.ts","statementMap":{"0":{"start":{"line":2,"column":0},"end":{"line":2,"column":null}},"1":{"start":{"line":14,"column":0},"end":{"line":14,"column":null}},"2":{"start":{"line":43,"column":33},"end":{"line":54,"column":4}},"3":{"start":{"line":48,"column":6},"end":{"line":48,"column":73}},"4":{"start":{"line":48,"column":30},"end":{"line":48,"column":73}},"5":{"start":{"line":49,"column":6},"end":{"line":49,"column":18}},"6":{"start":{"line":55,"column":44},"end":{"line":55,"column":48}},"7":{"start":{"line":56,"column":48},"end":{"line":56,"column":52}},"8":{"start":{"line":57,"column":44},"end":{"line":57,"column":48}},"9":{"start":{"line":58,"column":49},"end":{"line":58,"column":53}},"10":{"start":{"line":59,"column":30},"end":{"line":59,"column":35}},"11":{"start":{"line":64,"column":37},"end":{"line":64,"column":41}},"12":{"start":{"line":65,"column":33},"end":{"line":65,"column":38}},"13":{"start":{"line":66,"column":33},"end":{"line":66,"column":38}},"14":{"start":{"line":67,"column":32},"end":{"line":67,"column":37}},"15":{"start":{"line":68,"column":32},"end":{"line":68,"column":36}},"16":{"start":{"line":70,"column":37},"end":{"line":70,"column":41}},"17":{"start":{"line":71,"column":23},"end":{"line":71,"column":27}},"18":{"start":{"line":73,"column":56},"end":{"line":73,"column":60}},"19":{"start":{"line":74,"column":66},"end":{"line":74,"column":70}},"20":{"start":{"line":75,"column":64},"end":{"line":75,"column":68}},"21":{"start":{"line":76,"column":64},"end":{"line":76,"column":68}},"22":{"start":{"line":77,"column":36},"end":{"line":77,"column":40}},"23":{"start":{"line":86,"column":4},"end":{"line":86,"column":36}},"24":{"start":{"line":87,"column":4},"end":{"line":87,"column":31}},"25":{"start":{"line":88,"column":4},"end":{"line":88,"column":22}},"26":{"start":{"line":89,"column":4},"end":{"line":89,"column":26}},"27":{"start":{"line":90,"column":4},"end":{"line":90,"column":30}},"28":{"start":{"line":91,"column":4},"end":{"line":91,"column":71}},"29":{"start":{"line":100,"column":4},"end":{"line":100,"column":102}},"30":{"start":{"line":107,"column":4},"end":{"line":107,"column":33}},"31":{"start":{"line":108,"column":4},"end":{"line":108,"column":16}},"32":{"start":{"line":109,"column":4},"end":{"line":109,"column":18}},"33":{"start":{"line":110,"column":4},"end":{"line":110,"column":22}},"34":{"start":{"line":115,"column":4},"end":{"line":117,"column":5}},"35":{"start":{"line":116,"column":6},"end":{"line":116,"column":77}},"36":{"start":{"line":118,"column":4},"end":{"line":120,"column":5}},"37":{"start":{"line":119,"column":6},"end":{"line":119,"column":83}},"38":{"start":{"line":121,"column":4},"end":{"line":123,"column":5}},"39":{"start":{"line":122,"column":6},"end":{"line":122,"column":83}},"40":{"start":{"line":124,"column":4},"end":{"line":126,"column":5}},"41":{"start":{"line":125,"column":6},"end":{"line":125,"column":87}},"42":{"start":{"line":134,"column":4},"end":{"line":134,"column":24}},"43":{"start":{"line":135,"column":4},"end":{"line":135,"column":21}},"44":{"start":{"line":136,"column":4},"end":{"line":136,"column":40}},"45":{"start":{"line":137,"column":4},"end":{"line":137,"column":26}},"46":{"start":{"line":137,"column":14},"end":{"line":137,"column":26}},"47":{"start":{"line":144,"column":4},"end":{"line":150,"column":5}},"48":{"start":{"line":149,"column":6},"end":{"line":149,"column":44}},"49":{"start":{"line":157,"column":4},"end":{"line":157,"column":23}},"50":{"start":{"line":165,"column":4},"end":{"line":165,"column":20}},"51":{"start":{"line":173,"column":4},"end":{"line":173,"column":25}},"52":{"start":{"line":181,"column":4},"end":{"line":181,"column":22}},"53":{"start":{"line":189,"column":4},"end":{"line":189,"column":27}},"54":{"start":{"line":197,"column":4},"end":{"line":197,"column":25}},"55":{"start":{"line":205,"column":4},"end":{"line":205,"column":28}},"56":{"start":{"line":213,"column":4},"end":{"line":213,"column":28}},"57":{"start":{"line":221,"column":4},"end":{"line":221,"column":26}},"58":{"start":{"line":229,"column":4},"end":{"line":229,"column":22}},"59":{"start":{"line":235,"column":4},"end":{"line":235,"column":58}},"60":{"start":{"line":236,"column":4},"end":{"line":236,"column":77}},"61":{"start":{"line":237,"column":4},"end":{"line":237,"column":86}},"62":{"start":{"line":243,"column":4},"end":{"line":243,"column":62}},"63":{"start":{"line":244,"column":4},"end":{"line":244,"column":59}},"64":{"start":{"line":245,"column":4},"end":{"line":245,"column":82}},"65":{"start":{"line":246,"column":4},"end":{"line":246,"column":63}},"66":{"start":{"line":247,"column":4},"end":{"line":247,"column":114}},"67":{"start":{"line":247,"column":34},"end":{"line":247,"column":114}},"68":{"start":{"line":248,"column":4},"end":{"line":248,"column":58}},"69":{"start":{"line":254,"column":4},"end":{"line":254,"column":62}},"70":{"start":{"line":256,"column":31},"end":{"line":256,"column":72}},"71":{"start":{"line":257,"column":4},"end":{"line":264,"column":5}},"72":{"start":{"line":258,"column":6},"end":{"line":263,"column":7}},"73":{"start":{"line":259,"column":8},"end":{"line":259,"column":45}},"74":{"start":{"line":260,"column":13},"end":{"line":263,"column":7}},"75":{"start":{"line":261,"column":8},"end":{"line":261,"column":29}},"76":{"start":{"line":262,"column":8},"end":{"line":262,"column":43}},"77":{"start":{"line":265,"column":4},"end":{"line":265,"column":66}},"78":{"start":{"line":266,"column":4},"end":{"line":266,"column":60}},"79":{"start":{"line":267,"column":4},"end":{"line":267,"column":42}},"80":{"start":{"line":268,"column":4},"end":{"line":268,"column":67}},"81":{"start":{"line":268,"column":28},"end":{"line":268,"column":67}},"82":{"start":{"line":274,"column":4},"end":{"line":274,"column":71}},"83":{"start":{"line":275,"column":4},"end":{"line":275,"column":88}},"84":{"start":{"line":276,"column":4},"end":{"line":276,"column":64}},"85":{"start":{"line":277,"column":4},"end":{"line":277,"column":50}},"86":{"start":{"line":282,"column":4},"end":{"line":282,"column":34}},"87":{"start":{"line":283,"column":4},"end":{"line":283,"column":30}},"88":{"start":{"line":284,"column":4},"end":{"line":284,"column":30}},"89":{"start":{"line":285,"column":4},"end":{"line":285,"column":35}},"90":{"start":{"line":287,"column":4},"end":{"line":287,"column":99}},"91":{"start":{"line":287,"column":48},"end":{"line":287,"column":99}},"92":{"start":{"line":288,"column":4},"end":{"line":288,"column":109}},"93":{"start":{"line":288,"column":53},"end":{"line":288,"column":109}},"94":{"start":{"line":289,"column":4},"end":{"line":289,"column":107}},"95":{"start":{"line":289,"column":52},"end":{"line":289,"column":107}},"96":{"start":{"line":294,"column":4},"end":{"line":294,"column":81}},"97":{"start":{"line":294,"column":31},"end":{"line":294,"column":81}},"98":{"start":{"line":295,"column":4},"end":{"line":295,"column":27}},"99":{"start":{"line":300,"column":4},"end":{"line":300,"column":69}},"100":{"start":{"line":300,"column":31},"end":{"line":300,"column":69}},"101":{"start":{"line":301,"column":4},"end":{"line":301,"column":28}},"102":{"start":{"line":306,"column":4},"end":{"line":306,"column":44}},"103":{"start":{"line":306,"column":22},"end":{"line":306,"column":44}},"104":{"start":{"line":311,"column":4},"end":{"line":326,"column":5}},"105":{"start":{"line":312,"column":6},"end":{"line":312,"column":65}},"106":{"start":{"line":313,"column":6},"end":{"line":316,"column":7}},"107":{"start":{"line":314,"column":8},"end":{"line":314,"column":58}},"108":{"start":{"line":315,"column":8},"end":{"line":315,"column":55}},"109":{"start":{"line":317,"column":6},"end":{"line":317,"column":70}},"110":{"start":{"line":318,"column":6},"end":{"line":318,"column":116}},"111":{"start":{"line":320,"column":6},"end":{"line":322,"column":7}},"112":{"start":{"line":321,"column":8},"end":{"line":321,"column":54}},"113":{"start":{"line":323,"column":6},"end":{"line":323,"column":68}},"114":{"start":{"line":324,"column":6},"end":{"line":324,"column":65}},"115":{"start":{"line":325,"column":6},"end":{"line":325,"column":69}},"116":{"start":{"line":327,"column":4},"end":{"line":327,"column":52}},"117":{"start":{"line":332,"column":4},"end":{"line":335,"column":5}},"118":{"start":{"line":333,"column":6},"end":{"line":333,"column":19}},"119":{"start":{"line":334,"column":6},"end":{"line":334,"column":48}},"120":{"start":{"line":336,"column":4},"end":{"line":339,"column":5}},"121":{"start":{"line":337,"column":6},"end":{"line":337,"column":38}},"122":{"start":{"line":338,"column":6},"end":{"line":338,"column":21}},"123":{"start":{"line":344,"column":4},"end":{"line":350,"column":5}},"124":{"start":{"line":345,"column":6},"end":{"line":345,"column":73}},"125":{"start":{"line":346,"column":6},"end":{"line":346,"column":66}},"126":{"start":{"line":348,"column":6},"end":{"line":348,"column":61}},"127":{"start":{"line":349,"column":6},"end":{"line":349,"column":76}},"128":{"start":{"line":355,"column":4},"end":{"line":359,"column":5}},"129":{"start":{"line":356,"column":6},"end":{"line":356,"column":73}},"130":{"start":{"line":358,"column":6},"end":{"line":358,"column":76}},"131":{"start":{"line":364,"column":4},"end":{"line":365,"column":111}},"132":{"start":{"line":365,"column":6},"end":{"line":365,"column":111}},"133":{"start":{"line":370,"column":4},"end":{"line":372,"column":5}},"134":{"start":{"line":371,"column":6},"end":{"line":371,"column":71}},"135":{"start":{"line":377,"column":4},"end":{"line":384,"column":5}},"136":{"start":{"line":378,"column":35},"end":{"line":378,"column":70}},"137":{"start":{"line":380,"column":6},"end":{"line":383,"column":7}},"138":{"start":{"line":381,"column":8},"end":{"line":381,"column":72}},"139":{"start":{"line":382,"column":8},"end":{"line":382,"column":15}},"140":{"start":{"line":385,"column":4},"end":{"line":385,"column":55}},"141":{"start":{"line":390,"column":4},"end":{"line":390,"column":32}},"142":{"start":{"line":391,"column":4},"end":{"line":391,"column":43}},"143":{"start":{"line":392,"column":4},"end":{"line":393,"column":36}},"144":{"start":{"line":392,"column":44},"end":{"line":392,"column":87}},"145":{"start":{"line":393,"column":9},"end":{"line":393,"column":36}},"146":{"start":{"line":394,"column":4},"end":{"line":394,"column":18}},"147":{"start":{"line":395,"column":4},"end":{"line":395,"column":31}},"148":{"start":{"line":396,"column":4},"end":{"line":396,"column":45}},"149":{"start":{"line":401,"column":4},"end":{"line":401,"column":45}},"150":{"start":{"line":402,"column":4},"end":{"line":402,"column":32}},"151":{"start":{"line":403,"column":4},"end":{"line":403,"column":32}},"152":{"start":{"line":404,"column":4},"end":{"line":404,"column":28}},"153":{"start":{"line":405,"column":4},"end":{"line":405,"column":26}},"154":{"start":{"line":406,"column":4},"end":{"line":406,"column":26}},"155":{"start":{"line":411,"column":23},"end":{"line":411,"column":38}},"156":{"start":{"line":412,"column":4},"end":{"line":423,"column":5}},"157":{"start":{"line":413,"column":6},"end":{"line":422,"column":7}},"158":{"start":{"line":414,"column":8},"end":{"line":419,"column":21}},"159":{"start":{"line":420,"column":13},"end":{"line":422,"column":7}},"160":{"start":{"line":421,"column":8},"end":{"line":421,"column":85}},"161":{"start":{"line":424,"column":4},"end":{"line":426,"column":5}},"162":{"start":{"line":425,"column":6},"end":{"line":425,"column":73}},"163":{"start":{"line":431,"column":24},"end":{"line":431,"column":40}},"164":{"start":{"line":432,"column":4},"end":{"line":447,"column":5}},"165":{"start":{"line":433,"column":6},"end":{"line":446,"column":7}},"166":{"start":{"line":434,"column":8},"end":{"line":439,"column":21}},"167":{"start":{"line":441,"column":8},"end":{"line":445,"column":9}},"168":{"start":{"line":442,"column":10},"end":{"line":442,"column":86}},"169":{"start":{"line":443,"column":15},"end":{"line":445,"column":9}},"170":{"start":{"line":444,"column":10},"end":{"line":444,"column":51}},"171":{"start":{"line":448,"column":4},"end":{"line":450,"column":5}},"172":{"start":{"line":449,"column":6},"end":{"line":449,"column":77}},"173":{"start":{"line":455,"column":24},"end":{"line":455,"column":40}},"174":{"start":{"line":456,"column":4},"end":{"line":470,"column":5}},"175":{"start":{"line":457,"column":6},"end":{"line":469,"column":7}},"176":{"start":{"line":458,"column":8},"end":{"line":462,"column":21}},"177":{"start":{"line":464,"column":8},"end":{"line":468,"column":9}},"178":{"start":{"line":465,"column":10},"end":{"line":465,"column":86}},"179":{"start":{"line":466,"column":15},"end":{"line":468,"column":9}},"180":{"start":{"line":467,"column":10},"end":{"line":467,"column":51}},"181":{"start":{"line":471,"column":4},"end":{"line":473,"column":5}},"182":{"start":{"line":472,"column":6},"end":{"line":472,"column":77}},"183":{"start":{"line":478,"column":4},"end":{"line":478,"column":38}},"184":{"start":{"line":478,"column":26},"end":{"line":478,"column":38}},"185":{"start":{"line":479,"column":4},"end":{"line":494,"column":32}},"186":{"start":{"line":480,"column":6},"end":{"line":492,"column":34}},"187":{"start":{"line":481,"column":25},"end":{"line":486,"column":null}},"188":{"start":{"line":488,"column":8},"end":{"line":488,"column":43}},"189":{"start":{"line":489,"column":13},"end":{"line":492,"column":34}},"190":{"start":{"line":490,"column":25},"end":{"line":490,"column":101}},"191":{"start":{"line":491,"column":8},"end":{"line":491,"column":43}},"192":{"start":{"line":492,"column":13},"end":{"line":492,"column":34}},"193":{"start":{"line":493,"column":6},"end":{"line":493,"column":34}},"194":{"start":{"line":494,"column":11},"end":{"line":494,"column":32}},"195":{"start":{"line":495,"column":4},"end":{"line":495,"column":25}},"196":{"start":{"line":499,"column":4},"end":{"line":499,"column":38}},"197":{"start":{"line":500,"column":4},"end":{"line":500,"column":55}},"198":{"start":{"line":501,"column":4},"end":{"line":503,"column":5}},"199":{"start":{"line":502,"column":6},"end":{"line":502,"column":55}},"200":{"start":{"line":511,"column":4},"end":{"line":511,"column":38}},"201":{"start":{"line":512,"column":4},"end":{"line":512,"column":20}},"202":{"start":{"line":513,"column":4},"end":{"line":513,"column":62}},"203":{"start":{"line":513,"column":29},"end":{"line":513,"column":62}},"204":{"start":{"line":514,"column":4},"end":{"line":514,"column":57}},"205":{"start":{"line":518,"column":4},"end":{"line":518,"column":34}},"206":{"start":{"line":522,"column":4},"end":{"line":522,"column":37}},"207":{"start":{"line":522,"column":30},"end":{"line":522,"column":37}},"208":{"start":{"line":523,"column":23},"end":{"line":527,"column":30}},"209":{"start":{"line":528,"column":4},"end":{"line":528,"column":49}},"210":{"start":{"line":535,"column":4},"end":{"line":535,"column":66}},"211":{"start":{"line":542,"column":4},"end":{"line":542,"column":69}},"212":{"start":{"line":42,"column":0},"end":{"line":42,"column":13}}},"fnMap":{"0":{"name":"(anonymous_0)","decl":{"start":{"line":47,"column":16},"end":{"line":47,"column":17}},"loc":{"start":{"line":47,"column":42},"end":{"line":50,"column":5}}},"1":{"name":"(anonymous_1)","decl":{"start":{"line":85,"column":2},"end":{"line":85,"column":14}},"loc":{"start":{"line":85,"column":68},"end":{"line":92,"column":3}}},"2":{"name":"(anonymous_2)","decl":{"start":{"line":99,"column":2},"end":{"line":99,"column":19}},"loc":{"start":{"line":99,"column":41},"end":{"line":101,"column":3}}},"3":{"name":"(anonymous_3)","decl":{"start":{"line":106,"column":2},"end":{"line":106,"column":7}},"loc":{"start":{"line":106,"column":18},"end":{"line":111,"column":3}}},"4":{"name":"(anonymous_4)","decl":{"start":{"line":114,"column":10},"end":{"line":114,"column":31}},"loc":{"start":{"line":114,"column":31},"end":{"line":127,"column":3}}},"5":{"name":"(anonymous_5)","decl":{"start":{"line":133,"column":2},"end":{"line":133,"column":10}},"loc":{"start":{"line":133,"column":50},"end":{"line":138,"column":3}}},"6":{"name":"(anonymous_6)","decl":{"start":{"line":143,"column":2},"end":{"line":143,"column":11}},"loc":{"start":{"line":143,"column":11},"end":{"line":151,"column":3}}},"7":{"name":"(anonymous_7)","decl":{"start":{"line":156,"column":2},"end":{"line":156,"column":10}},"loc":{"start":{"line":156,"column":10},"end":{"line":158,"column":3}}},"8":{"name":"(anonymous_8)","decl":{"start":{"line":164,"column":2},"end":{"line":164,"column":7}},"loc":{"start":{"line":164,"column":7},"end":{"line":166,"column":3}}},"9":{"name":"(anonymous_9)","decl":{"start":{"line":172,"column":2},"end":{"line":172,"column":12}},"loc":{"start":{"line":172,"column":12},"end":{"line":174,"column":3}}},"10":{"name":"(anonymous_10)","decl":{"start":{"line":180,"column":2},"end":{"line":180,"column":9}},"loc":{"start":{"line":180,"column":9},"end":{"line":182,"column":3}}},"11":{"name":"(anonymous_11)","decl":{"start":{"line":188,"column":2},"end":{"line":188,"column":15}},"loc":{"start":{"line":188,"column":15},"end":{"line":190,"column":3}}},"12":{"name":"(anonymous_12)","decl":{"start":{"line":196,"column":2},"end":{"line":196,"column":13}},"loc":{"start":{"line":196,"column":13},"end":{"line":198,"column":3}}},"13":{"name":"(anonymous_13)","decl":{"start":{"line":204,"column":2},"end":{"line":204,"column":12}},"loc":{"start":{"line":204,"column":12},"end":{"line":206,"column":3}}},"14":{"name":"(anonymous_14)","decl":{"start":{"line":212,"column":2},"end":{"line":212,"column":12}},"loc":{"start":{"line":212,"column":12},"end":{"line":214,"column":3}}},"15":{"name":"(anonymous_15)","decl":{"start":{"line":220,"column":2},"end":{"line":220,"column":22}},"loc":{"start":{"line":220,"column":22},"end":{"line":222,"column":3}}},"16":{"name":"(anonymous_16)","decl":{"start":{"line":228,"column":2},"end":{"line":228,"column":9}},"loc":{"start":{"line":228,"column":9},"end":{"line":230,"column":3}}},"17":{"name":"(anonymous_17)","decl":{"start":{"line":233,"column":2},"end":{"line":233,"column":24}},"loc":{"start":{"line":233,"column":24},"end":{"line":238,"column":3}}},"18":{"name":"(anonymous_18)","decl":{"start":{"line":241,"column":2},"end":{"line":241,"column":20}},"loc":{"start":{"line":241,"column":20},"end":{"line":249,"column":3}}},"19":{"name":"(anonymous_19)","decl":{"start":{"line":252,"column":2},"end":{"line":252,"column":20}},"loc":{"start":{"line":252,"column":20},"end":{"line":269,"column":3}}},"20":{"name":"(anonymous_20)","decl":{"start":{"line":272,"column":2},"end":{"line":272,"column":25}},"loc":{"start":{"line":272,"column":25},"end":{"line":278,"column":3}}},"21":{"name":"(anonymous_21)","decl":{"start":{"line":281,"column":2},"end":{"line":281,"column":7}},"loc":{"start":{"line":281,"column":7},"end":{"line":290,"column":3}}},"22":{"name":"(anonymous_22)","decl":{"start":{"line":293,"column":10},"end":{"line":293,"column":15}},"loc":{"start":{"line":293,"column":15},"end":{"line":296,"column":3}}},"23":{"name":"(anonymous_23)","decl":{"start":{"line":299,"column":10},"end":{"line":299,"column":17}},"loc":{"start":{"line":299,"column":17},"end":{"line":302,"column":3}}},"24":{"name":"(anonymous_24)","decl":{"start":{"line":305,"column":2},"end":{"line":305,"column":9}},"loc":{"start":{"line":305,"column":9},"end":{"line":307,"column":3}}},"25":{"name":"(anonymous_25)","decl":{"start":{"line":310,"column":2},"end":{"line":310,"column":22}},"loc":{"start":{"line":310,"column":22},"end":{"line":328,"column":3}}},"26":{"name":"(anonymous_26)","decl":{"start":{"line":331,"column":2},"end":{"line":331,"column":18}},"loc":{"start":{"line":331,"column":18},"end":{"line":340,"column":3}}},"27":{"name":"(anonymous_27)","decl":{"start":{"line":343,"column":2},"end":{"line":343,"column":16}},"loc":{"start":{"line":343,"column":16},"end":{"line":351,"column":3}}},"28":{"name":"(anonymous_28)","decl":{"start":{"line":354,"column":2},"end":{"line":354,"column":16}},"loc":{"start":{"line":354,"column":16},"end":{"line":360,"column":3}}},"29":{"name":"(anonymous_29)","decl":{"start":{"line":363,"column":2},"end":{"line":363,"column":12}},"loc":{"start":{"line":363,"column":12},"end":{"line":366,"column":3}}},"30":{"name":"(anonymous_30)","decl":{"start":{"line":369,"column":2},"end":{"line":369,"column":6}},"loc":{"start":{"line":369,"column":6},"end":{"line":373,"column":3}}},"31":{"name":"(anonymous_31)","decl":{"start":{"line":376,"column":2},"end":{"line":376,"column":6}},"loc":{"start":{"line":376,"column":6},"end":{"line":386,"column":3}}},"32":{"name":"(anonymous_32)","decl":{"start":{"line":389,"column":2},"end":{"line":389,"column":7}},"loc":{"start":{"line":389,"column":13},"end":{"line":397,"column":3}}},"33":{"name":"(anonymous_33)","decl":{"start":{"line":400,"column":2},"end":{"line":400,"column":7}},"loc":{"start":{"line":400,"column":14},"end":{"line":407,"column":3}}},"34":{"name":"(anonymous_34)","decl":{"start":{"line":410,"column":10},"end":{"line":410,"column":43}},"loc":{"start":{"line":410,"column":43},"end":{"line":427,"column":3}}},"35":{"name":"(anonymous_35)","decl":{"start":{"line":430,"column":10},"end":{"line":430,"column":30}},"loc":{"start":{"line":430,"column":30},"end":{"line":451,"column":3}}},"36":{"name":"(anonymous_36)","decl":{"start":{"line":454,"column":10},"end":{"line":454,"column":30}},"loc":{"start":{"line":454,"column":30},"end":{"line":474,"column":3}}},"37":{"name":"(anonymous_37)","decl":{"start":{"line":477,"column":2},"end":{"line":477,"column":10}},"loc":{"start":{"line":477,"column":10},"end":{"line":496,"column":3}}},"38":{"name":"(anonymous_38)","decl":{"start":{"line":498,"column":10},"end":{"line":498,"column":29}},"loc":{"start":{"line":498,"column":53},"end":{"line":504,"column":3}}},"39":{"name":"(anonymous_39)","decl":{"start":{"line":510,"column":2},"end":{"line":510,"column":8}},"loc":{"start":{"line":510,"column":50},"end":{"line":515,"column":3}}},"40":{"name":"(anonymous_40)","decl":{"start":{"line":517,"column":2},"end":{"line":517,"column":15}},"loc":{"start":{"line":517,"column":32},"end":{"line":519,"column":3}}},"41":{"name":"(anonymous_41)","decl":{"start":{"line":521,"column":2},"end":{"line":521,"column":15}},"loc":{"start":{"line":521,"column":59},"end":{"line":529,"column":3}}},"42":{"name":"(anonymous_42)","decl":{"start":{"line":534,"column":2},"end":{"line":534,"column":4}},"loc":{"start":{"line":534,"column":108},"end":{"line":536,"column":3}}},"43":{"name":"(anonymous_43)","decl":{"start":{"line":541,"column":2},"end":{"line":541,"column":5}},"loc":{"start":{"line":541,"column":109},"end":{"line":543,"column":3}}}},"branchMap":{"0":{"loc":{"start":{"line":48,"column":6},"end":{"line":48,"column":73}},"type":"if","locations":[{"start":{"line":48,"column":6},"end":{"line":48,"column":73}}]},"1":{"loc":{"start":{"line":48,"column":10},"end":{"line":48,"column":28}},"type":"binary-expr","locations":[{"start":{"line":48,"column":10},"end":{"line":48,"column":18}},{"start":{"line":48,"column":22},"end":{"line":48,"column":28}}]},"2":{"loc":{"start":{"line":115,"column":4},"end":{"line":117,"column":5}},"type":"if","locations":[{"start":{"line":115,"column":4},"end":{"line":117,"column":5}}]},"3":{"loc":{"start":{"line":118,"column":4},"end":{"line":120,"column":5}},"type":"if","locations":[{"start":{"line":118,"column":4},"end":{"line":120,"column":5}}]},"4":{"loc":{"start":{"line":121,"column":4},"end":{"line":123,"column":5}},"type":"if","locations":[{"start":{"line":121,"column":4},"end":{"line":123,"column":5}}]},"5":{"loc":{"start":{"line":124,"column":4},"end":{"line":126,"column":5}},"type":"if","locations":[{"start":{"line":124,"column":4},"end":{"line":126,"column":5}}]},"6":{"loc":{"start":{"line":133,"column":30},"end":{"line":133,"column":50}},"type":"default-arg","locations":[{"start":{"line":133,"column":46},"end":{"line":133,"column":50}}]},"7":{"loc":{"start":{"line":137,"column":4},"end":{"line":137,"column":26}},"type":"if","locations":[{"start":{"line":137,"column":4},"end":{"line":137,"column":26}}]},"8":{"loc":{"start":{"line":144,"column":4},"end":{"line":150,"column":5}},"type":"if","locations":[{"start":{"line":144,"column":4},"end":{"line":150,"column":5}}]},"9":{"loc":{"start":{"line":145,"column":6},"end":{"line":147,"column":45}},"type":"binary-expr","locations":[{"start":{"line":145,"column":6},"end":{"line":145,"column":23}},{"start":{"line":146,"column":7},"end":{"line":146,"column":52}},{"start":{"line":146,"column":56},"end":{"line":146,"column":104}},{"start":{"line":147,"column":6},"end":{"line":147,"column":45}}]},"10":{"loc":{"start":{"line":245,"column":51},"end":{"line":245,"column":80}},"type":"binary-expr","locations":[{"start":{"line":245,"column":51},"end":{"line":245,"column":68}},{"start":{"line":245,"column":72},"end":{"line":245,"column":80}}]},"11":{"loc":{"start":{"line":247,"column":4},"end":{"line":247,"column":114}},"type":"if","locations":[{"start":{"line":247,"column":4},"end":{"line":247,"column":114}}]},"12":{"loc":{"start":{"line":257,"column":4},"end":{"line":264,"column":5}},"type":"if","locations":[{"start":{"line":257,"column":4},"end":{"line":264,"column":5}}]},"13":{"loc":{"start":{"line":258,"column":6},"end":{"line":263,"column":7}},"type":"if","locations":[{"start":{"line":258,"column":6},"end":{"line":263,"column":7}},{"start":{"line":260,"column":13},"end":{"line":263,"column":7}}]},"14":{"loc":{"start":{"line":260,"column":13},"end":{"line":263,"column":7}},"type":"if","locations":[{"start":{"line":260,"column":13},"end":{"line":263,"column":7}}]},"15":{"loc":{"start":{"line":268,"column":4},"end":{"line":268,"column":67}},"type":"if","locations":[{"start":{"line":268,"column":4},"end":{"line":268,"column":67}}]},"16":{"loc":{"start":{"line":287,"column":4},"end":{"line":287,"column":99}},"type":"if","locations":[{"start":{"line":287,"column":4},"end":{"line":287,"column":99}}]},"17":{"loc":{"start":{"line":287,"column":8},"end":{"line":287,"column":46}},"type":"binary-expr","locations":[{"start":{"line":287,"column":8},"end":{"line":287,"column":25}},{"start":{"line":287,"column":29},"end":{"line":287,"column":46}}]},"18":{"loc":{"start":{"line":288,"column":4},"end":{"line":288,"column":109}},"type":"if","locations":[{"start":{"line":288,"column":4},"end":{"line":288,"column":109}}]},"19":{"loc":{"start":{"line":288,"column":8},"end":{"line":288,"column":51}},"type":"binary-expr","locations":[{"start":{"line":288,"column":8},"end":{"line":288,"column":25}},{"start":{"line":288,"column":29},"end":{"line":288,"column":51}}]},"20":{"loc":{"start":{"line":289,"column":4},"end":{"line":289,"column":107}},"type":"if","locations":[{"start":{"line":289,"column":4},"end":{"line":289,"column":107}}]},"21":{"loc":{"start":{"line":289,"column":8},"end":{"line":289,"column":50}},"type":"binary-expr","locations":[{"start":{"line":289,"column":8},"end":{"line":289,"column":29}},{"start":{"line":289,"column":33},"end":{"line":289,"column":50}}]},"22":{"loc":{"start":{"line":294,"column":4},"end":{"line":294,"column":81}},"type":"if","locations":[{"start":{"line":294,"column":4},"end":{"line":294,"column":81}}]},"23":{"loc":{"start":{"line":300,"column":4},"end":{"line":300,"column":69}},"type":"if","locations":[{"start":{"line":300,"column":4},"end":{"line":300,"column":69}}]},"24":{"loc":{"start":{"line":306,"column":4},"end":{"line":306,"column":44}},"type":"if","locations":[{"start":{"line":306,"column":4},"end":{"line":306,"column":44}}]},"25":{"loc":{"start":{"line":311,"column":4},"end":{"line":326,"column":5}},"type":"if","locations":[{"start":{"line":311,"column":4},"end":{"line":326,"column":5}},{"start":{"line":319,"column":11},"end":{"line":326,"column":5}}]},"26":{"loc":{"start":{"line":313,"column":6},"end":{"line":316,"column":7}},"type":"if","locations":[{"start":{"line":313,"column":6},"end":{"line":316,"column":7}}]},"27":{"loc":{"start":{"line":313,"column":10},"end":{"line":313,"column":50}},"type":"binary-expr","locations":[{"start":{"line":313,"column":10},"end":{"line":313,"column":32}},{"start":{"line":313,"column":36},"end":{"line":313,"column":50}}]},"28":{"loc":{"start":{"line":318,"column":66},"end":{"line":318,"column":114}},"type":"binary-expr","locations":[{"start":{"line":318,"column":66},"end":{"line":318,"column":108}},{"start":{"line":318,"column":112},"end":{"line":318,"column":114}}]},"29":{"loc":{"start":{"line":320,"column":6},"end":{"line":322,"column":7}},"type":"if","locations":[{"start":{"line":320,"column":6},"end":{"line":322,"column":7}}]},"30":{"loc":{"start":{"line":332,"column":4},"end":{"line":335,"column":5}},"type":"if","locations":[{"start":{"line":332,"column":4},"end":{"line":335,"column":5}}]},"31":{"loc":{"start":{"line":332,"column":8},"end":{"line":332,"column":43}},"type":"binary-expr","locations":[{"start":{"line":332,"column":8},"end":{"line":332,"column":23}},{"start":{"line":332,"column":27},"end":{"line":332,"column":43}}]},"32":{"loc":{"start":{"line":336,"column":4},"end":{"line":339,"column":5}},"type":"if","locations":[{"start":{"line":336,"column":4},"end":{"line":339,"column":5}}]},"33":{"loc":{"start":{"line":336,"column":8},"end":{"line":336,"column":43}},"type":"binary-expr","locations":[{"start":{"line":336,"column":8},"end":{"line":336,"column":24}},{"start":{"line":336,"column":28},"end":{"line":336,"column":43}}]},"34":{"loc":{"start":{"line":344,"column":4},"end":{"line":350,"column":5}},"type":"if","locations":[{"start":{"line":344,"column":4},"end":{"line":350,"column":5}},{"start":{"line":347,"column":11},"end":{"line":350,"column":5}}]},"35":{"loc":{"start":{"line":355,"column":4},"end":{"line":359,"column":5}},"type":"if","locations":[{"start":{"line":355,"column":4},"end":{"line":359,"column":5}},{"start":{"line":357,"column":11},"end":{"line":359,"column":5}}]},"36":{"loc":{"start":{"line":364,"column":4},"end":{"line":365,"column":111}},"type":"if","locations":[{"start":{"line":364,"column":4},"end":{"line":365,"column":111}}]},"37":{"loc":{"start":{"line":370,"column":4},"end":{"line":372,"column":5}},"type":"if","locations":[{"start":{"line":370,"column":4},"end":{"line":372,"column":5}}]},"38":{"loc":{"start":{"line":370,"column":8},"end":{"line":370,"column":95}},"type":"binary-expr","locations":[{"start":{"line":370,"column":8},"end":{"line":370,"column":34}},{"start":{"line":370,"column":38},"end":{"line":370,"column":66}},{"start":{"line":370,"column":70},"end":{"line":370,"column":95}}]},"39":{"loc":{"start":{"line":377,"column":4},"end":{"line":384,"column":5}},"type":"if","locations":[{"start":{"line":377,"column":4},"end":{"line":384,"column":5}}]},"40":{"loc":{"start":{"line":377,"column":8},"end":{"line":377,"column":66}},"type":"binary-expr","locations":[{"start":{"line":377,"column":8},"end":{"line":377,"column":34}},{"start":{"line":377,"column":38},"end":{"line":377,"column":66}}]},"41":{"loc":{"start":{"line":380,"column":6},"end":{"line":383,"column":7}},"type":"if","locations":[{"start":{"line":380,"column":6},"end":{"line":383,"column":7}}]},"42":{"loc":{"start":{"line":381,"column":22},"end":{"line":381,"column":63}},"type":"cond-expr","locations":[{"start":{"line":381,"column":38},"end":{"line":381,"column":55}},{"start":{"line":381,"column":58},"end":{"line":381,"column":63}}]},"43":{"loc":{"start":{"line":385,"column":18},"end":{"line":385,"column":46}},"type":"binary-expr","locations":[{"start":{"line":385,"column":18},"end":{"line":385,"column":38}},{"start":{"line":385,"column":42},"end":{"line":385,"column":46}}]},"44":{"loc":{"start":{"line":392,"column":4},"end":{"line":393,"column":36}},"type":"if","locations":[{"start":{"line":392,"column":4},"end":{"line":393,"column":36}},{"start":{"line":393,"column":9},"end":{"line":393,"column":36}}]},"45":{"loc":{"start":{"line":412,"column":4},"end":{"line":423,"column":5}},"type":"if","locations":[{"start":{"line":412,"column":4},"end":{"line":423,"column":5}}]},"46":{"loc":{"start":{"line":413,"column":6},"end":{"line":422,"column":7}},"type":"if","locations":[{"start":{"line":413,"column":6},"end":{"line":422,"column":7}},{"start":{"line":420,"column":13},"end":{"line":422,"column":7}}]},"47":{"loc":{"start":{"line":420,"column":13},"end":{"line":422,"column":7}},"type":"if","locations":[{"start":{"line":420,"column":13},"end":{"line":422,"column":7}}]},"48":{"loc":{"start":{"line":424,"column":4},"end":{"line":426,"column":5}},"type":"if","locations":[{"start":{"line":424,"column":4},"end":{"line":426,"column":5}}]},"49":{"loc":{"start":{"line":432,"column":4},"end":{"line":447,"column":5}},"type":"if","locations":[{"start":{"line":432,"column":4},"end":{"line":447,"column":5}}]},"50":{"loc":{"start":{"line":433,"column":6},"end":{"line":446,"column":7}},"type":"if","locations":[{"start":{"line":433,"column":6},"end":{"line":446,"column":7}},{"start":{"line":440,"column":13},"end":{"line":446,"column":7}}]},"51":{"loc":{"start":{"line":433,"column":10},"end":{"line":433,"column":85}},"type":"binary-expr","locations":[{"start":{"line":433,"column":10},"end":{"line":433,"column":51}},{"start":{"line":433,"column":55},"end":{"line":433,"column":85}}]},"52":{"loc":{"start":{"line":441,"column":8},"end":{"line":445,"column":9}},"type":"if","locations":[{"start":{"line":441,"column":8},"end":{"line":445,"column":9}},{"start":{"line":443,"column":15},"end":{"line":445,"column":9}}]},"53":{"loc":{"start":{"line":443,"column":15},"end":{"line":445,"column":9}},"type":"if","locations":[{"start":{"line":443,"column":15},"end":{"line":445,"column":9}}]},"54":{"loc":{"start":{"line":448,"column":4},"end":{"line":450,"column":5}},"type":"if","locations":[{"start":{"line":448,"column":4},"end":{"line":450,"column":5}}]},"55":{"loc":{"start":{"line":456,"column":4},"end":{"line":470,"column":5}},"type":"if","locations":[{"start":{"line":456,"column":4},"end":{"line":470,"column":5}}]},"56":{"loc":{"start":{"line":457,"column":6},"end":{"line":469,"column":7}},"type":"if","locations":[{"start":{"line":457,"column":6},"end":{"line":469,"column":7}},{"start":{"line":463,"column":13},"end":{"line":469,"column":7}}]},"57":{"loc":{"start":{"line":457,"column":10},"end":{"line":457,"column":85}},"type":"binary-expr","locations":[{"start":{"line":457,"column":10},"end":{"line":457,"column":51}},{"start":{"line":457,"column":55},"end":{"line":457,"column":85}}]},"58":{"loc":{"start":{"line":464,"column":8},"end":{"line":468,"column":9}},"type":"if","locations":[{"start":{"line":464,"column":8},"end":{"line":468,"column":9}},{"start":{"line":466,"column":15},"end":{"line":468,"column":9}}]},"59":{"loc":{"start":{"line":466,"column":15},"end":{"line":468,"column":9}},"type":"if","locations":[{"start":{"line":466,"column":15},"end":{"line":468,"column":9}}]},"60":{"loc":{"start":{"line":471,"column":4},"end":{"line":473,"column":5}},"type":"if","locations":[{"start":{"line":471,"column":4},"end":{"line":473,"column":5}}]},"61":{"loc":{"start":{"line":478,"column":4},"end":{"line":478,"column":38}},"type":"if","locations":[{"start":{"line":478,"column":4},"end":{"line":478,"column":38}}]},"62":{"loc":{"start":{"line":479,"column":4},"end":{"line":494,"column":32}},"type":"if","locations":[{"start":{"line":479,"column":4},"end":{"line":494,"column":32}},{"start":{"line":494,"column":11},"end":{"line":494,"column":32}}]},"63":{"loc":{"start":{"line":480,"column":6},"end":{"line":492,"column":34}},"type":"if","locations":[{"start":{"line":480,"column":6},"end":{"line":492,"column":34}},{"start":{"line":489,"column":13},"end":{"line":492,"column":34}}]},"64":{"loc":{"start":{"line":480,"column":10},"end":{"line":480,"column":89}},"type":"binary-expr","locations":[{"start":{"line":480,"column":10},"end":{"line":480,"column":53}},{"start":{"line":480,"column":57},"end":{"line":480,"column":89}}]},"65":{"loc":{"start":{"line":489,"column":13},"end":{"line":492,"column":34}},"type":"if","locations":[{"start":{"line":489,"column":13},"end":{"line":492,"column":34}},{"start":{"line":492,"column":13},"end":{"line":492,"column":34}}]},"66":{"loc":{"start":{"line":500,"column":21},"end":{"line":500,"column":54}},"type":"cond-expr","locations":[{"start":{"line":500,"column":41},"end":{"line":500,"column":43}},{"start":{"line":500,"column":46},"end":{"line":500,"column":54}}]},"67":{"loc":{"start":{"line":501,"column":4},"end":{"line":503,"column":5}},"type":"if","locations":[{"start":{"line":501,"column":4},"end":{"line":503,"column":5}}]},"68":{"loc":{"start":{"line":513,"column":4},"end":{"line":513,"column":62}},"type":"if","locations":[{"start":{"line":513,"column":4},"end":{"line":513,"column":62}}]},"69":{"loc":{"start":{"line":521,"column":36},"end":{"line":521,"column":59}},"type":"default-arg","locations":[{"start":{"line":521,"column":55},"end":{"line":521,"column":59}}]},"70":{"loc":{"start":{"line":522,"column":4},"end":{"line":522,"column":37}},"type":"if","locations":[{"start":{"line":522,"column":4},"end":{"line":522,"column":37}}]},"71":{"loc":{"start":{"line":523,"column":23},"end":{"line":527,"column":30}},"type":"cond-expr","locations":[{"start":{"line":524,"column":8},"end":{"line":526,"column":10}},{"start":{"line":527,"column":8},"end":{"line":527,"column":30}}]}},"s":{"0":25,"1":25,"2":127,"3":6,"4":1,"5":5,"6":127,"7":127,"8":127,"9":127,"10":127,"11":127,"12":127,"13":127,"14":127,"15":127,"16":127,"17":127,"18":127,"19":127,"20":127,"21":127,"22":127,"23":127,"24":127,"25":127,"26":127,"27":127,"28":127,"29":243,"30":78,"31":78,"32":78,"33":78,"34":78,"35":4,"36":78,"37":2,"38":78,"39":2,"40":78,"41":3,"42":177,"43":177,"44":177,"45":177,"46":41,"47":135,"48":119,"49":1,"50":125,"51":19,"52":64,"53":20,"54":59,"55":30,"56":6,"57":4,"58":22,"59":121,"60":121,"61":121,"62":73,"63":73,"64":73,"65":73,"66":73,"67":21,"68":73,"69":116,"70":116,"71":116,"72":110,"73":110,"74":0,"75":0,"76":0,"77":116,"78":116,"79":116,"80":116,"81":110,"82":126,"83":126,"84":126,"85":126,"86":97,"87":97,"88":97,"89":97,"90":97,"91":97,"92":97,"93":97,"94":97,"95":97,"96":125,"97":125,"98":125,"99":3,"100":3,"101":3,"102":1,"103":1,"104":67,"105":31,"106":31,"107":28,"108":28,"109":31,"110":31,"111":36,"112":36,"113":36,"114":36,"115":36,"116":67,"117":219,"118":125,"119":125,"120":219,"121":3,"122":3,"123":193,"124":6,"125":6,"126":187,"127":187,"128":214,"129":52,"130":162,"131":74,"132":74,"133":43,"134":4,"135":129,"136":4,"137":4,"138":1,"139":1,"140":128,"141":5,"142":5,"143":5,"144":4,"145":1,"146":5,"147":5,"148":5,"149":214,"150":214,"151":214,"152":214,"153":214,"154":214,"155":214,"156":214,"157":13,"158":6,"159":7,"160":6,"161":214,"162":4,"163":214,"164":214,"165":12,"166":3,"167":9,"168":6,"169":3,"170":2,"171":214,"172":6,"173":214,"174":214,"175":56,"176":3,"177":53,"178":4,"179":49,"180":48,"181":214,"182":37,"183":68,"184":1,"185":67,"186":66,"187":3,"188":3,"189":63,"190":62,"191":62,"192":1,"193":66,"194":1,"195":67,"196":65,"197":65,"198":65,"199":31,"200":8,"201":8,"202":8,"203":6,"204":8,"205":4,"206":100,"207":0,"208":100,"209":100,"210":0,"211":0,"212":25},"f":{"0":6,"1":127,"2":243,"3":78,"4":78,"5":177,"6":135,"7":1,"8":125,"9":19,"10":64,"11":20,"12":59,"13":30,"14":6,"15":4,"16":22,"17":121,"18":73,"19":116,"20":126,"21":97,"22":125,"23":3,"24":1,"25":67,"26":219,"27":193,"28":214,"29":74,"30":43,"31":129,"32":5,"33":214,"34":214,"35":214,"36":214,"37":68,"38":65,"39":8,"40":4,"41":100,"42":0,"43":0},"b":{"0":[1],"1":[6,1],"2":[4],"3":[2],"4":[2],"5":[3],"6":[41],"7":[41],"8":[119],"9":[135,134,3,134],"10":[73,6],"11":[21],"12":[110],"13":[110,0],"14":[0],"15":[110],"16":[97],"17":[97,97],"18":[97],"19":[97,97],"20":[97],"21":[97,97],"22":[125],"23":[3],"24":[1],"25":[31,36],"26":[28],"27":[31,31],"28":[31,0],"29":[36],"30":[125],"31":[219,211],"32":[3],"33":[219,8],"34":[6,187],"35":[52,162],"36":[74],"37":[4],"38":[43,4,4],"39":[4],"40":[129,5],"41":[1],"42":[0,1],"43":[128,40],"44":[4,1],"45":[13],"46":[6,7],"47":[6],"48":[4],"49":[12],"50":[3,9],"51":[12,4],"52":[6,3],"53":[2],"54":[6],"55":[56],"56":[3,53],"57":[56,4],"58":[4,49],"59":[48],"60":[37],"61":[1],"62":[66,1],"63":[3,63],"64":[66,3],"65":[62,1],"66":[34,31],"67":[31],"68":[6],"69":[39],"70":[0],"71":[50,50]}}
,"C:\\www\\sideprojects\\forms.js\\packages\\core\\src\\form.ts": {"path":"C:\\www\\sideprojects\\forms.js\\packages\\core\\src\\form.ts","statementMap":{"0":{"start":{"line":1,"column":0},"end":{"line":1,"column":null}},"1":{"start":{"line":21,"column":0},"end":{"line":21,"column":null}},"2":{"start":{"line":36,"column":32},"end":{"line":44,"column":4}},"3":{"start":{"line":46,"column":40},"end":{"line":46,"column":44}},"4":{"start":{"line":47,"column":49},"end":{"line":47,"column":53}},"5":{"start":{"line":48,"column":24},"end":{"line":48,"column":26}},"6":{"start":{"line":49,"column":37},"end":{"line":49,"column":41}},"7":{"start":{"line":50,"column":30},"end":{"line":50,"column":32}},"8":{"start":{"line":51,"column":49},"end":{"line":51,"column":51}},"9":{"start":{"line":52,"column":49},"end":{"line":52,"column":51}},"10":{"start":{"line":53,"column":50},"end":{"line":53,"column":52}},"11":{"start":{"line":54,"column":28},"end":{"line":54,"column":30}},"12":{"start":{"line":55,"column":35},"end":{"line":55,"column":40}},"13":{"start":{"line":56,"column":34},"end":{"line":56,"column":55}},"14":{"start":{"line":57,"column":28},"end":{"line":57,"column":30}},"15":{"start":{"line":58,"column":42},"end":{"line":58,"column":44}},"16":{"start":{"line":59,"column":27},"end":{"line":59,"column":31}},"17":{"start":{"line":66,"column":4},"end":{"line":66,"column":36}},"18":{"start":{"line":67,"column":4},"end":{"line":67,"column":34}},"19":{"start":{"line":68,"column":4},"end":{"line":68,"column":26}},"20":{"start":{"line":69,"column":4},"end":{"line":69,"column":17}},"21":{"start":{"line":70,"column":4},"end":{"line":70,"column":20}},"22":{"start":{"line":79,"column":4},"end":{"line":83,"column":5}},"23":{"start":{"line":80,"column":6},"end":{"line":80,"column":54}},"24":{"start":{"line":82,"column":6},"end":{"line":82,"column":29}},"25":{"start":{"line":84,"column":4},"end":{"line":84,"column":33}},"26":{"start":{"line":85,"column":4},"end":{"line":85,"column":80}},"27":{"start":{"line":85,"column":23},"end":{"line":85,"column":80}},"28":{"start":{"line":93,"column":4},"end":{"line":93,"column":60}},"29":{"start":{"line":94,"column":4},"end":{"line":94,"column":26}},"30":{"start":{"line":95,"column":4},"end":{"line":95,"column":34}},"31":{"start":{"line":96,"column":4},"end":{"line":96,"column":47}},"32":{"start":{"line":97,"column":4},"end":{"line":99,"column":5}},"33":{"start":{"line":98,"column":6},"end":{"line":98,"column":27}},"34":{"start":{"line":106,"column":4},"end":{"line":106,"column":77}},"35":{"start":{"line":106,"column":27},"end":{"line":106,"column":77}},"36":{"start":{"line":107,"column":4},"end":{"line":107,"column":89}},"37":{"start":{"line":107,"column":43},"end":{"line":107,"column":89}},"38":{"start":{"line":112,"column":4},"end":{"line":112,"column":39}},"39":{"start":{"line":112,"column":32},"end":{"line":112,"column":39}},"40":{"start":{"line":113,"column":4},"end":{"line":113,"column":72}},"41":{"start":{"line":113,"column":33},"end":{"line":113,"column":72}},"42":{"start":{"line":114,"column":4},"end":{"line":114,"column":45}},"43":{"start":{"line":115,"column":4},"end":{"line":117,"column":5}},"44":{"start":{"line":116,"column":6},"end":{"line":116,"column":50}},"45":{"start":{"line":132,"column":4},"end":{"line":134,"column":7}},"46":{"start":{"line":133,"column":6},"end":{"line":133,"column":63}},"47":{"start":{"line":142,"column":4},"end":{"line":142,"column":25}},"48":{"start":{"line":151,"column":20},"end":{"line":151,"column":55}},"49":{"start":{"line":152,"column":4},"end":{"line":152,"column":34}},"50":{"start":{"line":153,"column":4},"end":{"line":153,"column":19}},"51":{"start":{"line":157,"column":16},"end":{"line":157,"column":26}},"52":{"start":{"line":158,"column":4},"end":{"line":160,"column":5}},"53":{"start":{"line":159,"column":6},"end":{"line":159,"column":54}},"54":{"start":{"line":162,"column":4},"end":{"line":166,"column":6}},"55":{"start":{"line":168,"column":4},"end":{"line":171,"column":5}},"56":{"start":{"line":169,"column":6},"end":{"line":169,"column":25}},"57":{"start":{"line":170,"column":6},"end":{"line":170,"column":27}},"58":{"start":{"line":189,"column":30},"end":{"line":191,"column":6}},"59":{"start":{"line":193,"column":24},"end":{"line":193,"column":57}},"60":{"start":{"line":194,"column":4},"end":{"line":194,"column":71}},"61":{"start":{"line":194,"column":22},"end":{"line":194,"column":71}},"62":{"start":{"line":195,"column":20},"end":{"line":195,"column":46}},"63":{"start":{"line":196,"column":43},"end":{"line":196,"column":75}},"64":{"start":{"line":198,"column":4},"end":{"line":200,"column":5}},"65":{"start":{"line":199,"column":6},"end":{"line":199,"column":64}},"66":{"start":{"line":201,"column":4},"end":{"line":203,"column":5}},"67":{"start":{"line":202,"column":6},"end":{"line":202,"column":66}},"68":{"start":{"line":205,"column":37},"end":{"line":205,"column":86}},"69":{"start":{"line":207,"column":4},"end":{"line":238,"column":5}},"70":{"start":{"line":209,"column":8},"end":{"line":211,"column":55}},"71":{"start":{"line":210,"column":10},"end":{"line":210,"column":88}},"72":{"start":{"line":211,"column":15},"end":{"line":211,"column":55}},"73":{"start":{"line":212,"column":8},"end":{"line":212,"column":14}},"74":{"start":{"line":214,"column":8},"end":{"line":216,"column":54}},"75":{"start":{"line":215,"column":10},"end":{"line":215,"column":88}},"76":{"start":{"line":216,"column":15},"end":{"line":216,"column":54}},"77":{"start":{"line":218,"column":8},"end":{"line":229,"column":9}},"78":{"start":{"line":219,"column":48},"end":{"line":219,"column":80}},"79":{"start":{"line":220,"column":10},"end":{"line":228,"column":11}},"80":{"start":{"line":221,"column":12},"end":{"line":227,"column":14}},"81":{"start":{"line":230,"column":8},"end":{"line":230,"column":14}},"82":{"start":{"line":232,"column":8},"end":{"line":236,"column":9}},"83":{"start":{"line":233,"column":10},"end":{"line":233,"column":88}},"84":{"start":{"line":235,"column":10},"end":{"line":235,"column":49}},"85":{"start":{"line":237,"column":8},"end":{"line":237,"column":14}},"86":{"start":{"line":248,"column":17},"end":{"line":248,"column":37}},"87":{"start":{"line":250,"column":4},"end":{"line":250,"column":86}},"88":{"start":{"line":250,"column":79},"end":{"line":250,"column":86}},"89":{"start":{"line":251,"column":4},"end":{"line":261,"column":5}},"90":{"start":{"line":253,"column":8},"end":{"line":253,"column":48}},"91":{"start":{"line":254,"column":8},"end":{"line":254,"column":14}},"92":{"start":{"line":256,"column":8},"end":{"line":256,"column":47}},"93":{"start":{"line":257,"column":8},"end":{"line":257,"column":14}},"94":{"start":{"line":259,"column":8},"end":{"line":259,"column":47}},"95":{"start":{"line":260,"column":8},"end":{"line":260,"column":14}},"96":{"start":{"line":268,"column":4},"end":{"line":272,"column":5}},"97":{"start":{"line":269,"column":6},"end":{"line":271,"column":9}},"98":{"start":{"line":270,"column":8},"end":{"line":270,"column":35}},"99":{"start":{"line":273,"column":4},"end":{"line":277,"column":5}},"100":{"start":{"line":274,"column":6},"end":{"line":276,"column":9}},"101":{"start":{"line":275,"column":8},"end":{"line":275,"column":35}},"102":{"start":{"line":278,"column":4},"end":{"line":282,"column":5}},"103":{"start":{"line":279,"column":6},"end":{"line":281,"column":9}},"104":{"start":{"line":280,"column":8},"end":{"line":280,"column":36}},"105":{"start":{"line":291,"column":4},"end":{"line":291,"column":28}},"106":{"start":{"line":299,"column":4},"end":{"line":299,"column":29}},"107":{"start":{"line":303,"column":4},"end":{"line":303,"column":37}},"108":{"start":{"line":303,"column":30},"end":{"line":303,"column":37}},"109":{"start":{"line":304,"column":23},"end":{"line":309,"column":30}},"110":{"start":{"line":310,"column":4},"end":{"line":310,"column":49}},"111":{"start":{"line":321,"column":4},"end":{"line":325,"column":5}},"112":{"start":{"line":322,"column":6},"end":{"line":322,"column":37}},"113":{"start":{"line":324,"column":6},"end":{"line":324,"column":36}},"114":{"start":{"line":326,"column":4},"end":{"line":326,"column":18}},"115":{"start":{"line":327,"column":4},"end":{"line":327,"column":59}},"116":{"start":{"line":331,"column":4},"end":{"line":335,"column":5}},"117":{"start":{"line":332,"column":6},"end":{"line":332,"column":32}},"118":{"start":{"line":334,"column":6},"end":{"line":334,"column":28}},"119":{"start":{"line":336,"column":4},"end":{"line":336,"column":59}},"120":{"start":{"line":340,"column":25},"end":{"line":340,"column":48}},"121":{"start":{"line":341,"column":47},"end":{"line":341,"column":59}},"122":{"start":{"line":344,"column":4},"end":{"line":344,"column":42}},"123":{"start":{"line":344,"column":35},"end":{"line":344,"column":42}},"124":{"start":{"line":346,"column":4},"end":{"line":366,"column":5}},"125":{"start":{"line":347,"column":19},"end":{"line":347,"column":46}},"126":{"start":{"line":348,"column":6},"end":{"line":348,"column":45}},"127":{"start":{"line":348,"column":38},"end":{"line":348,"column":45}},"128":{"start":{"line":349,"column":23},"end":{"line":349,"column":35}},"129":{"start":{"line":350,"column":23},"end":{"line":350,"column":44}},"130":{"start":{"line":351,"column":6},"end":{"line":351,"column":53}},"131":{"start":{"line":352,"column":6},"end":{"line":357,"column":7}},"132":{"start":{"line":356,"column":8},"end":{"line":356,"column":46}},"133":{"start":{"line":359,"column":20},"end":{"line":359,"column":47}},"134":{"start":{"line":360,"column":6},"end":{"line":360,"column":25}},"135":{"start":{"line":360,"column":18},"end":{"line":360,"column":25}},"136":{"start":{"line":361,"column":23},"end":{"line":361,"column":36}},"137":{"start":{"line":362,"column":6},"end":{"line":362,"column":43}},"138":{"start":{"line":363,"column":6},"end":{"line":365,"column":7}},"139":{"start":{"line":364,"column":8},"end":{"line":364,"column":36}},"140":{"start":{"line":370,"column":25},"end":{"line":370,"column":48}},"141":{"start":{"line":371,"column":47},"end":{"line":371,"column":59}},"142":{"start":{"line":374,"column":4},"end":{"line":374,"column":42}},"143":{"start":{"line":374,"column":35},"end":{"line":374,"column":42}},"144":{"start":{"line":376,"column":4},"end":{"line":389,"column":5}},"145":{"start":{"line":377,"column":19},"end":{"line":377,"column":46}},"146":{"start":{"line":378,"column":6},"end":{"line":378,"column":45}},"147":{"start":{"line":378,"column":38},"end":{"line":378,"column":45}},"148":{"start":{"line":379,"column":23},"end":{"line":379,"column":35}},"149":{"start":{"line":380,"column":23},"end":{"line":380,"column":44}},"150":{"start":{"line":381,"column":6},"end":{"line":381,"column":57}},"151":{"start":{"line":382,"column":6},"end":{"line":382,"column":54}},"152":{"start":{"line":384,"column":20},"end":{"line":384,"column":47}},"153":{"start":{"line":385,"column":6},"end":{"line":385,"column":25}},"154":{"start":{"line":385,"column":18},"end":{"line":385,"column":25}},"155":{"start":{"line":386,"column":23},"end":{"line":386,"column":36}},"156":{"start":{"line":387,"column":6},"end":{"line":387,"column":47}},"157":{"start":{"line":388,"column":6},"end":{"line":388,"column":44}},"158":{"start":{"line":393,"column":4},"end":{"line":393,"column":27}},"159":{"start":{"line":397,"column":4},"end":{"line":403,"column":5}},"160":{"start":{"line":398,"column":6},"end":{"line":398,"column":30}},"161":{"start":{"line":399,"column":6},"end":{"line":399,"column":13}},"162":{"start":{"line":400,"column":11},"end":{"line":403,"column":5}},"163":{"start":{"line":401,"column":6},"end":{"line":401,"column":55}},"164":{"start":{"line":401,"column":31},"end":{"line":401,"column":55}},"165":{"start":{"line":402,"column":6},"end":{"line":402,"column":75}},"166":{"start":{"line":402,"column":41},"end":{"line":402,"column":75}},"167":{"start":{"line":407,"column":4},"end":{"line":409,"column":5}},"168":{"start":{"line":408,"column":6},"end":{"line":408,"column":42}},"169":{"start":{"line":417,"column":4},"end":{"line":417,"column":20}},"170":{"start":{"line":425,"column":4},"end":{"line":425,"column":22}},"171":{"start":{"line":433,"column":4},"end":{"line":433,"column":25}},"172":{"start":{"line":442,"column":4},"end":{"line":442,"column":29}},"173":{"start":{"line":450,"column":4},"end":{"line":450,"column":24}},"174":{"start":{"line":459,"column":4},"end":{"line":459,"column":28}},"175":{"start":{"line":467,"column":4},"end":{"line":467,"column":30}},"176":{"start":{"line":475,"column":4},"end":{"line":475,"column":54}},"177":{"start":{"line":484,"column":4},"end":{"line":490,"column":5}},"178":{"start":{"line":485,"column":6},"end":{"line":487,"column":9}},"179":{"start":{"line":486,"column":8},"end":{"line":486,"column":28}},"180":{"start":{"line":488,"column":11},"end":{"line":490,"column":5}},"181":{"start":{"line":489,"column":6},"end":{"line":489,"column":28}},"182":{"start":{"line":491,"column":4},"end":{"line":491,"column":46}},"183":{"start":{"line":499,"column":4},"end":{"line":499,"column":32}},"184":{"start":{"line":500,"column":4},"end":{"line":500,"column":38}},"185":{"start":{"line":500,"column":15},"end":{"line":500,"column":38}},"186":{"start":{"line":501,"column":4},"end":{"line":506,"column":5}},"187":{"start":{"line":502,"column":6},"end":{"line":505,"column":9}},"188":{"start":{"line":503,"column":22},"end":{"line":503,"column":39}},"189":{"start":{"line":504,"column":8},"end":{"line":504,"column":76}},"190":{"start":{"line":504,"column":62},"end":{"line":504,"column":76}},"191":{"start":{"line":507,"column":4},"end":{"line":512,"column":5}},"192":{"start":{"line":508,"column":6},"end":{"line":511,"column":9}},"193":{"start":{"line":509,"column":22},"end":{"line":509,"column":39}},"194":{"start":{"line":510,"column":8},"end":{"line":510,"column":76}},"195":{"start":{"line":510,"column":62},"end":{"line":510,"column":76}},"196":{"start":{"line":513,"column":4},"end":{"line":518,"column":5}},"197":{"start":{"line":514,"column":6},"end":{"line":517,"column":9}},"198":{"start":{"line":515,"column":23},"end":{"line":515,"column":41}},"199":{"start":{"line":516,"column":8},"end":{"line":516,"column":79}},"200":{"start":{"line":516,"column":64},"end":{"line":516,"column":79}},"201":{"start":{"line":519,"column":4},"end":{"line":519,"column":25}},"202":{"start":{"line":520,"column":4},"end":{"line":520,"column":31}},"203":{"start":{"line":521,"column":4},"end":{"line":521,"column":44}},"204":{"start":{"line":528,"column":4},"end":{"line":533,"column":5}},"205":{"start":{"line":529,"column":6},"end":{"line":532,"column":9}},"206":{"start":{"line":530,"column":22},"end":{"line":530,"column":39}},"207":{"start":{"line":531,"column":8},"end":{"line":531,"column":85}},"208":{"start":{"line":531,"column":68},"end":{"line":531,"column":85}},"209":{"start":{"line":534,"column":4},"end":{"line":534,"column":46}},"210":{"start":{"line":541,"column":4},"end":{"line":541,"column":63}},"211":{"start":{"line":541,"column":56},"end":{"line":541,"column":63}},"212":{"start":{"line":542,"column":4},"end":{"line":547,"column":5}},"213":{"start":{"line":543,"column":6},"end":{"line":546,"column":9}},"214":{"start":{"line":544,"column":22},"end":{"line":544,"column":39}},"215":{"start":{"line":545,"column":8},"end":{"line":545,"column":73}},"216":{"start":{"line":545,"column":60},"end":{"line":545,"column":73}},"2
[...]
t":{"line":46,"column":2},"end":{"line":46,"column":7}},"loc":{"start":{"line":46,"column":18},"end":{"line":51,"column":3}}},"3":{"name":"(anonymous_9)","decl":{"start":{"line":53,"column":2},"end":{"line":53,"column":14}},"loc":{"start":{"line":53,"column":14},"end":{"line":55,"column":3}}},"4":{"name":"(anonymous_10)","decl":{"start":{"line":57,"column":2},"end":{"line":57,"column":15}},"loc":{"start":{"line":57,"column":15},"end":{"line":60,"column":3}}},"5":{"name":"(anonymous_11)","decl":{"start":{"line":62,"column":2},"end":{"line":62,"column":12}},"loc":{"start":{"line":62,"column":12},"end":{"line":67,"column":3}}},"6":{"name":"(anonymous_12)","decl":{"start":{"line":64,"column":59},"end":{"line":64,"column":60}},"loc":{"start":{"line":64,"column":74},"end":{"line":66,"column":7}}},"7":{"name":"(anonymous_13)","decl":{"start":{"line":69,"column":2},"end":{"line":69,"column":20}},"loc":{"start":{"line":69,"column":20},"end":{"line":77,"column":3}}},"8":{"name":"(anonymous_14)","decl":{"start":{"line":79,"column":2},"end":{"line":79,"column":10}},"loc":{"start":{"line":79,"column":10},"end":{"line":81,"column":3}}}},"branchMap":{"0":{"loc":{"start":{"line":25,"column":6},"end":{"line":25,"column":73}},"type":"if","locations":[{"start":{"line":25,"column":6},"end":{"line":25,"column":73}}]},"1":{"loc":{"start":{"line":25,"column":10},"end":{"line":25,"column":28}},"type":"binary-expr","locations":[{"start":{"line":25,"column":10},"end":{"line":25,"column":18}},{"start":{"line":25,"column":22},"end":{"line":25,"column":28}}]},"2":{"loc":{"start":{"line":58,"column":4},"end":{"line":59,"column":81}},"type":"if","locations":[{"start":{"line":58,"column":4},"end":{"line":59,"column":81}}]},"3":{"loc":{"start":{"line":58,"column":8},"end":{"line":58,"column":49}},"type":"binary-expr","locations":[{"start":{"line":58,"column":8},"end":{"line":58,"column":25}},{"start":{"line":58,"column":29},"end":{"line":58,"column":49}}]},"4":{"loc":{"start":{"line":59,"column":53},"end":{"line":59,"column":79}},"type":"binary-expr","locations":[{"start":{"line":59,"column":53},"end":{"line":59,"column":73}},{"start":{"line":59,"column":77},"end":{"line":59,"column":79}}]},"5":{"loc":{"start":{"line":63,"column":4},"end":{"line":66,"column":9}},"type":"if","locations":[{"start":{"line":63,"column":4},"end":{"line":66,"column":9}}]},"6":{"loc":{"start":{"line":73,"column":51},"end":{"line":73,"column":84}},"type":"binary-expr","locations":[{"start":{"line":73,"column":51},"end":{"line":73,"column":68}},{"start":{"line":73,"column":72},"end":{"line":73,"column":84}}]},"7":{"loc":{"start":{"line":74,"column":51},"end":{"line":74,"column":89}},"type":"cond-expr","locations":[{"start":{"line":74,"column":74},"end":{"line":74,"column":80}},{"start":{"line":74,"column":83},"end":{"line":74,"column":89}}]},"8":{"loc":{"start":{"line":76,"column":4},"end":{"line":76,"column":114}},"type":"if","locations":[{"start":{"line":76,"column":4},"end":{"line":76,"column":114}}]}},"s":{"0":25,"1":25,"2":25,"3":25,"4":4,"5":2,"6":1,"7":1,"8":4,"9":4,"10":4,"11":4,"12":4,"13":4,"14":4,"15":4,"16":4,"17":2,"18":4,"19":1,"20":4,"21":4,"22":1,"23":4,"24":4,"25":4,"26":4,"27":4,"28":4,"29":4,"30":1,"31":25},"f":{"0":2,"1":4,"2":4,"3":2,"4":4,"5":4,"6":1,"7":4,"8":1},"b":{"0":[1],"1":[2,1],"2":[1],"3":[4,4],"4":[1,0],"5":[4],"6":[4,0],"7":[1,3],"8":[4]}}
,"C:\\www\\sideprojects\\forms.js\\packages\\core\\src\\fields\\urlField.ts": {"path":"C:\\www\\sideprojects\\forms.js\\packages\\core\\src\\fields\\urlField.ts","statementMap":{"0":{"start":{"line":1,"column":0},"end":{"line":1,"column":null}},"1":{"start":{"line":7,"column":0},"end":{"line":7,"column":33}},"2":{"start":{"line":12,"column":33},"end":{"line":23,"column":4}},"3":{"start":{"line":17,"column":6},"end":{"line":17,"column":73}},"4":{"start":{"line":17,"column":30},"end":{"line":17,"column":73}},"5":{"start":{"line":18,"column":6},"end":{"line":18,"column":116}},"6":{"start":{"line":18,"column":78},"end":{"line":18,"column":116}},"7":{"start":{"line":19,"column":6},"end":{"line":19,"column":18}},"8":{"start":{"line":26,"column":4},"end":{"line":26,"column":429}},"9":{"start":{"line":29,"column":4},"end":{"line":29,"column":33}},"10":{"start":{"line":30,"column":4},"end":{"line":30,"column":36}},"11":{"start":{"line":31,"column":4},"end":{"line":31,"column":17}},"12":{"start":{"line":32,"column":4},"end":{"line":32,"column":22}},"13":{"start":{"line":36,"column":4},"end":{"line":36,"column":40}},"14":{"start":{"line":11,"column":0},"end":{"line":11,"column":13}}},"fnMap":{"0":{"name":"(anonymous_0)","decl":{"start":{"line":16,"column":16},"end":{"line":16,"column":17}},"loc":{"start":{"line":16,"column":42},"end":{"line":20,"column":5}}},"1":{"name":"(anonymous_1)","decl":{"start":{"line":28,"column":2},"end":{"line":28,"column":14}},"loc":{"start":{"line":28,"column":68},"end":{"line":33,"column":3}}},"2":{"name":"(anonymous_2)","decl":{"start":{"line":35,"column":2},"end":{"line":35,"column":10}},"loc":{"start":{"line":35,"column":10},"end":{"line":37,"column":3}}}},"branchMap":{"0":{"loc":{"start":{"line":17,"column":6},"end":{"line":17,"column":73}},"type":"if","locations":[{"start":{"line":17,"column":6},"end":{"line":17,"column":73}}]},"1":{"loc":{"start":{"line":17,"column":10},"end":{"line":17,"column":28}},"type":"binary-expr","locations":[{"start":{"line":17,"column":10},"end":{"line":17,"column":18}},{"start":{"line":17,"column":22},"end":{"line":17,"column":28}}]},"2":{"loc":{"start":{"line":18,"column":6},"end":{"line":18,"column":116}},"type":"if","locations":[{"start":{"line":18,"column":6},"end":{"line":18,"column":116}}]},"3":{"loc":{"start":{"line":18,"column":10},"end":{"line":18,"column":76}},"type":"binary-expr","locations":[{"start":{"line":18,"column":10},"end":{"line":18,"column":15}},{"start":{"line":18,"column":19},"end":{"line":18,"column":44}},{"start":{"line":18,"column":48},"end":{"line":18,"column":76}}]}},"s":{"0":25,"1":25,"2":4,"3":3,"4":1,"5":2,"6":1,"7":1,"8":4,"9":4,"10":4,"11":4,"12":4,"13":1,"14":25},"f":{"0":3,"1":4,"2":1},"b":{"0":[1],"1":[3,3],"2":[1],"3":[2,2,2]}}
,"C:\\www\\sideprojects\\forms.js\\packages\\core\\src\\fields\\weekField.ts": {"path":"C:\\www\\sideprojects\\forms.js\\packages\\core\\src\\fields\\weekField.ts","statementMap":{"0":{"start":{"line":1,"column":0},"end":{"line":1,"column":49}},"1":{"start":{"line":2,"column":19},"end":{"line":2,"column":54}},"2":{"start":{"line":3,"column":0},"end":{"line":3,"column":33}},"3":{"start":{"line":6,"column":0},"end":{"line":6,"column":76}},"4":{"start":{"line":8,"column":0},"end":{"line":8,"column":null}},"5":{"start":{"line":21,"column":37},"end":{"line":37,"column":4}},"6":{"start":{"line":26,"column":6},"end":{"line":26,"column":73}},"7":{"start":{"line":26,"column":30},"end":{"line":26,"column":73}},"8":{"start":{"line":27,"column":6},"end":{"line":27,"column":18}},"9":{"start":{"line":39,"column":43},"end":{"line":39,"column":47}},"10":{"start":{"line":42,"column":4},"end":{"line":42,"column":33}},"11":{"start":{"line":43,"column":4},"end":{"line":43,"column":36}},"12":{"start":{"line":44,"column":4},"end":{"line":44,"column":17}},"13":{"start":{"line":45,"column":4},"end":{"line":45,"column":22}},"14":{"start":{"line":49,"column":4},"end":{"line":49,"column":16}},"15":{"start":{"line":50,"column":4},"end":{"line":50,"column":18}},"16":{"start":{"line":51,"column":4},"end":{"line":51,"column":25}},"17":{"start":{"line":52,"column":4},"end":{"line":52,"column":22}},"18":{"start":{"line":56,"column":4},"end":{"line":56,"column":27}},"19":{"start":{"line":60,"column":4},"end":{"line":61,"column":81}},"20":{"start":{"line":61,"column":6},"end":{"line":61,"column":81}},"21":{"start":{"line":65,"column":4},"end":{"line":68,"column":9}},"22":{"start":{"line":66,"column":6},"end":{"line":68,"column":9}},"23":{"start":{"line":67,"column":8},"end":{"line":67,"column":27}},"24":{"start":{"line":73,"column":4},"end":{"line":73,"column":62}},"25":{"start":{"line":74,"column":4},"end":{"line":74,"column":63}},"26":{"start":{"line":75,"column":4},"end":{"line":75,"column":86}},"27":{"start":{"line":76,"column":4},"end":{"line":76,"column":91}},"28":{"start":{"line":77,"column":4},"end":{"line":77,"column":58}},"29":{"start":{"line":78,"column":4},"end":{"line":78,"column":114}},"30":{"start":{"line":78,"column":34},"end":{"line":78,"column":114}},"31":{"start":{"line":82,"column":4},"end":{"line":82,"column":40}},"32":{"start":{"line":20,"column":0},"end":{"line":20,"column":13}}},"fnMap":{"0":{"name":"(anonymous_7)","decl":{"start":{"line":25,"column":16},"end":{"line":25,"column":17}},"loc":{"start":{"line":25,"column":42},"end":{"line":28,"column":5}}},"1":{"name":"(anonymous_8)","decl":{"start":{"line":41,"column":2},"end":{"line":41,"column":14}},"loc":{"start":{"line":41,"column":72},"end":{"line":46,"column":3}}},"2":{"name":"(anonymous_9)","decl":{"start":{"line":48,"column":2},"end":{"line":48,"column":7}},"loc":{"start":{"line":48,"column":18},"end":{"line":53,"column":3}}},"3":{"name":"(anonymous_10)","decl":{"start":{"line":55,"column":2},"end":{"line":55,"column":14}},"loc":{"start":{"line":55,"column":14},"end":{"line":57,"column":3}}},"4":{"name":"(anonymous_11)","decl":{"start":{"line":59,"column":2},"end":{"line":59,"column":15}},"loc":{"start":{"line":59,"column":15},"end":{"line":62,"column":3}}},"5":{"name":"(anonymous_12)","decl":{"start":{"line":64,"column":2},"end":{"line":64,"column":12}},"loc":{"start":{"line":64,"column":12},"end":{"line":69,"column":3}}},"6":{"name":"(anonymous_13)","decl":{"start":{"line":66,"column":59},"end":{"line":66,"column":60}},"loc":{"start":{"line":66,"column":74},"end":{"line":68,"column":7}}},"7":{"name":"(anonymous_14)","decl":{"start":{"line":71,"column":2},"end":{"line":71,"column":20}},"loc":{"start":{"line":71,"column":20},"end":{"line":79,"column":3}}},"8":{"name":"(anonymous_15)","decl":{"start":{"line":81,"column":2},"end":{"line":81,"column":10}},"loc":{"start":{"line":81,"column":10},"end":{"line":83,"column":3}}}},"branchMap":{"0":{"loc":{"start":{"line":26,"column":6},"end":{"line":26,"column":73}},"type":"if","locations":[{"start":{"line":26,"column":6},"end":{"line":26,"column":73}}]},"1":{"loc":{"start":{"line":26,"column":10},"end":{"line":26,"column":28}},"type":"binary-expr","locations":[{"start":{"line":26,"column":10},"end":{"line":26,"column":18}},{"start":{"line":26,"column":22},"end":{"line":26,"column":28}}]},"2":{"loc":{"start":{"line":60,"column":4},"end":{"line":61,"column":81}},"type":"if","locations":[{"start":{"line":60,"column":4},"end":{"line":61,"column":81}}]},"3":{"loc":{"start":{"line":60,"column":8},"end":{"line":60,"column":49}},"type":"binary-expr","locations":[{"start":{"line":60,"column":8},"end":{"line":60,"column":25}},{"start":{"line":60,"column":29},"end":{"line":60,"column":49}}]},"4":{"loc":{"start":{"line":61,"column":53},"end":{"line":61,"column":79}},"type":"binary-expr","locations":[{"start":{"line":61,"column":53},"end":{"line":61,"column":73}},{"start":{"line":61,"column":77},"end":{"line":61,"column":79}}]},"5":{"loc":{"start":{"line":65,"column":4},"end":{"line":68,"column":9}},"type":"if","locations":[{"start":{"line":65,"column":4},"end":{"line":68,"column":9}}]},"6":{"loc":{"start":{"line":75,"column":51},"end":{"line":75,"column":84}},"type":"binary-expr","locations":[{"start":{"line":75,"column":51},"end":{"line":75,"column":68}},{"start":{"line":75,"column":72},"end":{"line":75,"column":84}}]},"7":{"loc":{"start":{"line":76,"column":51},"end":{"line":76,"column":89}},"type":"cond-expr","locations":[{"start":{"line":76,"column":74},"end":{"line":76,"column":80}},{"start":{"line":76,"column":83},"end":{"line":76,"column":89}}]},"8":{"loc":{"start":{"line":78,"column":4},"end":{"line":78,"column":114}},"type":"if","locations":[{"start":{"line":78,"column":4},"end":{"line":78,"column":114}}]}},"s":{"0":25,"1":25,"2":25,"3":25,"4":25,"5":4,"6":2,"7":1,"8":1,"9":4,"10":4,"11":4,"12":4,"13":4,"14":4,"15":4,"16":4,"17":4,"18":2,"19":4,"20":1,"21":4,"22":4,"23":1,"24":4,"25":4,"26":4,"27":4,"28":4,"29":4,"30":4,"31":1,"32":25},"f":{"0":2,"1":4,"2":4,"3":2,"4":4,"5":4,"6":1,"7":4,"8":1},"b":{"0":[1],"1":[2,1],"2":[1],"3":[4,4],"4":[1,0],"5":[4],"6":[4,0],"7":[1,3],"8":[4]}}
,"C:\\www\\sideprojects\\forms.js\\packages\\core\\src\\tests\\test.options.ts": {"path":"C:\\www\\sideprojects\\forms.js\\packages\\core\\src\\tests\\test.options.ts","statementMap":{"0":{"start":{"line":1,"column":0},"end":{"line":1,"column":null}},"1":{"start":{"line":24,"column":0},"end":{"line":24,"column":66}},"2":{"start":{"line":26,"column":13},"end":{"line":26,"column":42}},"3":{"start":{"line":27,"column":13},"end":{"line":27,"column":49}},"4":{"start":{"line":28,"column":13},"end":{"line":28,"column":38}},"5":{"start":{"line":29,"column":13},"end":{"line":29,"column":39}},"6":{"start":{"line":30,"column":13},"end":{"line":30,"column":45}},"7":{"start":{"line":31,"column":13},"end":{"line":31,"column":47}},"8":{"start":{"line":32,"column":13},"end":{"line":32,"column":57}},"9":{"start":{"line":33,"column":13},"end":{"line":33,"column":51}},"10":{"start":{"line":34,"column":13},"end":{"line":34,"column":39}},"11":{"start":{"line":35,"column":13},"end":{"line":35,"column":54}},"12":{"start":{"line":36,"column":13},"end":{"line":36,"column":45}},"13":{"start":{"line":37,"column":13},"end":{"line":37,"column":58}},"14":{"start":{"line":38,"column":13},"end":{"line":38,"column":40}},"15":{"start":{"line":39,"column":13},"end":{"line":39,"column":35}},"16":{"start":{"line":40,"column":13},"end":{"line":40,"column":73}},"17":{"start":{"line":41,"column":13},"end":{"line":41,"column":45}},"18":{"start":{"line":42,"column":13},"end":{"line":42,"column":40}},"19":{"start":{"line":43,"column":13},"end":{"line":43,"column":40}},"20":{"start":{"line":44,"column":13},"end":{"line":44,"column":39}},"21":{"start":{"line":45,"column":13},"end":{"line":45,"column":38}},"22":{"start":{"line":46,"column":13},"end":{"line":46,"column":42}},"23":{"start":{"line":47,"column":13},"end":{"line":47,"column":44}},"24":{"start":{"line":49,"column":13},"end":{"line":49,"column":47}},"25":{"start":{"line":50,"column":13},"end":{"line":50,"column":55}},"26":{"start":{"line":51,"column":13},"end":{"line":51,"column":49}},"27":{"start":{"line":52,"column":13},"end":{"line":52,"column":47}},"28":{"start":{"line":53,"column":13},"end":{"line":53,"column":49}},"29":{"start":{"line":54,"column":13},"end":{"line":54,"column":47}},"30":{"start":{"line":55,"column":13},"end":{"line":55,"column":51}},"31":{"start":{"line":56,"column":13},"end":{"line":56,"column":51}},"32":{"start":{"line":57,"column":13},"end":{"line":57,"column":55}},"33":{"start":{"line":58,"column":13},"end":{"line":58,"column":57}},"34":{"start":{"line":59,"column":13},"end":{"line":59,"column":45}},"35":{"start":{"line":60,"column":13},"end":{"line":60,"column":55}},"36":{"start":{"line":61,"column":13},"end":{"line":61,"column":51}},"37":{"start":{"line":62,"column":13},"end":{"line":62,"column":49}},"38":{"start":{"line":63,"column":13},"end":{"line":63,"column":67}},"39":{"start":{"line":64,"column":13},"end":{"line":64,"column":67}},"40":{"start":{"line":65,"column":13},"end":{"line":65,"column":49}},"41":{"start":{"line":66,"column":13},"end":{"line":66,"column":51}},"42":{"start":{"line":67,"column":13},"end":{"line":67,"column":47}},"43":{"start":{"line":68,"column":13},"end":{"line":68,"column":47}},"44":{"start":{"line":69,"column":13},"end":{"line":69,"column":39}},"45":{"start":{"line":70,"column":13},"end":{"line":70,"column":37}},"46":{"start":{"line":72,"column":13},"end":{"line":89,"column":2}},"47":{"start":{"line":91,"column":13},"end":{"line":100,"column":2}},"48":{"start":{"line":102,"column":13},"end":{"line":102,"column":85}},"49":{"start":{"line":103,"column":13},"end":{"line":103,"column":91}},"50":{"start":{"line":104,"column":13},"end":{"line":104,"column":51}},"51":{"start":{"line":106,"column":30},"end":{"line":106,"column":41}},"52":{"start":{"line":106,"column":36},"end":{"line":106,"column":41}},"53":{"start":{"line":106,"column":13},"end":{"line":106,"column":30}},"54":{"start":{"line":108,"column":13},"end":{"line":111,"column":2}},"55":{"start":{"line":113,"column":13},"end":{"line":120,"column":2}},"56":{"start":{"line":122,"column":13},"end":{"line":129,"column":2}},"57":{"start":{"line":131,"column":13},"end":{"line":138,"column":2}},"58":{"start":{"line":140,"column":13},"end":{"line":149,"column":2}},"59":{"start":{"line":151,"column":13},"end":{"line":160,"column":2}},"60":{"start":{"line":162,"column":13},"end":{"line":170,"column":2}},"61":{"start":{"line":172,"column":13},"end":{"line":181,"column":2}},"62":{"start":{"line":183,"column":13},"end":{"line":189,"column":2}},"63":{"start":{"line":191,"column":13},"end":{"line":200,"column":2}},"64":{"start":{"line":202,"column":13},"end":{"line":210,"column":2}},"65":{"start":{"line":212,"column":13},"end":{"line":220,"column":2}},"66":{"start":{"line":222,"column":13},"end":{"line":230,"column":2}},"67":{"start":{"line":232,"column":13},"end":{"line":240,"column":2}},"68":{"start":{"line":242,"column":13},"end":{"line":262,"column":2}},"69":{"start":{"line":264,"column":13},"end":{"line":275,"column":2}},"70":{"start":{"line":277,"column":13},"end":{"line":288,"column":2}},"71":{"start":{"line":290,"column":13},"end":{"line":305,"column":2}},"72":{"start":{"line":299,"column":4},"end":{"line":299,"column":26}},"73":{"start":{"line":302,"column":4},"end":{"line":302,"column":32}},"74":{"start":{"line":307,"column":13},"end":{"line":313,"column":2}},"75":{"start":{"line":315,"column":13},"end":{"line":324,"column":2}},"76":{"start":{"line":326,"column":13},"end":{"line":335,"column":2}},"77":{"start":{"line":337,"column":13},"end":{"line":340,"column":2}},"78":{"start":{"line":342,"column":13},"end":{"line":346,"column":2}},"79":{"start":{"line":349,"column":17},"end":{"line":349,"column":46}},"80":{"start":{"line":350,"column":2},"end":{"line":350,"column":31}},"81":{"start":{"line":351,"column":2},"end":{"line":351,"column":29}},"82":{"start":{"line":352,"column":2},"end":{"line":352,"column":22}},"83":{"start":{"line":353,"column":31},"end":{"line":357,"column":4}},"84":{"start":{"line":358,"column":15},"end":{"line":358,"column":40}},"85":{"start":{"line":359,"column":2},"end":{"line":359,"column":14}},"86":{"start":{"line":348,"column":0},"end":{"line":348,"column":16}}},"fnMap":{"0":{"name":"(anonymous_0)","decl":{"start":{"line":106,"column":30},"end":{"line":106,"column":33}},"loc":{"start":{"line":106,"column":36},"end":{"line":106,"column":41}}},"1":{"name":"(anonymous_1)","decl":{"start":{"line":298,"column":15},"end":{"line":298,"column":20}},"loc":{"start":{"line":298,"column":39},"end":{"line":300,"column":3}}},"2":{"name":"(anonymous_2)","decl":{"start":{"line":301,"column":16},"end":{"line":301,"column":21}},"loc":{"start":{"line":301,"column":40},"end":{"line":303,"column":3}}},"3":{"name":"createForm","decl":{"start":{"line":348,"column":16},"end":{"line":348,"column":26}},"loc":{"start":{"line":348,"column":52},"end":{"line":360,"column":1}}}},"branchMap":{},"s":{"0":22,"1":22,"2":22,"3":22,"4":22,"5":22,"6":22,"7":22,"8":22,"9":22,"10":22,"11":22,"12":22,"13":22,"14":22,"15":22,"16":22,"17":22,"18":22,"19":22,"20":22,"21":22,"22":22,"23":22,"24":22,"25":22,"26":22,"27":22,"28":22,"29":22,"30":22,"31":22,"32":22,"33":22,"34":22,"35":22,"36":22,"37":22,"38":22,"39":22,"40":22,"41":22,"42":22,"43":22,"44":22,"45":22,"46":22,"47":22,"48":22,"49":22,"50":22,"51":22,"52":1,"53":22,"54":22,"55":22,"56":22,"57":22,"58":22,"59":22,"60":22,"61":22,"62":22,"63":22,"64":22,"65":22,"66":22,"67":22,"68":22,"69":22,"70":22,"71":22,"72":2,"73":1,"74":22,"75":22,"76":22,"77":22,"78":22,"79":155,"80":155,"81":155,"82":155,"83":155,"84":155,"85":154,"86":22},"f":{"0":1,"1":2,"2":1,"3":155},"b":{}}
}
