{"C:\\www\\forms.js\\packages\\core\\src\\button.ts": {"path":"C:\\www\\forms.js\\packages\\core\\src\\button.ts","statementMap":{"0":{"start":{"line":2,"column":0},"end":{"line":2,"column":103}},"1":{"start":{"line":5,"column":0},"end":{"line":5,"column":null}},"2":{"start":{"line":17,"column":34},"end":{"line":23,"column":4}},"3":{"start":{"line":24,"column":48},"end":{"line":24,"column":52}},"4":{"start":{"line":25,"column":45},"end":{"line":25,"column":49}},"5":{"start":{"line":30,"column":32},"end":{"line":30,"column":37}},"6":{"start":{"line":31,"column":32},"end":{"line":31,"column":36}},"7":{"start":{"line":33,"column":56},"end":{"line":33,"column":60}},"8":{"start":{"line":42,"column":4},"end":{"line":42,"column":36}},"9":{"start":{"line":43,"column":4},"end":{"line":43,"column":26}},"10":{"start":{"line":44,"column":4},"end":{"line":44,"column":22}},"11":{"start":{"line":45,"column":4},"end":{"line":45,"column":31}},"12":{"start":{"line":46,"column":4},"end":{"line":46,"column":30}},"13":{"start":{"line":47,"column":4},"end":{"line":47,"column":17}},"14":{"start":{"line":48,"column":4},"end":{"line":48,"column":22}},"15":{"start":{"line":56,"column":4},"end":{"line":56,"column":60}},"16":{"start":{"line":61,"column":4},"end":{"line":61,"column":33}},"17":{"start":{"line":62,"column":4},"end":{"line":62,"column":23}},"18":{"start":{"line":67,"column":4},"end":{"line":69,"column":null}},"19":{"start":{"line":68,"column":6},"end":{"line":68,"column":77}},"20":{"start":{"line":74,"column":4},"end":{"line":74,"column":20}},"21":{"start":{"line":79,"column":4},"end":{"line":79,"column":33}},"22":{"start":{"line":84,"column":4},"end":{"line":84,"column":22}},"23":{"start":{"line":89,"column":4},"end":{"line":89,"column":35}},"24":{"start":{"line":94,"column":4},"end":{"line":94,"column":27}},"25":{"start":{"line":99,"column":4},"end":{"line":99,"column":64}},"26":{"start":{"line":100,"column":4},"end":{"line":100,"column":69}},"27":{"start":{"line":101,"column":4},"end":{"line":101,"column":86}},"28":{"start":{"line":106,"column":4},"end":{"line":106,"column":64}},"29":{"start":{"line":107,"column":4},"end":{"line":107,"column":59}},"30":{"start":{"line":108,"column":4},"end":{"line":108,"column":60}},"31":{"start":{"line":109,"column":4},"end":{"line":109,"column":77}},"32":{"start":{"line":110,"column":4},"end":{"line":110,"column":57}},"33":{"start":{"line":111,"column":4},"end":{"line":111,"column":107}},"34":{"start":{"line":111,"column":86},"end":{"line":111,"column":105}},"35":{"start":{"line":116,"column":4},"end":{"line":116,"column":34}},"36":{"start":{"line":117,"column":4},"end":{"line":117,"column":31}},"37":{"start":{"line":118,"column":4},"end":{"line":118,"column":109}},"38":{"start":{"line":118,"column":53},"end":{"line":118,"column":109}},"39":{"start":{"line":123,"column":4},"end":{"line":123,"column":75}},"40":{"start":{"line":123,"column":28},"end":{"line":123,"column":75}},"41":{"start":{"line":124,"column":4},"end":{"line":124,"column":27}},"42":{"start":{"line":129,"column":4},"end":{"line":129,"column":63}},"43":{"start":{"line":129,"column":28},"end":{"line":129,"column":63}},"44":{"start":{"line":130,"column":4},"end":{"line":130,"column":28}},"45":{"start":{"line":135,"column":4},"end":{"line":135,"column":44}},"46":{"start":{"line":135,"column":22},"end":{"line":135,"column":44}},"47":{"start":{"line":140,"column":4},"end":{"line":140,"column":58}},"48":{"start":{"line":140,"column":45},"end":{"line":140,"column":58}},"49":{"start":{"line":141,"column":4},"end":{"line":141,"column":60}},"50":{"start":{"line":141,"column":45},"end":{"line":141,"column":60}},"51":{"start":{"line":149,"column":4},"end":{"line":149,"column":76}},"52":{"start":{"line":149,"column":28},"end":{"line":149,"column":76}},"53":{"start":{"line":154,"column":4},"end":{"line":154,"column":18}},"54":{"start":{"line":159,"column":4},"end":{"line":159,"column":45}},"55":{"start":{"line":160,"column":4},"end":{"line":160,"column":28}},"56":{"start":{"line":165,"column":4},"end":{"line":171,"column":null}},"57":{"start":{"line":166,"column":6},"end":{"line":170,"column":null}},"58":{"start":{"line":167,"column":8},"end":{"line":167,"column":108}},"59":{"start":{"line":168,"column":13},"end":{"line":170,"column":null}},"60":{"start":{"line":169,"column":8},"end":{"line":169,"column":72}},"61":{"start":{"line":16,"column":0},"end":{"line":16,"column":13}}},"fnMap":{"0":{"name":"(anonymous_0)","decl":{"start":{"line":41,"column":2},"end":{"line":41,"column":14}},"loc":{"start":{"line":41,"column":69},"end":{"line":49,"column":3}}},"1":{"name":"(anonymous_1)","decl":{"start":{"line":55,"column":2},"end":{"line":55,"column":19}},"loc":{"start":{"line":55,"column":42},"end":{"line":57,"column":3}}},"2":{"name":"(anonymous_2)","decl":{"start":{"line":60,"column":2},"end":{"line":60,"column":7}},"loc":{"start":{"line":60,"column":18},"end":{"line":63,"column":3}}},"3":{"name":"(anonymous_3)","decl":{"start":{"line":66,"column":10},"end":{"line":66,"column":31}},"loc":{"start":{"line":66,"column":31},"end":{"line":70,"column":3}}},"4":{"name":"(anonymous_4)","decl":{"start":{"line":73,"column":2},"end":{"line":73,"column":7}},"loc":{"start":{"line":73,"column":7},"end":{"line":75,"column":3}}},"5":{"name":"(anonymous_5)","decl":{"start":{"line":78,"column":2},"end":{"line":78,"column":14}},"loc":{"start":{"line":78,"column":14},"end":{"line":80,"column":3}}},"6":{"name":"(anonymous_6)","decl":{"start":{"line":83,"column":2},"end":{"line":83,"column":9}},"loc":{"start":{"line":83,"column":9},"end":{"line":85,"column":3}}},"7":{"name":"(anonymous_7)","decl":{"start":{"line":88,"column":2},"end":{"line":88,"column":15}},"loc":{"start":{"line":88,"column":15},"end":{"line":90,"column":3}}},"8":{"name":"(anonymous_8)","decl":{"start":{"line":93,"column":2},"end":{"line":93,"column":15}},"loc":{"start":{"line":93,"column":15},"end":{"line":95,"column":3}}},"9":{"name":"(anonymous_9)","decl":{"start":{"line":98,"column":2},"end":{"line":98,"column":24}},"loc":{"start":{"line":98,"column":24},"end":{"line":102,"column":3}}},"10":{"name":"(anonymous_10)","decl":{"start":{"line":105,"column":2},"end":{"line":105,"column":21}},"loc":{"start":{"line":105,"column":21},"end":{"line":112,"column":3}}},"11":{"name":"(anonymous_11)","decl":{"start":{"line":111,"column":57},"end":{"line":111,"column":58}},"loc":{"start":{"line":111,"column":86},"end":{"line":111,"column":105}}},"12":{"name":"(anonymous_12)","decl":{"start":{"line":115,"column":2},"end":{"line":115,"column":7}},"loc":{"start":{"line":115,"column":7},"end":{"line":119,"column":3}}},"13":{"name":"(anonymous_13)","decl":{"start":{"line":122,"column":10},"end":{"line":122,"column":15}},"loc":{"start":{"line":122,"column":15},"end":{"line":125,"column":3}}},"14":{"name":"(anonymous_14)","decl":{"start":{"line":128,"column":10},"end":{"line":128,"column":17}},"loc":{"start":{"line":128,"column":17},"end":{"line":131,"column":3}}},"15":{"name":"(anonymous_15)","decl":{"start":{"line":134,"column":2},"end":{"line":134,"column":9}},"loc":{"start":{"line":134,"column":9},"end":{"line":136,"column":3}}},"16":{"name":"(anonymous_16)","decl":{"start":{"line":139,"column":2},"end":{"line":139,"column":18}},"loc":{"start":{"line":139,"column":18},"end":{"line":142,"column":3}}},"17":{"name":"(anonymous_17)","decl":{"start":{"line":148,"column":2},"end":{"line":148,"column":9}},"loc":{"start":{"line":148,"column":27},"end":{"line":150,"column":3}}},"18":{"name":"(anonymous_18)","decl":{"start":{"line":153,"column":2},"end":{"line":153,"column":7}},"loc":{"start":{"line":153,"column":13},"end":{"line":155,"column":3}}},"19":{"name":"(anonymous_19)","decl":{"start":{"line":158,"column":2},"end":{"line":158,"column":7}},"loc":{"start":{"line":158,"column":14},"end":{"line":161,"column":3}}},"20":{"name":"(anonymous_20)","decl":{"start":{"line":164,"column":10},"end":{"line":164,"column":43}},"loc":{"start":{"line":164,"column":43},"end":{"line":172,"column":3}}}},"branchMap":{"0":{"loc":{"start":{"line":67,"column":4},"end":{"line":69,"column":null}},"type":"if","locations":[{"start":{"line":67,"column":4},"end":{"line":69,"column":null}}]},"1":{"loc":{"start":{"line":118,"column":4},"end":{"line":118,"column":109}},"type":"if","locations":[{"start":{"line":118,"column":4},"end":{"line":118,"column":109}}]},"2":{"loc":{"start":{"line":118,"column":8},"end":{"line":118,"column":51}},"type":"binary-expr","locations":[{"start":{"line":118,"column":8},"end":{"line":118,"column":29}},{"start":{"line":118,"column":33},"end":{"line":118,"column":51}}]},"3":{"loc":{"start":{"line":123,"column":4},"end":{"line":123,"column":75}},"type":"if","locations":[{"start":{"line":123,"column":4},"end":{"line":123,"column":75}}]},"4":{"loc":{"start":{"line":129,"column":4},"end":{"line":129,"column":63}},"type":"if","locations":[{"start":{"line":129,"column":4},"end":{"line":129,"column":63}}]},"5":{"loc":{"start":{"line":135,"column":4},"end":{"line":135,"column":44}},"type":"if","locations":[{"start":{"line":135,"column":4},"end":{"line":135,"column":44}}]},"6":{"loc":{"start":{"line":140,"column":4},"end":{"line":140,"column":58}},"type":"if","locations":[{"start":{"line":140,"column":4},"end":{"line":140,"column":58}}]},"7":{"loc":{"start":{"line":140,"column":8},"end":{"line":140,"column":43}},"type":"binary-expr","locations":[{"start":{"line":140,"column":8},"end":{"line":140,"column":23}},{"start":{"line":140,"column":27},"end":{"line":140,"column":43}}]},"8":{"loc":{"start":{"line":141,"column":4},"end":{"line":141,"column":60}},"type":"if","locations":[{"start":{"line":141,"column":4},"end":{"line":141,"column":60}}]},"9":{"loc":{"start":{"line":141,"column":8},"end":{"line":141,"column":43}},"type":"binary-expr","locations":[{"start":{"line":141,"column":8},"end":{"line":141,"column":24}},{"start":{"line":141,"column":28},"end":{"line":141,"column":43}}]},"10":{"loc":{"start":{"line":149,"column":4},"end":{"line":149,"column":76}},"type":"if","locations":[{"start":{"line":149,"column":4},"end":{"line":149,"column":76}}]},"11":{"loc":{"start":{"line":165,"column":4},"end":{"line":171,"column":null}},"type":"if","locations":[{"start":{"line":165,"column":4},"end":{"line":171,"column":null}}]},"12":{"loc":{"start":{"line":166,"column":6},"end":{"line":170,"column":null}},"type":"if","locations":[{"start":{"line":166,"column":6},"end":{"line":170,"column":null}},{"start":{"line":168,"column":13},"end":{"line":170,"column":null}}]},"13":{"loc":{"start":{"line":168,"column":13},"end":{"line":170,"column":null}},"type":"if","locations":[{"start":{"line":168,"column":13},"end":{"line":170,"column":null}}]}},"s":{"0":25,"1":25,"2":14,"3":14,"4":14,"5":14,"6":14,"7":14,"8":14,"9":14,"10":14,"11":14,"12":14,"13":14,"14":14,"15":14,"16":15,"17":15,"18":15,"19":9,"20":1,"21":1,"22":1,"23":1,"24":4,"25":14,"26":14,"27":14,"28":14,"29":14,"30":14,"31":14,"32":14,"33":14,"34":1,"35":14,"36":14,"37":14,"38":14,"39":11,"40":11,"41":11,"42":2,"43":2,"44":2,"45":1,"46":1,"47":24,"48":11,"49":24,"50":2,"51":1,"52":1,"53":16,"54":24,"55":24,"56":24,"57":15,"58":6,"59":9,"60":4,"61":25},"f":{"0":14,"1":14,"2":15,"3":15,"4":1,"5":1,"6":1,"7":1,"8":4,"9":14,"10":14,"11":1,"12":14,"13":11,"14":2,"15":1,"16":24,"17":1,"18":16,"19":24,"20":24},"b":{"0":[9],"1":[14],"2":[14,14],"3":[11],"4":[2],"5":[1],"6":[11],"7":[24,17],"8":[2],"9":[24,7],"10":[1],"11":[15],"12":[6,9],"13":[4]}}
,"C:\\www\\forms.js\\packages\\core\\src\\constants.ts": {"path":"C:\\www\\forms.js\\packages\\core\\src\\constants.ts","statementMap":{"0":{"start":{"line":2,"column":0},"end":{"line":2,"column":45}},"1":{"start":{"line":4,"column":13},"end":{"line":4,"column":83}},"2":{"start":{"line":6,"column":13},"end":{"line":6,"column":37}},"3":{"start":{"line":7,"column":13},"end":{"line":8,"column":351}},"4":{"start":{"line":10,"column":13},"end":{"line":10,"column":42}},"5":{"start":{"line":11,"column":13},"end":{"line":11,"column":48}},"6":{"start":{"line":12,"column":13},"end":{"line":12,"column":56}},"7":{"start":{"line":14,"column":13},"end":{"line":14,"column":49}},"8":{"start":{"line":15,"column":13},"end":{"line":15,"column":70}},"9":{"start":{"line":16,"column":13},"end":{"line":16,"column":68}},"10":{"start":{"line":17,"column":13},"end":{"line":17,"column":48}},"11":{"start":{"line":18,"column":13},"end":{"line":18,"column":60}},"12":{"start":{"line":19,"column":13},"end":{"line":19,"column":54}},"13":{"start":{"line":20,"column":13},"end":{"line":20,"column":48}},"14":{"start":{"line":21,"column":13},"end":{"line":21,"column":68}},"15":{"start":{"line":22,"column":13},"end":{"line":22,"column":48}},"16":{"start":{"line":23,"column":13},"end":{"line":23,"column":54}},"17":{"start":{"line":24,"column":13},"end":{"line":24,"column":64}},"18":{"start":{"line":25,"column":13},"end":{"line":25,"column":53}},"19":{"start":{"line":26,"column":13},"end":{"line":26,"column":61}},"20":{"start":{"line":27,"column":13},"end":{"line":27,"column":61}},"21":{"start":{"line":28,"column":13},"end":{"line":28,"column":60}},"22":{"start":{"line":29,"column":13},"end":{"line":29,"column":48}},"23":{"start":{"line":30,"column":13},"end":{"line":30,"column":59}},"24":{"start":{"line":31,"column":13},"end":{"line":31,"column":54}},"25":{"start":{"line":32,"column":13},"end":{"line":32,"column":54}},"26":{"start":{"line":33,"column":13},"end":{"line":33,"column":54}},"27":{"start":{"line":34,"column":13},"end":{"line":34,"column":62}},"28":{"start":{"line":35,"column":13},"end":{"line":35,"column":62}},"29":{"start":{"line":36,"column":13},"end":{"line":36,"column":66}},"30":{"start":{"line":37,"column":13},"end":{"line":37,"column":56}},"31":{"start":{"line":38,"column":13},"end":{"line":38,"column":56}},"32":{"start":{"line":40,"column":13},"end":{"line":40,"column":76}},"33":{"start":{"line":41,"column":13},"end":{"line":41,"column":76}},"34":{"start":{"line":42,"column":13},"end":{"line":42,"column":79}},"35":{"start":{"line":43,"column":13},"end":{"line":43,"column":72}},"36":{"start":{"line":44,"column":13},"end":{"line":44,"column":81}},"37":{"start":{"line":45,"column":13},"end":{"line":45,"column":77}},"38":{"start":{"line":47,"column":13},"end":{"line":47,"column":33}},"39":{"start":{"line":48,"column":13},"end":{"line":48,"column":35}},"40":{"start":{"line":49,"column":13},"end":{"line":49,"column":37}},"41":{"start":{"line":50,"column":13},"end":{"line":50,"column":35}},"42":{"start":{"line":51,"column":13},"end":{"line":51,"column":32}},"43":{"start":{"line":52,"column":13},"end":{"line":52,"column":39}},"44":{"start":{"line":53,"column":13},"end":{"line":53,"column":37}},"45":{"start":{"line":54,"column":13},"end":{"line":54,"column":37}},"46":{"start":{"line":55,"column":13},"end":{"line":55,"column":31}},"47":{"start":{"line":56,"column":13},"end":{"line":56,"column":39}},"48":{"start":{"line":57,"column":13},"end":{"line":57,"column":39}},"49":{"start":{"line":58,"column":13},"end":{"line":58,"column":39}},"50":{"start":{"line":59,"column":13},"end":{"line":59,"column":43}},"51":{"start":{"line":61,"column":13},"end":{"line":61,"column":49}},"52":{"start":{"line":62,"column":13},"end":{"line":62,"column":41}},"53":{"start":{"line":63,"column":13},"end":{"line":63,"column":51}},"54":{"start":{"line":64,"column":13},"end":{"line":64,"column":61}},"55":{"start":{"line":65,"column":13},"end":{"line":65,"column":51}},"56":{"start":{"line":66,"column":13},"end":{"line":66,"column":46}},"57":{"start":{"line":67,"column":13},"end":{"line":67,"column":37}},"58":{"start":{"line":68,"column":13},"end":{"line":68,"column":37}},"59":{"start":{"line":69,"column":13},"end":{"line":69,"column":41}},"60":{"start":{"line":71,"column":13},"end":{"line":71,"column":33}},"61":{"start":{"line":72,"column":13},"end":{"line":72,"column":41}},"62":{"start":{"line":73,"column":13},"end":{"line":73,"column":41}},"63":{"start":{"line":74,"column":13},"end":{"line":74,"column":41}},"64":{"start":{"line":75,"column":13},"end":{"line":75,"column":39}},"65":{"start":{"line":76,"column":13},"end":{"line":76,"column":37}},"66":{"start":{"line":77,"column":13},"end":{"line":77,"column":37}},"67":{"start":{"line":78,"column":13},"end":{"line":78,"column":39}},"68":{"start":{"line":79,"column":13},"end":{"line":79,"column":39}},"69":{"start":{"line":80,"column":13},"end":{"line":80,"column":37}},"70":{"start":{"line":81,"column":13},"end":{"line":81,"column":51}},"71":{"start":{"line":82,"column":13},"end":{"line":82,"column":35}},"72":{"start":{"line":83,"column":13},"end":{"line":83,"column":53}},"73":{"start":{"line":84,"column":13},"end":{"line":84,"column":61}},"74":{"start":{"line":85,"column":13},"end":{"line":85,"column":45}},"75":{"start":{"line":86,"column":13},"end":{"line":86,"column":45}},"76":{"start":{"line":87,"column":13},"end":{"line":87,"column":43}},"77":{"start":{"line":88,"column":13},"end":{"line":88,"column":41}},"78":{"start":{"line":89,"column":13},"end":{"line":89,"column":45}},"79":{"start":{"line":90,"column":13},"end":{"line":90,"column":41}},"80":{"start":{"line":91,"column":13},"end":{"line":91,"column":35}},"81":{"start":{"line":92,"column":13},"end":{"line":92,"column":35}},"82":{"start":{"line":93,"column":13},"end":{"line":93,"column":37}},"83":{"start":{"line":94,"column":13},"end":{"line":94,"column":39}},"84":{"start":{"line":95,"column":13},"end":{"line":95,"column":45}},"85":{"start":{"line":96,"column":13},"end":{"line":96,"column":37}},"86":{"start":{"line":98,"column":13},"end":{"line":98,"column":40}},"87":{"start":{"line":99,"column":13},"end":{"line":99,"column":43}},"88":{"start":{"line":100,"column":13},"end":{"line":100,"column":46}},"89":{"start":{"line":101,"column":13},"end":{"line":101,"column":40}},"90":{"start":{"line":102,"column":13},"end":{"line":102,"column":38}},"91":{"start":{"line":103,"column":13},"end":{"line":103,"column":46}},"92":{"start":{"line":104,"column":13},"end":{"line":104,"column":40}},"93":{"start":{"line":105,"column":13},"end":{"line":105,"column":38}},"94":{"start":{"line":106,"column":13},"end":{"line":106,"column":42}},"95":{"start":{"line":107,"column":13},"end":{"line":107,"column":42}},"96":{"start":{"line":108,"column":13},"end":{"line":108,"column":46}},"97":{"start":{"line":109,"column":13},"end":{"line":109,"column":40}},"98":{"start":{"line":110,"column":13},"end":{"line":110,"column":40}},"99":{"start":{"line":111,"column":13},"end":{"line":111,"column":42}},"100":{"start":{"line":112,"column":13},"end":{"line":112,"column":42}},"101":{"start":{"line":113,"column":13},"end":{"line":113,"column":36}},"102":{"start":{"line":114,"column":13},"end":{"line":114,"column":46}},"103":{"start":{"line":115,"column":13},"end":{"line":115,"column":38}},"104":{"start":{"line":116,"column":13},"end":{"line":116,"column":38}},"105":{"start":{"line":117,"column":13},"end":{"line":117,"column":36}},"106":{"start":{"line":118,"column":13},"end":{"line":118,"column":38}},"107":{"start":{"line":119,"column":13},"end":{"line":119,"column":48}},"108":{"start":{"line":124,"column":13},"end":{"line":124,"column":35}},"109":{"start":{"line":129,"column":13},"end":{"line":129,"column":35}},"110":{"start":{"line":134,"column":13},"end":{"line":134,"column":36}},"111":{"start":{"line":139,"column":13},"end":{"line":139,"column":41}},"112":{"start":{"line":144,"column":13},"end":{"line":148,"column":2}},"113":{"start":{"line":153,"column":13},"end":{"line":155,"column":7}},"114":{"start":{"line":160,"column":13},"end":{"line":160,"column":111}},"115":{"start":{"line":162,"column":13},"end":{"line":162,"column":66}},"116":{"start":{"line":163,"column":13},"end":{"line":163,"column":70}},"117":{"start":{"line":164,"column":13},"end":{"line":164,"column":72}},"118":{"start":{"line":165,"column":13},"end":{"line":165,"column":103}},"119":{"start":{"line":166,"column":13},"end":{"line":166,"column":105}},"120":{"start":{"line":168,"column":13},"end":{"line":168,"column":38}},"121":{"start":{"line":170,"column":13},"end":{"line":174,"column":2}},"122":{"start":{"line":179,"column":13},"end":{"line":179,"column":41}},"123":{"start":{"line":182,"column":35},"end":{"line":203,"column":1}},"124":{"start":{"line":188,"column":2},"end":{"line":198,"column":null}},"125":{"start":{"line":190,"column":6},"end":{"line":190,"column":25}},"126":{"start":{"line":191,"column":6},"end":{"line":191,"column":12}},"127":{"start":{"line":193,"column":6},"end":{"line":193,"column":24}},"128":{"start":{"line":194,"column":6},"end":{"line":194,"column":12}},"129":{"start":{"line":196,"column":6},"end":{"line":196,"column":24}},"130":{"start":{"line":197,"column":6},"end":{"line":197,"column":12}},"131":{"start":{"line":200,"column":2},"end":{"line":200,"column":37}},"132":{"start":{"line":200,"column":16},"end":{"line":200,"column":37}},"133":{"start":{"line":202,"column":2},"end":{"line":202,"column":42}},"134":{"start":{"line":182,"column":13},"end":{"line":182,"column":35}}},"fnMap":{"0":{"name":"(anonymous_0)","decl":{"start":{"line":182,"column":35},"end":{"line":182,"column":null}},"loc":{"start":{"line":187,"column":4},"end":{"line":203,"column":1}}}},"branchMap":{"0":{"loc":{"start":{"line":186,"column":2},"end":{"line":186,"column":27}},"type":"default-arg","locations":[{"start":{"line":186,"column":22},"end":{"line":186,"column":27}}]},"1":{"loc":{"start":{"line":188,"column":2},"end":{"line":198,"column":null}},"type":"switch","locations":[{"start":{"line":189,"column":4},"end":{"line":191,"column":12}},{"start":{"line":192,"column":4},"end":{"line":194,"column":12}},{"start":{"line":195,"column":4},"end":{"line":197,"column":12}}]},"2":{"loc":{"start":{"line":200,"column":2},"end":{"line":200,"column":37}},"type":"if","locations":[{"start":{"line":200,"column":2},"end":{"line":200,"column":37}}]}},"s":{"0":26,"1":26,"2":26,"3":26,"4":26,"5":26,"6":26,"7":26,"8":26,"9":26,"10":26,"11":26,"12":26,"13":26,"14":26,"15":26,"16":26,"17":26,"18":26,"19":26,"20":26,"21":26,"22":26,"23":26,"24":26,"25":26,"26":26,"27":26,"28":26,"29":26,"30":26,"31":26,"32":26,"33":26,"34":26,"35":26,"36":26,"37":26,"38":26,"39":26,"40":26,"41":26,"42":26,"43":26,"44":26,"45":26,"46":26,"47":26,"48":26,"49":26,"50":26,"51":26,"52":26,"53":26,"54":26,"55":26,"56":26,"57":26,"58":26,"59":26,"60":26,"61":26,"62":26,"63":26,"64":26,"65":26,"66":26,"67":26,"68":26,"69":26,"70":26,"71":26,"72":26,"73":26,"74":26,"75":26,"76":26,"77":26,"78":26,"79":26,"80":26,"81":26,"82":26,"83":26,"84":26,"85":26,"86":26,"87":26,"88":26,"89":26,"90":26,"91":26,"92":26,"93":26,"94":26,"95":26,"96":26,"97":26,"98":26,"99":26,"100":26,"101":26,"102":26,"103":26,"104":26,"105":26,"106":26,"107":26,"108":26,"109":26,"110":26,"111":26,"112":26,"113":26,"114":26,"115":26,"116":26,"117":26,"118":26,"119":26,"120":26,"121":26,"122":26,"123":26,"124":496,"125":26,"126":26,"127":27,"128":27,"129":443,"130":443,"131":496,"132":1,"133":496,"134":26},"f":{"0":496},"b":{"0":[495],"1":[26,27,443],"2":[1]}}
,"C:\\www\\forms.js\\packages\\core\\src\\field.ts": {"path":"C:\\www\\forms.js\\packages\\core\\src\\field.ts","statementMap":{"0":{"start":{"line":2,"column":0},"end":{"line":2,"column":null}},"1":{"start":{"line":13,"column":0},"end":{"line":13,"column":null}},"2":{"start":{"line":41,"column":33},"end":{"line":52,"column":4}},"3":{"start":{"line":46,"column":6},"end":{"line":46,"column":73}},"4":{"start":{"line":46,"column":30},"end":{"line":46,"column":73}},"5":{"start":{"line":47,"column":6},"end":{"line":47,"column":18}},"6":{"start":{"line":53,"column":44},"end":{"line":53,"column":48}},"7":{"start":{"line":54,"column":48},"end":{"line":54,"column":52}},"8":{"start":{"line":55,"column":44},"end":{"line":55,"column":48}},"9":{"start":{"line":56,"column":49},"end":{"line":56,"column":53}},"10":{"start":{"line":57,"column":30},"end":{"line":57,"column":35}},"11":{"start":{"line":62,"column":37},"end":{"line":62,"column":41}},"12":{"start":{"line":63,"column":33},"end":{"line":63,"column":38}},"13":{"start":{"line":64,"column":33},"end":{"line":64,"column":38}},"14":{"start":{"line":65,"column":32},"end":{"line":65,"column":37}},"15":{"start":{"line":66,"column":32},"end":{"line":66,"column":36}},"16":{"start":{"line":68,"column":37},"end":{"line":68,"column":41}},"17":{"start":{"line":69,"column":33},"end":{"line":69,"column":37}},"18":{"start":{"line":71,"column":56},"end":{"line":71,"column":60}},"19":{"start":{"line":72,"column":66},"end":{"line":72,"column":70}},"20":{"start":{"line":73,"column":64},"end":{"line":73,"column":68}},"21":{"start":{"line":74,"column":64},"end":{"line":74,"column":68}},"22":{"start":{"line":83,"column":4},"end":{"line":83,"column":36}},"23":{"start":{"line":84,"column":4},"end":{"line":84,"column":31}},"24":{"start":{"line":85,"column":4},"end":{"line":85,"column":22}},"25":{"start":{"line":86,"column":4},"end":{"line":86,"column":26}},"26":{"start":{"line":87,"column":4},"end":{"line":87,"column":30}},"27":{"start":{"line":88,"column":4},"end":{"line":88,"column":71}},"28":{"start":{"line":97,"column":4},"end":{"line":97,"column":60}},"29":{"start":{"line":104,"column":4},"end":{"line":104,"column":33}},"30":{"start":{"line":105,"column":4},"end":{"line":105,"column":16}},"31":{"start":{"line":106,"column":4},"end":{"line":106,"column":18}},"32":{"start":{"line":107,"column":4},"end":{"line":107,"column":22}},"33":{"start":{"line":112,"column":4},"end":{"line":114,"column":null}},"34":{"start":{"line":113,"column":6},"end":{"line":113,"column":77}},"35":{"start":{"line":115,"column":4},"end":{"line":117,"column":null}},"36":{"start":{"line":116,"column":6},"end":{"line":116,"column":83}},"37":{"start":{"line":118,"column":4},"end":{"line":120,"column":null}},"38":{"start":{"line":119,"column":6},"end":{"line":119,"column":83}},"39":{"start":{"line":121,"column":4},"end":{"line":123,"column":null}},"40":{"start":{"line":122,"column":6},"end":{"line":122,"column":87}},"41":{"start":{"line":131,"column":4},"end":{"line":131,"column":24}},"42":{"start":{"line":132,"column":4},"end":{"line":132,"column":21}},"43":{"start":{"line":133,"column":4},"end":{"line":133,"column":40}},"44":{"start":{"line":134,"column":4},"end":{"line":134,"column":26}},"45":{"start":{"line":134,"column":14},"end":{"line":134,"column":26}},"46":{"start":{"line":141,"column":4},"end":{"line":147,"column":null}},"47":{"start":{"line":146,"column":6},"end":{"line":146,"column":44}},"48":{"start":{"line":155,"column":4},"end":{"line":155,"column":23}},"49":{"start":{"line":163,"column":4},"end":{"line":163,"column":20}},"50":{"start":{"line":171,"column":4},"end":{"line":171,"column":25}},"51":{"start":{"line":179,"column":4},"end":{"line":179,"column":22}},"52":{"start":{"line":187,"column":4},"end":{"line":187,"column":27}},"53":{"start":{"line":195,"column":4},"end":{"line":195,"column":25}},"54":{"start":{"line":203,"column":4},"end":{"line":203,"column":28}},"55":{"start":{"line":211,"column":4},"end":{"line":211,"column":28}},"56":{"start":{"line":219,"column":4},"end":{"line":219,"column":26}},"57":{"start":{"line":227,"column":4},"end":{"line":227,"column":22}},"58":{"start":{"line":233,"column":4},"end":{"line":233,"column":58}},"59":{"start":{"line":234,"column":4},"end":{"line":234,"column":77}},"60":{"start":{"line":235,"column":4},"end":{"line":235,"column":86}},"61":{"start":{"line":241,"column":4},"end":{"line":241,"column":62}},"62":{"start":{"line":242,"column":4},"end":{"line":242,"column":59}},"63":{"start":{"line":243,"column":4},"end":{"line":243,"column":82}},"64":{"start":{"line":244,"column":4},"end":{"line":244,"column":63}},"65":{"start":{"line":245,"column":4},"end":{"line":245,"column":114}},"66":{"start":{"line":245,"column":34},"end":{"line":245,"column":114}},"67":{"start":{"line":246,"column":4},"end":{"line":246,"column":58}},"68":{"start":{"line":252,"column":4},"end":{"line":252,"column":62}},"69":{"start":{"line":254,"column":31},"end":{"line":254,"column":72}},"70":{"start":{"line":255,"column":4},"end":{"line":255,"column":65}},"71":{"start":{"line":255,"column":28},"end":{"line":255,"column":65}},"72":{"start":{"line":256,"column":4},"end":{"line":256,"column":66}},"73":{"start":{"line":257,"column":4},"end":{"line":257,"column":60}},"74":{"start":{"line":258,"column":4},"end":{"line":258,"column":42}},"75":{"start":{"line":259,"column":4},"end":{"line":259,"column":67}},"76":{"start":{"line":259,"column":28},"end":{"line":259,"column":67}},"77":{"start":{"line":265,"column":4},"end":{"line":265,"column":71}},"78":{"start":{"line":266,"column":4},"end":{"line":266,"column":88}},"79":{"start":{"line":267,"column":4},"end":{"line":267,"column":64}},"80":{"start":{"line":268,"column":4},"end":{"line":268,"column":50}},"81":{"start":{"line":273,"column":4},"end":{"line":273,"column":34}},"82":{"start":{"line":274,"column":4},"end":{"line":274,"column":30}},"83":{"start":{"line":275,"column":4},"end":{"line":275,"column":30}},"84":{"start":{"line":276,"column":4},"end":{"line":276,"column":35}},"85":{"start":{"line":278,"column":4},"end":{"line":278,"column":99}},"86":{"start":{"line":278,"column":48},"end":{"line":278,"column":99}},"87":{"start":{"line":279,"column":4},"end":{"line":279,"column":109}},"88":{"start":{"line":279,"column":53},"end":{"line":279,"column":109}},"89":{"start":{"line":280,"column":4},"end":{"line":280,"column":107}},"90":{"start":{"line":280,"column":52},"end":{"line":280,"column":107}},"91":{"start":{"line":285,"column":4},"end":{"line":285,"column":81}},"92":{"start":{"line":285,"column":31},"end":{"line":285,"column":81}},"93":{"start":{"line":286,"column":4},"end":{"line":286,"column":27}},"94":{"start":{"line":291,"column":4},"end":{"line":291,"column":69}},"95":{"start":{"line":291,"column":31},"end":{"line":291,"column":69}},"96":{"start":{"line":292,"column":4},"end":{"line":292,"column":28}},"97":{"start":{"line":297,"column":4},"end":{"line":297,"column":44}},"98":{"start":{"line":297,"column":22},"end":{"line":297,"column":44}},"99":{"start":{"line":302,"column":4},"end":{"line":317,"column":null}},"100":{"start":{"line":303,"column":6},"end":{"line":303,"column":65}},"101":{"start":{"line":304,"column":6},"end":{"line":307,"column":null}},"102":{"start":{"line":305,"column":8},"end":{"line":305,"column":58}},"103":{"start":{"line":306,"column":8},"end":{"line":306,"column":55}},"104":{"start":{"line":308,"column":6},"end":{"line":308,"column":70}},"105":{"start":{"line":309,"column":6},"end":{"line":309,"column":116}},"106":{"start":{"line":311,"column":6},"end":{"line":313,"column":null}},"107":{"start":{"line":312,"column":8},"end":{"line":312,"column":54}},"108":{"start":{"line":314,"column":6},"end":{"line":314,"column":68}},"109":{"start":{"line":315,"column":6},"end":{"line":315,"column":65}},"110":{"start":{"line":316,"column":6},"end":{"line":316,"column":69}},"111":{"start":{"line":318,"column":4},"end":{"line":318,"column":52}},"112":{"start":{"line":323,"column":4},"end":{"line":323,"column":58}},"113":{"start":{"line":323,"column":45},"end":{"line":323,"column":58}},"114":{"start":{"line":324,"column":4},"end":{"line":324,"column":60}},"115":{"start":{"line":324,"column":45},"end":{"line":324,"column":60}},"116":{"start":{"line":329,"column":4},"end":{"line":335,"column":null}},"117":{"start":{"line":330,"column":6},"end":{"line":330,"column":73}},"118":{"start":{"line":331,"column":6},"end":{"line":331,"column":66}},"119":{"start":{"line":333,"column":6},"end":{"line":333,"column":61}},"120":{"start":{"line":334,"column":6},"end":{"line":334,"column":76}},"121":{"start":{"line":340,"column":4},"end":{"line":344,"column":null}},"122":{"start":{"line":341,"column":6},"end":{"line":341,"column":73}},"123":{"start":{"line":343,"column":6},"end":{"line":343,"column":76}},"124":{"start":{"line":349,"column":4},"end":{"line":350,"column":111}},"125":{"start":{"line":350,"column":6},"end":{"line":350,"column":111}},"126":{"start":{"line":355,"column":4},"end":{"line":357,"column":null}},"127":{"start":{"line":356,"column":6},"end":{"line":356,"column":71}},"128":{"start":{"line":362,"column":4},"end":{"line":369,"column":null}},"129":{"start":{"line":363,"column":35},"end":{"line":363,"column":70}},"130":{"start":{"line":365,"column":6},"end":{"line":368,"column":null}},"131":{"start":{"line":366,"column":8},"end":{"line":366,"column":72}},"132":{"start":{"line":367,"column":8},"end":{"line":367,"column":15}},"133":{"start":{"line":370,"column":4},"end":{"line":370,"column":55}},"134":{"start":{"line":375,"column":4},"end":{"line":375,"column":43}},"135":{"start":{"line":376,"column":4},"end":{"line":377,"column":36}},"136":{"start":{"line":376,"column":44},"end":{"line":376,"column":87}},"137":{"start":{"line":377,"column":9},"end":{"line":377,"column":36}},"138":{"start":{"line":378,"column":4},"end":{"line":378,"column":18}},"139":{"start":{"line":383,"column":4},"end":{"line":383,"column":45}},"140":{"start":{"line":384,"column":4},"end":{"line":384,"column":32}},"141":{"start":{"line":385,"column":4},"end":{"line":385,"column":32}},"142":{"start":{"line":386,"column":4},"end":{"line":386,"column":28}},"143":{"start":{"line":387,"column":4},"end":{"line":387,"column":26}},"144":{"start":{"line":388,"column":4},"end":{"line":388,"column":26}},"145":{"start":{"line":393,"column":4},"end":{"line":404,"column":null}},"146":{"start":{"line":394,"column":6},"end":{"line":403,"column":null}},"147":{"start":{"line":395,"column":8},"end":{"line":400,"column":21}},"148":{"start":{"line":401,"column":13},"end":{"line":403,"column":null}},"149":{"start":{"line":402,"column":8},"end":{"line":402,"column":85}},"150":{"start":{"line":409,"column":4},"end":{"line":424,"column":null}},"151":{"start":{"line":410,"column":6},"end":{"line":423,"column":null}},"152":{"start":{"line":411,"column":8},"end":{"line":416,"column":21}},"153":{"start":{"line":418,"column":8},"end":{"line":422,"column":null}},"154":{"start":{"line":419,"column":10},"end":{"line":419,"column":86}},"155":{"start":{"line":420,"column":15},"end":{"line":422,"column":null}},"156":{"start":{"line":421,"column":10},"end":{"line":421,"column":51}},"157":{"start":{"line":429,"column":4},"end":{"line":443,"column":null}},"158":{"start":{"line":430,"column":6},"end":{"line":442,"column":null}},"159":{"start":{"line":431,"column":8},"end":{"line":435,"column":21}},"160":{"start":{"line":437,"column":8},"end":{"line":441,"column":null}},"161":{"start":{"line":438,"column":10},"end":{"line":438,"column":86}},"162":{"start":{"line":439,"column":15},"end":{"line":441,"column":null}},"163":{"start":{"line":440,"column":10},"end":{"line":440,"column":51}},"164":{"start":{"line":448,"column":4},"end":{"line":448,"column":38}},"165":{"start":{"line":448,"column":26},"end":{"line":448,"column":38}},"166":{"start":{"line":449,"column":4},"end":{"line":463,"column":32}},"167":{"start":{"line":450,"column":6},"end":{"line":462,"column":34}},"168":{"start":{"line":451,"column":25},"end":{"line":456,"column":null}},"169":{"start":{"line":458,"column":8},"end":{"line":458,"column":43}},"170":{"start":{"line":459,"column":13},"end":{"line":462,"column":34}},"171":{"start":{"line":460,"column":25},"end":{"line":460,"column":101}},"172":{"start":{"line":461,"column":8},"end":{"line":461,"column":43}},"173":{"start":{"line":462,"column":13},"end":{"line":462,"column":34}},"174":{"start":{"line":463,"column":11},"end":{"line":463,"column":32}},"175":{"start":{"line":464,"column":4},"end":{"line":464,"column":25}},"176":{"start":{"line":468,"column":4},"end":{"line":468,"column":38}},"177":{"start":{"line":469,"column":4},"end":{"line":469,"column":55}},"178":{"start":{"line":477,"column":4},"end":{"line":477,"column":38}},"179":{"start":{"line":478,"column":4},"end":{"line":478,"column":20}},"180":{"start":{"line":479,"column":4},"end":{"line":479,"column":32}},"181":{"start":{"line":480,"column":4},"end":{"line":480,"column":62}},"182":{"start":{"line":480,"column":29},"end":{"line":480,"column":62}},"183":{"start":{"line":40,"column":0},"end":{"line":40,"column":13}}},"fnMap":{"0":{"name":"(anonymous_0)","decl":{"start":{"line":45,"column":16},"end":{"line":45,"column":17}},"loc":{"start":{"line":45,"column":42},"end":{"line":48,"column":5}}},"1":{"name":"(anonymous_1)","decl":{"start":{"line":82,"column":2},"end":{"line":82,"column":14}},"loc":{"start":{"line":82,"column":68},"end":{"line":89,"column":3}}},"2":{"name":"(anonymous_2)","decl":{"start":{"line":96,"column":2},"end":{"line":96,"column":19}},"loc":{"start":{"line":96,"column":41},"end":{"line":98,"column":3}}},"3":{"name":"(anonymous_3)","decl":{"start":{"line":103,"column":2},"end":{"line":103,"column":7}},"loc":{"start":{"line":103,"column":18},"end":{"line":108,"column":3}}},"4":{"name":"(anonymous_4)","decl":{"start":{"line":111,"column":10},"end":{"line":111,"column":31}},"loc":{"start":{"line":111,"column":31},"end":{"line":124,"column":3}}},"5":{"name":"(anonymous_5)","decl":{"start":{"line":130,"column":2},"end":{"line":130,"column":10}},"loc":{"start":{"line":130,"column":50},"end":{"line":135,"column":3}}},"6":{"name":"(anonymous_6)","decl":{"start":{"line":140,"column":2},"end":{"line":140,"column":11}},"loc":{"start":{"line":140,"column":11},"end":{"line":148,"column":3}}},"7":{"name":"(anonymous_7)","decl":{"start":{"line":154,"column":2},"end":{"line":154,"column":10}},"loc":{"start":{"line":154,"column":10},"end":{"line":156,"column":3}}},"8":{"name":"(anonymous_8)","decl":{"start":{"line":162,"column":2},"end":{"line":162,"column":7}},"loc":{"start":{"line":162,"column":7},"end":{"line":164,"column":3}}},"9":{"name":"(anonymous_9)","decl":{"start":{"line":170,"column":2},"end":{"line":170,"column":12}},"loc":{"start":{"line":170,"column":12},"end":{"line":172,"column":3}}},"10":{"name":"(anonymous_10)","decl":{"start":{"line":178,"column":2},"end":{"line":178,"column":9}},"loc":{"start":{"line":178,"column":9},"end":{"line":180,"column":3}}},"11":{"name":"(anonymous_11)","decl":{"start":{"line":186,"column":2},"end":{"line":186,"column":15}},"loc":{"start":{"line":186,"column":15},"end":{"line":188,"column":3}}},"12":{"name":"(anonymous_12)","decl":{"start":{"line":194,"column":2},"end":{"line":194,"column":13}},"loc":{"start":{"line":194,"column":13},"end":{"line":196,"column":3}}},"13":{"name":"(anonymous_13)","decl":{"start":{"line":202,"column":2},"end":{"line":202,"column":12}},"loc":{"start":{"line":202,"column":12},"end":{"line":204,"column":3}}},"14":{"name":"(anonymous_14)","decl":{"start":{"line":210,"column":2},"end":{"line":210,"column":12}},"loc":{"start":{"line":210,"column":12},"end":{"line":212,"column":3}}},"15":{"name":"(anonymous_15)","decl":{"start":{"line":218,"column":2},"end":{"line":218,"column":22}},"loc":{"start":{"line":218,"column":22},"end":{"line":220,"column":3}}},"16":{"name":"(anonymous_16)","decl":{"start":{"line":226,"column":2},"end":{"line":226,"column":9}},"loc":{"start":{"line":226,"column":9},"end":{"line":228,"column":3}}},"17":{"name":"(anonymous_17)","decl":{"start":{"line":231,"column":2},"end":{"line":231,"column":24}},"loc":{"start":{"line":231,"column":24},"end":{"line":236,"column":3}}},"18":{"name":"(anonymous_18)","decl":{"start":{"line":239,"column":2},"end":{"line":239,"column":20}},"loc":{"start":{"line":239,"column":20},"end":{"line":247,"column":3}}},"19":{"name":"(anonymous_19)","decl":{"start":{"line":250,"column":2},"end":{"line":250,"column":20}},"loc":{"start":{"line":250,"column":20},"end":{"line":260,"column":3}}},"20":{"name":"(anonymous_20)","decl":{"start":{"line":263,"column":2},"end":{"line":263,"column":25}},"loc":{"start":{"line":263,"column":25},"end":{"line":269,"column":3}}},"21":{"name":"(anonymous_21)","decl":{"start":{"line":272,"column":2},"end":{"line":272,"column":7}},"loc":{"start":{"line":272,"column":7},"end":{"line":281,"column":3}}},"22":{"name":"(anonymous_22)","decl":{"start":{"line":284,"column":10},"end":{"line":284,"column":15}},"loc":{"start":{"line":284,"column":15},"end":{"line":287,"column":3}}},"23":{"name":"(anonymous_23)","decl":{"start":{"line":290,"column":10},"end":{"line":290,"column":17}},"loc":{"start":{"line":290,"column":17},"end":{"line":293,"column":3}}},"24":{"name":"(anonymous_24)","decl":{"start":{"line":296,"column":2},"end":{"line":296,"column":9}},"loc":{"start":{"line":296,"column":9},"end":{"line":298,"column":3}}},"25":{"name":"(anonymous_25)","decl":{"start":{"line":301,"column":2},"end":{"line":301,"column":22}},"loc":{"start":{"line":301,"column":22},"end":{"line":319,"column":3}}},"26":{"name":"(anonymous_26)","decl":{"start":{"line":322,"column":2},"end":{"line":322,"column":18}},"loc":{"start":{"line":322,"column":18},"end":{"line":325,"column":3}}},"27":{"name":"(anonymous_27)","decl":{"start":{"line":328,"column":2},"end":{"line":328,"column":16}},"loc":{"start":{"line":328,"column":16},"end":{"line":336,"column":3}}},"28":{"name":"(anonymous_28)","decl":{"start":{"line":339,"column":2},"end":{"line":339,"column":16}},"loc":{"start":{"line":339,"column":16},"end":{"line":345,"column":3}}},"29":{"name":"(anonymous_29)","decl":{"start":{"line":348,"column":2},"end":{"line":348,"column":12}},"loc":{"start":{"line":348,"column":12},"end":{"line":351,"column":3}}},"30":{"name":"(anonymous_30)","decl":{"start":{"line":354,"column":2},"end":{"line":354,"column":6}},"loc":{"start":{"line":354,"column":6},"end":{"line":358,"column":3}}},"31":{"name":"(anonymous_31)","decl":{"start":{"line":361,"column":2},"end":{"line":361,"column":6}},"loc":{"start":{"line":361,"column":6},"end":{"line":371,"column":3}}},"32":{"name":"(anonymous_32)","decl":{"start":{"line":374,"column":2},"end":{"line":374,"column":7}},"loc":{"start":{"line":374,"column":13},"end":{"line":379,"column":3}}},"33":{"name":"(anonymous_33)","decl":{"start":{"line":382,"column":2},"end":{"line":382,"column":7}},"loc":{"start":{"line":382,"column":14},"end":{"line":389,"column":3}}},"34":{"name":"(anonymous_34)","decl":{"start":{"line":392,"column":10},"end":{"line":392,"column":43}},"loc":{"start":{"line":392,"column":43},"end":{"line":405,"column":3}}},"35":{"name":"(anonymous_35)","decl":{"start":{"line":408,"column":10},"end":{"line":408,"column":30}},"loc":{"start":{"line":408,"column":30},"end":{"line":425,"column":3}}},"36":{"name":"(anonymous_36)","decl":{"start":{"line":428,"column":10},"end":{"line":428,"column":30}},"loc":{"start":{"line":428,"column":30},"end":{"line":444,"column":3}}},"37":{"name":"(anonymous_37)","decl":{"start":{"line":447,"column":2},"end":{"line":447,"column":10}},"loc":{"start":{"line":447,"column":10},"end":{"line":465,"column":3}}},"38":{"name":"(anonymous_38)","decl":{"start":{"line":467,"column":10},"end":{"line":467,"column":29}},"loc":{"start":{"line":467,"column":53},"end":{"line":470,"column":3}}},"39":{"name":"(anonymous_39)","decl":{"start":{"line":476,"column":2},"end":{"line":476,"column":8}},"loc":{"start":{"line":476,"column":50},"end":{"line":481,"column":3}}}},"branchMap":{"0":{"loc":{"start":{"line":46,"column":6},"end":{"line":46,"column":73}},"type":"if","locations":[{"start":{"line":46,"column":6},"end":{"line":46,"column":73}}]},"1":{"loc":{"start":{"line":46,"column":10},"end":{"line":46,"column":28}},"type":"binary-expr","locations":[{"start":{"line":46,"column":10},"end":{"line":46,"column":18}},{"start":{"line":46,"column":22},"end":{"line":46,"column":28}}]},"2":{"loc":{"start":{"line":112,"column":4},"end":{"line":114,"column":null}},"type":"if","locations":[{"start":{"line":112,"column":4},"end":{"line":114,"column":null}}]},"3":{"loc":{"start":{"line":115,"column":4},"end":{"line":117,"column":null}},"type":"if","locations":[{"start":{"line":115,"column":4},"end":{"line":117,"column":null}}]},"4":{"loc":{"start":{"line":118,"column":4},"end":{"line":120,"column":null}},"type":"if","locations":[{"start":{"line":118,"column":4},"end":{"line":120,"column":null}}]},"5":{"loc":{"start":{"line":121,"column":4},"end":{"line":123,"column":null}},"type":"if","locations":[{"start":{"line":121,"column":4},"end":{"line":123,"column":null}}]},"6":{"loc":{"start":{"line":130,"column":30},"end":{"line":130,"column":50}},"type":"default-arg","locations":[{"start":{"line":130,"column":46},"end":{"line":130,"column":50}}]},"7":{"loc":{"start":{"line":134,"column":4},"end":{"line":134,"column":26}},"type":"if","locations":[{"start":{"line":134,"column":4},"end":{"line":134,"column":26}}]},"8":{"loc":{"start":{"line":141,"column":4},"end":{"line":147,"column":null}},"type":"if","locations":[{"start":{"line":141,"column":4},"end":{"line":147,"column":null}}]},"9":{"loc":{"start":{"line":142,"column":6},"end":{"line":144,"column":45}},"type":"binary-expr","locations":[{"start":{"line":142,"column":6},"end":{"line":142,"column":23}},{"start":{"line":143,"column":7},"end":{"line":143,"column":52}},{"start":{"line":143,"column":56},"end":{"line":143,"column":104}},{"start":{"line":144,"column":6},"end":{"line":144,"column":45}}]},"10":{"loc":{"start":{"line":243,"column":51},"end":{"line":243,"column":80}},"type":"binary-expr","locations":[{"start":{"line":243,"column":51},"end":{"line":243,"column":68}},{"start":{"line":243,"column":72},"end":{"line":243,"column":80}}]},"11":{"loc":{"start":{"line":245,"column":4},"end":{"line":245,"column":114}},"type":"if","locations":[{"start":{"line":245,"column":4},"end":{"line":245,"column":114}}]},"12":{"loc":{"start":{"line":255,"column":4},"end":{"line":255,"column":65}},"type":"if","locations":[{"start":{"line":255,"column":4},"end":{"line":255,"column":65}}]},"13":{"loc":{"start":{"line":259,"column":4},"end":{"line":259,"column":67}},"type":"if","locations":[{"start":{"line":259,"column":4},"end":{"line":259,"column":67}}]},"14":{"loc":{"start":{"line":278,"column":4},"end":{"line":278,"column":99}},"type":"if","locations":[{"start":{"line":278,"column":4},"end":{"line":278,"column":99}}]},"15":{"loc":{"start":{"line":278,"column":8},"end":{"line":278,"column":46}},"type":"binary-expr","locations":[{"start":{"line":278,"column":8},"end":{"line":278,"column":25}},{"start":{"line":278,"column":29},"end":{"line":278,"column":46}}]},"16":{"loc":{"start":{"line":279,"column":4},"end":{"line":279,"column":109}},"type":"if","locations":[{"start":{"line":279,"column":4},"end":{"line":279,"column":109}}]},"17":{"loc":{"start":{"line":279,"column":8},"end":{"line":279,"column":51}},"type":"binary-expr","locations":[{"start":{"line":279,"column":8},"end":{"line":279,"column":25}},{"start":{"line":279,"column":29},"end":{"line":279,"column":51}}]},"18":{"loc":{"start":{"line":280,"column":4},"end":{"line":280,"column":107}},"type":"if","locations":[{"start":{"line":280,"column":4},"end":{"line":280,"column":107}}]},"19":{"loc":{"start":{"line":280,"column":8},"end":{"line":280,"column":50}},"type":"binary-expr","locations":[{"start":{"line":280,"column":8},"end":{"line":280,"column":29}},{"start":{"line":280,"column":33},"end":{"line":280,"column":50}}]},"20":{"loc":{"start":{"line":285,"column":4},"end":{"line":285,"column":81}},"type":"if","locations":[{"start":{"line":285,"column":4},"end":{"line":285,"column":81}}]},"21":{"loc":{"start":{"line":291,"column":4},"end":{"line":291,"column":69}},"type":"if","locations":[{"start":{"line":291,"column":4},"end":{"line":291,"column":69}}]},"22":{"loc":{"start":{"line":297,"column":4},"end":{"line":297,"column":44}},"type":"if","locations":[{"start":{"line":297,"column":4},"end":{"line":297,"column":44}}]},"23":{"loc":{"start":{"line":302,"column":4},"end":{"line":317,"column":null}},"type":"if","locations":[{"start":{"line":302,"column":4},"end":{"line":317,"column":null}},{"start":{"line":310,"column":11},"end":{"line":317,"column":null}}]},"24":{"loc":{"start":{"line":304,"column":6},"end":{"line":307,"column":null}},"type":"if","locations":[{"start":{"line":304,"column":6},"end":{"line":307,"column":null}}]},"25":{"loc":{"start":{"line":304,"column":10},"end":{"line":304,"column":50}},"type":"binary-expr","locations":[{"start":{"line":304,"column":10},"end":{"line":304,"column":32}},{"start":{"line":304,"column":36},"end":{"line":304,"column":50}}]},"26":{"loc":{"start":{"line":309,"column":66},"end":{"line":309,"column":114}},"type":"binary-expr","locations":[{"start":{"line":309,"column":66},"end":{"line":309,"column":108}},{"start":{"line":309,"column":112},"end":{"line":309,"column":114}}]},"27":{"loc":{"start":{"line":311,"column":6},"end":{"line":313,"column":null}},"type":"if","locations":[{"start":{"line":311,"column":6},"end":{"line":313,"column":null}}]},"28":{"loc":{"start":{"line":323,"column":4},"end":{"line":323,"column":58}},"type":"if","locations":[{"start":{"line":323,"column":4},"end":{"line":323,"column":58}}]},"29":{"loc":{"start":{"line":323,"column":8},"end":{"line":323,"column":43}},"type":"binary-expr","locations":[{"start":{"line":323,"column":8},"end":{"line":323,"column":23}},{"start":{"line":323,"column":27},"end":{"line":323,"column":43}}]},"30":{"loc":{"start":{"line":324,"column":4},"end":{"line":324,"column":60}},"type":"if","locations":[{"start":{"line":324,"column":4},"end":{"line":324,"column":60}}]},"31":{"loc":{"start":{"line":324,"column":8},"end":{"line":324,"column":43}},"type":"binary-expr","locations":[{"start":{"line":324,"column":8},"end":{"line":324,"column":24}},{"start":{"line":324,"column":28},"end":{"line":324,"column":43}}]},"32":{"loc":{"start":{"line":329,"column":4},"end":{"line":335,"column":null}},"type":"if","locations":[{"start":{"line":329,"column":4},"end":{"line":335,"column":null}},{"start":{"line":332,"column":11},"end":{"line":335,"column":null}}]},"33":{"loc":{"start":{"line":340,"column":4},"end":{"line":344,"column":null}},"type":"if","locations":[{"start":{"line":340,"column":4},"end":{"line":344,"column":null}},{"start":{"line":342,"column":11},"end":{"line":344,"column":null}}]},"34":{"loc":{"start":{"line":349,"column":4},"end":{"line":350,"column":111}},"type":"if","locations":[{"start":{"line":349,"column":4},"end":{"line":350,"column":111}}]},"35":{"loc":{"start":{"line":355,"column":4},"end":{"line":357,"column":null}},"type":"if","locations":[{"start":{"line":355,"column":4},"end":{"line":357,"column":null}}]},"36":{"loc":{"start":{"line":355,"column":8},"end":{"line":355,"column":95}},"type":"binary-expr","locations":[{"start":{"line":355,"column":8},"end":{"line":355,"column":34}},{"start":{"line":355,"column":38},"end":{"line":355,"column":66}},{"start":{"line":355,"column":70},"end":{"line":355,"column":95}}]},"37":{"loc":{"start":{"line":362,"column":4},"end":{"line":369,"column":null}},"type":"if","locations":[{"start":{"line":362,"column":4},"end":{"line":369,"column":null}}]},"38":{"loc":{"start":{"line":362,"column":8},"end":{"line":362,"column":66}},"type":"binary-expr","locations":[{"start":{"line":362,"column":8},"end":{"line":362,"column":34}},{"start":{"line":362,"column":38},"end":{"line":362,"column":66}}]},"39":{"loc":{"start":{"line":365,"column":6},"end":{"line":368,"column":null}},"type":"if","locations":[{"start":{"line":365,"column":6},"end":{"line":368,"column":null}}]},"40":{"loc":{"start":{"line":366,"column":22},"end":{"line":366,"column":63}},"type":"cond-expr","locations":[{"start":{"line":366,"column":38},"end":{"line":366,"column":55}},{"start":{"line":366,"column":58},"end":{"line":366,"column":63}}]},"41":{"loc":{"start":{"line":370,"column":18},"end":{"line":370,"column":46}},"type":"binary-expr","locations":[{"start":{"line":370,"column":18},"end":{"line":370,"column":38}},{"start":{"line":370,"column":42},"end":{"line":370,"column":46}}]},"42":{"loc":{"start":{"line":376,"column":4},"end":{"line":377,"column":36}},"type":"if","locations":[{"start":{"line":376,"column":4},"end":{"line":377,"column":36}},{"start":{"line":377,"column":9},"end":{"line":377,"column":36}}]},"43":{"loc":{"start":{"line":393,"column":4},"end":{"line":404,"column":null}},"type":"if","locations":[{"start":{"line":393,"column":4},"end":{"line":404,"column":null}}]},"44":{"loc":{"start":{"line":394,"column":6},"end":{"line":403,"column":null}},"type":"if","locations":[{"start":{"line":394,"column":6},"end":{"line":403,"column":null}},{"start":{"line":401,"column":13},"end":{"line":403,"column":null}}]},"45":{"loc":{"start":{"line":401,"column":13},"end":{"line":403,"column":null}},"type":"if","locations":[{"start":{"line":401,"column":13},"end":{"line":403,"column":null}}]},"46":{"loc":{"start":{"line":409,"column":4},"end":{"line":424,"column":null}},"type":"if","locations":[{"start":{"line":409,"column":4},"end":{"line":424,"column":null}}]},"47":{"loc":{"start":{"line":410,"column":6},"end":{"line":423,"column":null}},"type":"if","locations":[{"start":{"line":410,"column":6},"end":{"line":423,"column":null}},{"start":{"line":417,"column":13},"end":{"line":423,"column":null}}]},"48":{"loc":{"start":{"line":410,"column":10},"end":{"line":410,"column":85}},"type":"binary-expr","locations":[{"start":{"line":410,"column":10},"end":{"line":410,"column":51}},{"start":{"line":410,"column":55},"end":{"line":410,"column":85}}]},"49":{"loc":{"start":{"line":418,"column":8},"end":{"line":422,"column":null}},"type":"if","locations":[{"start":{"line":418,"column":8},"end":{"line":422,"column":null}},{"start":{"line":420,"column":15},"end":{"line":422,"column":null}}]},"50":{"loc":{"start":{"line":420,"column":15},"end":{"line":422,"column":null}},"type":"if","locations":[{"start":{"line":420,"column":15},"end":{"line":422,"column":null}}]},"51":{"loc":{"start":{"line":429,"column":4},"end":{"line":443,"column":null}},"type":"if","locations":[{"start":{"line":429,"column":4},"end":{"line":443,"column":null}}]},"52":{"loc":{"start":{"line":430,"column":6},"end":{"line":442,"column":null}},"type":"if","locations":[{"start":{"line":430,"column":6},"end":{"line":442,"column":null}},{"start":{"line":436,"column":13},"end":{"line":442,"column":null}}]},"53":{"loc":{"start":{"line":430,"column":10},"end":{"line":430,"column":85}},"type":"binary-expr","locations":[{"start":{"line":430,"column":10},"end":{"line":430,"column":51}},{"start":{"line":430,"column":55},"end":{"line":430,"column":85}}]},"54":{"loc":{"start":{"line":437,"column":8},"end":{"line":441,"column":null}},"type":"if","locations":[{"start":{"line":437,"column":8},"end":{"line":441,"column":null}},{"start":{"line":439,"column":15},"end":{"line":441,"column":null}}]},"55":{"loc":{"start":{"line":439,"column":15},"end":{"line":441,"column":null}},"type":"if","locations":[{"start":{"line":439,"column":15},"end":{"line":441,"column":null}}]},"56":{"loc":{"start":{"line":448,"column":4},"end":{"line":448,"column":38}},"type":"if","locations":[{"start":{"line":448,"column":4},"end":{"line":448,"column":38}}]},"57":{"loc":{"start":{"line":449,"column":4},"end":{"line":463,"column":32}},"type":"if","locations":[{"start":{"line":449,"column":4},"end":{"line":463,"column":32}},{"start":{"line":463,"column":11},"end":{"line":463,"column":32}}]},"58":{"loc":{"start":{"line":450,"column":6},"end":{"line":462,"column":34}},"type":"if","locations":[{"start":{"line":450,"column":6},"end":{"line":462,"column":34}},{"start":{"line":459,"column":13},"end":{"line":462,"column":34}}]},"59":{"loc":{"start":{"line":450,"column":10},"end":{"line":450,"column":89}},"type":"binary-expr","locations":[{"start":{"line":450,"column":10},"end":{"line":450,"column":53}},{"start":{"line":450,"column":57},"end":{"line":450,"column":89}}]},"60":{"loc":{"start":{"line":459,"column":13},"end":{"line":462,"column":34}},"type":"if","locations":[{"start":{"line":459,"column":13},"end":{"line":462,"column":34}},{"start":{"line":462,"column":13},"end":{"line":462,"column":34}}]},"61":{"loc":{"start":{"line":469,"column":21},"end":{"line":469,"column":54}},"type":"cond-expr","locations":[{"start":{"line":469,"column":41},"end":{"line":469,"column":43}},{"start":{"line":469,"column":46},"end":{"line":469,"column":54}}]},"62":{"loc":{"start":{"line":480,"column":4},"end":{"line":480,"column":62}},"type":"if","locations":[{"start":{"line":480,"column":4},"end":{"line":480,"column":62}}]}},"s":{"0":25,"1":25,"2":119,"3":6,"4":1,"5":5,"6":119,"7":119,"8":119,"9":119,"10":119,"11":119,"12":119,"13":119,"14":119,"15":119,"16":119,"17":119,"18":119,"19":119,"20":119,"21":119,"22":119,"23":119,"24":119,"25":119,"26":119,"27":119,"28":227,"29":74,"30":74,"31":74,"32":74,"33":74,"34":4,"35":74,"36":2,"37":74,"38":2,"39":74,"40":3,"41":168,"42":168,"43":168,"44":168,"45":40,"46":131,"47":115,"48":1,"49":119,"50":19,"51":60,"52":20,"53":53,"54":25,"55":6,"56":3,"57":20,"58":113,"59":113,"60":113,"61":69,"62":69,"63":69,"64":69,"65":69,"66":19,"67":69,"68":108,"69":108,"70":108,"71":103,"72":108,"73":108,"74":108,"75":108,"76":103,"77":118,"78":118,"79":118,"80":118,"81":93,"82":93,"83":93,"84":93,"85":93,"86":93,"87":93,"88":93,"89":93,"90":93,"91":117,"92":117,"93":117,"94":3,"95":3,"96":3,"97":1,"98":1,"99":11,"100":1,"101":1,"102":1,"103":1,"104":1,"105":1,"106":10,"107":10,"108":10,"109":10,"110":10,"111":11,"112":208,"113":117,"114":208,"115":3,"116":187,"117":6,"118":6,"119":181,"120":181,"121":203,"122":50,"123":153,"124":70,"125":70,"126":42,"127":4,"128":121,"129":4,"130":4,"131":1,"132":1,"133":120,"134":5,"135":5,"136":4,"137":1,"138":5,"139":203,"140":203,"141":203,"142":203,"143":203,"144":203,"145":203,"146":13,"147":6,"148":7,"149":6,"150":203,"151":12,"152":3,"153":9,"154":6,"155":3,"156":2,"157":203,"158":54,"159":3,"160":51,"161":4,"162":47,"163":46,"164":66,"165":1,"166":65,"167":64,"168":3,"169":3,"170":61,"171":60,"172":60,"173":1,"174":1,"175":65,"176":63,"177":63,"178":8,"179":8,"180":8,"181":8,"182":6,"183":25},"f":{"0":6,"1":119,"2":227,"3":74,"4":74,"5":168,"6":131,"7":1,"8":119,"9":19,"10":60,"11":20,"12":53,"13":25,"14":6,"15":3,"16":20,"17":113,"18":69,"19":108,"20":118,"21":93,"22":117,"23":3,"24":1,"25":11,"26":208,"27":187,"28":203,"29":70,"30":42,"31":121,"32":5,"33":203,"34":203,"35":203,"36":203,"37":66,"38":63,"39":8},"b":{"0":[1],"1":[6,1],"2":[4],"3":[2],"4":[2],"5":[3],"6":[40],"7":[40],"8":[115],"9":[131,130,3,130],"10":[69,5],"11":[19],"12":[103],"13":[103],"14":[93],"15":[93,93],"16":[93],"17":[93,93],"18":[93],"19":[93,93],"20":[117],"21":[3],"22":[1],"23":[1,10],"24":[1],"25":[1,1],"26":[1,0],"27":[10],"28":[117],"29":[208,200],"30":[3],"31":[208,8],"32":[6,181],"33":[50,153],"34":[70],"35":[4],"36":[42,4,4],"37":[4],"38":[121,5],"39":[1],"40":[0,1],"41":[120,38],"42":[4,1],"43":[13],"44":[6,7],"45":[6],"46":[12],"47":[3,9],"48":[12,4],"49":[6,3],"50":[2],"51":[54],"52":[3,51],"53":[54,4],"54":[4,47],"55":[46],"56":[1],"57":[64,1],"58":[3,61],"59":[64,3],"60":[60,1],"61":[33,30],"62":[6]}}
,"C:\\www\\forms.js\\packages\\core\\src\\form.ts": {"path":"C:\\www\\forms.js\\packages\\core\\src\\form.ts","statementMap":{"0":{"start":{"line":1,"column":0},"end":{"line":1,"column":null}},"1":{"start":{"line":20,"column":0},"end":{"line":20,"column":null}},"2":{"start":{"line":34,"column":32},"end":{"line":42,"column":4}},"3":{"start":{"line":44,"column":40},"end":{"line":44,"column":44}},"4":{"start":{"line":45,"column":49},"end":{"line":45,"column":53}},"5":{"start":{"line":46,"column":24},"end":{"line":46,"column":26}},"6":{"start":{"line":47,"column":37},"end":{"line":47,"column":41}},"7":{"start":{"line":48,"column":30},"end":{"line":48,"column":32}},"8":{"start":{"line":49,"column":49},"end":{"line":49,"column":51}},"9":{"start":{"line":50,"column":49},"end":{"line":50,"column":51}},"10":{"start":{"line":51,"column":50},"end":{"line":51,"column":52}},"11":{"start":{"line":52,"column":28},"end":{"line":52,"column":30}},"12":{"start":{"line":53,"column":35},"end":{"line":53,"column":40}},"13":{"start":{"line":54,"column":34},"end":{"line":54,"column":55}},"14":{"start":{"line":55,"column":28},"end":{"line":55,"column":30}},"15":{"start":{"line":56,"column":42},"end":{"line":56,"column":44}},"16":{"start":{"line":63,"column":4},"end":{"line":63,"column":36}},"17":{"start":{"line":64,"column":4},"end":{"line":64,"column":34}},"18":{"start":{"line":65,"column":4},"end":{"line":65,"column":26}},"19":{"start":{"line":66,"column":4},"end":{"line":66,"column":17}},"20":{"start":{"line":67,"column":4},"end":{"line":67,"column":20}},"21":{"start":{"line":76,"column":4},"end":{"line":80,"column":null}},"22":{"start":{"line":77,"column":6},"end":{"line":77,"column":54}},"23":{"start":{"line":79,"column":6},"end":{"line":79,"column":29}},"24":{"start":{"line":81,"column":4},"end":{"line":81,"column":33}},"25":{"start":{"line":82,"column":4},"end":{"line":82,"column":80}},"26":{"start":{"line":82,"column":23},"end":{"line":82,"column":80}},"27":{"start":{"line":90,"column":4},"end":{"line":90,"column":60}},"28":{"start":{"line":91,"column":4},"end":{"line":91,"column":26}},"29":{"start":{"line":92,"column":4},"end":{"line":92,"column":34}},"30":{"start":{"line":93,"column":4},"end":{"line":93,"column":47}},"31":{"start":{"line":100,"column":4},"end":{"line":100,"column":77}},"32":{"start":{"line":100,"column":27},"end":{"line":100,"column":77}},"33":{"start":{"line":101,"column":4},"end":{"line":101,"column":89}},"34":{"start":{"line":101,"column":43},"end":{"line":101,"column":89}},"35":{"start":{"line":106,"column":4},"end":{"line":106,"column":39}},"36":{"start":{"line":106,"column":32},"end":{"line":106,"column":39}},"37":{"start":{"line":107,"column":4},"end":{"line":107,"column":72}},"38":{"start":{"line":107,"column":33},"end":{"line":107,"column":72}},"39":{"start":{"line":108,"column":4},"end":{"line":108,"column":45}},"40":{"start":{"line":109,"column":4},"end":{"line":111,"column":null}},"41":{"start":{"line":110,"column":6},"end":{"line":110,"column":50}},"42":{"start":{"line":126,"column":4},"end":{"line":128,"column":7}},"43":{"start":{"line":127,"column":6},"end":{"line":127,"column":63}},"44":{"start":{"line":136,"column":4},"end":{"line":136,"column":25}},"45":{"start":{"line":145,"column":20},"end":{"line":145,"column":55}},"46":{"start":{"line":146,"column":4},"end":{"line":146,"column":34}},"47":{"start":{"line":147,"column":4},"end":{"line":147,"column":19}},"48":{"start":{"line":151,"column":16},"end":{"line":151,"column":26}},"49":{"start":{"line":152,"column":4},"end":{"line":154,"column":null}},"50":{"start":{"line":153,"column":6},"end":{"line":153,"column":54}},"51":{"start":{"line":156,"column":4},"end":{"line":160,"column":6}},"52":{"start":{"line":162,"column":4},"end":{"line":165,"column":null}},"53":{"start":{"line":163,"column":6},"end":{"line":163,"column":25}},"54":{"start":{"line":164,"column":6},"end":{"line":164,"column":27}},"55":{"start":{"line":183,"column":30},"end":{"line":185,"column":6}},"56":{"start":{"line":187,"column":24},"end":{"line":187,"column":57}},"57":{"start":{"line":188,"column":4},"end":{"line":188,"column":71}},"58":{"start":{"line":188,"column":22},"end":{"line":188,"column":71}},"59":{"start":{"line":189,"column":20},"end":{"line":189,"column":46}},"60":{"start":{"line":190,"column":43},"end":{"line":190,"column":75}},"61":{"start":{"line":192,"column":4},"end":{"line":194,"column":null}},"62":{"start":{"line":193,"column":6},"end":{"line":193,"column":54}},"63":{"start":{"line":195,"column":4},"end":{"line":197,"column":null}},"64":{"start":{"line":196,"column":6},"end":{"line":196,"column":56}},"65":{"start":{"line":199,"column":37},"end":{"line":199,"column":86}},"66":{"start":{"line":201,"column":4},"end":{"line":232,"column":null}},"67":{"start":{"line":203,"column":8},"end":{"line":205,"column":55}},"68":{"start":{"line":204,"column":10},"end":{"line":204,"column":88}},"69":{"start":{"line":205,"column":15},"end":{"line":205,"column":55}},"70":{"start":{"line":206,"column":8},"end":{"line":206,"column":14}},"71":{"start":{"line":208,"column":8},"end":{"line":210,"column":54}},"72":{"start":{"line":209,"column":10},"end":{"line":209,"column":88}},"73":{"start":{"line":210,"column":15},"end":{"line":210,"column":54}},"74":{"start":{"line":212,"column":8},"end":{"line":223,"column":null}},"75":{"start":{"line":213,"column":48},"end":{"line":213,"column":80}},"76":{"start":{"line":214,"column":10},"end":{"line":222,"column":null}},"77":{"start":{"line":215,"column":12},"end":{"line":221,"column":14}},"78":{"start":{"line":224,"column":8},"end":{"line":224,"column":14}},"79":{"start":{"line":226,"column":8},"end":{"line":230,"column":null}},"80":{"start":{"line":227,"column":10},"end":{"line":227,"column":88}},"81":{"start":{"line":229,"column":10},"end":{"line":229,"column":49}},"82":{"start":{"line":231,"column":8},"end":{"line":231,"column":14}},"83":{"start":{"line":242,"column":17},"end":{"line":242,"column":37}},"84":{"start":{"line":244,"column":4},"end":{"line":244,"column":86}},"85":{"start":{"line":244,"column":79},"end":{"line":244,"column":86}},"86":{"start":{"line":245,"column":4},"end":{"line":255,"column":null}},"87":{"start":{"line":247,"column":8},"end":{"line":247,"column":48}},"88":{"start":{"line":248,"column":8},"end":{"line":248,"column":14}},"89":{"start":{"line":250,"column":8},"end":{"line":250,"column":47}},"90":{"start":{"line":251,"column":8},"end":{"line":251,"column":14}},"91":{"start":{"line":253,"column":8},"end":{"line":253,"column":47}},"92":{"start":{"line":254,"column":8},"end":{"line":254,"column":14}},"93":{"start":{"line":262,"column":4},"end":{"line":264,"column":7}},"94":{"start":{"line":263,"column":6},"end":{"line":263,"column":33}},"95":{"start":{"line":265,"column":4},"end":{"line":267,"column":7}},"96":{"start":{"line":266,"column":6},"end":{"line":266,"column":33}},"97":{"start":{"line":268,"column":4},"end":{"line":270,"column":7}},"98":{"start":{"line":269,"column":6},"end":{"line":269,"column":34}},"99":{"start":{"line":279,"column":4},"end":{"line":279,"column":28}},"100":{"start":{"line":287,"column":4},"end":{"line":287,"column":29}},"101":{"start":{"line":298,"column":4},"end":{"line":302,"column":null}},"102":{"start":{"line":299,"column":6},"end":{"line":299,"column":37}},"103":{"start":{"line":301,"column":6},"end":{"line":301,"column":36}},"104":{"start":{"line":303,"column":4},"end":{"line":303,"column":18}},"105":{"start":{"line":307,"column":25},"end":{"line":307,"column":48}},"106":{"start":{"line":308,"column":47},"end":{"line":308,"column":59}},"107":{"start":{"line":311,"column":4},"end":{"line":311,"column":42}},"108":{"start":{"line":311,"column":35},"end":{"line":311,"column":42}},"109":{"start":{"line":313,"column":4},"end":{"line":326,"column":null}},"110":{"start":{"line":314,"column":19},"end":{"line":314,"column":46}},"111":{"start":{"line":315,"column":6},"end":{"line":315,"column":45}},"112":{"start":{"line":315,"column":38},"end":{"line":315,"column":45}},"113":{"start":{"line":316,"column":23},"end":{"line":316,"column":35}},"114":{"start":{"line":317,"column":23},"end":{"line":317,"column":44}},"115":{"start":{"line":318,"column":6},"end":{"line":318,"column":57}},"116":{"start":{"line":319,"column":6},"end":{"line":319,"column":54}},"117":{"start":{"line":321,"column":20},"end":{"line":321,"column":47}},"118":{"start":{"line":322,"column":6},"end":{"line":322,"column":25}},"119":{"start":{"line":322,"column":18},"end":{"line":322,"column":25}},"120":{"start":{"line":323,"column":23},"end":{"line":323,"column":36}},"121":{"start":{"line":324,"column":6},"end":{"line":324,"column":47}},"122":{"start":{"line":325,"column":6},"end":{"line":325,"column":44}},"123":{"start":{"line":330,"column":4},"end":{"line":330,"column":27}},"124":{"start":{"line":334,"column":4},"end":{"line":340,"column":null}},"125":{"start":{"line":335,"column":6},"end":{"line":335,"column":30}},"126":{"start":{"line":336,"column":6},"end":{"line":336,"column":13}},"127":{"start":{"line":337,"column":11},"end":{"line":340,"column":null}},"128":{"start":{"line":338,"column":6},"end":{"line":338,"column":55}},"129":{"start":{"line":338,"column":31},"end":{"line":338,"column":55}},"130":{"start":{"line":339,"column":6},"end":{"line":339,"column":75}},"131":{"start":{"line":339,"column":41},"end":{"line":339,"column":75}},"132":{"start":{"line":344,"column":4},"end":{"line":346,"column":null}},"133":{"start":{"line":345,"column":6},"end":{"line":345,"column":42}},"134":{"start":{"line":354,"column":4},"end":{"line":354,"column":20}},"135":{"start":{"line":362,"column":4},"end":{"line":362,"column":22}},"136":{"start":{"line":370,"column":4},"end":{"line":370,"column":25}},"137":{"start":{"line":379,"column":4},"end":{"line":379,"column":29}},"138":{"start":{"line":387,"column":4},"end":{"line":387,"column":24}},"139":{"start":{"line":396,"column":4},"end":{"line":396,"column":28}},"140":{"start":{"line":404,"column":4},"end":{"line":404,"column":30}},"141":{"start":{"line":412,"column":4},"end":{"line":412,"column":54}},"142":{"start":{"line":421,"column":4},"end":{"line":427,"column":null}},"143":{"start":{"line":422,"column":6},"end":{"line":424,"column":9}},"144":{"start":{"line":423,"column":8},"end":{"line":423,"column":28}},"145":{"start":{"line":425,"column":11},"end":{"line":427,"column":null}},"146":{"start":{"line":426,"column":6},"end":{"line":426,"column":28}},"147":{"start":{"line":428,"column":4},"end":{"line":428,"column":46}},"148":{"start":{"line":436,"column":4},"end":{"line":436,"column":38}},"149":{"start":{"line":436,"column":15},"end":{"line":436,"column":38}},"150":{"start":{"line":437,"column":4},"end":{"line":440,"column":7}},"151":{"start":{"line":438,"column":20},"end":{"line":438,"column":37}},"152":{"start":{"line":439,"column":6},"end":{"line":439,"column":74}},"153":{"start":{"line":439,"column":60},"end":{"line":439,"column":74}},"154":{"start":{"line":441,"column":4},"end":{"line":444,"column":7}},"155":{"start":{"line":442,"column":20},"end":{"line":442,"column":37}},"156":{"start":{"line":443,"column":6},"end":{"line":443,"column":74}},"157":{"start":{"line":443,"column":60},"end":{"line":443,"column":74}},"158":{"start":{"line":445,"column":4},"end":{"line":448,"column":7}},"159":{"start":{"line":446,"column":21},"end":{"line":446,"column":39}},"160":{"start":{"line":447,"column":6},"end":{"line":447,"column":77}},"161":{"start":{"line":447,"column":62},"end":{"line":447,"column":77}},"162":{"start":{"line":455,"column":4},"end":{"line":458,"column":7}},"163":{"start":{"line":456,"column":20},"end":{"line":456,"column":37}},"164":{"start":{"line":457,"column":6},"end":{"line":457,"column":83}},"165":{"start":{"line":457,"column":66},"end":{"line":457,"column":83}},"166":{"start":{"line":465,"column":4},"end":{"line":465,"column":63}},"167":{"start":{"line":465,"column":56},"end":{"line":465,"column":63}},"168":{"start":{"line":466,"column":4},"end":{"line":469,"column":7}},"169":{"start":{"line":467,"column":20},"end":{"line":467,"column":37}},"170":{"start":{"line":468,"column":6},"end":{"line":468,"column":71}},"171":{"start":{"line":468,"column":58},"end":{"line":468,"column":71}},"172":{"start":{"line":470,"column":4},"end":{"line":473,"column":7}},"173":{"start":{"line":471,"column":20},"end":{"line":471,"column":37}},"174":{"start":{"line":472,"column":6},"end":{"line":472,"column":71}},"175":{"start":{"line":472,"column":58},"end":{"line":472,"column":71}},"176":{"start":{"line":480,"column":4},"end":{"line":480,"column":63}},"177":{"start":{"line":480,"column":56},"end":{"line":480,"column":63}},"178":{"start":{"line":481,"column":4},"end":{"line":484,"column":7}},"179":{"start":{"line":482,"column":20},"end":{"line":482,"column":37}},"180":{"start":{"line":483,"column":6},"end":{"line":483,"column":71}},"181":{"start":{"line":483,"column":58},"end":{"line":483,"column":71}},"182":{"start":{"line":485,"column":4},"end":{"line":488,"column":7}},"183":{"start":{"line":486,"column":20},"end":{"line":486,"column":37}},"184":{"start":{"line":487,"column":6},"end":{"line":487,"column":71}},"185":{"start":{"line":487,"column":58},"end":{"line":487,"column":71}},"186":{"start":{"line":495,"column":4},"end":{"line":495,"column":61}},"187":{"start":{"line":496,"column":4},"end":{"line":496,"column":59}},"188":{"start":{"line":497,"column":4},"end":{"line":497,"column":58}},"189":{"start":{"line":498,"column":4},"end":{"line":498,"column":99}},"190":{"start":{"line":498,"column":29},"end":{"line":498,"column":99}},"191":{"start":{"line":499,"column":4},"end":{"line":499,"column":99}},"192":{"start":{"line":499,"column":29},"end":{"line":499,"column":99}},"193":{"start":{"line":500,"column":4},"end":{"line":500,"column":107}},"194":{"start":{"line":500,"column":81},"end":{"line":500,"column":105}},"195":{"start":{"line":501,"column":4},"end":{"line":501,"column":68}},"196":{"start":{"line":502,"column":4},"end":{"line":502,"column":86}},"197":{"start":{"line":502,"column":58},"end":{"line":502,"column":86}},"198":{"start":{"line":506,"column":20},"end":{"line":506,"column":56}},"199":{"start":{"line":507,"column":4},"end":{"line":507,"column":62}},"200":{"start":{"line":508,"column":4},"end":{"line":508,"column":42}},"201":{"start":{"line":509,"column":4},"end":{"line":509,"column":46}},"202":{"start":{"line":510,"column":17},"end":{"line":510,"column":53}},"203":{"start":{"line":511,"column":4},"end":{"line":511,"column":56}},"204":{"start":{"line":512,"column":4},"end":{"line":512,"column":32}},"205":{"start":{"line":513,"column":4},"end":{"line":513,"column":58}},"206":{"start":{"line":513,"column":22},"end":{"line":513,"column":58}},"207":{"start":{"line":522,"column":4},"end":{"line":522,"column":27}},"208":{"start":{"line":523,"column":4},"end":{"line":523,"column":20}},"209":{"start":{"line":525,"column":4},"end":{"line":527,"column":null}},"210":{"start":{"line":526,"column":6},"end":{"line":526,"column":13}},"211":{"start":{"line":528,"column":4},"end":{"line":531,"column":null}},"212":{"start":{"line":529,"column":22},"end":{"line":529,"column":43}},"213":{"start":{"line":530,"column":6},"end":{"line":530,"column":36}},"214":{"start":{"line":530,"column":19},"end":{"line":530,"column":36}},"215":{"start":{"line":532,"column":15},"end":{"line":532,"column":29}},"216":{"start":{"line":533,"column":4},"end":{"line":535,"column":null}},"217":{"start":{"line":534,"column":6},"end":{"line":534,"column":46}},"218":{"start":{"line":536,"column":4},"end":{"line":536,"column":55}},"219":{"start":{"line":536,"column":29},"end":{"line":536,"column":55}},"220":{"start":{"line":543,"column":4},"end":{"line":543,"column":44}},"221":{"start":{"line":543,"column":22},"end":{"line":543,"column":44}},"222":{"start":{"line":33,"column":0},"end":{"line":33,"column":13}}},"fnMap":{"0":{"name":"(anonymous_0)","decl":{"start":{"line":62,"column":2},"end":{"line":62,"column":14}},"loc":{"start":{"line":62,"column":64},"end":{"line":68,"column":3}}},"1":{"name":"(anonymous_1)","decl":{"start":{"line":74,"column":10},"end":{"line":74,"column":26}},"loc":{"start":{"line":74,"column":55},"end":{"line":83,"column":3}}},"2":{"name":"(anonymous_2)","decl":{"start":{"line":89,"column":10},"end":{"line":89,"column":27}},"loc":{"start":{"line":89,"column":48},"end":{"line":94,"column":3}}},"3":{"name":"(anonymous_3)","decl":{"start":{"line":99,"column":10},"end":{"line":99,"column":18}},"loc":{"start":{"line":99,"column":18},"end":{"line":102,"column":3}}},"4":{"name":"(anonymous_4)","decl":{"start":{"line":105,"column":10},"end":{"line":105,"column":24}},"loc":{"start":{"line":105,"column":24},"end":{"line":112,"column":3}}},"5":{"name":"(anonymous_5)","decl":{"start":{"line":119,"column":9},"end":{"line":119,"column":20}},"loc":{"start":{"line":124,"column":29},"end":{"line":129,"column":3}}},"6":{"name":"(anonymous_6)","decl":{"start":{"line":126,"column":19},"end":{"line":126,"column":20}},"loc":{"start":{"line":126,"column":52},"end":{"line":128,"column":5}}},"7":{"name":"(anonymous_7)","decl":{"start":{"line":135,"column":2},"end":{"line":135,"column":9}},"loc":{"start":{"line":135,"column":9},"end":{"line":137,"column":3}}},"8":{"name":"(anonymous_8)","decl":{"start":{"line":144,"column":10},"end":{"line":144,"column":23}},"loc":{"start":{"line":144,"column":43},"end":{"line":148,"column":3}}},"9":{"name":"(anonymous_9)","decl":{"start":{"line":150,"column":10},"end":{"line":150,"column":30}},"loc":{"start":{"line":150,"column":98},"end":{"line":166,"column":3}}},"10":{"name":"(anonymous_10)","decl":{"start":{"line":176,"column":10},"end":{"line":176,"column":22}},"loc":{"start":{"line":181,"column":22},"end":{"line":233,"column":3}}},"11":{"name":"(anonymous_11)","decl":{"start":{"line":235,"column":10},"end":{"line":235,"column":27}},"loc":{"start":{"line":240,"column":14},"end":{"line":256,"column":3}}},"12":{"name":"(anonymous_12)","decl":{"start":{"line":261,"column":2},"end":{"line":261,"column":7}},"loc":{"start":{"line":261,"column":14},"end":{"line":271,"column":3}}},"13":{"name":"(anonymous_13)","decl":{"start":{"line":262,"column":38},"end":{"line":262,"column":39}},"loc":{"start":{"line":262,"column":54},"end":{"line":264,"column":5}}},"14":{"name":"(anonymous_14)","decl":{"start":{"line":265,"column":38},"end":{"line":265,"column":39}},"loc":{"start":{"line":265,"column":54},"end":{"line":267,"column":5}}},"15":{"name":"(anonymous_15)","decl":{"start":{"line":268,"column":39},"end":{"line":268,"column":40}},"loc":{"start":{"line":268,"column":55},"end":{"line":270,"column":5}}},"16":{"name":"(anonymous_16)","decl":{"start":{"line":278,"column":2},"end":{"line":278,"column":10}},"loc":{"start":{"line":278,"column":21},"end":{"line":280,"column":3}}},"17":{"name":"(anonymous_17)","decl":{"start":{"line":286,"column":2},"end":{"line":286,"column":16}},"loc":{"start":{"line":286,"column":16},"end":{"line":288,"column":3}}},"18":{"name":"(anonymous_18)","decl":{"start":{"line":296,"column":2},"end":{"line":296,"column":9}},"loc":{"start":{"line":296,"column":39},"end":{"line":304,"column":3}}},"19":{"name":"(anonymous_19)","decl":{"start":{"line":306,"column":10},"end":{"line":306,"column":24}},"loc":{"start":{"line":306,"column":54},"end":{"line":327,"column":3}}},"20":{"name":"(anonymous_20)","decl":{"start":{"line":329,"column":10},"end":{"line":329,"column":23}},"loc":{"start":{"line":329,"column":53},"end":{"line":331,"column":3}}},"21":{"name":"(anonymous_21)","decl":{"start":{"line":333,"column":10},"end":{"line":333,"column":35}},"loc":{"start":{"line":333,"column":82},"end":{"line":341,"column":3}}},"22":{"name":"(anonymous_22)","decl":{"start":{"line":343,"column":2},"end":{"line":343,"column":16}},"loc":{"start":{"line":343,"column":46},"end":{"line":347,"column":3}}},"23":{"name":"(anonymous_23)","decl":{"start":{"line":353,"column":2},"end":{"line":353,"column":7}},"loc":{"start":{"line":353,"column":7},"end":{"line":355,"column":3}}},"24":{"name":"(anonymous_24)","decl":{"start":{"line":361,"column":2},"end":{"line":361,"column":9}},"loc":{"start":{"line":361,"column":9},"end":{"line":363,"column":3}}},"25":{"name":"(anonymous_25)","decl":{"start":{"line":369,"column":2},"end":{"line":369,"column":12}},"loc":{"start":{"line":369,"column":12},"end":{"line":371,"column":3}}},"26":{"name":"(anonymous_26)","decl":{"start":{"line":378,"column":2},"end":{"line":378,"column":11}},"loc":{"start":{"line":378,"column":22},"end":{"line":380,"column":3}}},"27":{"name":"(anonymous_27)","decl":{"start":{"line":386,"column":2},"end":{"line":386,"column":11}},"loc":{"start":{"line":386,"column":11},"end":{"line":388,"column":3}}},"28":{"name":"(anonymous_28)","decl":{"start":{"line":395,"column":2},"end":{"line":395,"column":10}},"loc":{"start":{"line":395,"column":21},"end":{"line":397,"column":3}}},"29":{"name":"(anonymous_29)","decl":{"start":{"line":403,"column":2},"end":{"line":403,"column":15}},"loc":{"start":{"line":403,"column":15},"end":{"line":405,"column":3}}},"30":{"name":"(anonymous_30)","decl":{"start":{"line":411,"colum
[...]
umn":4},"end":{"line":74,"column":91}},"27":{"start":{"line":75,"column":4},"end":{"line":75,"column":58}},"28":{"start":{"line":76,"column":4},"end":{"line":76,"column":114}},"29":{"start":{"line":76,"column":34},"end":{"line":76,"column":114}},"30":{"start":{"line":80,"column":4},"end":{"line":80,"column":40}},"31":{"start":{"line":19,"column":0},"end":{"line":19,"column":13}}},"fnMap":{"0":{"name":"(anonymous_6)","decl":{"start":{"line":24,"column":16},"end":{"line":24,"column":17}},"loc":{"start":{"line":24,"column":42},"end":{"line":27,"column":5}}},"1":{"name":"(anonymous_7)","decl":{"start":{"line":39,"column":2},"end":{"line":39,"column":14}},"loc":{"start":{"line":39,"column":72},"end":{"line":44,"column":3}}},"2":{"name":"(anonymous_8)","decl":{"start":{"line":46,"column":2},"end":{"line":46,"column":7}},"loc":{"start":{"line":46,"column":18},"end":{"line":51,"column":3}}},"3":{"name":"(anonymous_9)","decl":{"start":{"line":53,"column":2},"end":{"line":53,"column":14}},"loc":{"start":{"line":53,"column":14},"end":{"line":55,"column":3}}},"4":{"name":"(anonymous_10)","decl":{"start":{"line":57,"column":2},"end":{"line":57,"column":15}},"loc":{"start":{"line":57,"column":15},"end":{"line":60,"column":3}}},"5":{"name":"(anonymous_11)","decl":{"start":{"line":62,"column":2},"end":{"line":62,"column":12}},"loc":{"start":{"line":62,"column":12},"end":{"line":67,"column":3}}},"6":{"name":"(anonymous_12)","decl":{"start":{"line":64,"column":59},"end":{"line":64,"column":60}},"loc":{"start":{"line":64,"column":74},"end":{"line":66,"column":7}}},"7":{"name":"(anonymous_13)","decl":{"start":{"line":69,"column":2},"end":{"line":69,"column":20}},"loc":{"start":{"line":69,"column":20},"end":{"line":77,"column":3}}},"8":{"name":"(anonymous_14)","decl":{"start":{"line":79,"column":2},"end":{"line":79,"column":10}},"loc":{"start":{"line":79,"column":10},"end":{"line":81,"column":3}}}},"branchMap":{"0":{"loc":{"start":{"line":25,"column":6},"end":{"line":25,"column":73}},"type":"if","locations":[{"start":{"line":25,"column":6},"end":{"line":25,"column":73}}]},"1":{"loc":{"start":{"line":25,"column":10},"end":{"line":25,"column":28}},"type":"binary-expr","locations":[{"start":{"line":25,"column":10},"end":{"line":25,"column":18}},{"start":{"line":25,"column":22},"end":{"line":25,"column":28}}]},"2":{"loc":{"start":{"line":58,"column":4},"end":{"line":59,"column":81}},"type":"if","locations":[{"start":{"line":58,"column":4},"end":{"line":59,"column":81}}]},"3":{"loc":{"start":{"line":58,"column":8},"end":{"line":58,"column":49}},"type":"binary-expr","locations":[{"start":{"line":58,"column":8},"end":{"line":58,"column":25}},{"start":{"line":58,"column":29},"end":{"line":58,"column":49}}]},"4":{"loc":{"start":{"line":59,"column":53},"end":{"line":59,"column":79}},"type":"binary-expr","locations":[{"start":{"line":59,"column":53},"end":{"line":59,"column":73}},{"start":{"line":59,"column":77},"end":{"line":59,"column":79}}]},"5":{"loc":{"start":{"line":63,"column":4},"end":{"line":66,"column":9}},"type":"if","locations":[{"start":{"line":63,"column":4},"end":{"line":66,"column":9}}]},"6":{"loc":{"start":{"line":73,"column":51},"end":{"line":73,"column":84}},"type":"binary-expr","locations":[{"start":{"line":73,"column":51},"end":{"line":73,"column":68}},{"start":{"line":73,"column":72},"end":{"line":73,"column":84}}]},"7":{"loc":{"start":{"line":74,"column":51},"end":{"line":74,"column":89}},"type":"cond-expr","locations":[{"start":{"line":74,"column":74},"end":{"line":74,"column":80}},{"start":{"line":74,"column":83},"end":{"line":74,"column":89}}]},"8":{"loc":{"start":{"line":76,"column":4},"end":{"line":76,"column":114}},"type":"if","locations":[{"start":{"line":76,"column":4},"end":{"line":76,"column":114}}]}},"s":{"0":25,"1":25,"2":25,"3":25,"4":4,"5":2,"6":1,"7":1,"8":4,"9":4,"10":4,"11":4,"12":4,"13":4,"14":4,"15":4,"16":4,"17":2,"18":4,"19":1,"20":4,"21":4,"22":1,"23":4,"24":4,"25":4,"26":4,"27":4,"28":4,"29":4,"30":1,"31":25},"f":{"0":2,"1":4,"2":4,"3":2,"4":4,"5":4,"6":1,"7":4,"8":1},"b":{"0":[1],"1":[2,1],"2":[1],"3":[4,4],"4":[1,0],"5":[4],"6":[4,0],"7":[1,3],"8":[4]}}
,"C:\\www\\forms.js\\packages\\core\\src\\fields\\urlField.ts": {"path":"C:\\www\\forms.js\\packages\\core\\src\\fields\\urlField.ts","statementMap":{"0":{"start":{"line":1,"column":0},"end":{"line":1,"column":null}},"1":{"start":{"line":7,"column":0},"end":{"line":7,"column":33}},"2":{"start":{"line":12,"column":33},"end":{"line":23,"column":4}},"3":{"start":{"line":17,"column":6},"end":{"line":17,"column":73}},"4":{"start":{"line":17,"column":30},"end":{"line":17,"column":73}},"5":{"start":{"line":18,"column":6},"end":{"line":18,"column":116}},"6":{"start":{"line":18,"column":78},"end":{"line":18,"column":116}},"7":{"start":{"line":19,"column":6},"end":{"line":19,"column":18}},"8":{"start":{"line":26,"column":4},"end":{"line":26,"column":429}},"9":{"start":{"line":29,"column":4},"end":{"line":29,"column":33}},"10":{"start":{"line":30,"column":4},"end":{"line":30,"column":36}},"11":{"start":{"line":31,"column":4},"end":{"line":31,"column":17}},"12":{"start":{"line":32,"column":4},"end":{"line":32,"column":22}},"13":{"start":{"line":36,"column":4},"end":{"line":36,"column":40}},"14":{"start":{"line":11,"column":0},"end":{"line":11,"column":13}}},"fnMap":{"0":{"name":"(anonymous_0)","decl":{"start":{"line":16,"column":16},"end":{"line":16,"column":17}},"loc":{"start":{"line":16,"column":42},"end":{"line":20,"column":5}}},"1":{"name":"(anonymous_1)","decl":{"start":{"line":28,"column":2},"end":{"line":28,"column":14}},"loc":{"start":{"line":28,"column":68},"end":{"line":33,"column":3}}},"2":{"name":"(anonymous_2)","decl":{"start":{"line":35,"column":2},"end":{"line":35,"column":10}},"loc":{"start":{"line":35,"column":10},"end":{"line":37,"column":3}}}},"branchMap":{"0":{"loc":{"start":{"line":17,"column":6},"end":{"line":17,"column":73}},"type":"if","locations":[{"start":{"line":17,"column":6},"end":{"line":17,"column":73}}]},"1":{"loc":{"start":{"line":17,"column":10},"end":{"line":17,"column":28}},"type":"binary-expr","locations":[{"start":{"line":17,"column":10},"end":{"line":17,"column":18}},{"start":{"line":17,"column":22},"end":{"line":17,"column":28}}]},"2":{"loc":{"start":{"line":18,"column":6},"end":{"line":18,"column":116}},"type":"if","locations":[{"start":{"line":18,"column":6},"end":{"line":18,"column":116}}]},"3":{"loc":{"start":{"line":18,"column":10},"end":{"line":18,"column":76}},"type":"binary-expr","locations":[{"start":{"line":18,"column":10},"end":{"line":18,"column":15}},{"start":{"line":18,"column":19},"end":{"line":18,"column":44}},{"start":{"line":18,"column":48},"end":{"line":18,"column":76}}]}},"s":{"0":25,"1":25,"2":4,"3":3,"4":1,"5":2,"6":1,"7":1,"8":4,"9":4,"10":4,"11":4,"12":4,"13":1,"14":25},"f":{"0":3,"1":4,"2":1},"b":{"0":[1],"1":[3,3],"2":[1],"3":[2,2,2]}}
,"C:\\www\\forms.js\\packages\\core\\src\\fields\\weekField.ts": {"path":"C:\\www\\forms.js\\packages\\core\\src\\fields\\weekField.ts","statementMap":{"0":{"start":{"line":1,"column":0},"end":{"line":1,"column":49}},"1":{"start":{"line":2,"column":19},"end":{"line":2,"column":54}},"2":{"start":{"line":3,"column":0},"end":{"line":3,"column":33}},"3":{"start":{"line":6,"column":0},"end":{"line":6,"column":76}},"4":{"start":{"line":8,"column":0},"end":{"line":8,"column":null}},"5":{"start":{"line":21,"column":37},"end":{"line":37,"column":4}},"6":{"start":{"line":26,"column":6},"end":{"line":26,"column":73}},"7":{"start":{"line":26,"column":30},"end":{"line":26,"column":73}},"8":{"start":{"line":27,"column":6},"end":{"line":27,"column":18}},"9":{"start":{"line":39,"column":43},"end":{"line":39,"column":47}},"10":{"start":{"line":42,"column":4},"end":{"line":42,"column":33}},"11":{"start":{"line":43,"column":4},"end":{"line":43,"column":36}},"12":{"start":{"line":44,"column":4},"end":{"line":44,"column":17}},"13":{"start":{"line":45,"column":4},"end":{"line":45,"column":22}},"14":{"start":{"line":49,"column":4},"end":{"line":49,"column":16}},"15":{"start":{"line":50,"column":4},"end":{"line":50,"column":18}},"16":{"start":{"line":51,"column":4},"end":{"line":51,"column":25}},"17":{"start":{"line":52,"column":4},"end":{"line":52,"column":22}},"18":{"start":{"line":56,"column":4},"end":{"line":56,"column":27}},"19":{"start":{"line":60,"column":4},"end":{"line":61,"column":81}},"20":{"start":{"line":61,"column":6},"end":{"line":61,"column":81}},"21":{"start":{"line":65,"column":4},"end":{"line":68,"column":9}},"22":{"start":{"line":66,"column":6},"end":{"line":68,"column":9}},"23":{"start":{"line":67,"column":8},"end":{"line":67,"column":27}},"24":{"start":{"line":73,"column":4},"end":{"line":73,"column":62}},"25":{"start":{"line":74,"column":4},"end":{"line":74,"column":63}},"26":{"start":{"line":75,"column":4},"end":{"line":75,"column":86}},"27":{"start":{"line":76,"column":4},"end":{"line":76,"column":91}},"28":{"start":{"line":77,"column":4},"end":{"line":77,"column":58}},"29":{"start":{"line":78,"column":4},"end":{"line":78,"column":114}},"30":{"start":{"line":78,"column":34},"end":{"line":78,"column":114}},"31":{"start":{"line":82,"column":4},"end":{"line":82,"column":40}},"32":{"start":{"line":20,"column":0},"end":{"line":20,"column":13}}},"fnMap":{"0":{"name":"(anonymous_7)","decl":{"start":{"line":25,"column":16},"end":{"line":25,"column":17}},"loc":{"start":{"line":25,"column":42},"end":{"line":28,"column":5}}},"1":{"name":"(anonymous_8)","decl":{"start":{"line":41,"column":2},"end":{"line":41,"column":14}},"loc":{"start":{"line":41,"column":72},"end":{"line":46,"column":3}}},"2":{"name":"(anonymous_9)","decl":{"start":{"line":48,"column":2},"end":{"line":48,"column":7}},"loc":{"start":{"line":48,"column":18},"end":{"line":53,"column":3}}},"3":{"name":"(anonymous_10)","decl":{"start":{"line":55,"column":2},"end":{"line":55,"column":14}},"loc":{"start":{"line":55,"column":14},"end":{"line":57,"column":3}}},"4":{"name":"(anonymous_11)","decl":{"start":{"line":59,"column":2},"end":{"line":59,"column":15}},"loc":{"start":{"line":59,"column":15},"end":{"line":62,"column":3}}},"5":{"name":"(anonymous_12)","decl":{"start":{"line":64,"column":2},"end":{"line":64,"column":12}},"loc":{"start":{"line":64,"column":12},"end":{"line":69,"column":3}}},"6":{"name":"(anonymous_13)","decl":{"start":{"line":66,"column":59},"end":{"line":66,"column":60}},"loc":{"start":{"line":66,"column":74},"end":{"line":68,"column":7}}},"7":{"name":"(anonymous_14)","decl":{"start":{"line":71,"column":2},"end":{"line":71,"column":20}},"loc":{"start":{"line":71,"column":20},"end":{"line":79,"column":3}}},"8":{"name":"(anonymous_15)","decl":{"start":{"line":81,"column":2},"end":{"line":81,"column":10}},"loc":{"start":{"line":81,"column":10},"end":{"line":83,"column":3}}}},"branchMap":{"0":{"loc":{"start":{"line":26,"column":6},"end":{"line":26,"column":73}},"type":"if","locations":[{"start":{"line":26,"column":6},"end":{"line":26,"column":73}}]},"1":{"loc":{"start":{"line":26,"column":10},"end":{"line":26,"column":28}},"type":"binary-expr","locations":[{"start":{"line":26,"column":10},"end":{"line":26,"column":18}},{"start":{"line":26,"column":22},"end":{"line":26,"column":28}}]},"2":{"loc":{"start":{"line":60,"column":4},"end":{"line":61,"column":81}},"type":"if","locations":[{"start":{"line":60,"column":4},"end":{"line":61,"column":81}}]},"3":{"loc":{"start":{"line":60,"column":8},"end":{"line":60,"column":49}},"type":"binary-expr","locations":[{"start":{"line":60,"column":8},"end":{"line":60,"column":25}},{"start":{"line":60,"column":29},"end":{"line":60,"column":49}}]},"4":{"loc":{"start":{"line":61,"column":53},"end":{"line":61,"column":79}},"type":"binary-expr","locations":[{"start":{"line":61,"column":53},"end":{"line":61,"column":73}},{"start":{"line":61,"column":77},"end":{"line":61,"column":79}}]},"5":{"loc":{"start":{"line":65,"column":4},"end":{"line":68,"column":9}},"type":"if","locations":[{"start":{"line":65,"column":4},"end":{"line":68,"column":9}}]},"6":{"loc":{"start":{"line":75,"column":51},"end":{"line":75,"column":84}},"type":"binary-expr","locations":[{"start":{"line":75,"column":51},"end":{"line":75,"column":68}},{"start":{"line":75,"column":72},"end":{"line":75,"column":84}}]},"7":{"loc":{"start":{"line":76,"column":51},"end":{"line":76,"column":89}},"type":"cond-expr","locations":[{"start":{"line":76,"column":74},"end":{"line":76,"column":80}},{"start":{"line":76,"column":83},"end":{"line":76,"column":89}}]},"8":{"loc":{"start":{"line":78,"column":4},"end":{"line":78,"column":114}},"type":"if","locations":[{"start":{"line":78,"column":4},"end":{"line":78,"column":114}}]}},"s":{"0":25,"1":25,"2":25,"3":25,"4":25,"5":4,"6":2,"7":1,"8":1,"9":4,"10":4,"11":4,"12":4,"13":4,"14":4,"15":4,"16":4,"17":4,"18":2,"19":4,"20":1,"21":4,"22":4,"23":1,"24":4,"25":4,"26":4,"27":4,"28":4,"29":4,"30":4,"31":1,"32":25},"f":{"0":2,"1":4,"2":4,"3":2,"4":4,"5":4,"6":1,"7":4,"8":1},"b":{"0":[1],"1":[2,1],"2":[1],"3":[4,4],"4":[1,0],"5":[4],"6":[4,0],"7":[1,3],"8":[4]}}
,"C:\\www\\forms.js\\packages\\core\\src\\tests\\test.options.ts": {"path":"C:\\www\\forms.js\\packages\\core\\src\\tests\\test.options.ts","statementMap":{"0":{"start":{"line":1,"column":0},"end":{"line":1,"column":null}},"1":{"start":{"line":24,"column":0},"end":{"line":24,"column":66}},"2":{"start":{"line":26,"column":13},"end":{"line":26,"column":42}},"3":{"start":{"line":27,"column":13},"end":{"line":27,"column":49}},"4":{"start":{"line":28,"column":13},"end":{"line":28,"column":38}},"5":{"start":{"line":29,"column":13},"end":{"line":29,"column":39}},"6":{"start":{"line":30,"column":13},"end":{"line":30,"column":45}},"7":{"start":{"line":31,"column":13},"end":{"line":31,"column":47}},"8":{"start":{"line":32,"column":13},"end":{"line":32,"column":57}},"9":{"start":{"line":33,"column":13},"end":{"line":33,"column":51}},"10":{"start":{"line":34,"column":13},"end":{"line":34,"column":39}},"11":{"start":{"line":35,"column":13},"end":{"line":35,"column":54}},"12":{"start":{"line":36,"column":13},"end":{"line":36,"column":43}},"13":{"start":{"line":37,"column":13},"end":{"line":37,"column":58}},"14":{"start":{"line":38,"column":13},"end":{"line":38,"column":40}},"15":{"start":{"line":39,"column":13},"end":{"line":39,"column":35}},"16":{"start":{"line":40,"column":13},"end":{"line":40,"column":73}},"17":{"start":{"line":41,"column":13},"end":{"line":41,"column":45}},"18":{"start":{"line":42,"column":13},"end":{"line":42,"column":40}},"19":{"start":{"line":43,"column":13},"end":{"line":43,"column":40}},"20":{"start":{"line":44,"column":13},"end":{"line":44,"column":39}},"21":{"start":{"line":45,"column":13},"end":{"line":45,"column":38}},"22":{"start":{"line":46,"column":13},"end":{"line":46,"column":42}},"23":{"start":{"line":47,"column":13},"end":{"line":47,"column":44}},"24":{"start":{"line":49,"column":13},"end":{"line":49,"column":47}},"25":{"start":{"line":50,"column":13},"end":{"line":50,"column":55}},"26":{"start":{"line":51,"column":13},"end":{"line":51,"column":49}},"27":{"start":{"line":52,"column":13},"end":{"line":52,"column":47}},"28":{"start":{"line":53,"column":13},"end":{"line":53,"column":49}},"29":{"start":{"line":54,"column":13},"end":{"line":54,"column":47}},"30":{"start":{"line":55,"column":13},"end":{"line":55,"column":51}},"31":{"start":{"line":56,"column":13},"end":{"line":56,"column":51}},"32":{"start":{"line":57,"column":13},"end":{"line":57,"column":55}},"33":{"start":{"line":58,"column":13},"end":{"line":58,"column":57}},"34":{"start":{"line":59,"column":13},"end":{"line":59,"column":45}},"35":{"start":{"line":60,"column":13},"end":{"line":60,"column":55}},"36":{"start":{"line":61,"column":13},"end":{"line":61,"column":51}},"37":{"start":{"line":62,"column":13},"end":{"line":62,"column":49}},"38":{"start":{"line":63,"column":13},"end":{"line":63,"column":67}},"39":{"start":{"line":64,"column":13},"end":{"line":64,"column":67}},"40":{"start":{"line":65,"column":13},"end":{"line":65,"column":49}},"41":{"start":{"line":66,"column":13},"end":{"line":66,"column":51}},"42":{"start":{"line":67,"column":13},"end":{"line":67,"column":47}},"43":{"start":{"line":68,"column":13},"end":{"line":68,"column":47}},"44":{"start":{"line":69,"column":13},"end":{"line":69,"column":39}},"45":{"start":{"line":70,"column":13},"end":{"line":70,"column":37}},"46":{"start":{"line":72,"column":13},"end":{"line":86,"column":2}},"47":{"start":{"line":88,"column":13},"end":{"line":88,"column":85}},"48":{"start":{"line":89,"column":13},"end":{"line":89,"column":91}},"49":{"start":{"line":90,"column":13},"end":{"line":90,"column":51}},"50":{"start":{"line":92,"column":30},"end":{"line":92,"column":41}},"51":{"start":{"line":92,"column":36},"end":{"line":92,"column":41}},"52":{"start":{"line":92,"column":13},"end":{"line":92,"column":30}},"53":{"start":{"line":94,"column":13},"end":{"line":97,"column":2}},"54":{"start":{"line":99,"column":13},"end":{"line":106,"column":2}},"55":{"start":{"line":108,"column":13},"end":{"line":115,"column":2}},"56":{"start":{"line":117,"column":13},"end":{"line":124,"column":2}},"57":{"start":{"line":126,"column":13},"end":{"line":135,"column":2}},"58":{"start":{"line":137,"column":13},"end":{"line":146,"column":2}},"59":{"start":{"line":148,"column":13},"end":{"line":156,"column":2}},"60":{"start":{"line":158,"column":13},"end":{"line":167,"column":2}},"61":{"start":{"line":169,"column":13},"end":{"line":175,"column":2}},"62":{"start":{"line":177,"column":13},"end":{"line":186,"column":2}},"63":{"start":{"line":188,"column":13},"end":{"line":196,"column":2}},"64":{"start":{"line":198,"column":13},"end":{"line":206,"column":2}},"65":{"start":{"line":208,"column":13},"end":{"line":216,"column":2}},"66":{"start":{"line":218,"column":13},"end":{"line":226,"column":2}},"67":{"start":{"line":228,"column":13},"end":{"line":248,"column":2}},"68":{"start":{"line":250,"column":13},"end":{"line":261,"column":2}},"69":{"start":{"line":263,"column":13},"end":{"line":273,"column":2}},"70":{"start":{"line":275,"column":13},"end":{"line":281,"column":2}},"71":{"start":{"line":283,"column":13},"end":{"line":292,"column":2}},"72":{"start":{"line":294,"column":13},"end":{"line":303,"column":2}},"73":{"start":{"line":305,"column":13},"end":{"line":308,"column":2}},"74":{"start":{"line":310,"column":13},"end":{"line":314,"column":2}},"75":{"start":{"line":317,"column":17},"end":{"line":317,"column":46}},"76":{"start":{"line":318,"column":2},"end":{"line":318,"column":31}},"77":{"start":{"line":319,"column":2},"end":{"line":319,"column":29}},"78":{"start":{"line":320,"column":2},"end":{"line":320,"column":22}},"79":{"start":{"line":321,"column":31},"end":{"line":325,"column":4}},"80":{"start":{"line":326,"column":15},"end":{"line":326,"column":40}},"81":{"start":{"line":327,"column":2},"end":{"line":327,"column":14}},"82":{"start":{"line":316,"column":0},"end":{"line":316,"column":16}}},"fnMap":{"0":{"name":"(anonymous_0)","decl":{"start":{"line":92,"column":30},"end":{"line":92,"column":33}},"loc":{"start":{"line":92,"column":36},"end":{"line":92,"column":41}}},"1":{"name":"createForm","decl":{"start":{"line":316,"column":16},"end":{"line":316,"column":26}},"loc":{"start":{"line":316,"column":52},"end":{"line":328,"column":1}}}},"branchMap":{},"s":{"0":22,"1":22,"2":22,"3":22,"4":22,"5":22,"6":22,"7":22,"8":22,"9":22,"10":22,"11":22,"12":22,"13":22,"14":22,"15":22,"16":22,"17":22,"18":22,"19":22,"20":22,"21":22,"22":22,"23":22,"24":22,"25":22,"26":22,"27":22,"28":22,"29":22,"30":22,"31":22,"32":22,"33":22,"34":22,"35":22,"36":22,"37":22,"38":22,"39":22,"40":22,"41":22,"42":22,"43":22,"44":22,"45":22,"46":22,"47":22,"48":22,"49":22,"50":22,"51":1,"52":22,"53":22,"54":22,"55":22,"56":22,"57":22,"58":22,"59":22,"60":22,"61":22,"62":22,"63":22,"64":22,"65":22,"66":22,"67":22,"68":22,"69":22,"70":22,"71":22,"72":22,"73":22,"74":22,"75":146,"76":146,"77":146,"78":146,"79":146,"80":146,"81":145,"82":22},"f":{"0":1,"1":146},"b":{}}
}
