TN:
SF:src\button.ts
FN:31,(anonymous_0)
FN:45,(anonymous_1)
FN:50,(anonymous_2)
FN:56,(anonymous_3)
FN:63,(anonymous_4)
FN:68,(anonymous_5)
FN:73,(anonymous_6)
FN:78,(anonymous_7)
FN:83,(anonymous_8)
FN:88,(anonymous_9)
FN:95,(anonymous_10)
FN:101,(anonymous_11)
FN:105,(anonymous_12)
FN:112,(anonymous_13)
FN:118,(anonymous_14)
FN:124,(anonymous_15)
FN:129,(anonymous_16)
FN:138,(anonymous_17)
FN:143,(anonymous_18)
FN:148,(anonymous_19)
FN:154,(anonymous_20)
FNF:21
FNH:21
FNDA:14,(anonymous_0)
FNDA:14,(anonymous_1)
FNDA:15,(anonymous_2)
FNDA:15,(anonymous_3)
FNDA:1,(anonymous_4)
FNDA:1,(anonymous_5)
FNDA:1,(anonymous_6)
FNDA:1,(anonymous_7)
FNDA:4,(anonymous_8)
FNDA:14,(anonymous_9)
FNDA:14,(anonymous_10)
FNDA:1,(anonymous_11)
FNDA:14,(anonymous_12)
FNDA:11,(anonymous_13)
FNDA:2,(anonymous_14)
FNDA:1,(anonymous_15)
FNDA:24,(anonymous_16)
FNDA:1,(anonymous_17)
FNDA:16,(anonymous_18)
FNDA:24,(anonymous_19)
FNDA:24,(anonymous_20)
DA:2,7
DA:6,7
DA:7,14
DA:14,14
DA:15,14
DA:20,14
DA:21,14
DA:23,14
DA:32,14
DA:33,14
DA:34,14
DA:35,14
DA:36,14
DA:37,14
DA:38,14
DA:46,14
DA:51,15
DA:52,15
DA:57,15
DA:58,9
DA:64,1
DA:69,1
DA:74,1
DA:79,1
DA:84,4
DA:89,14
DA:90,14
DA:91,14
DA:96,14
DA:97,14
DA:98,14
DA:99,14
DA:100,14
DA:101,14
DA:106,14
DA:107,14
DA:108,14
DA:113,11
DA:114,11
DA:119,2
DA:120,2
DA:125,1
DA:130,24
DA:131,24
DA:139,1
DA:144,16
DA:149,24
DA:150,24
DA:155,24
DA:156,15
DA:157,6
DA:158,9
DA:159,4
LF:53
LH:53
BRDA:57,0,0,9
BRDA:108,1,0,14
BRDA:108,2,0,14
BRDA:108,2,1,14
BRDA:113,3,0,11
BRDA:119,4,0,2
BRDA:125,5,0,1
BRDA:130,6,0,11
BRDA:130,7,0,24
BRDA:130,7,1,17
BRDA:131,8,0,2
BRDA:131,9,0,24
BRDA:131,9,1,7
BRDA:139,10,0,1
BRDA:155,11,0,15
BRDA:156,12,0,6
BRDA:156,12,1,9
BRDA:158,13,0,4
BRF:18
BRH:18
end_of_record
TN:
SF:src\constants.ts
FN:75,(anonymous_0)
FNF:1
FNH:1
FNDA:118,(anonymous_0)
DA:2,8
DA:4,8
DA:6,8
DA:7,8
DA:10,8
DA:11,8
DA:12,8
DA:17,8
DA:22,8
DA:27,8
DA:32,8
DA:37,8
DA:46,8
DA:53,8
DA:55,8
DA:56,8
DA:57,8
DA:58,8
DA:59,8
DA:61,8
DA:63,8
DA:72,8
DA:75,8
DA:81,118
DA:83,8
DA:84,8
DA:86,9
DA:87,9
DA:89,101
DA:90,101
DA:93,118
DA:95,118
LF:32
LH:32
BRDA:79,0,0,117
BRDA:81,1,0,8
BRDA:81,1,1,9
BRDA:81,1,2,101
BRDA:93,2,0,1
BRF:5
BRH:5
end_of_record
TN:
SF:src\field.ts
FN:18,(anonymous_0)
FN:55,(anonymous_1)
FN:69,(anonymous_2)
FN:76,(anonymous_3)
FN:84,(anonymous_4)
FN:103,(anonymous_5)
FN:113,(anonymous_6)
FN:127,(anonymous_7)
FN:135,(anonymous_8)
FN:143,(anonymous_9)
FN:151,(anonymous_10)
FN:159,(anonymous_11)
FN:167,(anonymous_12)
FN:175,(anonymous_13)
FN:183,(anonymous_14)
FN:191,(anonymous_15)
FN:196,(anonymous_16)
FN:204,(anonymous_17)
FN:215,(anonymous_18)
FN:228,(anonymous_19)
FN:237,(anonymous_20)
FN:249,(anonymous_21)
FN:255,(anonymous_22)
FN:261,(anonymous_23)
FN:266,(anonymous_24)
FN:287,(anonymous_25)
FN:293,(anonymous_26)
FN:304,(anonymous_27)
FN:313,(anonymous_28)
FN:319,(anonymous_29)
FN:326,(anonymous_30)
FN:338,(anonymous_31)
FN:346,(anonymous_32)
FN:356,(anonymous_33)
FN:372,(anonymous_34)
FN:392,(anonymous_35)
FN:411,(anonymous_36)
FN:431,(anonymous_37)
FN:440,(anonymous_38)
FNF:39
FNH:35
FNDA:5,(anonymous_0)
FNDA:32,(anonymous_1)
FNDA:63,(anonymous_2)
FNDA:31,(anonymous_3)
FNDA:31,(anonymous_4)
FNDA:37,(anonymous_5)
FNDA:37,(anonymous_6)
FNDA:1,(anonymous_7)
FNDA:1,(anonymous_8)
FNDA:1,(anonymous_9)
FNDA:1,(anonymous_10)
FNDA:1,(anonymous_11)
FNDA:1,(anonymous_12)
FNDA:1,(anonymous_13)
FNDA:1,(anonymous_14)
FNDA:1,(anonymous_15)
FNDA:31,(anonymous_16)
FNDA:31,(anonymous_17)
FNDA:31,(anonymous_18)
FNDA:31,(anonymous_19)
FNDA:31,(anonymous_20)
FNDA:30,(anonymous_21)
FNDA:0,(anonymous_22)
FNDA:0,(anonymous_23)
FNDA:0,(anonymous_24)
FNDA:53,(anonymous_25)
FNDA:53,(anonymous_26)
FNDA:53,(anonymous_27)
FNDA:31,(anonymous_28)
FNDA:3,(anonymous_29)
FNDA:32,(anonymous_30)
FNDA:3,(anonymous_31)
FNDA:53,(anonymous_32)
FNDA:53,(anonymous_33)
FNDA:53,(anonymous_34)
FNDA:53,(anonymous_35)
FNDA:6,(anonymous_36)
FNDA:6,(anonymous_37)
FNDA:0,(anonymous_38)
DA:2,7
DA:13,7
DA:14,32
DA:19,5
DA:20,4
DA:26,32
DA:27,32
DA:28,32
DA:29,32
DA:30,32
DA:35,32
DA:36,32
DA:37,32
DA:38,32
DA:39,32
DA:41,32
DA:42,32
DA:44,32
DA:45,32
DA:46,32
DA:47,32
DA:56,32
DA:57,32
DA:58,32
DA:59,32
DA:60,32
DA:61,32
DA:70,63
DA:77,31
DA:78,31
DA:79,31
DA:80,31
DA:85,31
DA:86,1
DA:88,31
DA:89,1
DA:91,31
DA:92,1
DA:94,31
DA:95,1
DA:104,37
DA:105,37
DA:106,37
DA:107,37
DA:114,37
DA:119,30
DA:128,1
DA:136,1
DA:144,1
DA:152,1
DA:160,1
DA:168,1
DA:176,1
DA:184,1
DA:192,1
DA:198,31
DA:199,31
DA:200,31
DA:206,31
DA:207,31
DA:208,31
DA:209,31
DA:210,31
DA:211,31
DA:217,31
DA:219,31
DA:220,31
DA:221,31
DA:222,31
DA:223,31
DA:224,31
DA:230,31
DA:231,31
DA:232,31
DA:233,31
DA:238,31
DA:239,31
DA:240,31
DA:241,31
DA:243,31
DA:244,31
DA:245,31
DA:250,30
DA:251,30
DA:256,0
DA:257,0
DA:262,0
DA:267,0
DA:268,0
DA:269,0
DA:270,0
DA:271,0
DA:273,0
DA:274,0
DA:276,0
DA:277,0
DA:279,0
DA:280,0
DA:281,0
DA:283,0
DA:288,53
DA:289,53
DA:294,53
DA:295,0
DA:296,0
DA:298,53
DA:299,53
DA:305,53
DA:306,2
DA:308,51
DA:314,31
DA:315,31
DA:320,3
DA:321,1
DA:327,32
DA:328,2
DA:329,2
DA:330,0
DA:331,0
DA:334,32
DA:339,3
DA:340,3
DA:341,0
DA:342,3
DA:347,53
DA:348,53
DA:349,53
DA:350,53
DA:351,53
DA:352,53
DA:357,53
DA:358,1
DA:359,1
DA:365,0
DA:366,0
DA:373,53
DA:374,1
DA:375,1
DA:382,0
DA:383,0
DA:384,0
DA:385,0
DA:393,53
DA:394,3
DA:395,1
DA:401,2
DA:402,0
DA:403,2
DA:404,2
DA:412,6
DA:413,6
DA:414,6
DA:415,0
DA:422,0
DA:423,6
DA:424,6
DA:425,6
DA:426,0
DA:427,0
DA:428,6
DA:432,6
DA:433,6
DA:441,0
DA:442,0
DA:443,0
DA:444,0
LF:166
LH:130
BRDA:19,0,0,1
BRDA:19,1,0,5
BRDA:19,1,1,1
BRDA:85,2,0,1
BRDA:88,3,0,1
BRDA:91,4,0,1
BRDA:94,5,0,1
BRDA:103,6,0,2
BRDA:107,7,0,2
BRDA:114,8,0,30
BRDA:115,9,0,37
BRDA:115,9,1,36
BRDA:115,9,2,0
BRDA:115,9,3,36
BRDA:208,10,0,31
BRDA:208,10,1,5
BRDA:210,11,0,1
BRDA:220,12,0,26
BRDA:224,13,0,26
BRDA:243,14,0,31
BRDA:243,15,0,31
BRDA:243,15,1,31
BRDA:244,16,0,31
BRDA:244,17,0,31
BRDA:244,17,1,31
BRDA:245,18,0,31
BRDA:245,19,0,31
BRDA:245,19,1,31
BRDA:250,20,0,30
BRDA:256,21,0,0
BRDA:262,22,0,0
BRDA:267,23,0,0
BRDA:267,23,1,0
BRDA:269,24,0,0
BRDA:269,25,0,0
BRDA:269,25,1,0
BRDA:274,26,0,0
BRDA:274,26,1,0
BRDA:276,27,0,0
BRDA:288,28,0,30
BRDA:288,29,0,53
BRDA:288,29,1,52
BRDA:289,30,0,0
BRDA:289,31,0,53
BRDA:289,31,1,1
BRDA:294,32,0,0
BRDA:294,32,1,53
BRDA:305,33,0,2
BRDA:305,33,1,51
BRDA:314,34,0,31
BRDA:320,35,0,1
BRDA:320,36,0,3
BRDA:320,36,1,1
BRDA:320,36,2,1
BRDA:327,37,0,2
BRDA:327,38,0,32
BRDA:327,38,1,3
BRDA:329,39,0,0
BRDA:334,40,0,32
BRDA:334,40,1,1
BRDA:340,41,0,3
BRDA:340,41,1,0
BRDA:357,42,0,1
BRDA:358,43,0,1
BRDA:358,43,1,0
BRDA:365,44,0,0
BRDA:373,45,0,1
BRDA:374,46,0,1
BRDA:374,46,1,0
BRDA:374,47,0,1
BRDA:374,47,1,1
BRDA:382,48,0,0
BRDA:382,48,1,0
BRDA:384,49,0,0
BRDA:393,50,0,3
BRDA:394,51,0,1
BRDA:394,51,1,2
BRDA:394,52,0,3
BRDA:394,52,1,1
BRDA:401,53,0,0
BRDA:401,53,1,2
BRDA:403,54,0,2
BRDA:412,55,0,0
BRDA:413,56,0,6
BRDA:413,56,1,0
BRDA:414,57,0,0
BRDA:414,57,1,6
BRDA:414,58,0,6
BRDA:414,58,1,0
BRDA:423,59,0,6
BRDA:423,59,1,0
BRDA:433,60,0,4
BRDA:433,60,1,2
BRDA:444,61,0,0
BRF:94
BRH:66
end_of_record
TN:
SF:src\form.ts
FN:52,(anonymous_0)
FN:64,(anonymous_1)
FN:79,(anonymous_2)
FN:89,(anonymous_3)
FN:95,(anonymous_4)
FN:109,(anonymous_5)
FN:116,(anonymous_6)
FN:125,(anonymous_7)
FN:134,(anonymous_8)
FN:140,(anonymous_9)
FN:166,(anonymous_10)
FN:225,(anonymous_11)
FN:251,(anonymous_12)
FN:252,(anonymous_13)
FN:255,(anonymous_14)
FN:258,(anonymous_15)
FN:268,(anonymous_16)
FN:276,(anonymous_17)
FN:286,(anonymous_18)
FN:296,(anonymous_19)
FN:319,(anonymous_20)
FN:323,(anonymous_21)
FN:333,(anonymous_22)
FN:343,(anonymous_23)
FN:351,(anonymous_24)
FN:359,(anonymous_25)
FN:368,(anonymous_26)
FN:376,(anonymous_27)
FN:385,(anonymous_28)
FN:393,(anonymous_29)
FN:401,(anonymous_30)
FN:410,(anonymous_31)
FN:412,(anonymous_32)
FN:425,(anonymous_33)
FN:427,(anonymous_34)
FN:431,(anonymous_35)
FN:435,(anonymous_36)
FN:444,(anonymous_37)
FN:445,(anonymous_38)
FN:454,(anonymous_39)
FN:456,(anonymous_40)
FN:460,(anonymous_41)
FN:469,(anonymous_42)
FN:471,(anonymous_43)
FN:475,(anonymous_44)
FN:484,(anonymous_45)
FN:490,(anonymous_46)
FN:495,(anonymous_47)
FN:511,(anonymous_48)
FN:532,(anonymous_49)
FNF:50
FNH:50
FNDA:50,(anonymous_0)
FNDA:50,(anonymous_1)
FNDA:50,(anonymous_2)
FNDA:49,(anonymous_3)
FNDA:49,(anonymous_4)
FNDA:63,(anonymous_5)
FNDA:63,(anonymous_6)
FNDA:10,(anonymous_7)
FNDA:62,(anonymous_8)
FNDA:6,(anonymous_9)
FNDA:63,(anonymous_10)
FNDA:7,(anonymous_11)
FNDA:51,(anonymous_12)
FNDA:15,(anonymous_13)
FNDA:28,(anonymous_14)
FNDA:6,(anonymous_15)
FNDA:12,(anonymous_16)
FNDA:9,(anonymous_17)
FNDA:46,(anonymous_18)
FNDA:6,(anonymous_19)
FNDA:40,(anonymous_20)
FNDA:6,(anonymous_21)
FNDA:1,(anonymous_22)
FNDA:38,(anonymous_23)
FNDA:49,(anonymous_24)
FNDA:1,(anonymous_25)
FNDA:10,(anonymous_26)
FNDA:1,(anonymous_27)
FNDA:14,(anonymous_28)
FNDA:36,(anonymous_29)
FNDA:63,(anonymous_30)
FNDA:5,(anonymous_31)
FNDA:1,(anonymous_32)
FNDA:3,(anonymous_33)
FNDA:1,(anonymous_34)
FNDA:4,(anonymous_35)
FNDA:1,(anonymous_36)
FNDA:5,(anonymous_37)
FNDA:5,(anonymous_38)
FNDA:2,(anonymous_39)
FNDA:1,(anonymous_40)
FNDA:2,(anonymous_41)
FNDA:2,(anonymous_42)
FNDA:1,(anonymous_43)
FNDA:2,(anonymous_44)
FNDA:49,(anonymous_45)
FNDA:2,(anonymous_46)
FNDA:16,(anonymous_47)
FNDA:4,(anonymous_48)
FNDA:1,(anonymous_49)
DA:1,6
DA:9,6
DA:23,6
DA:24,50
DA:34,50
DA:35,50
DA:36,50
DA:37,50
DA:38,50
DA:39,50
DA:40,50
DA:41,50
DA:42,50
DA:43,50
DA:44,50
DA:45,50
DA:46,50
DA:53,50
DA:54,50
DA:55,49
DA:56,49
DA:57,49
DA:66,50
DA:67,2
DA:69,48
DA:71,50
DA:72,50
DA:80,50
DA:81,50
DA:82,50
DA:83,50
DA:90,49
DA:91,48
DA:96,49
DA:97,28
DA:98,28
DA:99,28
DA:100,16
DA:116,63
DA:117,63
DA:126,10
DA:135,62
DA:136,62
DA:137,62
DA:141,6
DA:142,6
DA:143,3
DA:146,6
DA:152,6
DA:153,3
DA:154,3
DA:173,63
DA:177,63
DA:178,63
DA:179,62
DA:180,62
DA:182,62
DA:183,3
DA:185,62
DA:186,3
DA:189,62
DA:191,62
DA:193,13
DA:194,2
DA:195,11
DA:196,13
DA:198,16
DA:199,2
DA:200,14
DA:202,16
DA:203,12
DA:204,12
DA:205,12
DA:214,16
DA:216,33
DA:217,3
DA:219,30
DA:221,33
DA:232,7
DA:234,7
DA:235,4
DA:237,1
DA:238,1
DA:240,1
DA:241,1
DA:243,2
DA:244,2
DA:252,51
DA:253,15
DA:255,51
DA:256,28
DA:258,51
DA:259,6
DA:269,12
DA:277,9
DA:288,46
DA:289,6
DA:291,40
DA:293,46
DA:297,6
DA:298,6
DA:301,6
DA:303,6
DA:304,1
DA:305,1
DA:306,1
DA:307,1
DA:308,1
DA:309,1
DA:311,5
DA:312,5
DA:313,5
DA:314,5
DA:315,5
DA:320,40
DA:324,6
DA:325,2
DA:326,2
DA:327,4
DA:328,1
DA:329,1
DA:334,1
DA:335,1
DA:344,38
DA:352,49
DA:360,1
DA:369,10
DA:377,1
DA:386,14
DA:394,36
DA:402,63
DA:411,5
DA:412,1
DA:413,1
DA:415,4
DA:416,1
DA:418,5
DA:426,3
DA:427,3
DA:428,1
DA:429,1
DA:431,3
DA:432,4
DA:433,4
DA:435,3
DA:436,1
DA:437,1
DA:445,5
DA:446,5
DA:447,5
DA:455,2
DA:456,1
DA:457,1
DA:458,1
DA:460,1
DA:461,2
DA:462,2
DA:470,2
DA:471,1
DA:472,1
DA:473,1
DA:475,1
DA:476,2
DA:477,2
DA:485,49
DA:486,49
DA:487,49
DA:488,49
DA:489,49
DA:490,49
DA:491,49
DA:492,49
DA:496,16
DA:497,16
DA:498,16
DA:499,16
DA:500,16
DA:501,16
DA:502,16
DA:503,16
DA:512,4
DA:513,4
DA:515,4
DA:516,1
DA:518,3
DA:519,1
DA:520,1
DA:522,3
DA:523,3
DA:524,1
DA:526,3
DA:533,1
LF:192
LH:192
BRDA:66,0,0,2
BRDA:66,0,1,48
BRDA:72,1,0,1
BRDA:90,2,0,49
BRDA:91,3,0,48
BRDA:91,4,0,48
BRDA:91,4,1,48
BRDA:96,5,0,21
BRDA:97,6,0,2
BRDA:99,7,0,16
BRDA:112,8,0,49
BRDA:113,9,0,49
BRDA:114,10,0,49
BRDA:140,11,0,0
BRDA:142,12,0,3
BRDA:152,13,0,3
BRDA:178,14,0,1
BRDA:182,15,0,3
BRDA:182,16,0,62
BRDA:182,16,1,7
BRDA:182,16,2,7
BRDA:185,17,0,3
BRDA:185,18,0,62
BRDA:185,18,1,3
BRDA:191,19,0,13
BRDA:191,19,1,16
BRDA:191,19,2,33
BRDA:193,20,0,2
BRDA:193,20,1,11
BRDA:193,21,0,13
BRDA:193,21,1,2
BRDA:198,22,0,2
BRDA:198,22,1,14
BRDA:198,23,0,16
BRDA:198,23,1,2
BRDA:202,24,0,12
BRDA:202,25,0,16
BRDA:202,25,1,12
BRDA:204,26,0,12
BRDA:208,27,0,3
BRDA:208,27,1,9
BRDA:216,28,0,3
BRDA:216,28,1,30
BRDA:216,29,0,33
BRDA:216,29,1,3
BRDA:234,30,0,3
BRDA:234,31,0,7
BRDA:234,31,1,7
BRDA:234,31,2,4
BRDA:234,31,3,4
BRDA:235,32,0,1
BRDA:235,32,1,1
BRDA:235,32,2,2
BRDA:288,33,0,6
BRDA:288,33,1,40
BRDA:301,34,0,0
BRDA:301,35,0,6
BRDA:301,35,1,6
BRDA:303,36,0,1
BRDA:303,36,1,5
BRDA:305,37,0,0
BRDA:305,38,0,1
BRDA:305,38,1,1
BRDA:312,39,0,0
BRDA:323,40,0,5
BRDA:324,41,0,2
BRDA:324,41,1,4
BRDA:324,42,0,6
BRDA:324,42,1,5
BRDA:327,43,0,1
BRDA:327,44,0,4
BRDA:327,44,1,4
BRDA:328,45,0,1
BRDA:329,46,0,1
BRDA:334,47,0,1
BRDA:334,48,0,1
BRDA:334,48,1,1
BRDA:411,49,0,1
BRDA:411,49,1,4
BRDA:411,50,0,5
BRDA:411,50,1,1
BRDA:415,51,0,1
BRDA:415,52,0,4
BRDA:415,52,1,4
BRDA:426,53,0,1
BRDA:429,54,0,1
BRDA:429,55,0,1
BRDA:429,55,1,1
BRDA:433,56,0,4
BRDA:433,57,0,4
BRDA:433,57,1,4
BRDA:437,58,0,1
BRDA:437,59,0,1
BRDA:437,59,1,1
BRDA:447,60,0,5
BRDA:447,61,0,5
BRDA:447,61,1,5
BRDA:455,62,0,1
BRDA:455,63,0,2
BRDA:455,63,1,1
BRDA:458,64,0,1
BRDA:458,65,0,1
BRDA:458,65,1,1
BRDA:462,66,0,1
BRDA:462,67,0,2
BRDA:462,67,1,1
BRDA:470,68,0,1
BRDA:470,69,0,2
BRDA:470,69,1,1
BRDA:473,70,0,1
BRDA:473,71,0,1
BRDA:473,71,1,1
BRDA:477,72,0,1
BRDA:477,73,0,2
BRDA:477,73,1,1
BRDA:488,74,0,2
BRDA:489,75,0,2
BRDA:492,76,0,16
BRDA:492,77,0,49
BRDA:492,77,1,28
BRDA:503,78,0,16
BRDA:515,79,0,1
BRDA:518,80,0,1
BRDA:520,81,0,1
BRDA:523,82,0,1
BRDA:526,83,0,2
BRDA:533,84,0,1
BRDA:533,85,0,1
BRDA:533,85,1,1
BRF:129
BRH:125
end_of_record
TN:
SF:src\group.ts
FN:32,(anonymous_0)
FN:46,(anonymous_1)
FN:51,(anonymous_2)
FN:57,(anonymous_3)
FN:64,(anonymous_4)
FN:69,(anonymous_5)
FN:74,(anonymous_6)
FN:79,(anonymous_7)
FN:84,(anonymous_8)
FN:89,(anonymous_9)
FN:96,(anonymous_10)
FN:103,(anonymous_11)
FN:111,(anonymous_12)
FN:122,(anonymous_13)
FN:128,(anonymous_14)
FN:134,(anonymous_15)
FN:139,(anonymous_16)
FN:145,(anonymous_17)
FN:150,(anonymous_18)
FN:156,(anonymous_19)
FNF:20
FNH:20
FNDA:15,(anonymous_0)
FNDA:15,(anonymous_1)
FNDA:16,(anonymous_2)
FNDA:16,(anonymous_3)
FNDA:9,(anonymous_4)
FNDA:1,(anonymous_5)
FNDA:13,(anonymous_6)
FNDA:1,(anonymous_7)
FNDA:5,(anonymous_8)
FNDA:15,(anonymous_9)
FNDA:15,(anonymous_10)
FNDA:15,(anonymous_11)
FNDA:15,(anonymous_12)
FNDA:12,(anonymous_13)
FNDA:2,(anonymous_14)
FNDA:1,(anonymous_15)
FNDA:32,(anonymous_16)
FNDA:17,(anonymous_17)
FNDA:32,(anonymous_18)
FNDA:32,(anonymous_19)
DA:2,7
DA:6,7
DA:7,15
DA:14,15
DA:15,15
DA:16,15
DA:21,15
DA:22,15
DA:24,15
DA:33,15
DA:34,15
DA:35,15
DA:36,15
DA:37,15
DA:38,15
DA:39,15
DA:47,15
DA:52,16
DA:53,16
DA:58,16
DA:59,7
DA:65,9
DA:70,1
DA:75,13
DA:80,1
DA:85,5
DA:90,15
DA:91,15
DA:92,15
DA:97,15
DA:98,15
DA:99,15
DA:104,15
DA:105,15
DA:106,15
DA:107,15
DA:112,15
DA:113,15
DA:114,15
DA:115,15
DA:116,8
DA:117,15
DA:118,15
DA:123,12
DA:124,12
DA:129,2
DA:130,2
DA:135,1
DA:140,32
DA:141,32
DA:146,17
DA:151,32
DA:152,32
DA:157,32
DA:158,13
DA:159,6
DA:160,7
DA:161,4
LF:58
LH:58
BRDA:58,0,0,7
BRDA:105,1,0,8
BRDA:115,2,0,8
BRDA:115,3,0,15
BRDA:115,3,1,15
BRDA:115,3,2,15
BRDA:117,4,0,15
BRDA:117,5,0,15
BRDA:117,5,1,15
BRDA:123,6,0,12
BRDA:129,7,0,2
BRDA:135,8,0,1
BRDA:140,9,0,12
BRDA:140,10,0,32
BRDA:140,10,1,25
BRDA:141,11,0,2
BRDA:141,12,0,32
BRDA:141,12,1,7
BRDA:157,13,0,13
BRDA:158,14,0,6
BRDA:158,14,1,7
BRDA:160,15,0,4
BRF:22
BRH:22
end_of_record
TN:
SF:src\index.ts
FN:49,(anonymous_0)
FN:51,(anonymous_1)
FN:59,(anonymous_2)
FN:60,(anonymous_3)
FN:63,(anonymous_4)
FN:64,(anonymous_5)
FN:65,(anonymous_6)
FN:66,(anonymous_7)
FN:67,(anonymous_8)
FN:68,(anonymous_9)
FN:70,(anonymous_10)
FN:71,(anonymous_11)
FN:71,(anonymous_12)
FN:71,(anonymous_13)
FN:71,(anonymous_14)
FN:71,(anonymous_15)
FN:73,(anonymous_16)
FN:73,(anonymous_17)
FNF:18
FNH:18
FNDA:3,(anonymous_0)
FNDA:2,(anonymous_1)
FNDA:51,(anonymous_2)
FNDA:1,(anonymous_3)
FNDA:1,(anonymous_4)
FNDA:1,(anonymous_5)
FNDA:1,(anonymous_6)
FNDA:1,(anonymous_7)
FNDA:1,(anonymous_8)
FNDA:1,(anonymous_9)
FNDA:1,(anonymous_10)
FNDA:1,(anonymous_11)
FNDA:1,(anonymous_12)
FNDA:1,(anonymous_13)
FNDA:5,(anonymous_14)
FNDA:4,(anonymous_15)
FNDA:1,(anonymous_16)
FNDA:1,(anonymous_17)
DA:1,6
DA:2,6
DA:3,6
DA:4,6
DA:5,6
DA:24,6
DA:27,6
DA:28,6
DA:29,6
DA:30,6
DA:31,6
DA:32,6
DA:33,6
DA:34,6
DA:35,6
DA:36,6
DA:37,6
DA:38,6
DA:39,6
DA:40,6
DA:41,6
DA:42,6
DA:43,6
DA:44,6
DA:45,6
DA:46,6
DA:47,6
DA:49,6
DA:50,3
DA:51,1
DA:52,2
DA:55,2
DA:59,57
DA:60,7
DA:62,6
DA:63,7
DA:64,7
DA:65,7
DA:66,7
DA:67,7
DA:68,7
DA:70,7
DA:71,11
DA:73,7
LF:44
LH:44
BRDA:50,0,0,1
BRDA:50,0,1,2
BRDA:52,1,0,2
BRDA:52,1,1,0
BRDA:55,2,0,2
BRDA:55,2,1,1
BRF:6
BRH:5
end_of_record
TN:
SF:src\utils.ts
FN:33,(anonymous_0)
FN:35,(anonymous_1)
FN:37,(anonymous_2)
FN:48,(anonymous_3)
FN:56,(anonymous_4)
FN:68,(anonymous_5)
FN:98,(anonymous_6)
FN:107,(anonymous_7)
FN:116,(anonymous_8)
FN:125,(anonymous_9)
FN:143,(anonymous_10)
FN:145,(anonymous_11)
FN:157,(anonymous_12)
FN:169,(anonymous_13)
FN:179,(anonymous_14)
FN:183,(anonymous_15)
FN:185,(anonymous_16)
FN:191,(anonymous_17)
FN:193,(anonymous_18)
FN:195,(anonymous_19)
FN:197,(anonymous_20)
FN:200,(anonymous_21)
FN:223,(anonymous_22)
FN:227,(anonymous_23)
FN:233,(anonymous_24)
FN:241,(anonymous_25)
FN:245,(anonymous_26)
FN:253,(anonymous_27)
FN:256,(anonymous_28)
FN:257,(anonymous_29)
FN:263,(anonymous_30)
FN:264,(anonymous_31)
FN:292,(anonymous_32)
FN:300,(anonymous_33)
FN:301,(anonymous_34)
FN:323,(anonymous_35)
FN:324,(anonymous_36)
FN:327,(anonymous_37)
FNF:38
FNH:38
FNDA:34,(anonymous_0)
FNDA:5,(anonymous_1)
FNDA:3,(anonymous_2)
FNDA:15,(anonymous_3)
FNDA:1,(anonymous_4)
FNDA:3,(anonymous_5)
FNDA:67,(anonymous_6)
FNDA:33,(anonymous_7)
FNDA:16,(anonymous_8)
FNDA:66,(anonymous_9)
FNDA:2,(anonymous_10)
FNDA:4,(anonymous_11)
FNDA:1,(anonymous_12)
FNDA:4,(anonymous_13)
FNDA:35,(anonymous_14)
FNDA:1,(anonymous_15)
FNDA:1,(anonymous_16)
FNDA:2,(anonymous_17)
FNDA:4,(anonymous_18)
FNDA:1,(anonymous_19)
FNDA:1,(anonymous_20)
FNDA:5,(anonymous_21)
FNDA:5,(anonymous_22)
FNDA:19,(anonymous_23)
FNDA:18,(anonymous_24)
FNDA:40,(anonymous_25)
FNDA:1,(anonymous_26)
FNDA:7,(anonymous_27)
FNDA:9,(anonymous_28)
FNDA:4,(anonymous_29)
FNDA:4,(anonymous_30)
FNDA:4,(anonymous_31)
FNDA:7,(anonymous_32)
FNDA:5,(anonymous_33)
FNDA:5,(anonymous_34)
FNDA:5,(anonymous_35)
FNDA:5,(anonymous_36)
FNDA:25,(anonymous_37)
DA:1,7
DA:23,7
DA:24,7
DA:33,7
DA:34,34
DA:35,34
DA:36,5
DA:37,5
DA:38,3
DA:48,7
DA:49,15
DA:56,7
DA:57,1
DA:68,7
DA:69,3
DA:72,3
DA:73,5
DA:74,5
DA:75,1
DA:77,4
DA:80,5
DA:81,1
DA:82,4
DA:83,1
DA:85,3
DA:90,3
DA:98,7
DA:99,67
DA:107,7
DA:108,33
DA:116,7
DA:117,16
DA:125,7
DA:126,66
DA:127,32
DA:128,15
DA:129,1
DA:143,7
DA:144,2
DA:145,2
DA:146,4
DA:147,1
DA:149,2
DA:157,7
DA:158,1
DA:159,1
DA:160,1
DA:169,7
DA:170,4
DA:179,7
DA:180,35
DA:183,7
DA:185,7
DA:186,1
DA:187,1
DA:188,1
DA:191,7
DA:193,7
DA:195,7
DA:197,7
DA:198,1
DA:200,7
DA:201,5
DA:203,5
DA:205,4
DA:207,2
DA:209,2
DA:210,1
DA:211,1
DA:212,1
DA:214,1
DA:215,1
DA:216,1
DA:220,1
DA:223,7
DA:224,5
DA:227,7
DA:228,19
DA:229,18
DA:230,17
DA:233,7
DA:234,18
DA:235,17
DA:237,1
DA:241,7
DA:242,40
DA:245,7
DA:246,1
DA:253,7
DA:254,7
DA:256,9
DA:258,4
DA:259,4
DA:264,4
DA:267,4
DA:268,4
DA:269,3
DA:271,3
DA:272,3
DA:274,1
DA:277,2
DA:278,2
DA:280,2
DA:284,3
DA:288,3
DA:292,7
DA:299,7
DA:300,4
DA:301,5
DA:303,5
DA:308,5
DA:309,5
DA:312,4
DA:313,3
DA:314,3
DA:316,1
DA:320,4
DA:323,7
DA:324,5
DA:327,7
DA:328,25
DA:330,8
DA:332,4
DA:334,4
DA:336,3
DA:338,3
DA:340,3
LF:127
LH:127
BRDA:36,0,0,2
BRDA:69,1,0,3
BRDA:69,1,1,2
BRDA:73,2,0,5
BRDA:74,3,0,1
BRDA:74,3,1,4
BRDA:80,4,0,1
BRDA:80,4,1,4
BRDA:82,5,0,1
BRDA:82,5,1,3
BRDA:82,6,0,4
BRDA:82,6,1,1
BRDA:126,7,0,34
BRDA:127,8,0,17
BRDA:128,9,0,14
BRDA:146,10,0,3
BRDA:146,10,1,1
BRDA:147,11,0,1
BRDA:183,12,0,1
BRDA:183,12,1,1
BRDA:198,13,0,0
BRDA:198,13,1,1
BRDA:203,14,0,1
BRDA:205,15,0,2
BRDA:209,16,0,1
BRDA:214,17,0,1
BRDA:228,18,0,1
BRDA:229,19,0,1
BRDA:234,20,0,17
BRDA:234,20,1,1
BRDA:268,21,0,1
BRDA:272,22,0,1
BRDA:272,22,1,2
BRDA:295,23,0,4
BRDA:296,24,0,5
BRDA:297,25,0,7
BRDA:312,26,0,3
BRDA:324,27,0,5
BRDA:324,27,1,5
BRDA:328,28,0,8
BRDA:328,28,1,4
BRDA:328,28,2,4
BRDA:328,28,3,3
BRDA:328,28,4,3
BRDA:328,28,5,3
BRF:45
BRH:44
end_of_record
TN:
SF:src\fields\checkboxField.ts
FN:12,(anonymous_0)
FN:22,(anonymous_1)
FN:32,(anonymous_2)
FN:41,(anonymous_3)
FN:49,(anonymous_4)
FN:64,(anonymous_5)
FN:74,(anonymous_6)
FN:79,(anonymous_7)
FN:90,(anonymous_8)
FN:92,(anonymous_9)
FN:97,(anonymous_10)
FN:103,(anonymous_11)
FNF:12
FNH:0
FNDA:0,(anonymous_0)
FNDA:0,(anonymous_1)
FNDA:0,(anonymous_2)
FNDA:0,(anonymous_3)
FNDA:0,(anonymous_4)
FNDA:0,(anonymous_5)
FNDA:0,(anonymous_6)
FNDA:0,(anonymous_7)
FNDA:0,(anonymous_8)
FNDA:0,(anonymous_9)
FNDA:0,(anonymous_10)
FNDA:0,(anonymous_11)
DA:1,7
DA:5,7
DA:7,7
DA:8,0
DA:13,0
DA:14,0
DA:20,0
DA:23,0
DA:24,0
DA:25,0
DA:26,0
DA:33,0
DA:34,0
DA:35,0
DA:36,0
DA:37,0
DA:43,0
DA:44,0
DA:45,0
DA:46,0
DA:51,0
DA:53,0
DA:54,0
DA:56,0
DA:57,0
DA:58,0
DA:59,0
DA:60,0
DA:61,0
DA:66,0
DA:67,0
DA:68,0
DA:69,0
DA:70,0
DA:71,0
DA:75,0
DA:76,0
DA:80,0
DA:81,0
DA:82,0
DA:83,0
DA:84,0
DA:86,0
DA:87,0
DA:91,0
DA:92,0
DA:93,0
DA:98,0
DA:99,0
DA:100,0
DA:104,0
LF:51
LH:3
BRDA:13,0,0,0
BRDA:13,1,0,0
BRDA:13,1,1,0
BRDA:33,2,0,0
BRDA:33,3,0,0
BRDA:33,3,1,0
BRDA:34,4,0,0
BRDA:34,4,1,0
BRDA:34,5,0,0
BRDA:34,5,1,0
BRDA:36,6,0,0
BRDA:36,7,0,0
BRDA:36,7,1,0
BRDA:45,8,0,0
BRDA:53,9,0,0
BRDA:53,10,0,0
BRDA:53,10,1,0
BRDA:54,11,0,0
BRDA:54,12,0,0
BRDA:54,12,1,0
BRDA:57,13,0,0
BRDA:59,14,0,0
BRDA:59,14,1,0
BRDA:61,15,0,0
BRDA:68,16,0,0
BRDA:68,16,1,0
BRDA:70,17,0,0
BRDA:81,18,0,0
BRDA:86,19,0,0
BRDA:86,20,0,0
BRDA:86,20,1,0
BRDA:87,21,0,0
BRDA:87,22,0,0
BRDA:87,22,1,0
BRDA:91,23,0,0
BRDA:99,24,0,0
BRF:36
BRH:0
end_of_record
TN:
SF:src\fields\colorField.ts
FN:10,(anonymous_0)
FN:18,(anonymous_1)
FN:25,(anonymous_2)
FN:27,(anonymous_3)
FN:32,(anonymous_4)
FNF:5
FNH:0
FNDA:0,(anonymous_0)
FNDA:0,(anonymous_1)
FNDA:0,(anonymous_2)
FNDA:0,(anonymous_3)
FNDA:0,(anonymous_4)
DA:1,7
DA:5,7
DA:6,0
DA:11,0
DA:12,0
DA:19,0
DA:20,0
DA:21,0
DA:22,0
DA:26,0
DA:27,0
DA:28,0
DA:33,0
LF:13
LH:2
BRDA:11,0,0,0
BRDA:11,1,0,0
BRDA:11,1,1,0
BRDA:26,2,0,0
BRF:4
BRH:0
end_of_record
TN:
SF:src\fields\dateField.ts
FN:12,(anonymous_6)
FN:25,(anonymous_7)
FN:32,(anonymous_8)
FN:39,(anonymous_9)
FN:43,(anonymous_10)
FN:48,(anonymous_11)
FN:50,(anonymous_12)
FN:55,(anonymous_13)
FN:65,(anonymous_14)
FNF:9
FNH:0
FNDA:0,(anonymous_6)
FNDA:0,(anonymous_7)
FNDA:0,(anonymous_8)
FNDA:0,(anonymous_9)
FNDA:0,(anonymous_10)
FNDA:0,(anonymous_11)
FNDA:0,(anonymous_12)
FNDA:0,(anonymous_13)
FNDA:0,(anonymous_14)
DA:1,7
DA:2,7
DA:3,7
DA:7,7
DA:8,0
DA:13,0
DA:14,0
DA:26,0
DA:27,0
DA:28,0
DA:29,0
DA:33,0
DA:34,0
DA:35,0
DA:36,0
DA:40,0
DA:44,0
DA:45,0
DA:49,0
DA:50,0
DA:51,0
DA:57,0
DA:58,0
DA:59,0
DA:60,0
DA:61,0
DA:62,0
DA:66,0
LF:28
LH:4
BRDA:13,0,0,0
BRDA:13,1,0,0
BRDA:13,1,1,0
BRDA:44,2,0,0
BRDA:44,3,0,0
BRDA:44,3,1,0
BRDA:45,4,0,0
BRDA:45,4,1,0
BRDA:49,5,0,0
BRDA:59,6,0,0
BRDA:59,6,1,0
BRDA:60,7,0,0
BRDA:60,7,1,0
BRDA:62,8,0,0
BRF:14
BRH:0
end_of_record
TN:
SF:src\fields\datetimeField.ts
FN:12,(anonymous_6)
FN:26,(anonymous_7)
FN:33,(anonymous_8)
FN:40,(anonymous_9)
FN:44,(anonymous_10)
FN:49,(anonymous_11)
FN:51,(anonymous_12)
FN:56,(anonymous_13)
FN:66,(anonymous_14)
FNF:9
FNH:0
FNDA:0,(anonymous_6)
FNDA:0,(anonymous_7)
FNDA:0,(anonymous_8)
FNDA:0,(anonymous_9)
FNDA:0,(anonymous_10)
FNDA:0,(anonymous_11)
FNDA:0,(anonymous_12)
FNDA:0,(anonymous_13)
FNDA:0,(anonymous_14)
DA:1,7
DA:2,7
DA:3,7
DA:7,7
DA:8,0
DA:13,0
DA:14,0
DA:27,0
DA:28,0
DA:29,0
DA:30,0
DA:34,0
DA:35,0
DA:36,0
DA:37,0
DA:41,0
DA:45,0
DA:46,0
DA:50,0
DA:51,0
DA:52,0
DA:58,0
DA:59,0
DA:60,0
DA:61,0
DA:62,0
DA:63,0
DA:67,0
LF:28
LH:4
BRDA:13,0,0,0
BRDA:13,1,0,0
BRDA:13,1,1,0
BRDA:45,2,0,0
BRDA:45,3,0,0
BRDA:45,3,1,0
BRDA:46,4,0,0
BRDA:46,4,1,0
BRDA:50,5,0,0
BRDA:60,6,0,0
BRDA:60,6,1,0
BRDA:61,7,0,0
BRDA:61,7,1,0
BRDA:63,8,0,0
BRF:14
BRH:0
end_of_record
TN:
SF:src\fields\emailField.ts
FN:10,(anonymous_0)
FN:21,(anonymous_1)
FN:28,(anonymous_2)
FNF:3
FNH:0
FNDA:0,(anonymous_0)
FNDA:0,(anonymous_1)
FNDA:0,(anonymous_2)
DA:1,7
DA:5,7
DA:6,0
DA:11,0
DA:12,0
DA:13,0
DA:19,0
DA:22,0
DA:23,0
DA:24,0
DA:25,0
DA:29,0
LF:12
LH:2
BRDA:11,0,0,0
BRDA:11,1,0,0
BRDA:11,1,1,0
BRDA:12,2,0,0
BRDA:12,3,0,0
BRDA:12,3,1,0
BRDA:12,3,2,0
BRF:7
BRH:0
end_of_record
TN:
SF:src\fields\fileField.ts
FN:12,(anonymous_6)
FN:29,(anonymous_7)
FN:36,(anonymous_8)
FN:46,(anonymous_9)
FN:62,(anonymous_10)
FN:66,(anonymous_11)
FN:78,(anonymous_12)
FN:82,(anonymous_13)
FN:87,(anonymous_14)
FN:90,(anonymous_15)
FN:95,(anonymous_16)
FN:100,(anonymous_17)
FN:110,(anonymous_18)
FN:116,(anonymous_19)
FN:120,(anonymous_20)
FNF:15
FNH:0
FNDA:0,(anonymous_6)
FNDA:0,(anonymous_7)
FNDA:0,(anonymous_8)
FNDA:0,(anonymous_9)
FNDA:0,(anonymous_10)
FNDA:0,(anonymous_11)
FNDA:0,(anonymous_12)
FNDA:0,(anonymous_13)
FNDA:0,(anonymous_14)
FNDA:0,(anonymous_15)
FNDA:0,(anonymous_16)
FNDA:0,(anonymous_17)
FNDA:0,(anonymous_18)
FNDA:0,(anonymous_19)
FNDA:0,(anonymous_20)
DA:1,7
DA:2,7
DA:5,7
DA:7,7
DA:8,0
DA:13,0
DA:14,0
DA:27,0
DA:30,0
DA:31,0
DA:32,0
DA:33,0
DA:37,0
DA:38,0
DA:39,0
DA:40,0
DA:47,0
DA:68,0
DA:69,0
DA:70,0
DA:71,0
DA:72,0
DA:73,0
DA:74,0
DA:75,0
DA:79,0
DA:83,0
DA:84,0
DA:88,0
DA:89,0
DA:90,0
DA:91,0
DA:92,0
DA:93,0
DA:95,0
DA:96,0
DA:97,0
DA:98,0
DA:100,0
DA:101,0
DA:102,0
DA:103,0
DA:106,0
DA:111,0
DA:112,0
DA:113,0
DA:117,0
DA:121,0
LF:48
LH:4
BRDA:13,0,0,0
BRDA:13,1,0,0
BRDA:13,1,1,0
BRDA:70,2,0,0
BRDA:70,2,1,0
BRDA:72,3,0,0
BRDA:74,4,0,0
BRDA:74,5,0,0
BRDA:74,5,1,0
BRDA:75,6,0,0
BRDA:83,7,0,0
BRDA:83,8,0,0
BRDA:83,8,1,0
BRDA:84,9,0,0
BRDA:84,9,1,0
BRDA:88,10,0,0
BRDA:88,10,1,0
BRDA:89,11,0,0
BRDA:91,12,0,0
BRDA:96,13,0,0
BRDA:101,14,0,0
BRDA:112,15,0,0
BRDA:117,16,0,0
BRF:23
BRH:0
end_of_record
TN:
SF:src\fields\hiddenField.ts
FN:25,(anonymous_0)
FN:37,(anonymous_1)
FN:41,(anonymous_2)
FN:46,(anonymous_3)
FN:57,(anonymous_4)
FN:64,(anonymous_5)
FN:70,(anonymous_6)
FN:74,(anonymous_7)
FN:81,(anonymous_8)
FN:90,(anonymous_9)
FN:98,(anonymous_10)
FN:102,(anonymous_11)
FN:109,(anonymous_12)
FN:113,(anonymous_13)
FN:121,(anonymous_14)
FN:126,(anonymous_15)
FN:133,(anonymous_16)
FN:144,(anonymous_17)
FN:150,(anonymous_18)
FNF:19
FNH:0
FNDA:0,(anonymous_0)
FNDA:0,(anonymous_1)
FNDA:0,(anonymous_2)
FNDA:0,(anonymous_3)
FNDA:0,(anonymous_4)
FNDA:0,(anonymous_5)
FNDA:0,(anonymous_6)
FNDA:0,(anonymous_7)
FNDA:0,(anonymous_8)
FNDA:0,(anonymous_9)
FNDA:0,(anonymous_10)
FNDA:0,(anonymous_11)
FNDA:0,(anonymous_12)
FNDA:0,(anonymous_13)
FNDA:0,(anonymous_14)
FNDA:0,(anonymous_15)
FNDA:0,(anonymous_16)
FNDA:0,(anonymous_17)
FNDA:0,(anonymous_18)
DA:2,7
DA:6,7
DA:7,0
DA:13,0
DA:14,0
DA:15,0
DA:16,0
DA:22,0
DA:27,0
DA:28,0
DA:29,0
DA:30,0
DA:31,0
DA:32,0
DA:33,0
DA:34,0
DA:38,0
DA:42,0
DA:43,0
DA:47,0
DA:48,0
DA:49,0
DA:50,0
DA:58,0
DA:65,0
DA:66,0
DA:71,0
DA:76,0
DA:77,0
DA:78,0
DA:83,0
DA:84,0
DA:85,0
DA:86,0
DA:87,0
DA:91,0
DA:99,0
DA:103,0
DA:110,0
DA:114,0
DA:115,0
DA:116,0
DA:117,0
DA:122,0
DA:127,0
DA:128,0
DA:134,0
DA:135,0
DA:136,0
DA:137,0
DA:138,0
DA:141,0
DA:145,0
DA:146,0
DA:147,0
DA:151,0
LF:56
LH:2
BRDA:46,0,0,0
BRDA:50,1,0,0
BRDA:65,2,0,0
BRDA:65,3,0,0
BRDA:65,3,1,0
BRDA:65,3,2,0
BRDA:71,4,0,0
BRDA:85,5,0,0
BRDA:85,5,1,0
BRDA:116,6,0,0
BRDA:116,7,0,0
BRDA:116,7,1,0
BRDA:122,8,0,0
BRDA:127,9,0,0
BRDA:127,10,0,0
BRDA:127,10,1,0
BRDA:127,10,2,0
BRDA:134,11,0,0
BRDA:134,12,0,0
BRDA:134,12,1,0
BRDA:136,13,0,0
BRDA:141,14,0,0
BRDA:141,14,1,0
BRDA:146,15,0,0
BRDA:146,15,1,0
BRF:25
BRH:0
end_of_record
TN:
SF:src\fields\index.ts
FNF:0
FNH:0
DA:1,7
DA:2,7
DA:3,7
DA:4,7
DA:5,7
DA:6,7
DA:7,7
DA:8,7
DA:9,7
DA:10,7
DA:11,7
DA:12,7
DA:13,7
DA:14,7
DA:15,7
DA:16,7
DA:17,7
DA:18,7
DA:19,7
LF:19
LH:19
BRF:0
BRH:0
end_of_record
TN:
SF:src\fields\numberField.ts
FN:10,(anonymous_0)
FN:20,(anonymous_1)
FN:31,(anonymous_2)
FN:38,(anonymous_3)
FN:46,(anonymous_4)
FNF:5
FNH:0
FNDA:0,(anonymous_0)
FNDA:0,(anonymous_1)
FNDA:0,(anonymous_2)
FNDA:0,(anonymous_3)
FNDA:0,(anonymous_4)
DA:1,7
DA:5,7
DA:6,0
DA:11,0
DA:12,0
DA:13,0
DA:14,0
DA:21,0
DA:22,0
DA:23,0
DA:24,0
DA:25,0
DA:32,0
DA:33,0
DA:34,0
DA:35,0
DA:39,0
DA:40,0
DA:41,0
DA:42,0
DA:47,0
LF:21
LH:2
BRDA:11,0,0,0
BRDA:11,1,0,0
BRDA:11,1,1,0
BRDA:12,2,0,0
BRDA:12,3,0,0
BRDA:12,3,1,0
BRDA:13,4,0,0
BRDA:13,5,0,0
BRDA:13,5,1,0
BRDA:39,6,0,0
BRDA:40,7,0,0
BRDA:41,8,0,0
BRDA:42,9,0,0
BRF:13
BRH:0
end_of_record
TN:
SF:src\fields\passwordField.ts
FN:10,(anonymous_0)
FN:18,(anonymous_1)
FN:25,(anonymous_2)
FNF:3
FNH:0
FNDA:0,(anonymous_0)
FNDA:0,(anonymous_1)
FNDA:0,(anonymous_2)
DA:1,7
DA:5,7
DA:6,0
DA:11,0
DA:12,0
DA:19,0
DA:20,0
DA:21,0
DA:22,0
DA:26,0
LF:10
LH:2
BRDA:11,0,0,0
BRDA:11,1,0,0
BRDA:11,1,1,0
BRF:3
BRH:0
end_of_record
TN:
SF:src\fields\radioField.ts
FN:13,(anonymous_0)
FN:24,(anonymous_1)
FN:31,(anonymous_2)
FN:40,(anonymous_3)
FN:41,(anonymous_4)
FN:47,(anonymous_5)
FN:63,(anonymous_6)
FN:77,(anonymous_7)
FN:88,(anonymous_8)
FN:101,(anonymous_9)
FN:103,(anonymous_10)
FN:117,(anonymous_11)
FN:127,(anonymous_12)
FN:129,(anonymous_13)
FN:134,(anonymous_14)
FNF:15
FNH:0
FNDA:0,(anonymous_0)
FNDA:0,(anonymous_1)
FNDA:0,(anonymous_2)
FNDA:0,(anonymous_3)
FNDA:0,(anonymous_4)
FNDA:0,(anonymous_5)
FNDA:0,(anonymous_6)
FNDA:0,(anonymous_7)
FNDA:0,(anonymous_8)
FNDA:0,(anonymous_9)
FNDA:0,(anonymous_10)
FNDA:0,(anonymous_11)
FNDA:0,(anonymous_12)
FNDA:0,(anonymous_13)
FNDA:0,(anonymous_14)
DA:1,7
DA:5,7
DA:7,7
DA:8,0
DA:14,0
DA:15,0
DA:21,0
DA:22,0
DA:25,0
DA:26,0
DA:27,0
DA:28,0
DA:32,0
DA:33,0
DA:34,0
DA:41,0
DA:42,0
DA:43,0
DA:49,0
DA:51,0
DA:53,0
DA:54,0
DA:55,0
DA:56,0
DA:57,0
DA:58,0
DA:59,0
DA:60,0
DA:65,0
DA:66,0
DA:67,0
DA:68,0
DA:69,0
DA:70,0
DA:71,0
DA:72,0
DA:73,0
DA:74,0
DA:78,0
DA:79,0
DA:80,0
DA:81,0
DA:82,0
DA:83,0
DA:85,0
DA:86,0
DA:88,0
DA:89,0
DA:90,0
DA:93,0
DA:95,0
DA:98,0
DA:102,0
DA:103,0
DA:104,0
DA:105,0
DA:106,0
DA:108,0
DA:109,0
DA:110,0
DA:111,0
DA:114,0
DA:115,0
DA:117,0
DA:118,0
DA:119,0
DA:120,0
DA:123,0
DA:124,0
DA:128,0
DA:129,0
DA:130,0
DA:135,0
LF:73
LH:3
BRDA:14,0,0,0
BRDA:14,1,0,0
BRDA:14,1,1,0
BRDA:42,2,0,0
BRDA:42,2,1,0
BRDA:42,3,0,0
BRDA:42,3,1,0
BRDA:43,4,0,0
BRDA:43,5,0,0
BRDA:43,5,1,0
BRDA:51,6,0,0
BRDA:51,7,0,0
BRDA:51,7,1,0
BRDA:54,8,0,0
BRDA:60,9,0,0
BRDA:60,10,0,0
BRDA:60,10,1,0
BRDA:69,11,0,0
BRDA:69,12,0,0
BRDA:69,12,1,0
BRDA:80,13,0,0
BRDA:81,14,0,0
BRDA:81,15,0,0
BRDA:81,15,1,0
BRDA:93,16,0,0
BRDA:93,17,0,0
BRDA:93,17,1,0
BRDA:98,18,0,0
BRDA:98,19,0,0
BRDA:98,19,1,0
BRDA:102,20,0,0
BRDA:102,20,1,0
BRDA:106,21,0,0
BRDA:106,21,1,0
BRDA:109,22,0,0
BRDA:109,23,0,0
BRDA:109,23,1,0
BRDA:114,24,0,0
BRDA:128,25,0,0
BRF:39
BRH:0
end_of_record
TN:
SF:src\fields\rangeField.ts
FN:11,(anonymous_0)
FN:23,(anonymous_1)
FN:30,(anonymous_2)
FN:42,(anonymous_3)
FN:54,(anonymous_4)
FN:68,(anonymous_5)
FN:72,(anonymous_6)
FN:81,(anonymous_7)
FN:88,(anonymous_8)
FN:95,(anonymous_9)
FN:97,(anonymous_10)
FN:104,(anonymous_11)
FNF:12
FNH:0
FNDA:0,(anonymous_0)
FNDA:0,(anonymous_1)
FNDA:0,(anonymous_2)
FNDA:0,(anonymous_3)
FNDA:0,(anonymous_4)
FNDA:0,(anonymous_5)
FNDA:0,(anonymous_6)
FNDA:0,(anonymous_7)
FNDA:0,(anonymous_8)
FNDA:0,(anonymous_9)
FNDA:0,(anonymous_10)
FNDA:0,(anonymous_11)
DA:1,7
DA:4,7
DA:6,7
DA:7,0
DA:12,0
DA:13,0
DA:19,0
DA:20,0
DA:21,0
DA:24,0
DA:25,0
DA:26,0
DA:27,0
DA:32,0
DA:33,0
DA:34,0
DA:35,0
DA:36,0
DA:37,0
DA:38,0
DA:39,0
DA:43,0
DA:44,0
DA:45,0
DA:46,0
DA:47,0
DA:48,0
DA:49,0
DA:50,0
DA:51,0
DA:55,0
DA:56,0
DA:57,0
DA:58,0
DA:59,0
DA:62,0
DA:63,0
DA:64,0
DA:65,0
DA:69,0
DA:70,0
DA:71,0
DA:72,0
DA:73,0
DA:74,0
DA:82,0
DA:83,0
DA:84,0
DA:85,0
DA:89,0
DA:90,0
DA:91,0
DA:92,0
DA:96,0
DA:97,0
DA:98,0
DA:99,0
DA:105,0
LF:58
LH:3
BRDA:12,0,0,0
BRDA:12,1,0,0
BRDA:12,1,1,0
BRDA:12,1,2,0
BRDA:34,2,0,0
BRDA:34,2,1,0
BRDA:36,3,0,0
BRDA:37,4,0,0
BRDA:38,5,0,0
BRDA:62,6,0,0
BRDA:62,7,0,0
BRDA:62,7,1,0
BRDA:63,8,0,0
BRDA:63,9,0,0
BRDA:63,9,1,0
BRDA:64,10,0,0
BRDA:64,11,0,0
BRDA:64,11,1,0
BRDA:65,12,0,0
BRDA:65,13,0,0
BRDA:65,13,1,0
BRDA:69,14,0,0
BRDA:69,15,0,0
BRDA:69,15,1,0
BRDA:70,16,0,0
BRDA:70,17,0,0
BRDA:70,17,1,0
BRDA:71,18,0,0
BRDA:71,19,0,0
BRDA:71,19,1,0
BRDA:73,20,0,0
BRDA:73,21,0,0
BRDA:73,21,1,0
BRDA:90,22,0,0
BRDA:90,22,1,0
BRDA:96,23,0,0
BRF:36
BRH:0
end_of_record
TN:
SF:src\fields\selectField.ts
FN:14,(anonymous_6)
FN:27,(anonymous_7)
FN:34,(anonymous_8)
FN:44,(anonymous_9)
FN:50,(anonymous_10)
FN:62,(anonymous_11)
FN:66,(anonymous_12)
FN:70,(anonymous_13)
FN:75,(anonymous_14)
FN:85,(anonymous_15)
FN:94,(anonymous_16)
FN:101,(anonymous_17)
FN:114,(anonymous_18)
FN:129,(anonymous_19)
FN:152,(anonymous_20)
FNF:15
FNH:0
FNDA:0,(anonymous_6)
FNDA:0,(anonymous_7)
FNDA:0,(anonymous_8)
FNDA:0,(anonymous_9)
FNDA:0,(anonymous_10)
FNDA:0,(anonymous_11)
FNDA:0,(anonymous_12)
FNDA:0,(anonymous_13)
FNDA:0,(anonymous_14)
FNDA:0,(anonymous_15)
FNDA:0,(anonymous_16)
FNDA:0,(anonymous_17)
FNDA:0,(anonymous_18)
FNDA:0,(anonymous_19)
FNDA:0,(anonymous_20)
DA:1,7
DA:2,7
DA:3,7
DA:7,7
DA:9,7
DA:10,0
DA:15,0
DA:16,0
DA:25,0
DA:28,0
DA:29,0
DA:30,0
DA:31,0
DA:35,0
DA:36,0
DA:37,0
DA:38,0
DA:45,0
DA:46,0
DA:48,0
DA:50,0
DA:51,0
DA:52,0
DA:54,0
DA:55,0
DA:56,0
DA:57,0
DA:63,0
DA:67,0
DA:71,0
DA:72,0
DA:76,0
DA:77,0
DA:78,0
DA:80,0
DA:81,0
DA:87,0
DA:88,0
DA:89,0
DA:90,0
DA:91,0
DA:92,0
DA:93,0
DA:94,0
DA:95,0
DA:96,0
DA:97,0
DA:101,0
DA:103,0
DA:104,0
DA:105,0
DA:108,0
DA:109,0
DA:110,0
DA:115,0
DA:116,0
DA:117,0
DA:118,0
DA:120,0
DA:121,0
DA:122,0
DA:130,0
DA:131,0
DA:132,0
DA:133,0
DA:134,0
DA:135,0
DA:137,0
DA:138,0
DA:139,0
DA:143,0
DA:145,0
DA:148,0
DA:149,0
DA:153,0
LF:75
LH:5
BRDA:15,0,0,0
BRDA:15,1,0,0
BRDA:15,1,1,0
BRDA:45,2,0,0
BRDA:45,2,1,0
BRDA:45,3,0,0
BRDA:45,3,1,0
BRDA:45,3,2,0
BRDA:50,4,0,0
BRDA:50,4,1,0
BRDA:50,5,0,0
BRDA:50,5,1,0
BRDA:51,6,0,0
BRDA:51,7,0,0
BRDA:51,7,1,0
BRDA:52,8,0,0
BRDA:52,9,0,0
BRDA:52,9,1,0
BRDA:54,10,0,0
BRDA:54,11,0,0
BRDA:54,11,1,0
BRDA:56,12,0,0
BRDA:57,13,0,0
BRDA:57,14,0,0
BRDA:57,14,1,0
BRDA:63,15,0,0
BRDA:71,16,0,0
BRDA:71,17,0,0
BRDA:71,17,1,0
BRDA:72,18,0,0
BRDA:72,18,1,0
BRDA:76,19,0,0
BRDA:76,19,1,0
BRDA:78,20,0,0
BRDA:81,21,0,0
BRDA:89,22,0,0
BRDA:89,22,1,0
BRDA:91,23,0,0
BRDA:92,24,0,0
BRDA:97,25,0,0
BRDA:97,25,1,0
BRDA:98,26,0,0
BRDA:98,26,1,0
BRDA:98,26,2,0
BRDA:98,26,3,0
BRDA:104,27,0,0
BRDA:104,28,0,0
BRDA:104,28,1,0
BRDA:108,29,0,0
BRDA:120,30,0,0
BRDA:120,31,0,0
BRDA:120,31,1,0
BRDA:121,32,0,0
BRDA:121,33,0,0
BRDA:121,33,1,0
BRDA:122,34,0,0
BRDA:122,35,0,0
BRDA:122,35,1,0
BRDA:130,36,0,0
BRDA:130,36,1,0
BRDA:130,37,0,0
BRDA:130,37,1,0
BRDA:132,38,0,0
BRDA:132,39,0,0
BRDA:132,39,1,0
BRDA:133,40,0,0
BRDA:133,40,1,0
BRDA:138,41,0,0
BRDA:149,42,0,0
BRF:69
BRH:0
end_of_record
TN:
SF:src\fields\staticField.ts
FN:38,(anonymous_0)
FN:54,(anonymous_1)
FN:61,(anonymous_2)
FN:68,(anonymous_3)
FN:78,(anonymous_4)
FN:86,(anonymous_5)
FN:94,(anonymous_6)
FN:102,(anonymous_7)
FN:110,(anonymous_8)
FN:118,(anonymous_9)
FN:126,(anonymous_10)
FN:133,(anonymous_11)
FN:141,(anonymous_12)
FN:149,(anonymous_13)
FN:157,(anonymous_14)
FN:163,(anonymous_15)
FN:169,(anonymous_16)
FN:174,(anonymous_17)
FN:180,(anonymous_18)
FN:187,(anonymous_19)
FN:199,(anonymous_20)
FN:206,(anonymous_21)
FN:212,(anonymous_22)
FNF:23
FNH:0
FNDA:0,(anonymous_0)
FNDA:0,(anonymous_1)
FNDA:0,(anonymous_2)
FNDA:0,(anonymous_3)
FNDA:0,(anonymous_4)
FNDA:0,(anonymous_5)
FNDA:0,(anonymous_6)
FNDA:0,(anonymous_7)
FNDA:0,(anonymous_8)
FNDA:0,(anonymous_9)
FNDA:0,(anonymous_10)
FNDA:0,(anonymous_11)
FNDA:0,(anonymous_12)
FNDA:0,(anonymous_13)
FNDA:0,(anonymous_14)
FNDA:0,(anonymous_15)
FNDA:0,(anonymous_16)
FNDA:0,(anonymous_17)
FNDA:0,(anonymous_18)
FNDA:0,(anonymous_19)
FNDA:0,(anonymous_20)
FNDA:0,(anonymous_21)
FNDA:0,(anonymous_22)
DA:2,7
DA:12,7
DA:13,0
DA:19,0
DA:20,0
DA:25,0
DA:26,0
DA:28,0
DA:30,0
DA:39,0
DA:40,0
DA:41,0
DA:42,0
DA:43,0
DA:44,0
DA:45,0
DA:46,0
DA:55,0
DA:62,0
DA:63,0
DA:64,0
DA:69,0
DA:70,0
DA:79,0
DA:87,0
DA:95,0
DA:103,0
DA:111,0
DA:119,0
DA:127,0
DA:128,0
DA:129,0
DA:135,0
DA:136,0
DA:137,0
DA:143,0
DA:144,0
DA:145,0
DA:150,0
DA:151,0
DA:153,0
DA:158,0
DA:159,0
DA:164,0
DA:165,0
DA:170,0
DA:175,0
DA:176,0
DA:181,0
DA:182,0
DA:188,0
DA:189,0
DA:190,0
DA:191,0
DA:192,0
DA:195,0
DA:200,0
DA:201,0
DA:202,0
DA:207,0
DA:208,0
DA:213,0
DA:214,0
DA:215,0
DA:216,0
DA:217,0
LF:66
LH:2
BRDA:69,0,0,0
BRDA:126,1,0,0
BRDA:128,2,0,0
BRDA:129,3,0,0
BRDA:153,4,0,0
BRDA:153,5,0,0
BRDA:153,5,1,0
BRDA:158,6,0,0
BRDA:164,7,0,0
BRDA:170,8,0,0
BRDA:175,9,0,0
BRDA:175,10,0,0
BRDA:175,10,1,0
BRDA:176,11,0,0
BRDA:176,12,0,0
BRDA:176,12,1,0
BRDA:181,13,0,0
BRDA:181,14,0,0
BRDA:181,14,1,0
BRDA:181,14,2,0
BRDA:188,15,0,0
BRDA:188,16,0,0
BRDA:188,16,1,0
BRDA:190,17,0,0
BRDA:213,18,0,0
BRDA:214,19,0,0
BRDA:214,19,1,0
BRDA:216,20,0,0
BRF:28
BRH:0
end_of_record
TN:
SF:src\fields\telField.ts
FN:10,(anonymous_0)
FN:21,(anonymous_1)
FN:28,(anonymous_2)
FNF:3
FNH:0
FNDA:0,(anonymous_0)
FNDA:0,(anonymous_1)
FNDA:0,(anonymous_2)
DA:1,7
DA:5,7
DA:6,0
DA:11,0
DA:12,0
DA:13,0
DA:19,0
DA:22,0
DA:23,0
DA:24,0
DA:25,0
DA:29,0
LF:12
LH:2
BRDA:11,0,0,0
BRDA:11,1,0,0
BRDA:11,1,1,0
BRDA:12,2,0,0
BRDA:12,3,0,0
BRDA:12,3,1,0
BRDA:12,3,2,0
BRF:7
BRH:0
end_of_record
TN:
SF:src\fields\textField.ts
FN:6,(anonymous_0)
FN:13,(anonymous_1)
FNF:2
FNH:2
FNDA:31,(anonymous_0)
FNDA:1,(anonymous_1)
DA:1,7
DA:5,7
DA:7,31
DA:8,31
DA:9,31
DA:10,31
DA:14,1
LF:7
LH:7
BRF:0
BRH:0
end_of_record
TN:
SF:src\fields\textareaField.ts
FN:10,(anonymous_0)
FN:19,(anonymous_1)
FN:30,(anonymous_2)
FN:37,(anonymous_3)
FNF:4
FNH:0
FNDA:0,(anonymous_0)
FNDA:0,(anonymous_1)
FNDA:0,(anonymous_2)
FNDA:0,(anonymous_3)
DA:1,7
DA:5,7
DA:6,0
DA:11,0
DA:12,0
DA:17,0
DA:21,0
DA:22,0
DA:23,0
DA:24,0
DA:25,0
DA:26,0
DA:27,0
DA:31,0
DA:32,0
DA:33,0
DA:34,0
DA:38,0
LF:18
LH:2
BRDA:11,0,0,0
BRDA:11,1,0,0
BRDA:11,1,1,0
BRDA:23,2,0,0
BRDA:23,2,1,0
BRDA:24,3,0,0
BRDA:27,4,0,0
BRF:7
BRH:0
end_of_record
TN:
SF:src\fields\timeField.ts
FN:13,(anonymous_6)
FN:28,(anonymous_7)
FN:35,(anonymous_8)
FN:42,(anonymous_9)
FN:46,(anonymous_10)
FN:51,(anonymous_11)
FN:53,(anonymous_12)
FN:58,(anonymous_13)
FN:68,(anonymous_14)
FNF:9
FNH:0
FNDA:0,(anonymous_6)
FNDA:0,(anonymous_7)
FNDA:0,(anonymous_8)
FNDA:0,(anonymous_9)
FNDA:0,(anonymous_10)
FNDA:0,(anonymous_11)
FNDA:0,(anonymous_12)
FNDA:0,(anonymous_13)
FNDA:0,(anonymous_14)
DA:1,7
DA:2,7
DA:3,7
DA:8,7
DA:9,0
DA:14,0
DA:15,0
DA:26,0
DA:29,0
DA:30,0
DA:31,0
DA:32,0
DA:36,0
DA:37,0
DA:38,0
DA:39,0
DA:43,0
DA:47,0
DA:48,0
DA:52,0
DA:53,0
DA:54,0
DA:60,0
DA:61,0
DA:62,0
DA:63,0
DA:64,0
DA:65,0
DA:69,0
LF:29
LH:4
BRDA:14,0,0,0
BRDA:14,1,0,0
BRDA:14,1,1,0
BRDA:47,2,0,0
BRDA:47,3,0,0
BRDA:47,3,1,0
BRDA:48,4,0,0
BRDA:48,4,1,0
BRDA:52,5,0,0
BRDA:62,6,0,0
BRDA:62,6,1,0
BRDA:63,7,0,0
BRDA:63,7,1,0
BRDA:65,8,0,0
BRF:14
BRH:0
end_of_record
TN:
SF:src\fields\urlField.ts
FN:10,(anonymous_0)
FN:22,(anonymous_1)
FN:29,(anonymous_2)
FNF:3
FNH:0
FNDA:0,(anonymous_0)
FNDA:0,(anonymous_1)
FNDA:0,(anonymous_2)
DA:1,7
DA:5,7
DA:6,0
DA:11,0
DA:12,0
DA:13,0
DA:20,0
DA:23,0
DA:24,0
DA:25,0
DA:26,0
DA:30,0
LF:12
LH:2
BRDA:11,0,0,0
BRDA:11,1,0,0
BRDA:11,1,1,0
BRDA:12,2,0,0
BRDA:12,3,0,0
BRDA:12,3,1,0
BRDA:12,3,2,0
BRF:7
BRH:0
end_of_record
TN:
SF:src\fields\weekField.ts
FN:14,(anonymous_7)
FN:30,(anonymous_8)
FN:37,(anonymous_9)
FN:44,(anonymous_10)
FN:48,(anonymous_11)
FN:53,(anonymous_12)
FN:55,(anonymous_13)
FN:60,(anonymous_14)
FN:70,(anonymous_15)
FNF:9
FNH:0
FNDA:0,(anonymous_7)
FNDA:0,(anonymous_8)
FNDA:0,(anonymous_9)
FNDA:0,(anonymous_10)
FNDA:0,(anonymous_11)
FNDA:0,(anonymous_12)
FNDA:0,(anonymous_13)
FNDA:0,(anonymous_14)
FNDA:0,(anonymous_15)
DA:1,7
DA:2,7
DA:3,7
DA:6,7
DA:9,7
DA:10,0
DA:15,0
DA:16,0
DA:28,0
DA:31,0
DA:32,0
DA:33,0
DA:34,0
DA:38,0
DA:39,0
DA:40,0
DA:41,0
DA:45,0
DA:49,0
DA:50,0
DA:54,0
DA:55,0
DA:56,0
DA:62,0
DA:63,0
DA:64,0
DA:65,0
DA:66,0
DA:67,0
DA:71,0
LF:30
LH:5
BRDA:15,0,0,0
BRDA:15,1,0,0
BRDA:15,1,1,0
BRDA:49,2,0,0
BRDA:49,3,0,0
BRDA:49,3,1,0
BRDA:50,4,0,0
BRDA:50,4,1,0
BRDA:54,5,0,0
BRDA:64,6,0,0
BRDA:64,6,1,0
BRDA:65,7,0,0
BRDA:65,7,1,0
BRDA:67,8,0,0
BRF:14
BRH:0
end_of_record
TN:
SF:src\tests\test.options.ts
FN:13,(anonymous_0)
FN:40,createForm
FNF:2
FNH:2
FNDA:1,(anonymous_0)
FNDA:48,createForm
DA:1,4
DA:3,4
DA:4,4
DA:5,4
DA:6,4
DA:7,4
DA:9,4
DA:10,4
DA:11,4
DA:13,4
DA:15,4
DA:20,4
DA:29,4
DA:34,4
DA:40,4
DA:41,48
DA:42,48
DA:43,48
DA:44,48
DA:49,48
DA:50,47
LF:21
LH:21
BRF:0
BRH:0
end_of_record
