TN:
SF:src\button.ts
FN:31,(anonymous_0)
FN:45,(anonymous_1)
FN:50,(anonymous_2)
FN:56,(anonymous_3)
FN:63,(anonymous_4)
FN:68,(anonymous_5)
FN:73,(anonymous_6)
FN:78,(anonymous_7)
FN:83,(anonymous_8)
FN:88,(anonymous_9)
FN:95,(anonymous_10)
FN:101,(anonymous_11)
FN:105,(anonymous_12)
FN:112,(anonymous_13)
FN:118,(anonymous_14)
FN:124,(anonymous_15)
FN:129,(anonymous_16)
FN:138,(anonymous_17)
FN:143,(anonymous_18)
FN:148,(anonymous_19)
FN:154,(anonymous_20)
FNF:21
FNH:21
FNDA:12,(anonymous_0)
FNDA:12,(anonymous_1)
FNDA:13,(anonymous_2)
FNDA:13,(anonymous_3)
FNDA:1,(anonymous_4)
FNDA:1,(anonymous_5)
FNDA:1,(anonymous_6)
FNDA:1,(anonymous_7)
FNDA:4,(anonymous_8)
FNDA:12,(anonymous_9)
FNDA:12,(anonymous_10)
FNDA:1,(anonymous_11)
FNDA:12,(anonymous_12)
FNDA:9,(anonymous_13)
FNDA:2,(anonymous_14)
FNDA:1,(anonymous_15)
FNDA:22,(anonymous_16)
FNDA:1,(anonymous_17)
FNDA:14,(anonymous_18)
FNDA:22,(anonymous_19)
FNDA:22,(anonymous_20)
DA:2,6
DA:6,6
DA:7,12
DA:14,12
DA:15,12
DA:20,12
DA:21,12
DA:23,12
DA:32,12
DA:33,12
DA:34,12
DA:35,12
DA:36,12
DA:37,12
DA:38,12
DA:46,12
DA:51,13
DA:52,13
DA:57,13
DA:58,9
DA:64,1
DA:69,1
DA:74,1
DA:79,1
DA:84,4
DA:89,12
DA:90,12
DA:91,12
DA:96,12
DA:97,12
DA:98,12
DA:99,12
DA:100,12
DA:101,12
DA:106,12
DA:107,12
DA:108,12
DA:113,9
DA:114,9
DA:119,2
DA:120,2
DA:125,1
DA:130,22
DA:131,22
DA:139,1
DA:144,14
DA:149,22
DA:150,22
DA:155,22
DA:156,15
DA:157,6
DA:158,9
DA:159,4
LF:53
LH:53
BRDA:57,0,0,9
BRDA:108,1,0,12
BRDA:108,2,0,12
BRDA:108,2,1,12
BRDA:113,3,0,9
BRDA:119,4,0,2
BRDA:125,5,0,1
BRDA:130,6,0,9
BRDA:130,7,0,22
BRDA:130,7,1,15
BRDA:131,8,0,2
BRDA:131,9,0,22
BRDA:131,9,1,7
BRDA:139,10,0,1
BRDA:155,11,0,15
BRDA:156,12,0,6
BRDA:156,12,1,9
BRDA:158,13,0,4
BRF:18
BRH:18
end_of_record
TN:
SF:src\constants.ts
FN:75,(anonymous_0)
FNF:1
FNH:1
FNDA:95,(anonymous_0)
DA:2,7
DA:4,7
DA:6,7
DA:7,7
DA:10,7
DA:11,7
DA:12,7
DA:17,7
DA:22,7
DA:27,7
DA:32,7
DA:37,7
DA:46,7
DA:53,7
DA:55,7
DA:56,7
DA:57,7
DA:58,7
DA:59,7
DA:61,7
DA:63,7
DA:72,7
DA:75,7
DA:81,95
DA:83,7
DA:84,7
DA:86,8
DA:87,8
DA:89,80
DA:90,80
DA:93,95
DA:95,95
LF:32
LH:32
BRDA:79,0,0,94
BRDA:81,1,0,7
BRDA:81,1,1,8
BRDA:81,1,2,80
BRDA:93,2,0,1
BRF:5
BRH:5
end_of_record
TN:
SF:src\field.ts
FN:18,(anonymous_0)
FN:55,(anonymous_1)
FN:69,(anonymous_2)
FN:76,(anonymous_3)
FN:84,(anonymous_4)
FN:103,(anonymous_5)
FN:113,(anonymous_6)
FN:127,(anonymous_7)
FN:135,(anonymous_8)
FN:143,(anonymous_9)
FN:151,(anonymous_10)
FN:159,(anonymous_11)
FN:167,(anonymous_12)
FN:175,(anonymous_13)
FN:183,(anonymous_14)
FN:191,(anonymous_15)
FN:196,(anonymous_16)
FN:204,(anonymous_17)
FN:215,(anonymous_18)
FN:228,(anonymous_19)
FN:237,(anonymous_20)
FN:249,(anonymous_21)
FN:255,(anonymous_22)
FN:261,(anonymous_23)
FN:266,(anonymous_24)
FN:287,(anonymous_25)
FN:293,(anonymous_26)
FN:304,(anonymous_27)
FN:313,(anonymous_28)
FN:319,(anonymous_29)
FN:326,(anonymous_30)
FN:338,(anonymous_31)
FN:346,(anonymous_32)
FN:356,(anonymous_33)
FN:372,(anonymous_34)
FN:392,(anonymous_35)
FN:411,(anonymous_36)
FN:431,(anonymous_37)
FN:440,(anonymous_38)
FNF:39
FNH:26
FNDA:5,(anonymous_0)
FNDA:26,(anonymous_1)
FNDA:52,(anonymous_2)
FNDA:26,(anonymous_3)
FNDA:26,(anonymous_4)
FNDA:31,(anonymous_5)
FNDA:31,(anonymous_6)
FNDA:0,(anonymous_7)
FNDA:0,(anonymous_8)
FNDA:0,(anonymous_9)
FNDA:0,(anonymous_10)
FNDA:0,(anonymous_11)
FNDA:0,(anonymous_12)
FNDA:0,(anonymous_13)
FNDA:0,(anonymous_14)
FNDA:0,(anonymous_15)
FNDA:26,(anonymous_16)
FNDA:26,(anonymous_17)
FNDA:26,(anonymous_18)
FNDA:26,(anonymous_19)
FNDA:26,(anonymous_20)
FNDA:26,(anonymous_21)
FNDA:0,(anonymous_22)
FNDA:0,(anonymous_23)
FNDA:0,(anonymous_24)
FNDA:47,(anonymous_25)
FNDA:47,(anonymous_26)
FNDA:47,(anonymous_27)
FNDA:26,(anonymous_28)
FNDA:2,(anonymous_29)
FNDA:27,(anonymous_30)
FNDA:3,(anonymous_31)
FNDA:47,(anonymous_32)
FNDA:47,(anonymous_33)
FNDA:47,(anonymous_34)
FNDA:47,(anonymous_35)
FNDA:6,(anonymous_36)
FNDA:6,(anonymous_37)
FNDA:0,(anonymous_38)
DA:2,6
DA:13,6
DA:14,26
DA:19,5
DA:20,4
DA:26,26
DA:27,26
DA:28,26
DA:29,26
DA:30,26
DA:35,26
DA:36,26
DA:37,26
DA:38,26
DA:39,26
DA:41,26
DA:42,26
DA:44,26
DA:45,26
DA:46,26
DA:47,26
DA:56,26
DA:57,26
DA:58,26
DA:59,26
DA:60,26
DA:61,26
DA:70,52
DA:77,26
DA:78,26
DA:79,26
DA:80,26
DA:85,26
DA:86,0
DA:88,26
DA:89,0
DA:91,26
DA:92,0
DA:94,26
DA:95,0
DA:104,31
DA:105,31
DA:106,31
DA:107,31
DA:114,31
DA:119,25
DA:128,0
DA:136,0
DA:144,0
DA:152,0
DA:160,0
DA:168,0
DA:176,0
DA:184,0
DA:192,0
DA:198,26
DA:199,26
DA:200,26
DA:206,26
DA:207,26
DA:208,26
DA:209,26
DA:210,26
DA:211,26
DA:217,26
DA:219,26
DA:220,26
DA:221,26
DA:222,26
DA:223,26
DA:224,26
DA:230,26
DA:231,26
DA:232,26
DA:233,26
DA:238,26
DA:239,26
DA:240,26
DA:241,26
DA:243,26
DA:244,26
DA:245,26
DA:250,26
DA:251,26
DA:256,0
DA:257,0
DA:262,0
DA:267,0
DA:268,0
DA:269,0
DA:270,0
DA:271,0
DA:273,0
DA:274,0
DA:276,0
DA:277,0
DA:279,0
DA:280,0
DA:281,0
DA:283,0
DA:288,47
DA:289,47
DA:294,47
DA:295,0
DA:296,0
DA:298,47
DA:299,47
DA:305,47
DA:306,2
DA:308,45
DA:314,26
DA:315,26
DA:320,2
DA:321,1
DA:327,27
DA:328,2
DA:329,2
DA:330,0
DA:331,0
DA:334,27
DA:339,3
DA:340,3
DA:341,0
DA:342,3
DA:347,47
DA:348,47
DA:349,47
DA:350,47
DA:351,47
DA:352,47
DA:357,47
DA:358,0
DA:359,0
DA:365,0
DA:366,0
DA:373,47
DA:374,0
DA:375,0
DA:382,0
DA:383,0
DA:384,0
DA:385,0
DA:393,47
DA:394,2
DA:395,0
DA:401,2
DA:402,0
DA:403,2
DA:404,2
DA:412,6
DA:413,6
DA:414,6
DA:415,0
DA:422,0
DA:423,6
DA:424,6
DA:425,6
DA:426,0
DA:427,0
DA:428,6
DA:432,6
DA:433,6
DA:441,0
DA:442,0
DA:443,0
DA:444,0
LF:166
LH:112
BRDA:19,0,0,1
BRDA:19,1,0,5
BRDA:19,1,1,1
BRDA:85,2,0,0
BRDA:88,3,0,0
BRDA:91,4,0,0
BRDA:94,5,0,0
BRDA:103,6,0,1
BRDA:107,7,0,1
BRDA:114,8,0,25
BRDA:115,9,0,31
BRDA:115,9,1,31
BRDA:115,9,2,0
BRDA:115,9,3,31
BRDA:208,10,0,26
BRDA:208,10,1,5
BRDA:210,11,0,0
BRDA:220,12,0,21
BRDA:224,13,0,21
BRDA:243,14,0,26
BRDA:243,15,0,26
BRDA:243,15,1,26
BRDA:244,16,0,26
BRDA:244,17,0,26
BRDA:244,17,1,26
BRDA:245,18,0,26
BRDA:245,19,0,26
BRDA:245,19,1,26
BRDA:250,20,0,26
BRDA:256,21,0,0
BRDA:262,22,0,0
BRDA:267,23,0,0
BRDA:267,23,1,0
BRDA:269,24,0,0
BRDA:269,25,0,0
BRDA:269,25,1,0
BRDA:274,26,0,0
BRDA:274,26,1,0
BRDA:276,27,0,0
BRDA:288,28,0,26
BRDA:288,29,0,47
BRDA:288,29,1,47
BRDA:289,30,0,0
BRDA:289,31,0,47
BRDA:289,31,1,0
BRDA:294,32,0,0
BRDA:294,32,1,47
BRDA:305,33,0,2
BRDA:305,33,1,45
BRDA:314,34,0,26
BRDA:320,35,0,1
BRDA:320,36,0,2
BRDA:320,36,1,1
BRDA:320,36,2,1
BRDA:327,37,0,2
BRDA:327,38,0,27
BRDA:327,38,1,3
BRDA:329,39,0,0
BRDA:334,40,0,27
BRDA:334,40,1,0
BRDA:340,41,0,3
BRDA:340,41,1,0
BRDA:357,42,0,0
BRDA:358,43,0,0
BRDA:358,43,1,0
BRDA:365,44,0,0
BRDA:373,45,0,0
BRDA:374,46,0,0
BRDA:374,46,1,0
BRDA:374,47,0,0
BRDA:374,47,1,0
BRDA:382,48,0,0
BRDA:382,48,1,0
BRDA:384,49,0,0
BRDA:393,50,0,2
BRDA:394,51,0,0
BRDA:394,51,1,2
BRDA:394,52,0,2
BRDA:394,52,1,0
BRDA:401,53,0,0
BRDA:401,53,1,2
BRDA:403,54,0,2
BRDA:412,55,0,0
BRDA:413,56,0,6
BRDA:413,56,1,0
BRDA:414,57,0,0
BRDA:414,57,1,6
BRDA:414,58,0,6
BRDA:414,58,1,0
BRDA:423,59,0,6
BRDA:423,59,1,0
BRDA:433,60,0,4
BRDA:433,60,1,2
BRDA:444,61,0,0
BRF:94
BRH:51
end_of_record
TN:
SF:src\form.ts
FN:59,(anonymous_0)
FN:71,(anonymous_1)
FN:86,(anonymous_2)
FN:96,(anonymous_3)
FN:102,(anonymous_4)
FN:116,(anonymous_5)
FN:123,(anonymous_6)
FN:132,(anonymous_7)
FN:141,(anonymous_8)
FN:147,(anonymous_9)
FN:173,(anonymous_10)
FN:232,(anonymous_11)
FN:257,(anonymous_12)
FN:258,(anonymous_13)
FN:261,(anonymous_14)
FN:264,(anonymous_15)
FN:274,(anonymous_16)
FN:282,(anonymous_17)
FN:292,(anonymous_18)
FN:302,(anonymous_19)
FN:325,(anonymous_20)
FN:329,(anonymous_21)
FN:339,(anonymous_22)
FN:349,(anonymous_23)
FN:357,(anonymous_24)
FN:365,(anonymous_25)
FN:374,(anonymous_26)
FN:382,(anonymous_27)
FN:391,(anonymous_28)
FN:399,(anonymous_29)
FN:407,(anonymous_30)
FN:416,(anonymous_31)
FN:418,(anonymous_32)
FN:431,(anonymous_33)
FN:433,(anonymous_34)
FN:437,(anonymous_35)
FN:441,(anonymous_36)
FN:450,(anonymous_37)
FN:451,(anonymous_38)
FN:460,(anonymous_39)
FN:462,(anonymous_40)
FN:466,(anonymous_41)
FN:475,(anonymous_42)
FN:477,(anonymous_43)
FN:481,(anonymous_44)
FN:490,(anonymous_45)
FN:496,(anonymous_46)
FN:501,(anonymous_47)
FN:517,(anonymous_48)
FN:538,(anonymous_49)
FNF:50
FNH:49
FNDA:46,(anonymous_0)
FNDA:46,(anonymous_1)
FNDA:46,(anonymous_2)
FNDA:45,(anonymous_3)
FNDA:45,(anonymous_4)
FNDA:56,(anonymous_5)
FNDA:51,(anonymous_6)
FNDA:10,(anonymous_7)
FNDA:51,(anonymous_8)
FNDA:2,(anonymous_9)
FNDA:51,(anonymous_10)
FNDA:0,(anonymous_11)
FNDA:44,(anonymous_12)
FNDA:15,(anonymous_13)
FNDA:19,(anonymous_14)
FNDA:6,(anonymous_15)
FNDA:6,(anonymous_16)
FNDA:8,(anonymous_17)
FNDA:39,(anonymous_18)
FNDA:5,(anonymous_19)
FNDA:34,(anonymous_20)
FNDA:5,(anonymous_21)
FNDA:1,(anonymous_22)
FNDA:31,(anonymous_23)
FNDA:43,(anonymous_24)
FNDA:1,(anonymous_25)
FNDA:10,(anonymous_26)
FNDA:1,(anonymous_27)
FNDA:15,(anonymous_28)
FNDA:30,(anonymous_29)
FNDA:59,(anonymous_30)
FNDA:5,(anonymous_31)
FNDA:1,(anonymous_32)
FNDA:3,(anonymous_33)
FNDA:1,(anonymous_34)
FNDA:4,(anonymous_35)
FNDA:1,(anonymous_36)
FNDA:5,(anonymous_37)
FNDA:5,(anonymous_38)
FNDA:2,(anonymous_39)
FNDA:1,(anonymous_40)
FNDA:2,(anonymous_41)
FNDA:2,(anonymous_42)
FNDA:1,(anonymous_43)
FNDA:2,(anonymous_44)
FNDA:45,(anonymous_45)
FNDA:2,(anonymous_46)
FNDA:15,(anonymous_47)
FNDA:4,(anonymous_48)
FNDA:1,(anonymous_49)
DA:1,5
DA:9,5
DA:23,5
DA:24,46
DA:34,46
DA:35,46
DA:36,46
DA:37,46
DA:38,46
DA:39,46
DA:40,46
DA:41,46
DA:42,46
DA:43,46
DA:44,46
DA:45,46
DA:53,46
DA:60,46
DA:61,46
DA:62,45
DA:63,45
DA:64,45
DA:73,46
DA:74,2
DA:76,44
DA:78,46
DA:79,46
DA:87,46
DA:88,46
DA:89,46
DA:90,46
DA:97,45
DA:98,45
DA:103,45
DA:104,26
DA:105,26
DA:106,26
DA:107,15
DA:123,56
DA:124,51
DA:133,10
DA:142,51
DA:143,51
DA:144,51
DA:148,2
DA:149,2
DA:150,0
DA:153,2
DA:159,2
DA:160,0
DA:161,0
DA:180,51
DA:184,51
DA:185,51
DA:186,51
DA:187,51
DA:189,51
DA:190,0
DA:192,51
DA:193,2
DA:196,51
DA:198,51
DA:200,11
DA:201,0
DA:202,11
DA:203,11
DA:205,14
DA:206,0
DA:207,14
DA:209,14
DA:210,11
DA:211,11
DA:212,11
DA:221,14
DA:223,26
DA:224,0
DA:226,26
DA:228,26
DA:239,0
DA:240,0
DA:241,0
DA:243,0
DA:244,0
DA:246,0
DA:247,0
DA:249,0
DA:250,0
DA:258,44
DA:259,15
DA:261,44
DA:262,19
DA:264,44
DA:265,6
DA:275,6
DA:283,8
DA:294,39
DA:295,5
DA:297,34
DA:299,39
DA:303,5
DA:304,5
DA:307,5
DA:309,5
DA:310,0
DA:311,0
DA:312,0
DA:313,0
DA:314,0
DA:315,0
DA:317,5
DA:318,5
DA:319,5
DA:320,5
DA:321,5
DA:326,34
DA:330,5
DA:331,2
DA:332,2
DA:333,3
DA:334,0
DA:335,0
DA:340,1
DA:341,1
DA:350,31
DA:358,43
DA:366,1
DA:375,10
DA:383,1
DA:392,15
DA:400,30
DA:408,59
DA:417,5
DA:418,1
DA:419,1
DA:421,4
DA:422,1
DA:424,5
DA:432,3
DA:433,3
DA:434,1
DA:435,1
DA:437,3
DA:438,4
DA:439,4
DA:441,3
DA:442,1
DA:443,1
DA:451,5
DA:452,5
DA:453,5
DA:461,2
DA:462,1
DA:463,1
DA:464,1
DA:466,1
DA:467,2
DA:468,2
DA:476,2
DA:477,1
DA:478,1
DA:479,1
DA:481,1
DA:482,2
DA:483,2
DA:491,45
DA:492,45
DA:493,45
DA:494,45
DA:495,45
DA:496,45
DA:497,45
DA:498,45
DA:502,15
DA:503,15
DA:504,15
DA:505,15
DA:506,15
DA:507,15
DA:508,15
DA:509,15
DA:518,4
DA:519,4
DA:521,4
DA:522,1
DA:524,3
DA:525,1
DA:526,1
DA:528,3
DA:529,3
DA:530,1
DA:532,3
DA:539,1
LF:192
LH:168
BRDA:73,0,0,2
BRDA:73,0,1,44
BRDA:79,1,0,1
BRDA:97,2,0,45
BRDA:98,3,0,45
BRDA:98,4,0,45
BRDA:98,4,1,45
BRDA:103,5,0,19
BRDA:104,6,0,2
BRDA:106,7,0,15
BRDA:119,8,0,45
BRDA:120,9,0,45
BRDA:121,10,0,45
BRDA:147,11,0,0
BRDA:149,12,0,0
BRDA:159,13,0,0
BRDA:185,14,0,0
BRDA:189,15,0,0
BRDA:189,16,0,51
BRDA:189,16,1,0
BRDA:189,16,2,0
BRDA:192,17,0,2
BRDA:192,18,0,51
BRDA:192,18,1,2
BRDA:198,19,0,11
BRDA:198,19,1,14
BRDA:198,19,2,26
BRDA:200,20,0,0
BRDA:200,20,1,11
BRDA:200,21,0,11
BRDA:200,21,1,0
BRDA:205,22,0,0
BRDA:205,22,1,14
BRDA:205,23,0,14
BRDA:205,23,1,0
BRDA:209,24,0,11
BRDA:209,25,0,14
BRDA:209,25,1,11
BRDA:211,26,0,11
BRDA:215,27,0,2
BRDA:215,27,1,9
BRDA:223,28,0,0
BRDA:223,28,1,26
BRDA:223,29,0,26
BRDA:223,29,1,0
BRDA:240,30,0,0
BRDA:240,31,0,0
BRDA:240,31,1,0
BRDA:240,31,2,0
BRDA:240,31,3,0
BRDA:241,32,0,0
BRDA:241,32,1,0
BRDA:241,32,2,0
BRDA:294,33,0,5
BRDA:294,33,1,34
BRDA:307,34,0,0
BRDA:307,35,0,5
BRDA:307,35,1,5
BRDA:309,36,0,0
BRDA:309,36,1,5
BRDA:311,37,0,0
BRDA:311,38,0,0
BRDA:311,38,1,0
BRDA:318,39,0,0
BRDA:329,40,0,5
BRDA:330,41,0,2
BRDA:330,41,1,3
BRDA:330,42,0,5
BRDA:330,42,1,5
BRDA:333,43,0,0
BRDA:333,44,0,3
BRDA:333,44,1,3
BRDA:334,45,0,0
BRDA:335,46,0,0
BRDA:340,47,0,1
BRDA:340,48,0,1
BRDA:340,48,1,1
BRDA:417,49,0,1
BRDA:417,49,1,4
BRDA:417,50,0,5
BRDA:417,50,1,1
BRDA:421,51,0,1
BRDA:421,52,0,4
BRDA:421,52,1,4
BRDA:432,53,0,1
BRDA:435,54,0,1
BRDA:435,55,0,1
BRDA:435,55,1,1
BRDA:439,56,0,4
BRDA:439,57,0,4
BRDA:439,57,1,4
BRDA:443,58,0,1
BRDA:443,59,0,1
BRDA:443,59,1,1
BRDA:453,60,0,5
BRDA:453,61,0,5
BRDA:453,61,1,5
BRDA:461,62,0,1
BRDA:461,63,0,2
BRDA:461,63,1,1
BRDA:464,64,0,1
BRDA:464,65,0,1
BRDA:464,65,1,1
BRDA:468,66,0,1
BRDA:468,67,0,2
BRDA:468,67,1,1
BRDA:476,68,0,1
BRDA:476,69,0,2
BRDA:476,69,1,1
BRDA:479,70,0,1
BRDA:479,71,0,1
BRDA:479,71,1,1
BRDA:483,72,0,1
BRDA:483,73,0,2
BRDA:483,73,1,1
BRDA:494,74,0,2
BRDA:495,75,0,2
BRDA:498,76,0,15
BRDA:498,77,0,45
BRDA:498,77,1,26
BRDA:509,78,0,15
BRDA:521,79,0,1
BRDA:524,80,0,1
BRDA:526,81,0,1
BRDA:529,82,0,1
BRDA:532,83,0,2
BRDA:539,84,0,1
BRDA:539,85,0,1
BRDA:539,85,1,1
BRF:129
BRH:99
end_of_record
TN:
SF:src\group.ts
FN:32,(anonymous_0)
FN:46,(anonymous_1)
FN:51,(anonymous_2)
FN:57,(anonymous_3)
FN:64,(anonymous_4)
FN:69,(anonymous_5)
FN:74,(anonymous_6)
FN:79,(anonymous_7)
FN:84,(anonymous_8)
FN:89,(anonymous_9)
FN:96,(anonymous_10)
FN:103,(anonymous_11)
FN:111,(anonymous_12)
FN:122,(anonymous_13)
FN:128,(anonymous_14)
FN:134,(anonymous_15)
FN:139,(anonymous_16)
FN:145,(anonymous_17)
FN:150,(anonymous_18)
FN:156,(anonymous_19)
FNF:20
FNH:20
FNDA:13,(anonymous_0)
FNDA:13,(anonymous_1)
FNDA:14,(anonymous_2)
FNDA:14,(anonymous_3)
FNDA:8,(anonymous_4)
FNDA:1,(anonymous_5)
FNDA:12,(anonymous_6)
FNDA:1,(anonymous_7)
FNDA:5,(anonymous_8)
FNDA:13,(anonymous_9)
FNDA:13,(anonymous_10)
FNDA:13,(anonymous_11)
FNDA:13,(anonymous_12)
FNDA:10,(anonymous_13)
FNDA:2,(anonymous_14)
FNDA:1,(anonymous_15)
FNDA:30,(anonymous_16)
FNDA:15,(anonymous_17)
FNDA:30,(anonymous_18)
FNDA:30,(anonymous_19)
DA:2,6
DA:6,6
DA:7,13
DA:14,13
DA:15,13
DA:16,13
DA:21,13
DA:22,13
DA:24,13
DA:33,13
DA:34,13
DA:35,13
DA:36,13
DA:37,13
DA:38,13
DA:39,13
DA:47,13
DA:52,14
DA:53,14
DA:58,14
DA:59,7
DA:65,8
DA:70,1
DA:75,12
DA:80,1
DA:85,5
DA:90,13
DA:91,13
DA:92,13
DA:97,13
DA:98,13
DA:99,13
DA:104,13
DA:105,13
DA:106,13
DA:107,13
DA:112,13
DA:113,13
DA:114,13
DA:115,13
DA:116,8
DA:117,13
DA:118,13
DA:123,10
DA:124,10
DA:129,2
DA:130,2
DA:135,1
DA:140,30
DA:141,30
DA:146,15
DA:151,30
DA:152,30
DA:157,30
DA:158,13
DA:159,6
DA:160,7
DA:161,4
LF:58
LH:58
BRDA:58,0,0,7
BRDA:105,1,0,8
BRDA:115,2,0,8
BRDA:115,3,0,13
BRDA:115,3,1,13
BRDA:115,3,2,13
BRDA:117,4,0,13
BRDA:117,5,0,13
BRDA:117,5,1,13
BRDA:123,6,0,10
BRDA:129,7,0,2
BRDA:135,8,0,1
BRDA:140,9,0,10
BRDA:140,10,0,30
BRDA:140,10,1,23
BRDA:141,11,0,2
BRDA:141,12,0,30
BRDA:141,12,1,7
BRDA:157,13,0,13
BRDA:158,14,0,6
BRDA:158,14,1,7
BRDA:160,15,0,4
BRF:22
BRH:22
end_of_record
TN:
SF:src\index.ts
FN:49,(anonymous_0)
FN:51,(anonymous_1)
FN:59,(anonymous_2)
FN:60,(anonymous_3)
FN:63,(anonymous_4)
FN:64,(anonymous_5)
FN:65,(anonymous_6)
FN:66,(anonymous_7)
FN:67,(anonymous_8)
FN:68,(anonymous_9)
FN:70,(anonymous_10)
FN:71,(anonymous_11)
FN:71,(anonymous_12)
FN:71,(anonymous_13)
FN:71,(anonymous_14)
FN:71,(anonymous_15)
FN:73,(anonymous_16)
FN:73,(anonymous_17)
FNF:18
FNH:18
FNDA:3,(anonymous_0)
FNDA:2,(anonymous_1)
FNDA:47,(anonymous_2)
FNDA:1,(anonymous_3)
FNDA:1,(anonymous_4)
FNDA:1,(anonymous_5)
FNDA:1,(anonymous_6)
FNDA:1,(anonymous_7)
FNDA:1,(anonymous_8)
FNDA:1,(anonymous_9)
FNDA:1,(anonymous_10)
FNDA:1,(anonymous_11)
FNDA:1,(anonymous_12)
FNDA:1,(anonymous_13)
FNDA:2,(anonymous_14)
FNDA:1,(anonymous_15)
FNDA:1,(anonymous_16)
FNDA:1,(anonymous_17)
DA:1,5
DA:2,5
DA:3,5
DA:4,5
DA:5,5
DA:24,5
DA:27,5
DA:28,5
DA:29,5
DA:30,5
DA:31,5
DA:32,5
DA:33,5
DA:34,5
DA:35,5
DA:36,5
DA:37,5
DA:38,5
DA:39,5
DA:40,5
DA:41,5
DA:42,5
DA:43,5
DA:44,5
DA:45,5
DA:46,5
DA:47,5
DA:49,5
DA:50,3
DA:51,1
DA:52,2
DA:55,2
DA:59,52
DA:60,6
DA:62,5
DA:63,6
DA:64,6
DA:65,6
DA:66,6
DA:67,6
DA:68,6
DA:70,6
DA:71,7
DA:73,6
LF:44
LH:44
BRDA:50,0,0,1
BRDA:50,0,1,2
BRDA:52,1,0,2
BRDA:52,1,1,0
BRDA:55,2,0,2
BRDA:55,2,1,1
BRF:6
BRH:5
end_of_record
TN:
SF:src\utils.ts
FN:33,(anonymous_0)
FN:35,(anonymous_1)
FN:37,(anonymous_2)
FN:48,(anonymous_3)
FN:56,(anonymous_4)
FN:68,(anonymous_5)
FN:98,(anonymous_6)
FN:107,(anonymous_7)
FN:116,(anonymous_8)
FN:125,(anonymous_9)
FN:143,(anonymous_10)
FN:145,(anonymous_11)
FN:157,(anonymous_12)
FN:169,(anonymous_13)
FN:179,(anonymous_14)
FN:183,(anonymous_15)
FN:185,(anonymous_16)
FN:191,(anonymous_17)
FN:193,(anonymous_18)
FN:195,(anonymous_19)
FN:197,(anonymous_20)
FN:200,(anonymous_21)
FN:223,(anonymous_22)
FN:227,(anonymous_23)
FN:233,(anonymous_24)
FN:241,(anonymous_25)
FN:245,(anonymous_26)
FN:253,(anonymous_27)
FN:256,(anonymous_28)
FN:257,(anonymous_29)
FN:263,(anonymous_30)
FN:264,(anonymous_31)
FN:292,(anonymous_32)
FN:300,(anonymous_33)
FN:301,(anonymous_34)
FN:323,(anonymous_35)
FN:324,(anonymous_36)
FN:327,(anonymous_37)
FNF:38
FNH:38
FNDA:29,(anonymous_0)
FNDA:5,(anonymous_1)
FNDA:3,(anonymous_2)
FNDA:2,(anonymous_3)
FNDA:1,(anonymous_4)
FNDA:3,(anonymous_5)
FNDA:56,(anonymous_6)
FNDA:29,(anonymous_7)
FNDA:14,(anonymous_8)
FNDA:55,(anonymous_9)
FNDA:2,(anonymous_10)
FNDA:4,(anonymous_11)
FNDA:1,(anonymous_12)
FNDA:1,(anonymous_13)
FNDA:28,(anonymous_14)
FNDA:1,(anonymous_15)
FNDA:1,(anonymous_16)
FNDA:2,(anonymous_17)
FNDA:4,(anonymous_18)
FNDA:1,(anonymous_19)
FNDA:1,(anonymous_20)
FNDA:5,(anonymous_21)
FNDA:5,(anonymous_22)
FNDA:18,(anonymous_23)
FNDA:17,(anonymous_24)
FNDA:36,(anonymous_25)
FNDA:1,(anonymous_26)
FNDA:3,(anonymous_27)
FNDA:5,(anonymous_28)
FNDA:4,(anonymous_29)
FNDA:4,(anonymous_30)
FNDA:4,(anonymous_31)
FNDA:4,(anonymous_32)
FNDA:5,(anonymous_33)
FNDA:5,(anonymous_34)
FNDA:5,(anonymous_35)
FNDA:5,(anonymous_36)
FNDA:25,(anonymous_37)
DA:1,6
DA:23,6
DA:24,6
DA:33,6
DA:34,29
DA:35,29
DA:36,5
DA:37,5
DA:38,3
DA:48,6
DA:49,2
DA:56,6
DA:57,1
DA:68,6
DA:69,3
DA:72,3
DA:73,5
DA:74,5
DA:75,1
DA:77,4
DA:80,5
DA:81,1
DA:82,4
DA:83,1
DA:85,3
DA:90,3
DA:98,6
DA:99,56
DA:107,6
DA:108,29
DA:116,6
DA:117,14
DA:125,6
DA:126,55
DA:127,28
DA:128,13
DA:129,1
DA:143,6
DA:144,2
DA:145,2
DA:146,4
DA:147,1
DA:149,2
DA:157,6
DA:158,1
DA:159,1
DA:160,1
DA:169,6
DA:170,1
DA:179,6
DA:180,28
DA:183,6
DA:185,6
DA:186,1
DA:187,1
DA:188,1
DA:191,6
DA:193,6
DA:195,6
DA:197,6
DA:198,1
DA:200,6
DA:201,5
DA:203,5
DA:205,4
DA:207,2
DA:209,2
DA:210,1
DA:211,1
DA:212,1
DA:214,1
DA:215,1
DA:216,1
DA:220,1
DA:223,6
DA:224,5
DA:227,6
DA:228,18
DA:229,17
DA:230,16
DA:233,6
DA:234,17
DA:235,16
DA:237,1
DA:241,6
DA:242,36
DA:245,6
DA:246,1
DA:253,6
DA:254,3
DA:256,5
DA:258,4
DA:259,4
DA:264,4
DA:267,4
DA:268,4
DA:269,3
DA:271,3
DA:272,3
DA:274,1
DA:277,2
DA:278,2
DA:280,2
DA:284,3
DA:288,3
DA:292,6
DA:299,4
DA:300,4
DA:301,5
DA:303,5
DA:308,5
DA:309,5
DA:312,4
DA:313,3
DA:314,3
DA:316,1
DA:320,1
DA:323,6
DA:324,5
DA:327,6
DA:328,25
DA:330,8
DA:332,4
DA:334,4
DA:336,3
DA:338,3
DA:340,3
LF:127
LH:127
BRDA:36,0,0,2
BRDA:69,1,0,3
BRDA:69,1,1,2
BRDA:73,2,0,5
BRDA:74,3,0,1
BRDA:74,3,1,4
BRDA:80,4,0,1
BRDA:80,4,1,4
BRDA:82,5,0,1
BRDA:82,5,1,3
BRDA:82,6,0,4
BRDA:82,6,1,1
BRDA:126,7,0,27
BRDA:127,8,0,15
BRDA:128,9,0,12
BRDA:146,10,0,3
BRDA:146,10,1,1
BRDA:147,11,0,1
BRDA:183,12,0,1
BRDA:183,12,1,1
BRDA:198,13,0,0
BRDA:198,13,1,1
BRDA:203,14,0,1
BRDA:205,15,0,2
BRDA:209,16,0,1
BRDA:214,17,0,1
BRDA:228,18,0,1
BRDA:229,19,0,1
BRDA:234,20,0,16
BRDA:234,20,1,1
BRDA:268,21,0,1
BRDA:272,22,0,1
BRDA:272,22,1,2
BRDA:295,23,0,4
BRDA:296,24,0,4
BRDA:297,25,0,4
BRDA:312,26,0,3
BRDA:324,27,0,5
BRDA:324,27,1,5
BRDA:328,28,0,8
BRDA:328,28,1,4
BRDA:328,28,2,4
BRDA:328,28,3,3
BRDA:328,28,4,3
BRDA:328,28,5,3
BRF:45
BRH:44
end_of_record
TN:
SF:src\fields\checkboxField.ts
FN:12,(anonymous_0)
FN:22,(anonymous_1)
FN:32,(anonymous_2)
FN:41,(anonymous_3)
FN:49,(anonymous_4)
FN:64,(anonymous_5)
FN:74,(anonymous_6)
FN:79,(anonymous_7)
FN:90,(anonymous_8)
FN:92,(anonymous_9)
FN:97,(anonymous_10)
FN:103,(anonymous_11)
FNF:12
FNH:0
FNDA:0,(anonymous_0)
FNDA:0,(anonymous_1)
FNDA:0,(anonymous_2)
FNDA:0,(anonymous_3)
FNDA:0,(anonymous_4)
FNDA:0,(anonymous_5)
FNDA:0,(anonymous_6)
FNDA:0,(anonymous_7)
FNDA:0,(anonymous_8)
FNDA:0,(anonymous_9)
FNDA:0,(anonymous_10)
FNDA:0,(anonymous_11)
DA:1,6
DA:5,6
DA:7,6
DA:8,0
DA:13,0
DA:14,0
DA:20,0
DA:23,0
DA:24,0
DA:25,0
DA:26,0
DA:33,0
DA:34,0
DA:35,0
DA:36,0
DA:37,0
DA:43,0
DA:44,0
DA:45,0
DA:46,0
DA:51,0
DA:53,0
DA:54,0
DA:56,0
DA:57,0
DA:58,0
DA:59,0
DA:60,0
DA:61,0
DA:66,0
DA:67,0
DA:68,0
DA:69,0
DA:70,0
DA:71,0
DA:75,0
DA:76,0
DA:80,0
DA:81,0
DA:82,0
DA:83,0
DA:84,0
DA:86,0
DA:87,0
DA:91,0
DA:92,0
DA:93,0
DA:98,0
DA:99,0
DA:100,0
DA:104,0
LF:51
LH:3
BRDA:13,0,0,0
BRDA:13,1,0,0
BRDA:13,1,1,0
BRDA:33,2,0,0
BRDA:33,3,0,0
BRDA:33,3,1,0
BRDA:34,4,0,0
BRDA:34,4,1,0
BRDA:34,5,0,0
BRDA:34,5,1,0
BRDA:36,6,0,0
BRDA:36,7,0,0
BRDA:36,7,1,0
BRDA:45,8,0,0
BRDA:53,9,0,0
BRDA:53,10,0,0
BRDA:53,10,1,0
BRDA:54,11,0,0
BRDA:54,12,0,0
BRDA:54,12,1,0
BRDA:57,13,0,0
BRDA:59,14,0,0
BRDA:59,14,1,0
BRDA:61,15,0,0
BRDA:68,16,0,0
BRDA:68,16,1,0
BRDA:70,17,0,0
BRDA:81,18,0,0
BRDA:86,19,0,0
BRDA:86,20,0,0
BRDA:86,20,1,0
BRDA:87,21,0,0
BRDA:87,22,0,0
BRDA:87,22,1,0
BRDA:91,23,0,0
BRDA:99,24,0,0
BRF:36
BRH:0
end_of_record
TN:
SF:src\fields\colorField.ts
FN:10,(anonymous_0)
FN:18,(anonymous_1)
FN:25,(anonymous_2)
FN:27,(anonymous_3)
FN:32,(anonymous_4)
FNF:5
FNH:0
FNDA:0,(anonymous_0)
FNDA:0,(anonymous_1)
FNDA:0,(anonymous_2)
FNDA:0,(anonymous_3)
FNDA:0,(anonymous_4)
DA:1,6
DA:5,6
DA:6,0
DA:11,0
DA:12,0
DA:19,0
DA:20,0
DA:21,0
DA:22,0
DA:26,0
DA:27,0
DA:28,0
DA:33,0
LF:13
LH:2
BRDA:11,0,0,0
BRDA:11,1,0,0
BRDA:11,1,1,0
BRDA:26,2,0,0
BRF:4
BRH:0
end_of_record
TN:
SF:src\fields\dateField.ts
FN:12,(anonymous_6)
FN:25,(anonymous_7)
FN:32,(anonymous_8)
FN:39,(anonymous_9)
FN:43,(anonymous_10)
FN:48,(anonymous_11)
FN:50,(anonymous_12)
FN:55,(anonymous_13)
FN:65,(anonymous_14)
FNF:9
FNH:0
FNDA:0,(anonymous_6)
FNDA:0,(anonymous_7)
FNDA:0,(anonymous_8)
FNDA:0,(anonymous_9)
FNDA:0,(anonymous_10)
FNDA:0,(anonymous_11)
FNDA:0,(anonymous_12)
FNDA:0,(anonymous_13)
FNDA:0,(anonymous_14)
DA:1,6
DA:2,6
DA:3,6
DA:7,6
DA:8,0
DA:13,0
DA:14,0
DA:26,0
DA:27,0
DA:28,0
DA:29,0
DA:33,0
DA:34,0
DA:35,0
DA:36,0
DA:40,0
DA:44,0
DA:45,0
DA:49,0
DA:50,0
DA:51,0
DA:57,0
DA:58,0
DA:59,0
DA:60,0
DA:61,0
DA:62,0
DA:66,0
LF:28
LH:4
BRDA:13,0,0,0
BRDA:13,1,0,0
BRDA:13,1,1,0
BRDA:44,2,0,0
BRDA:44,3,0,0
BRDA:44,3,1,0
BRDA:45,4,0,0
BRDA:45,4,1,0
BRDA:49,5,0,0
BRDA:59,6,0,0
BRDA:59,6,1,0
BRDA:60,7,0,0
BRDA:60,7,1,0
BRDA:62,8,0,0
BRF:14
BRH:0
end_of_record
TN:
SF:src\fields\datetimeField.ts
FN:12,(anonymous_6)
FN:26,(anonymous_7)
FN:33,(anonymous_8)
FN:40,(anonymous_9)
FN:44,(anonymous_10)
FN:49,(anonymous_11)
FN:51,(anonymous_12)
FN:56,(anonymous_13)
FN:66,(anonymous_14)
FNF:9
FNH:0
FNDA:0,(anonymous_6)
FNDA:0,(anonymous_7)
FNDA:0,(anonymous_8)
FNDA:0,(anonymous_9)
FNDA:0,(anonymous_10)
FNDA:0,(anonymous_11)
FNDA:0,(anonymous_12)
FNDA:0,(anonymous_13)
FNDA:0,(anonymous_14)
DA:1,6
DA:2,6
DA:3,6
DA:7,6
DA:8,0
DA:13,0
DA:14,0
DA:27,0
DA:28,0
DA:29,0
DA:30,0
DA:34,0
DA:35,0
DA:36,0
DA:37,0
DA:41,0
DA:45,0
DA:46,0
DA:50,0
DA:51,0
DA:52,0
DA:58,0
DA:59,0
DA:60,0
DA:61,0
DA:62,0
DA:63,0
DA:67,0
LF:28
LH:4
BRDA:13,0,0,0
BRDA:13,1,0,0
BRDA:13,1,1,0
BRDA:45,2,0,0
BRDA:45,3,0,0
BRDA:45,3,1,0
BRDA:46,4,0,0
BRDA:46,4,1,0
BRDA:50,5,0,0
BRDA:60,6,0,0
BRDA:60,6,1,0
BRDA:61,7,0,0
BRDA:61,7,1,0
BRDA:63,8,0,0
BRF:14
BRH:0
end_of_record
TN:
SF:src\fields\emailField.ts
FN:10,(anonymous_0)
FN:21,(anonymous_1)
FN:28,(anonymous_2)
FNF:3
FNH:0
FNDA:0,(anonymous_0)
FNDA:0,(anonymous_1)
FNDA:0,(anonymous_2)
DA:1,6
DA:5,6
DA:6,0
DA:11,0
DA:12,0
DA:13,0
DA:19,0
DA:22,0
DA:23,0
DA:24,0
DA:25,0
DA:29,0
LF:12
LH:2
BRDA:11,0,0,0
BRDA:11,1,0,0
BRDA:11,1,1,0
BRDA:12,2,0,0
BRDA:12,3,0,0
BRDA:12,3,1,0
BRDA:12,3,2,0
BRF:7
BRH:0
end_of_record
TN:
SF:src\fields\fileField.ts
FN:12,(anonymous_6)
FN:29,(anonymous_7)
FN:36,(anonymous_8)
FN:46,(anonymous_9)
FN:62,(anonymous_10)
FN:66,(anonymous_11)
FN:78,(anonymous_12)
FN:82,(anonymous_13)
FN:87,(anonymous_14)
FN:90,(anonymous_15)
FN:95,(anonymous_16)
FN:100,(anonymous_17)
FN:110,(anonymous_18)
FN:116,(anonymous_19)
FN:120,(anonymous_20)
FNF:15
FNH:0
FNDA:0,(anonymous_6)
FNDA:0,(anonymous_7)
FNDA:0,(anonymous_8)
FNDA:0,(anonymous_9)
FNDA:0,(anonymous_10)
FNDA:0,(anonymous_11)
FNDA:0,(anonymous_12)
FNDA:0,(anonymous_13)
FNDA:0,(anonymous_14)
FNDA:0,(anonymous_15)
FNDA:0,(anonymous_16)
FNDA:0,(anonymous_17)
FNDA:0,(anonymous_18)
FNDA:0,(anonymous_19)
FNDA:0,(anonymous_20)
DA:1,6
DA:2,6
DA:5,6
DA:7,6
DA:8,0
DA:13,0
DA:14,0
DA:27,0
DA:30,0
DA:31,0
DA:32,0
DA:33,0
DA:37,0
DA:38,0
DA:39,0
DA:40,0
DA:47,0
DA:68,0
DA:69,0
DA:70,0
DA:71,0
DA:72,0
DA:73,0
DA:74,0
DA:75,0
DA:79,0
DA:83,0
DA:84,0
DA:88,0
DA:89,0
DA:90,0
DA:91,0
DA:92,0
DA:93,0
DA:95,0
DA:96,0
DA:97,0
DA:98,0
DA:100,0
DA:101,0
DA:102,0
DA:103,0
DA:106,0
DA:111,0
DA:112,0
DA:113,0
DA:117,0
DA:121,0
LF:48
LH:4
BRDA:13,0,0,0
BRDA:13,1,0,0
BRDA:13,1,1,0
BRDA:70,2,0,0
BRDA:70,2,1,0
BRDA:72,3,0,0
BRDA:74,4,0,0
BRDA:74,5,0,0
BRDA:74,5,1,0
BRDA:75,6,0,0
BRDA:83,7,0,0
BRDA:83,8,0,0
BRDA:83,8,1,0
BRDA:84,9,0,0
BRDA:84,9,1,0
BRDA:88,10,0,0
BRDA:88,10,1,0
BRDA:89,11,0,0
BRDA:91,12,0,0
BRDA:96,13,0,0
BRDA:101,14,0,0
BRDA:112,15,0,0
BRDA:117,16,0,0
BRF:23
BRH:0
end_of_record
TN:
SF:src\fields\hiddenField.ts
FN:25,(anonymous_0)
FN:37,(anonymous_1)
FN:41,(anonymous_2)
FN:46,(anonymous_3)
FN:57,(anonymous_4)
FN:64,(anonymous_5)
FN:70,(anonymous_6)
FN:74,(anonymous_7)
FN:81,(anonymous_8)
FN:90,(anonymous_9)
FN:98,(anonymous_10)
FN:102,(anonymous_11)
FN:109,(anonymous_12)
FN:113,(anonymous_13)
FN:121,(anonymous_14)
FN:126,(anonymous_15)
FN:133,(anonymous_16)
FN:144,(anonymous_17)
FN:150,(anonymous_18)
FNF:19
FNH:0
FNDA:0,(anonymous_0)
FNDA:0,(anonymous_1)
FNDA:0,(anonymous_2)
FNDA:0,(anonymous_3)
FNDA:0,(anonymous_4)
FNDA:0,(anonymous_5)
FNDA:0,(anonymous_6)
FNDA:0,(anonymous_7)
FNDA:0,(anonymous_8)
FNDA:0,(anonymous_9)
FNDA:0,(anonymous_10)
FNDA:0,(anonymous_11)
FNDA:0,(anonymous_12)
FNDA:0,(anonymous_13)
FNDA:0,(anonymous_14)
FNDA:0,(anonymous_15)
FNDA:0,(anonymous_16)
FNDA:0,(anonymous_17)
FNDA:0,(anonymous_18)
DA:2,6
DA:6,6
DA:7,0
DA:13,0
DA:14,0
DA:15,0
DA:16,0
DA:22,0
DA:27,0
DA:28,0
DA:29,0
DA:30,0
DA:31,0
DA:32,0
DA:33,0
DA:34,0
DA:38,0
DA:42,0
DA:43,0
DA:47,0
DA:48,0
DA:49,0
DA:50,0
DA:58,0
DA:65,0
DA:66,0
DA:71,0
DA:76,0
DA:77,0
DA:78,0
DA:83,0
DA:84,0
DA:85,0
DA:86,0
DA:87,0
DA:91,0
DA:99,0
DA:103,0
DA:110,0
DA:114,0
DA:115,0
DA:116,0
DA:117,0
DA:122,0
DA:127,0
DA:128,0
DA:134,0
DA:135,0
DA:136,0
DA:137,0
DA:138,0
DA:141,0
DA:145,0
DA:146,0
DA:147,0
DA:151,0
LF:56
LH:2
BRDA:46,0,0,0
BRDA:50,1,0,0
BRDA:65,2,0,0
BRDA:65,3,0,0
BRDA:65,3,1,0
BRDA:65,3,2,0
BRDA:71,4,0,0
BRDA:85,5,0,0
BRDA:85,5,1,0
BRDA:116,6,0,0
BRDA:116,7,0,0
BRDA:116,7,1,0
BRDA:122,8,0,0
BRDA:127,9,0,0
BRDA:127,10,0,0
BRDA:127,10,1,0
BRDA:127,10,2,0
BRDA:134,11,0,0
BRDA:134,12,0,0
BRDA:134,12,1,0
BRDA:136,13,0,0
BRDA:141,14,0,0
BRDA:141,14,1,0
BRDA:146,15,0,0
BRDA:146,15,1,0
BRF:25
BRH:0
end_of_record
TN:
SF:src\fields\index.ts
FNF:0
FNH:0
DA:1,6
DA:2,6
DA:3,6
DA:4,6
DA:5,6
DA:6,6
DA:7,6
DA:8,6
DA:9,6
DA:10,6
DA:11,6
DA:12,6
DA:13,6
DA:14,6
DA:15,6
DA:16,6
DA:17,6
DA:18,6
DA:19,6
LF:19
LH:19
BRF:0
BRH:0
end_of_record
TN:
SF:src\fields\numberField.ts
FN:10,(anonymous_0)
FN:20,(anonymous_1)
FN:31,(anonymous_2)
FN:38,(anonymous_3)
FN:46,(anonymous_4)
FNF:5
FNH:0
FNDA:0,(anonymous_0)
FNDA:0,(anonymous_1)
FNDA:0,(anonymous_2)
FNDA:0,(anonymous_3)
FNDA:0,(anonymous_4)
DA:1,6
DA:5,6
DA:6,0
DA:11,0
DA:12,0
DA:13,0
DA:14,0
DA:21,0
DA:22,0
DA:23,0
DA:24,0
DA:25,0
DA:32,0
DA:33,0
DA:34,0
DA:35,0
DA:39,0
DA:40,0
DA:41,0
DA:42,0
DA:47,0
LF:21
LH:2
BRDA:11,0,0,0
BRDA:11,1,0,0
BRDA:11,1,1,0
BRDA:12,2,0,0
BRDA:12,3,0,0
BRDA:12,3,1,0
BRDA:13,4,0,0
BRDA:13,5,0,0
BRDA:13,5,1,0
BRDA:39,6,0,0
BRDA:40,7,0,0
BRDA:41,8,0,0
BRDA:42,9,0,0
BRF:13
BRH:0
end_of_record
TN:
SF:src\fields\passwordField.ts
FN:10,(anonymous_0)
FN:18,(anonymous_1)
FN:25,(anonymous_2)
FNF:3
FNH:0
FNDA:0,(anonymous_0)
FNDA:0,(anonymous_1)
FNDA:0,(anonymous_2)
DA:1,6
DA:5,6
DA:6,0
DA:11,0
DA:12,0
DA:19,0
DA:20,0
DA:21,0
DA:22,0
DA:26,0
LF:10
LH:2
BRDA:11,0,0,0
BRDA:11,1,0,0
BRDA:11,1,1,0
BRF:3
BRH:0
end_of_record
TN:
SF:src\fields\radioField.ts
FN:13,(anonymous_0)
FN:24,(anonymous_1)
FN:31,(anonymous_2)
FN:40,(anonymous_3)
FN:41,(anonymous_4)
FN:47,(anonymous_5)
FN:63,(anonymous_6)
FN:77,(anonymous_7)
FN:88,(anonymous_8)
FN:101,(anonymous_9)
FN:103,(anonymous_10)
FN:117,(anonymous_11)
FN:127,(anonymous_12)
FN:129,(anonymous_13)
FN:134,(anonymous_14)
FNF:15
FNH:0
FNDA:0,(anonymous_0)
FNDA:0,(anonymous_1)
FNDA:0,(anonymous_2)
FNDA:0,(anonymous_3)
FNDA:0,(anonymous_4)
FNDA:0,(anonymous_5)
FNDA:0,(anonymous_6)
FNDA:0,(anonymous_7)
FNDA:0,(anonymous_8)
FNDA:0,(anonymous_9)
FNDA:0,(anonymous_10)
FNDA:0,(anonymous_11)
FNDA:0,(anonymous_12)
FNDA:0,(anonymous_13)
FNDA:0,(anonymous_14)
DA:1,6
DA:5,6
DA:7,6
DA:8,0
DA:14,0
DA:15,0
DA:21,0
DA:22,0
DA:25,0
DA:26,0
DA:27,0
DA:28,0
DA:32,0
DA:33,0
DA:34,0
DA:41,0
DA:42,0
DA:43,0
DA:49,0
DA:51,0
DA:53,0
DA:54,0
DA:55,0
DA:56,0
DA:57,0
DA:58,0
DA:59,0
DA:60,0
DA:65,0
DA:66,0
DA:67,0
DA:68,0
DA:69,0
DA:70,0
DA:71,0
DA:72,0
DA:73,0
DA:74,0
DA:78,0
DA:79,0
DA:80,0
DA:81,0
DA:82,0
DA:83,0
DA:85,0
DA:86,0
DA:88,0
DA:89,0
DA:90,0
DA:93,0
DA:95,0
DA:98,0
DA:102,0
DA:103,0
DA:104,0
DA:105,0
DA:106,0
DA:108,0
DA:109,0
DA:110,0
DA:111,0
DA:114,0
DA:115,0
DA:117,0
DA:118,0
DA:119,0
DA:120,0
DA:123,0
DA:124,0
DA:128,0
DA:129,0
DA:130,0
DA:135,0
LF:73
LH:3
BRDA:14,0,0,0
BRDA:14,1,0,0
BRDA:14,1,1,0
BRDA:42,2,0,0
BRDA:42,2,1,0
BRDA:42,3,0,0
BRDA:42,3,1,0
BRDA:43,4,0,0
BRDA:43,5,0,0
BRDA:43,5,1,0
BRDA:51,6,0,0
BRDA:51,7,0,0
BRDA:51,7,1,0
BRDA:54,8,0,0
BRDA:60,9,0,0
BRDA:60,10,0,0
BRDA:60,10,1,0
BRDA:69,11,0,0
BRDA:69,12,0,0
BRDA:69,12,1,0
BRDA:80,13,0,0
BRDA:81,14,0,0
BRDA:81,15,0,0
BRDA:81,15,1,0
BRDA:93,16,0,0
BRDA:93,17,0,0
BRDA:93,17,1,0
BRDA:98,18,0,0
BRDA:98,19,0,0
BRDA:98,19,1,0
BRDA:102,20,0,0
BRDA:102,20,1,0
BRDA:106,21,0,0
BRDA:106,21,1,0
BRDA:109,22,0,0
BRDA:109,23,0,0
BRDA:109,23,1,0
BRDA:114,24,0,0
BRDA:128,25,0,0
BRF:39
BRH:0
end_of_record
TN:
SF:src\fields\rangeField.ts
FN:11,(anonymous_0)
FN:23,(anonymous_1)
FN:30,(anonymous_2)
FN:42,(anonymous_3)
FN:54,(anonymous_4)
FN:68,(anonymous_5)
FN:72,(anonymous_6)
FN:81,(anonymous_7)
FN:88,(anonymous_8)
FN:95,(anonymous_9)
FN:97,(anonymous_10)
FN:104,(anonymous_11)
FNF:12
FNH:0
FNDA:0,(anonymous_0)
FNDA:0,(anonymous_1)
FNDA:0,(anonymous_2)
FNDA:0,(anonymous_3)
FNDA:0,(anonymous_4)
FNDA:0,(anonymous_5)
FNDA:0,(anonymous_6)
FNDA:0,(anonymous_7)
FNDA:0,(anonymous_8)
FNDA:0,(anonymous_9)
FNDA:0,(anonymous_10)
FNDA:0,(anonymous_11)
DA:1,6
DA:4,6
DA:6,6
DA:7,0
DA:12,0
DA:13,0
DA:19,0
DA:20,0
DA:21,0
DA:24,0
DA:25,0
DA:26,0
DA:27,0
DA:32,0
DA:33,0
DA:34,0
DA:35,0
DA:36,0
DA:37,0
DA:38,0
DA:39,0
DA:43,0
DA:44,0
DA:45,0
DA:46,0
DA:47,0
DA:48,0
DA:49,0
DA:50,0
DA:51,0
DA:55,0
DA:56,0
DA:57,0
DA:58,0
DA:59,0
DA:62,0
DA:63,0
DA:64,0
DA:65,0
DA:69,0
DA:70,0
DA:71,0
DA:72,0
DA:73,0
DA:74,0
DA:82,0
DA:83,0
DA:84,0
DA:85,0
DA:89,0
DA:90,0
DA:91,0
DA:92,0
DA:96,0
DA:97,0
DA:98,0
DA:99,0
DA:105,0
LF:58
LH:3
BRDA:12,0,0,0
BRDA:12,1,0,0
BRDA:12,1,1,0
BRDA:12,1,2,0
BRDA:34,2,0,0
BRDA:34,2,1,0
BRDA:36,3,0,0
BRDA:37,4,0,0
BRDA:38,5,0,0
BRDA:62,6,0,0
BRDA:62,7,0,0
BRDA:62,7,1,0
BRDA:63,8,0,0
BRDA:63,9,0,0
BRDA:63,9,1,0
BRDA:64,10,0,0
BRDA:64,11,0,0
BRDA:64,11,1,0
BRDA:65,12,0,0
BRDA:65,13,0,0
BRDA:65,13,1,0
BRDA:69,14,0,0
BRDA:69,15,0,0
BRDA:69,15,1,0
BRDA:70,16,0,0
BRDA:70,17,0,0
BRDA:70,17,1,0
BRDA:71,18,0,0
BRDA:71,19,0,0
BRDA:71,19,1,0
BRDA:73,20,0,0
BRDA:73,21,0,0
BRDA:73,21,1,0
BRDA:90,22,0,0
BRDA:90,22,1,0
BRDA:96,23,0,0
BRF:36
BRH:0
end_of_record
TN:
SF:src\fields\selectField.ts
FN:14,(anonymous_6)
FN:27,(anonymous_7)
FN:34,(anonymous_8)
FN:44,(anonymous_9)
FN:50,(anonymous_10)
FN:62,(anonymous_11)
FN:66,(anonymous_12)
FN:70,(anonymous_13)
FN:75,(anonymous_14)
FN:85,(anonymous_15)
FN:94,(anonymous_16)
FN:101,(anonymous_17)
FN:114,(anonymous_18)
FN:129,(anonymous_19)
FN:152,(anonymous_20)
FNF:15
FNH:0
FNDA:0,(anonymous_6)
FNDA:0,(anonymous_7)
FNDA:0,(anonymous_8)
FNDA:0,(anonymous_9)
FNDA:0,(anonymous_10)
FNDA:0,(anonymous_11)
FNDA:0,(anonymous_12)
FNDA:0,(anonymous_13)
FNDA:0,(anonymous_14)
FNDA:0,(anonymous_15)
FNDA:0,(anonymous_16)
FNDA:0,(anonymous_17)
FNDA:0,(anonymous_18)
FNDA:0,(anonymous_19)
FNDA:0,(anonymous_20)
DA:1,6
DA:2,6
DA:3,6
DA:7,6
DA:9,6
DA:10,0
DA:15,0
DA:16,0
DA:25,0
DA:28,0
DA:29,0
DA:30,0
DA:31,0
DA:35,0
DA:36,0
DA:37,0
DA:38,0
DA:45,0
DA:46,0
DA:48,0
DA:50,0
DA:51,0
DA:52,0
DA:54,0
DA:55,0
DA:56,0
DA:57,0
DA:63,0
DA:67,0
DA:71,0
DA:72,0
DA:76,0
DA:77,0
DA:78,0
DA:80,0
DA:81,0
DA:87,0
DA:88,0
DA:89,0
DA:90,0
DA:91,0
DA:92,0
DA:93,0
DA:94,0
DA:95,0
DA:96,0
DA:97,0
DA:101,0
DA:103,0
DA:104,0
DA:105,0
DA:108,0
DA:109,0
DA:110,0
DA:115,0
DA:116,0
DA:117,0
DA:118,0
DA:120,0
DA:121,0
DA:122,0
DA:130,0
DA:131,0
DA:132,0
DA:133,0
DA:134,0
DA:135,0
DA:137,0
DA:138,0
DA:139,0
DA:143,0
DA:145,0
DA:148,0
DA:149,0
DA:153,0
LF:75
LH:5
BRDA:15,0,0,0
BRDA:15,1,0,0
BRDA:15,1,1,0
BRDA:45,2,0,0
BRDA:45,2,1,0
BRDA:45,3,0,0
BRDA:45,3,1,0
BRDA:45,3,2,0
BRDA:50,4,0,0
BRDA:50,4,1,0
BRDA:50,5,0,0
BRDA:50,5,1,0
BRDA:51,6,0,0
BRDA:51,7,0,0
BRDA:51,7,1,0
BRDA:52,8,0,0
BRDA:52,9,0,0
BRDA:52,9,1,0
BRDA:54,10,0,0
BRDA:54,11,0,0
BRDA:54,11,1,0
BRDA:56,12,0,0
BRDA:57,13,0,0
BRDA:57,14,0,0
BRDA:57,14,1,0
BRDA:63,15,0,0
BRDA:71,16,0,0
BRDA:71,17,0,0
BRDA:71,17,1,0
BRDA:72,18,0,0
BRDA:72,18,1,0
BRDA:76,19,0,0
BRDA:76,19,1,0
BRDA:78,20,0,0
BRDA:81,21,0,0
BRDA:89,22,0,0
BRDA:89,22,1,0
BRDA:91,23,0,0
BRDA:92,24,0,0
BRDA:97,25,0,0
BRDA:97,25,1,0
BRDA:98,26,0,0
BRDA:98,26,1,0
BRDA:98,26,2,0
BRDA:98,26,3,0
BRDA:104,27,0,0
BRDA:104,28,0,0
BRDA:104,28,1,0
BRDA:108,29,0,0
BRDA:120,30,0,0
BRDA:120,31,0,0
BRDA:120,31,1,0
BRDA:121,32,0,0
BRDA:121,33,0,0
BRDA:121,33,1,0
BRDA:122,34,0,0
BRDA:122,35,0,0
BRDA:122,35,1,0
BRDA:130,36,0,0
BRDA:130,36,1,0
BRDA:130,37,0,0
BRDA:130,37,1,0
BRDA:132,38,0,0
BRDA:132,39,0,0
BRDA:132,39,1,0
BRDA:133,40,0,0
BRDA:133,40,1,0
BRDA:138,41,0,0
BRDA:149,42,0,0
BRF:69
BRH:0
end_of_record
TN:
SF:src\fields\staticField.ts
FN:38,(anonymous_0)
FN:54,(anonymous_1)
FN:61,(anonymous_2)
FN:68,(anonymous_3)
FN:78,(anonymous_4)
FN:86,(anonymous_5)
FN:94,(anonymous_6)
FN:102,(anonymous_7)
FN:110,(anonymous_8)
FN:118,(anonymous_9)
FN:126,(anonymous_10)
FN:133,(anonymous_11)
FN:141,(anonymous_12)
FN:149,(anonymous_13)
FN:157,(anonymous_14)
FN:163,(anonymous_15)
FN:169,(anonymous_16)
FN:174,(anonymous_17)
FN:180,(anonymous_18)
FN:187,(anonymous_19)
FN:199,(anonymous_20)
FN:206,(anonymous_21)
FN:212,(anonymous_22)
FNF:23
FNH:0
FNDA:0,(anonymous_0)
FNDA:0,(anonymous_1)
FNDA:0,(anonymous_2)
FNDA:0,(anonymous_3)
FNDA:0,(anonymous_4)
FNDA:0,(anonymous_5)
FNDA:0,(anonymous_6)
FNDA:0,(anonymous_7)
FNDA:0,(anonymous_8)
FNDA:0,(anonymous_9)
FNDA:0,(anonymous_10)
FNDA:0,(anonymous_11)
FNDA:0,(anonymous_12)
FNDA:0,(anonymous_13)
FNDA:0,(anonymous_14)
FNDA:0,(anonymous_15)
FNDA:0,(anonymous_16)
FNDA:0,(anonymous_17)
FNDA:0,(anonymous_18)
FNDA:0,(anonymous_19)
FNDA:0,(anonymous_20)
FNDA:0,(anonymous_21)
FNDA:0,(anonymous_22)
DA:2,6
DA:12,6
DA:13,0
DA:19,0
DA:20,0
DA:25,0
DA:26,0
DA:28,0
DA:30,0
DA:39,0
DA:40,0
DA:41,0
DA:42,0
DA:43,0
DA:44,0
DA:45,0
DA:46,0
DA:55,0
DA:62,0
DA:63,0
DA:64,0
DA:69,0
DA:70,0
DA:79,0
DA:87,0
DA:95,0
DA:103,0
DA:111,0
DA:119,0
DA:127,0
DA:128,0
DA:129,0
DA:135,0
DA:136,0
DA:137,0
DA:143,0
DA:144,0
DA:145,0
DA:150,0
DA:151,0
DA:153,0
DA:158,0
DA:159,0
DA:164,0
DA:165,0
DA:170,0
DA:175,0
DA:176,0
DA:181,0
DA:182,0
DA:188,0
DA:189,0
DA:190,0
DA:191,0
DA:192,0
DA:195,0
DA:200,0
DA:201,0
DA:202,0
DA:207,0
DA:208,0
DA:213,0
DA:214,0
DA:215,0
DA:216,0
DA:217,0
LF:66
LH:2
BRDA:69,0,0,0
BRDA:126,1,0,0
BRDA:128,2,0,0
BRDA:129,3,0,0
BRDA:153,4,0,0
BRDA:153,5,0,0
BRDA:153,5,1,0
BRDA:158,6,0,0
BRDA:164,7,0,0
BRDA:170,8,0,0
BRDA:175,9,0,0
BRDA:175,10,0,0
BRDA:175,10,1,0
BRDA:176,11,0,0
BRDA:176,12,0,0
BRDA:176,12,1,0
BRDA:181,13,0,0
BRDA:181,14,0,0
BRDA:181,14,1,0
BRDA:181,14,2,0
BRDA:188,15,0,0
BRDA:188,16,0,0
BRDA:188,16,1,0
BRDA:190,17,0,0
BRDA:213,18,0,0
BRDA:214,19,0,0
BRDA:214,19,1,0
BRDA:216,20,0,0
BRF:28
BRH:0
end_of_record
TN:
SF:src\fields\telField.ts
FN:10,(anonymous_0)
FN:21,(anonymous_1)
FN:28,(anonymous_2)
FNF:3
FNH:0
FNDA:0,(anonymous_0)
FNDA:0,(anonymous_1)
FNDA:0,(anonymous_2)
DA:1,6
DA:5,6
DA:6,0
DA:11,0
DA:12,0
DA:13,0
DA:19,0
DA:22,0
DA:23,0
DA:24,0
DA:25,0
DA:29,0
LF:12
LH:2
BRDA:11,0,0,0
BRDA:11,1,0,0
BRDA:11,1,1,0
BRDA:12,2,0,0
BRDA:12,3,0,0
BRDA:12,3,1,0
BRDA:12,3,2,0
BRF:7
BRH:0
end_of_record
TN:
SF:src\fields\textField.ts
FN:6,(anonymous_0)
FN:13,(anonymous_1)
FNF:2
FNH:1
FNDA:26,(anonymous_0)
FNDA:0,(anonymous_1)
DA:1,6
DA:5,6
DA:7,26
DA:8,26
DA:9,26
DA:10,26
DA:14,0
LF:7
LH:6
BRF:0
BRH:0
end_of_record
TN:
SF:src\fields\textareaField.ts
FN:10,(anonymous_0)
FN:19,(anonymous_1)
FN:30,(anonymous_2)
FN:37,(anonymous_3)
FNF:4
FNH:0
FNDA:0,(anonymous_0)
FNDA:0,(anonymous_1)
FNDA:0,(anonymous_2)
FNDA:0,(anonymous_3)
DA:1,6
DA:5,6
DA:6,0
DA:11,0
DA:12,0
DA:17,0
DA:21,0
DA:22,0
DA:23,0
DA:24,0
DA:25,0
DA:26,0
DA:27,0
DA:31,0
DA:32,0
DA:33,0
DA:34,0
DA:38,0
LF:18
LH:2
BRDA:11,0,0,0
BRDA:11,1,0,0
BRDA:11,1,1,0
BRDA:23,2,0,0
BRDA:23,2,1,0
BRDA:24,3,0,0
BRDA:27,4,0,0
BRF:7
BRH:0
end_of_record
TN:
SF:src\fields\timeField.ts
FN:13,(anonymous_6)
FN:28,(anonymous_7)
FN:35,(anonymous_8)
FN:42,(anonymous_9)
FN:46,(anonymous_10)
FN:51,(anonymous_11)
FN:53,(anonymous_12)
FN:58,(anonymous_13)
FN:68,(anonymous_14)
FNF:9
FNH:0
FNDA:0,(anonymous_6)
FNDA:0,(anonymous_7)
FNDA:0,(anonymous_8)
FNDA:0,(anonymous_9)
FNDA:0,(anonymous_10)
FNDA:0,(anonymous_11)
FNDA:0,(anonymous_12)
FNDA:0,(anonymous_13)
FNDA:0,(anonymous_14)
DA:1,6
DA:2,6
DA:3,6
DA:8,6
DA:9,0
DA:14,0
DA:15,0
DA:26,0
DA:29,0
DA:30,0
DA:31,0
DA:32,0
DA:36,0
DA:37,0
DA:38,0
DA:39,0
DA:43,0
DA:47,0
DA:48,0
DA:52,0
DA:53,0
DA:54,0
DA:60,0
DA:61,0
DA:62,0
DA:63,0
DA:64,0
DA:65,0
DA:69,0
LF:29
LH:4
BRDA:14,0,0,0
BRDA:14,1,0,0
BRDA:14,1,1,0
BRDA:47,2,0,0
BRDA:47,3,0,0
BRDA:47,3,1,0
BRDA:48,4,0,0
BRDA:48,4,1,0
BRDA:52,5,0,0
BRDA:62,6,0,0
BRDA:62,6,1,0
BRDA:63,7,0,0
BRDA:63,7,1,0
BRDA:65,8,0,0
BRF:14
BRH:0
end_of_record
TN:
SF:src\fields\urlField.ts
FN:10,(anonymous_0)
FN:22,(anonymous_1)
FN:29,(anonymous_2)
FNF:3
FNH:0
FNDA:0,(anonymous_0)
FNDA:0,(anonymous_1)
FNDA:0,(anonymous_2)
DA:1,6
DA:5,6
DA:6,0
DA:11,0
DA:12,0
DA:13,0
DA:20,0
DA:23,0
DA:24,0
DA:25,0
DA:26,0
DA:30,0
LF:12
LH:2
BRDA:11,0,0,0
BRDA:11,1,0,0
BRDA:11,1,1,0
BRDA:12,2,0,0
BRDA:12,3,0,0
BRDA:12,3,1,0
BRDA:12,3,2,0
BRF:7
BRH:0
end_of_record
TN:
SF:src\fields\weekField.ts
FN:14,(anonymous_7)
FN:30,(anonymous_8)
FN:37,(anonymous_9)
FN:44,(anonymous_10)
FN:48,(anonymous_11)
FN:53,(anonymous_12)
FN:55,(anonymous_13)
FN:60,(anonymous_14)
FN:70,(anonymous_15)
FNF:9
FNH:0
FNDA:0,(anonymous_7)
FNDA:0,(anonymous_8)
FNDA:0,(anonymous_9)
FNDA:0,(anonymous_10)
FNDA:0,(anonymous_11)
FNDA:0,(anonymous_12)
FNDA:0,(anonymous_13)
FNDA:0,(anonymous_14)
FNDA:0,(anonymous_15)
DA:1,6
DA:2,6
DA:3,6
DA:6,6
DA:9,6
DA:10,0
DA:15,0
DA:16,0
DA:28,0
DA:31,0
DA:32,0
DA:33,0
DA:34,0
DA:38,0
DA:39,0
DA:40,0
DA:41,0
DA:45,0
DA:49,0
DA:50,0
DA:54,0
DA:55,0
DA:56,0
DA:62,0
DA:63,0
DA:64,0
DA:65,0
DA:66,0
DA:67,0
DA:71,0
LF:30
LH:5
BRDA:15,0,0,0
BRDA:15,1,0,0
BRDA:15,1,1,0
BRDA:49,2,0,0
BRDA:49,3,0,0
BRDA:49,3,1,0
BRDA:50,4,0,0
BRDA:50,4,1,0
BRDA:54,5,0,0
BRDA:64,6,0,0
BRDA:64,6,1,0
BRDA:65,7,0,0
BRDA:65,7,1,0
BRDA:67,8,0,0
BRF:14
BRH:0
end_of_record
TN:
SF:src\tests\test.options.ts
FN:13,(anonymous_0)
FN:40,createForm
FNF:2
FNH:2
FNDA:1,(anonymous_0)
FNDA:44,createForm
DA:1,3
DA:3,3
DA:4,3
DA:5,3
DA:6,3
DA:7,3
DA:9,3
DA:10,3
DA:11,3
DA:13,3
DA:15,3
DA:20,3
DA:29,3
DA:34,3
DA:40,3
DA:41,44
DA:42,44
DA:43,44
DA:44,44
DA:49,44
DA:50,44
LF:21
LH:21
BRF:0
BRH:0
end_of_record
